[2026-01-22 12:22:02] [INFO] ================================================================================
[2026-01-22 12:22:02] [INFO] YouTube Script Extractor Server Started
[2026-01-22 12:22:02] [INFO] Log file: /app/Logs/Server_20260122_122202.log
[2026-01-22 12:22:02] [INFO] ================================================================================
[2026-01-22 12:22:02] [INFO] ================================================================================
[2026-01-22 12:22:02] [INFO] YouTube Script Extractor Server Started
[2026-01-22 12:22:02] [INFO] Log file: /app/Logs/Server_20260122_122202.log
[2026-01-22 12:22:02] [INFO] ================================================================================
[2026-01-22 12:22:39] [INFO] Listed 8 scripts
[2026-01-22 12:22:41] [INFO] New extraction request: https://youtu.be/a20ll121iYo?si=FBsSL-qyWbynXMGd
[2026-01-22 12:22:41] [INFO] Extracted video ID: a20ll121iYo
[2026-01-22 12:22:41] [INFO] Starting extraction for video: a20ll121iYo
[2026-01-22 12:22:41] [INFO] [5%] Extracting video information...
[2026-01-22 12:22:41] [DEBUG] Getting video title for: a20ll121iYo
[2026-01-22 12:22:41] [INFO] Background extraction thread started for video: a20ll121iYo
[2026-01-22 12:22:46] [INFO] Video title: "이러다 망할 판"…스웨덴은 어쩌다 갱스터의 천국이 되었나｜크랩
[2026-01-22 12:22:46] [INFO] [10%] Downloading audio: "이러다 망할 판"…스웨덴은 어쩌다 갱스터의 천국이 되었나｜크랩...
[2026-01-22 12:22:46] [DEBUG] Starting extract_transcript.py subprocess for: a20ll121iYo
[2026-01-22 12:22:46] [DEBUG] extract_transcript.py: [MAIN] Calling extract_transcript_whisper for video: a20ll121iYo
[2026-01-22 12:22:46] [DEBUG] extract_transcript.py: ================================================================================
[2026-01-22 12:22:46] [DEBUG] extract_transcript.py: 📹 YT-DLP 오디오 다운로드 시작
[2026-01-22 12:22:46] [INFO] [15%] Downloading audio from YouTube...
[2026-01-22 12:22:46] [DEBUG] extract_transcript.py: ================================================================================
[2026-01-22 12:22:46] [DEBUG] extract_transcript.py: [YT-DLP] URL: https://www.youtube.com/watch?v=a20ll121iYo
[2026-01-22 12:22:46] [DEBUG] extract_transcript.py: [YT-DLP WARNING] ⚠️  Deprecated Feature: Support for Python version 3.9 has been deprecated. Please update to Python 3.10 or above
[2026-01-22 12:22:46] [DEBUG] extract_transcript.py: [YT-DLP ERROR] ❌ Deprecated Feature: Support for Python version 3.9 has been deprecated. Please update to Python 3.10 or above
[2026-01-22 12:22:47] [DEBUG] extract_transcript.py: [YT-DLP DEBUG] [youtube] Extracting URL: https://www.youtube.com/watch?v=a20ll121iYo
[2026-01-22 12:22:47] [DEBUG] extract_transcript.py: [YT-DLP DEBUG] [youtube] a20ll121iYo: Downloading webpage
[2026-01-22 12:22:48] [DEBUG] extract_transcript.py: [YT-DLP DEBUG] [youtube] a20ll121iYo: Downloading android player API JSON
[2026-01-22 12:22:49] [DEBUG] extract_transcript.py: [YT-DLP WARNING] ⚠️  [youtube] a20ll121iYo: android client https formats require a GVS PO Token which was not provided. They will be skipped as they may yield HTTP Error 403. You can manually pass a GVS PO Token for this client with --extractor-args "youtube:po_token=android.gvs+XXX". For more information, refer to  https://github.com/yt-dlp/yt-dlp/wiki/PO-Token-Guide
[2026-01-22 12:22:49] [DEBUG] extract_transcript.py: [YT-DLP WARNING] ⚠️  [youtube] a20ll121iYo: Some web client https formats have been skipped as they are missing a url. YouTube is forcing SABR streaming for this client. See  https://github.com/yt-dlp/yt-dlp/issues/12482  for more details
[2026-01-22 12:22:49] [DEBUG] extract_transcript.py: [YT-DLP DEBUG] [info] a20ll121iYo: Downloading 1 format(s): 18
[2026-01-22 12:22:49] [DEBUG] extract_transcript.py: [YT-DLP DEBUG] [download] Sleeping 5.00 seconds as required by the site...
[2026-01-22 12:22:54] [DEBUG] extract_transcript.py: [YT-DLP DEBUG] [download] Destination: Temp_Audio/a20ll121iYo.m4a
[2026-01-22 12:22:54] [DEBUG] extract_transcript.py: [YT-DLP DEBUG] [download]   0.0% of   10.09MiB at   72.72KiB/s ETA 02:22
[2026-01-22 12:22:54] [DEBUG] extract_transcript.py: [YT-DLP DOWNLOAD] 진행률: 0.0% | 다운로드: 1,024/10,577,245 bytes | 속도: 72.7 KB/s | 남은시간: 142초
[2026-01-22 12:22:54] [INFO] [15%] Downloading: 0.0%...
[2026-01-22 12:22:54] [DEBUG] extract_transcript.py: [YT-DLP DEBUG] [download]   0.0% of   10.09MiB at  208.21KiB/s ETA 00:49
[2026-01-22 12:22:54] [DEBUG] extract_transcript.py: [YT-DLP DOWNLOAD] 진행률: 0.0% | 다운로드: 3,072/10,577,245 bytes | 속도: 208.2 KB/s | 남은시간: 49초
[2026-01-22 12:22:54] [INFO] [15%] Downloading: 0.0%...
[2026-01-22 12:22:54] [DEBUG] extract_transcript.py: [YT-DLP DEBUG] [download]   0.1% of   10.09MiB at  455.97KiB/s ETA 00:22
[2026-01-22 12:22:54] [DEBUG] extract_transcript.py: [YT-DLP DOWNLOAD] 진행률: 0.1% | 다운로드: 7,168/10,577,245 bytes | 속도: 456.0 KB/s | 남은시간: 22초
[2026-01-22 12:22:54] [INFO] [15%] Downloading: 0.1%...
[2026-01-22 12:22:54] [DEBUG] extract_transcript.py: [YT-DLP DEBUG] [download]   0.1% of   10.09MiB at  906.17KiB/s ETA 00:11
[2026-01-22 12:22:54] [DEBUG] extract_transcript.py: [YT-DLP DOWNLOAD] 진행률: 0.1% | 다운로드: 15,360/10,577,245 bytes | 속도: 906.2 KB/s | 남은시간: 11초
[2026-01-22 12:22:54] [INFO] [15%] Downloading: 0.1%...
[2026-01-22 12:22:54] [DEBUG] extract_transcript.py: [YT-DLP DEBUG] [download]   0.3% of   10.09MiB at    1.75MiB/s ETA 00:05
[2026-01-22 12:22:54] [DEBUG] extract_transcript.py: [YT-DLP DOWNLOAD] 진행률: 0.3% | 다운로드: 31,744/10,577,245 bytes | 속도: 1792.5 KB/s | 남은시간: 5초
[2026-01-22 12:22:54] [INFO] [15%] Downloading: 0.3%...
[2026-01-22 12:22:54] [DEBUG] extract_transcript.py: [YT-DLP DEBUG] [download]   0.6% of   10.09MiB at    3.34MiB/s ETA 00:03
[2026-01-22 12:22:54] [DEBUG] extract_transcript.py: [YT-DLP DOWNLOAD] 진행률: 0.6% | 다운로드: 64,512/10,577,245 bytes | 속도: 3422.7 KB/s | 남은시간: 3초
[2026-01-22 12:22:54] [INFO] [15%] Downloading: 0.6%...
[2026-01-22 12:22:54] [DEBUG] extract_transcript.py: [YT-DLP DEBUG] [download]   1.2% of   10.09MiB at    2.51MiB/s ETA 00:03
[2026-01-22 12:22:54] [DEBUG] extract_transcript.py: [YT-DLP DOWNLOAD] 진행률: 1.2% | 다운로드: 130,048/10,577,245 bytes | 속도: 2566.6 KB/s | 남은시간: 3초
[2026-01-22 12:22:54] [INFO] [15%] Downloading: 1.2%...
[2026-01-22 12:22:54] [DEBUG] extract_transcript.py: [YT-DLP DEBUG] [download]   2.5% of   10.09MiB at    2.55MiB/s ETA 00:03
[2026-01-22 12:22:54] [DEBUG] extract_transcript.py: [YT-DLP DOWNLOAD] 진행률: 2.5% | 다운로드: 261,120/10,577,245 bytes | 속도: 2615.9 KB/s | 남은시간: 3초
[2026-01-22 12:22:54] [INFO] [15%] Downloading: 2.5%...
[2026-01-22 12:22:54] [DEBUG] extract_transcript.py: [YT-DLP DEBUG] [download]   4.9% of   10.09MiB at    4.46MiB/s ETA 00:02
[2026-01-22 12:22:54] [DEBUG] extract_transcript.py: [YT-DLP DOWNLOAD] 진행률: 4.9% | 다운로드: 523,264/10,577,245 bytes | 속도: 4565.9 KB/s | 남은시간: 2초
[2026-01-22 12:22:54] [INFO] [15%] Downloading: 4.9%...
[2026-01-22 12:22:54] [DEBUG] extract_transcript.py: [YT-DLP DEBUG] [download]   9.9% of   10.09MiB at    6.49MiB/s ETA 00:01
[2026-01-22 12:22:54] [DEBUG] extract_transcript.py: [YT-DLP DOWNLOAD] 진행률: 9.9% | 다운로드: 1,047,552/10,577,245 bytes | 속도: 6645.5 KB/s | 남은시간: 1초
[2026-01-22 12:22:54] [INFO] [16%] Downloading: 9.9%...
[2026-01-22 12:22:54] [DEBUG] extract_transcript.py: [YT-DLP DEBUG] [download]  19.8% of   10.09MiB at    8.00MiB/s ETA 00:01
[2026-01-22 12:22:54] [DEBUG] extract_transcript.py: [YT-DLP DOWNLOAD] 진행률: 19.8% | 다운로드: 2,096,128/10,577,245 bytes | 속도: 8194.8 KB/s | 남은시간: 1초
[2026-01-22 12:22:54] [INFO] [18%] Downloading: 19.8%...
[2026-01-22 12:22:54] [DEBUG] extract_transcript.py: [YT-DLP DEBUG] [download]  39.6% of   10.09MiB at   10.12MiB/s ETA 00:00
[2026-01-22 12:22:54] [DEBUG] extract_transcript.py: [YT-DLP DOWNLOAD] 진행률: 39.6% | 다운로드: 4,193,280/10,577,245 bytes | 속도: 10363.4 KB/s
[2026-01-22 12:22:54] [INFO] [22%] Downloading: 39.6%...
[2026-01-22 12:22:54] [DEBUG] extract_transcript.py: [YT-DLP DEBUG] [download]  79.3% of   10.09MiB at   11.29MiB/s ETA 00:00
[2026-01-22 12:22:54] [DEBUG] extract_transcript.py: [YT-DLP DOWNLOAD] 진행률: 79.3% | 다운로드: 8,387,584/10,577,245 bytes | 속도: 11557.4 KB/s
[2026-01-22 12:22:54] [INFO] [30%] Downloading: 79.3%...
[2026-01-22 12:22:55] [DEBUG] extract_transcript.py: [YT-DLP DEBUG] [download]  98.2% of   10.09MiB at   12.37MiB/s ETA 00:00
[2026-01-22 12:22:55] [DEBUG] extract_transcript.py: [YT-DLP DOWNLOAD] 진행률: 98.2% | 다운로드: 10,384,274/10,577,245 bytes | 속도: 12663.1 KB/s
[2026-01-22 12:22:55] [INFO] [34%] Downloading: 98.2%...
[2026-01-22 12:22:55] [DEBUG] extract_transcript.py: [YT-DLP DEBUG] [download]  98.2% of   10.09MiB at  Unknown B/s ETA Unknown
[2026-01-22 12:22:55] [DEBUG] extract_transcript.py: [YT-DLP DOWNLOAD] 진행률: 98.2% | 다운로드: 10,385,298/10,577,245 bytes
[2026-01-22 12:22:55] [INFO] [34%] Downloading: 98.2%...
[2026-01-22 12:22:55] [DEBUG] extract_transcript.py: [YT-DLP DEBUG] [download]  98.2% of   10.09MiB at  Unknown B/s ETA Unknown
[2026-01-22 12:22:55] [DEBUG] extract_transcript.py: [YT-DLP DOWNLOAD] 진행률: 98.2% | 다운로드: 10,387,346/10,577,245 bytes
[2026-01-22 12:22:55] [INFO] [34%] Downloading: 98.2%...
[2026-01-22 12:22:55] [DEBUG] extract_transcript.py: [YT-DLP DEBUG] [download]  98.2% of   10.09MiB at    1.83MiB/s ETA 00:00
[2026-01-22 12:22:55] [DEBUG] extract_transcript.py: [YT-DLP DOWNLOAD] 진행률: 98.2% | 다운로드: 10,391,442/10,577,245 bytes | 속도: 1871.3 KB/s
[2026-01-22 12:22:55] [INFO] [34%] Downloading: 98.2%...
[2026-01-22 12:22:55] [DEBUG] extract_transcript.py: [YT-DLP DEBUG] [download]  98.3% of   10.09MiB at    1.56MiB/s ETA 00:00
[2026-01-22 12:22:55] [DEBUG] extract_transcript.py: [YT-DLP DOWNLOAD] 진행률: 98.3% | 다운로드: 10,399,634/10,577,245 bytes | 속도: 1593.8 KB/s
[2026-01-22 12:22:55] [INFO] [34%] Downloading: 98.3%...
[2026-01-22 12:22:55] [DEBUG] extract_transcript.py: [YT-DLP DEBUG] [download]  98.5% of   10.09MiB at    3.00MiB/s ETA 00:00
[2026-01-22 12:22:55] [DEBUG] extract_transcript.py: [YT-DLP DOWNLOAD] 진행률: 98.5% | 다운로드: 10,416,018/10,577,245 bytes | 속도: 3072.8 KB/s
[2026-01-22 12:22:55] [INFO] [34%] Downloading: 98.5%...
[2026-01-22 12:22:55] [DEBUG] extract_transcript.py: [YT-DLP DEBUG] [download]  98.8% of   10.09MiB at    2.63MiB/s ETA 00:00
[2026-01-22 12:22:55] [DEBUG] extract_transcript.py: [YT-DLP DOWNLOAD] 진행률: 98.8% | 다운로드: 10,448,786/10,577,245 bytes | 속도: 2697.1 KB/s
[2026-01-22 12:22:55] [INFO] [34%] Downloading: 98.8%...
[2026-01-22 12:22:55] [DEBUG] extract_transcript.py: [YT-DLP DEBUG] [download]  99.4% of   10.09MiB at    3.57MiB/s ETA 00:00
[2026-01-22 12:22:55] [DEBUG] extract_transcript.py: [YT-DLP DOWNLOAD] 진행률: 99.4% | 다운로드: 10,514,322/10,577,245 bytes | 속도: 3656.0 KB/s
[2026-01-22 12:22:55] [INFO] [34%] Downloading: 99.4%...
[2026-01-22 12:22:55] [DEBUG] extract_transcript.py: [YT-DLP DEBUG] [download] 100.0% of   10.09MiB at    5.09MiB/s ETA 00:00
[2026-01-22 12:22:55] [DEBUG] extract_transcript.py: [YT-DLP DOWNLOAD] 진행률: 100.0% | 다운로드: 10,577,245/10,577,245 bytes | 속도: 5210.7 KB/s
[2026-01-22 12:22:55] [INFO] [35%] Downloading: 100.0%...
[2026-01-22 12:22:55] [DEBUG] extract_transcript.py: [YT-DLP DEBUG] [download] 100% of   10.09MiB in 00:00:01 at 8.92MiB/s
[2026-01-22 12:22:55] [DEBUG] extract_transcript.py: [YT-DLP DOWNLOAD] ✓ 다운로드 완료!
[2026-01-22 12:22:55] [DEBUG] extract_transcript.py: [YT-DLP DOWNLOAD]    - 파일: Temp_Audio/a20ll121iYo.m4a
[2026-01-22 12:22:55] [DEBUG] extract_transcript.py: [YT-DLP DOWNLOAD]    - 크기: 10,577,245 bytes
[2026-01-22 12:22:55] [DEBUG] extract_transcript.py: [YT-DLP DOWNLOAD]    - 소요시간: 1.13초
[2026-01-22 12:22:55] [DEBUG] extract_transcript.py: [YT-DLP DOWNLOAD]    - 평균 속도: 9133.8 KB/s
[2026-01-22 12:22:55] [DEBUG] extract_transcript.py: ================================================================================
[2026-01-22 12:22:55] [DEBUG] extract_transcript.py: ✅ YT-DLP 다운로드 완료
[2026-01-22 12:22:55] [INFO] [35%] Audio download completed!
[2026-01-22 12:22:55] [DEBUG] extract_transcript.py: ================================================================================
[2026-01-22 12:22:55] [DEBUG] extract_transcript.py: ================================================================================
[2026-01-22 12:22:55] [DEBUG] extract_transcript.py: 🎤 WHISPER AI 음성 인식 상세 로그
[2026-01-22 12:22:55] [DEBUG] extract_transcript.py: ================================================================================
[2026-01-22 12:22:55] [DEBUG] extract_transcript.py: [WHISPER] 📥 모델 로딩 중...
[2026-01-22 12:22:55] [DEBUG] extract_transcript.py: [WHISPER]    - 모델: turbo
[2026-01-22 12:22:55] [DEBUG] extract_transcript.py: [WHISPER]    - 디바이스: CPU
[2026-01-22 12:22:55] [DEBUG] extract_transcript.py: [WHISPER]    - 연산 타입: int8
[2026-01-22 12:22:55] [DEBUG] extract_transcript.py: [WHISPER] ⚙️  Whisper 모델 초기화 중...
[2026-01-22 12:22:55] [DEBUG] extract_transcript.py: [WHISPER] 💾 메모리에 모델 적재 중...
[2026-01-22 12:22:57] [DEBUG] extract_transcript.py: [WHISPER] ⏳ 모델 로딩 진행 중 (2s...)
[2026-01-22 12:22:57] [INFO] [43%] Loading model... 2s...
[2026-01-22 12:22:59] [DEBUG] extract_transcript.py: [WHISPER] ⏳ 모델 로딩 진행 중 (4s...)
[2026-01-22 12:22:59] [INFO] [43%] Loading model... 4s...
[2026-01-22 12:23:01] [DEBUG] extract_transcript.py: [WHISPER] ⏳ 모델 로딩 진행 중 (6s...)
[2026-01-22 12:23:01] [INFO] [43%] Loading model... 6s...
[2026-01-22 12:23:03] [DEBUG] extract_transcript.py: [WHISPER] ⏳ 모델 로딩 진행 중 (8s...)
[2026-01-22 12:23:03] [INFO] [43%] Loading model... 8s...
[2026-01-22 12:23:05] [DEBUG] extract_transcript.py: [WHISPER] ⏳ 모델 로딩 진행 중 (10s...)
[2026-01-22 12:23:05] [INFO] [43%] Loading model... 10s...
[2026-01-22 12:23:07] [DEBUG] extract_transcript.py: [WHISPER] ⏳ 모델 로딩 진행 중 (12s...)
[2026-01-22 12:23:07] [INFO] [43%] Loading model... 12s...
[2026-01-22 12:23:09] [DEBUG] extract_transcript.py: [WHISPER] ⏳ 모델 로딩 진행 중 (14s...)
[2026-01-22 12:23:09] [INFO] [43%] Loading model... 14s...
[2026-01-22 12:23:11] [DEBUG] extract_transcript.py: [WHISPER] ⏳ 모델 로딩 진행 중 (16s...)
[2026-01-22 12:23:11] [INFO] [43%] Loading model... 16s...
[2026-01-22 12:23:13] [DEBUG] extract_transcript.py: [WHISPER] ⏳ 모델 로딩 진행 중 (18s...)
[2026-01-22 12:23:13] [INFO] [43%] Loading model... 18s...
[2026-01-22 12:23:15] [DEBUG] extract_transcript.py: [WHISPER] ⏳ 모델 로딩 진행 중 (20s...)
[2026-01-22 12:23:15] [INFO] [43%] Loading model... 20s...
[2026-01-22 12:23:17] [DEBUG] extract_transcript.py: [WHISPER] ⏳ 모델 로딩 진행 중 (22s...)
[2026-01-22 12:23:17] [INFO] [43%] Loading model... 22s...
[2026-01-22 12:23:19] [DEBUG] extract_transcript.py: [WHISPER] ⏳ 모델 로딩 진행 중 (24s...)
[2026-01-22 12:23:19] [INFO] [43%] Loading model... 24s...
[2026-01-22 12:23:21] [DEBUG] extract_transcript.py: [WHISPER] ⏳ 모델 로딩 진행 중 (26s...)
[2026-01-22 12:23:21] [INFO] [43%] Loading model... 26s...
[2026-01-22 12:23:23] [DEBUG] extract_transcript.py: [WHISPER] ⏳ 모델 로딩 진행 중 (28s...)
[2026-01-22 12:23:23] [INFO] [43%] Loading model... 28s...
[2026-01-22 12:23:25] [DEBUG] extract_transcript.py: [WHISPER] ⏳ 모델 로딩 진행 중 (30s...)
[2026-01-22 12:23:25] [INFO] [43%] Loading model... 30s...
[2026-01-22 12:23:27] [DEBUG] extract_transcript.py: [WHISPER] ⏳ 모델 로딩 진행 중 (32s...)
[2026-01-22 12:23:27] [INFO] [43%] Loading model... 32s...
[2026-01-22 12:23:29] [DEBUG] extract_transcript.py: [WHISPER] ⏳ 모델 로딩 진행 중 (34s...)
[2026-01-22 12:23:29] [INFO] [43%] Loading model... 34s...
[2026-01-22 12:23:31] [DEBUG] extract_transcript.py: [WHISPER] ⏳ 모델 로딩 진행 중 (36s...)
[2026-01-22 12:23:31] [INFO] [43%] Loading model... 36s...
[2026-01-22 12:23:33] [DEBUG] extract_transcript.py: [WHISPER] ⏳ 모델 로딩 진행 중 (38s...)
[2026-01-22 12:23:33] [INFO] [43%] Loading model... 38s...
[2026-01-22 12:23:35] [DEBUG] extract_transcript.py: [WHISPER] ⏳ 모델 로딩 진행 중 (40s...)
[2026-01-22 12:23:35] [INFO] [43%] Loading model... 40s...
[2026-01-22 12:23:37] [DEBUG] extract_transcript.py: [WHISPER] ⏳ 모델 로딩 진행 중 (42s...)
[2026-01-22 12:23:37] [INFO] [43%] Loading model... 42s...
[2026-01-22 12:23:39] [DEBUG] extract_transcript.py: [WHISPER] ⏳ 모델 로딩 진행 중 (44s...)
[2026-01-22 12:23:39] [INFO] [43%] Loading model... 44s...
[2026-01-22 12:23:41] [DEBUG] extract_transcript.py: [WHISPER] ⏳ 모델 로딩 진행 중 (46s...)
[2026-01-22 12:23:41] [INFO] [43%] Loading model... 46s...
[2026-01-22 12:23:43] [DEBUG] extract_transcript.py: [WHISPER] ⏳ 모델 로딩 진행 중 (48s...)
[2026-01-22 12:23:43] [INFO] [43%] Loading model... 48s...
[2026-01-22 12:23:45] [DEBUG] extract_transcript.py: [WHISPER] ⏳ 모델 로딩 진행 중 (50s...)
[2026-01-22 12:23:45] [INFO] [43%] Loading model... 50s...
[2026-01-22 12:23:47] [DEBUG] extract_transcript.py: [WHISPER] ⏳ 모델 로딩 진행 중 (52s...)
[2026-01-22 12:23:47] [INFO] [43%] Loading model... 52s...
[2026-01-22 12:23:49] [DEBUG] extract_transcript.py: [WHISPER] ⏳ 모델 로딩 진행 중 (54s...)
[2026-01-22 12:23:49] [INFO] [43%] Loading model... 54s...
[2026-01-22 12:23:51] [DEBUG] extract_transcript.py: [WHISPER] ⏳ 모델 로딩 진행 중 (56s...)
[2026-01-22 12:23:51] [INFO] [43%] Loading model... 56s...
[2026-01-22 12:23:53] [DEBUG] extract_transcript.py: [WHISPER] ⏳ 모델 로딩 진행 중 (58s...)
[2026-01-22 12:23:53] [INFO] [43%] Loading model... 58s...
[2026-01-22 12:23:55] [DEBUG] extract_transcript.py: [WHISPER] ⏳ 모델 로딩 진행 중 (60s...)
[2026-01-22 12:23:55] [INFO] [43%] Loading model... 60s...
[2026-01-22 12:23:57] [DEBUG] extract_transcript.py: [WHISPER] ⏳ 모델 로딩 진행 중 (62s...)
[2026-01-22 12:23:57] [INFO] [43%] Loading model... 62s...
[2026-01-22 12:23:59] [DEBUG] extract_transcript.py: [WHISPER] ⏳ 모델 로딩 진행 중 (64s...)
[2026-01-22 12:23:59] [INFO] [43%] Loading model... 64s...
[2026-01-22 12:24:01] [DEBUG] extract_transcript.py: [WHISPER] ⏳ 모델 로딩 진행 중 (66s...)
[2026-01-22 12:24:01] [INFO] [43%] Loading model... 66s...
[2026-01-22 12:24:03] [DEBUG] extract_transcript.py: [WHISPER] ⏳ 모델 로딩 진행 중 (68s...)
[2026-01-22 12:24:03] [INFO] [43%] Loading model... 68s...
[2026-01-22 12:24:05] [DEBUG] extract_transcript.py: [WHISPER] ⏳ 모델 로딩 진행 중 (70s...)
[2026-01-22 12:24:05] [INFO] [43%] Loading model... 70s...
[2026-01-22 12:24:07] [DEBUG] extract_transcript.py: [WHISPER] ⏳ 모델 로딩 진행 중 (72s...)
[2026-01-22 12:24:07] [INFO] [43%] Loading model... 72s...
[2026-01-22 12:24:09] [DEBUG] extract_transcript.py: [WHISPER] ⏳ 모델 로딩 진행 중 (74s...)
[2026-01-22 12:24:09] [INFO] [43%] Loading model... 74s...
[2026-01-22 12:24:11] [DEBUG] extract_transcript.py: [WHISPER] ⏳ 모델 로딩 진행 중 (76s...)
[2026-01-22 12:24:11] [INFO] [43%] Loading model... 76s...
[2026-01-22 12:24:13] [DEBUG] extract_transcript.py: [WHISPER] ⏳ 모델 로딩 진행 중 (78s...)
[2026-01-22 12:24:13] [INFO] [43%] Loading model... 78s...
[2026-01-22 12:24:15] [DEBUG] extract_transcript.py: [WHISPER] ⏳ 모델 로딩 진행 중 (80s...)
[2026-01-22 12:24:15] [INFO] [43%] Loading model... 80s...
[2026-01-22 12:24:17] [DEBUG] extract_transcript.py: [WHISPER] ⏳ 모델 로딩 진행 중 (82s...)
[2026-01-22 12:24:17] [INFO] [43%] Loading model... 82s...
[2026-01-22 12:24:19] [DEBUG] extract_transcript.py: [WHISPER] ⏳ 모델 로딩 진행 중 (84s...)
[2026-01-22 12:24:19] [INFO] [43%] Loading model... 84s...
[2026-01-22 12:24:21] [DEBUG] extract_transcript.py: [WHISPER] ⏳ 모델 로딩 진행 중 (86s...)
[2026-01-22 12:24:21] [INFO] [43%] Loading model... 86s...
[2026-01-22 12:24:23] [DEBUG] extract_transcript.py: [WHISPER] ⏳ 모델 로딩 진행 중 (88s...)
[2026-01-22 12:24:23] [INFO] [43%] Loading model... 88s...
[2026-01-22 12:24:25] [DEBUG] extract_transcript.py: [WHISPER] ⏳ 모델 로딩 진행 중 (90s...)
[2026-01-22 12:24:25] [INFO] [43%] Loading model... 90s...
[2026-01-22 12:24:27] [DEBUG] extract_transcript.py: [WHISPER] ⏳ 모델 로딩 진행 중 (92s...)
[2026-01-22 12:24:27] [INFO] [43%] Loading model... 92s...
[2026-01-22 12:24:29] [DEBUG] extract_transcript.py: [WHISPER] ✓ 모델 로딩 완료 (소요시간: 94.09초)
[2026-01-22 12:24:29] [DEBUG] extract_transcript.py: [WHISPER] 🔍 오디오 파일 분석 중...
[2026-01-22 12:24:29] [DEBUG] extract_transcript.py: [WHISPER]    - 파일: Temp_Audio/a20ll121iYo.m4a
[2026-01-22 12:24:29] [DEBUG] extract_transcript.py: [WHISPER]    - Beam size: 5
[2026-01-22 12:24:29] [DEBUG] extract_transcript.py: [WHISPER] 🧠 딥러닝 추론 시작...
[2026-01-22 12:24:31] [DEBUG] extract_transcript.py: [WHISPER] ⏳ 추론 진행 중 (2s...)
[2026-01-22 12:24:31] [INFO] [52%] Deep learning inference... 2s...
[2026-01-22 12:24:33] [DEBUG] extract_transcript.py: [WHISPER] ⏳ 추론 진행 중 (4s...)
[2026-01-22 12:24:33] [INFO] [52%] Deep learning inference... 4s...
[2026-01-22 12:24:35] [DEBUG] extract_transcript.py: [WHISPER] ✓ 오디오 분석 완료
[2026-01-22 12:24:35] [DEBUG] extract_transcript.py: [WHISPER]    - 감지된 언어: ko
[2026-01-22 12:24:35] [DEBUG] extract_transcript.py: [WHISPER]    - 언어 확률: 0.9987 (99.87%)
[2026-01-22 12:24:35] [DEBUG] extract_transcript.py: [WHISPER]    - 예상 총 길이: 317.30초
[2026-01-22 12:24:35] [DEBUG] extract_transcript.py: [WHISPER] 📝 세그먼트 처리 시작...
[2026-01-22 12:24:35] [DEBUG] extract_transcript.py: --------------------------------------------------------------------------------
[2026-01-22 12:24:41] [DEBUG] extract_transcript.py: [WHISPER] Segment #001
[2026-01-22 12:24:41] [INFO] [60%] Processing segment #1...
[2026-01-22 12:24:41] [DEBUG] extract_transcript.py: ⏱️  시간: 0.00s ~ 8.00s (길이: 8.00s)
[2026-01-22 12:24:41] [DEBUG] extract_transcript.py: 📄 텍스트: 여러분은 스웨덴 하면 가장 먼저 어떤 단어가 떠오르시나요. 바이킹 이케아 돌보 아바 우리에게 친근한 건 이런...
[2026-01-22 12:24:41] [DEBUG] extract_transcript.py: 📊 문자수: 66 chars
[2026-01-22 12:24:41] [DEBUG] extract_transcript.py: 🎯 평균 확률: -0.1087
[2026-01-22 12:24:41] [DEBUG] extract_transcript.py: 🔇 No-speech 확률: 0.0000
[2026-01-22 12:24:41] [DEBUG] extract_transcript.py: --------------------------------------------------------------------------------
[2026-01-22 12:24:41] [DEBUG] extract_transcript.py: [WHISPER] Segment #002
[2026-01-22 12:24:41] [INFO] [60%] Processing segment #2...
[2026-01-22 12:24:41] [DEBUG] extract_transcript.py: ⏱️  시간: 8.00s ~ 18.00s (길이: 10.00s)
[2026-01-22 12:24:41] [DEBUG] extract_transcript.py: 📄 텍스트: 그런데 최근 외신들은 북유럽 선진국 스웨덴을 이렇게 부릅니다. 갱스터의 천국 안전하고 평화롭던 스웨덴이 갱단...
[2026-01-22 12:24:41] [DEBUG] extract_transcript.py: 📊 문자수: 75 chars
[2026-01-22 12:24:41] [DEBUG] extract_transcript.py: 🎯 평균 확률: -0.1087
[2026-01-22 12:24:41] [DEBUG] extract_transcript.py: 🔇 No-speech 확률: 0.0000
[2026-01-22 12:24:41] [DEBUG] extract_transcript.py: --------------------------------------------------------------------------------
[2026-01-22 12:24:41] [DEBUG] extract_transcript.py: [WHISPER] Segment #003
[2026-01-22 12:24:41] [INFO] [60%] Processing segment #3...
[2026-01-22 12:24:41] [DEBUG] extract_transcript.py: ⏱️  시간: 18.00s ~ 29.00s (길이: 11.00s)
[2026-01-22 12:24:41] [DEBUG] extract_transcript.py: 📄 텍스트: 스웨덴 수도 스토클롬 외곽 린캐비 이 남성은 4년 전 아들을 잃었습니다. 당시 아들의 나이는 19살 쇼핑센터...
[2026-01-22 12:24:41] [DEBUG] extract_transcript.py: 📊 문자수: 81 chars
[2026-01-22 12:24:41] [DEBUG] extract_transcript.py: 🎯 평균 확률: -0.1087
[2026-01-22 12:24:41] [DEBUG] extract_transcript.py: 🔇 No-speech 확률: 0.0000
[2026-01-22 12:24:41] [DEBUG] extract_transcript.py: --------------------------------------------------------------------------------
[2026-01-22 12:24:46] [DEBUG] extract_transcript.py: [WHISPER] Segment #004
[2026-01-22 12:24:46] [INFO] [61%] Processing segment #4...
[2026-01-22 12:24:46] [DEBUG] extract_transcript.py: ⏱️  시간: 29.00s ~ 32.00s (길이: 3.00s)
[2026-01-22 12:24:46] [DEBUG] extract_transcript.py: 📄 텍스트: 스프레이션 쇼핑
[2026-01-22 12:24:46] [DEBUG] extract_transcript.py: 📊 문자수: 8 chars
[2026-01-22 12:24:46] [DEBUG] extract_transcript.py: 🎯 평균 확률: -0.1724
[2026-01-22 12:24:46] [DEBUG] extract_transcript.py: 🔇 No-speech 확률: 0.0000
[2026-01-22 12:24:46] [DEBUG] extract_transcript.py: --------------------------------------------------------------------------------
[2026-01-22 12:24:46] [DEBUG] extract_transcript.py: [WHISPER] Segment #005
[2026-01-22 12:24:46] [INFO] [61%] Processing segment #5...
[2026-01-22 12:24:46] [DEBUG] extract_transcript.py: ⏱️  시간: 32.00s ~ 37.00s (길이: 5.00s)
[2026-01-22 12:24:46] [DEBUG] extract_transcript.py: 📄 텍스트: 교사를 꿈꾸던 이 남성도 갱단 범죄의 피해자입니다.
[2026-01-22 12:24:46] [DEBUG] extract_transcript.py: 📊 문자수: 28 chars
[2026-01-22 12:24:46] [DEBUG] extract_transcript.py: 🎯 평균 확률: -0.1724
[2026-01-22 12:24:46] [DEBUG] extract_transcript.py: 🔇 No-speech 확률: 0.0000
[2026-01-22 12:24:46] [DEBUG] extract_transcript.py: --------------------------------------------------------------------------------
[2026-01-22 12:24:46] [DEBUG] extract_transcript.py: [WHISPER] Segment #006
[2026-01-22 12:24:46] [INFO] [61%] Processing segment #6...
[2026-01-22 12:24:46] [DEBUG] extract_transcript.py: ⏱️  시간: 37.00s ~ 44.00s (길이: 7.00s)
[2026-01-22 12:24:46] [DEBUG] extract_transcript.py: 📄 텍스트: 차에서 두 사람이 내렸고 총성이 울린 뒤 쓰러졌는데요. 저녁을 먹기 위해 학교 밖으로 나서던 길이었습니다.
[2026-01-22 12:24:46] [DEBUG] extract_transcript.py: 📊 문자수: 59 chars
[2026-01-22 12:24:46] [DEBUG] extract_transcript.py: 🎯 평균 확률: -0.1724
[2026-01-22 12:24:46] [DEBUG] extract_transcript.py: 🔇 No-speech 확률: 0.0000
[2026-01-22 12:24:46] [DEBUG] extract_transcript.py: --------------------------------------------------------------------------------
[2026-01-22 12:24:46] [DEBUG] extract_transcript.py: [WHISPER] Segment #007
[2026-01-22 12:24:46] [INFO] [61%] Processing segment #7...
[2026-01-22 12:24:46] [DEBUG] extract_transcript.py: ⏱️  시간: 44.00s ~ 58.00s (길이: 14.00s)
[2026-01-22 12:24:46] [DEBUG] extract_transcript.py: 📄 텍스트: 남미 아프리카에서나 볼 수 있던 심각한 갱단 범죄가 지금 스웨덴에서 벌어지고 있습니다.
[2026-01-22 12:24:46] [DEBUG] extract_transcript.py: 📊 문자수: 48 chars
[2026-01-22 12:24:46] [DEBUG] extract_transcript.py: 🎯 평균 확률: -0.1724
[2026-01-22 12:24:46] [DEBUG] extract_transcript.py: 🔇 No-speech 확률: 0.0000
[2026-01-22 12:24:46] [DEBUG] extract_transcript.py: --------------------------------------------------------------------------------
[2026-01-22 12:24:52] [DEBUG] extract_transcript.py: [WHISPER] Segment #008
[2026-01-22 12:24:52] [INFO] [62%] Processing segment #8...
[2026-01-22 12:24:52] [DEBUG] extract_transcript.py: ⏱️  시간: 58.00s ~ 68.00s (길이: 10.00s)
[2026-01-22 12:24:52] [DEBUG] extract_transcript.py: 📄 텍스트: 이 과정에서 무고한 시민이 다치거나 희생되고 있는데요. 총기로 인한 사망자는 계속 늘고 있는데 2022년에는...
[2026-01-22 12:24:52] [DEBUG] extract_transcript.py: 📊 문자수: 82 chars
[2026-01-22 12:24:52] [DEBUG] extract_transcript.py: 🎯 평균 확률: -0.0725
[2026-01-22 12:24:52] [DEBUG] extract_transcript.py: 🔇 No-speech 확률: 0.0000
[2026-01-22 12:24:52] [DEBUG] extract_transcript.py: --------------------------------------------------------------------------------
[2026-01-22 12:24:52] [DEBUG] extract_transcript.py: [WHISPER] Segment #009
[2026-01-22 12:24:52] [INFO] [62%] Processing segment #9...
[2026-01-22 12:24:52] [DEBUG] extract_transcript.py: ⏱️  시간: 68.00s ~ 71.00s (길이: 3.00s)
[2026-01-22 12:24:52] [DEBUG] extract_transcript.py: 📄 텍스트: 지난해에도 50명 이상이 총상으로 사망했습니다.
[2026-01-22 12:24:52] [DEBUG] extract_transcript.py: 📊 문자수: 26 chars
[2026-01-22 12:24:52] [DEBUG] extract_transcript.py: 🎯 평균 확률: -0.0725
[2026-01-22 12:24:52] [DEBUG] extract_transcript.py: 🔇 No-speech 확률: 0.0000
[2026-01-22 12:24:52] [DEBUG] extract_transcript.py: --------------------------------------------------------------------------------
[2026-01-22 12:24:57] [DEBUG] extract_transcript.py: [WHISPER] Segment #010
[2026-01-22 12:24:57] [INFO] [62%] Processing segment #10...
[2026-01-22 12:24:57] [DEBUG] extract_transcript.py: ⏱️  시간: 71.00s ~ 77.00s (길이: 6.00s)
[2026-01-22 12:24:57] [DEBUG] extract_transcript.py: 📄 텍스트: 스웨덴은 현재 유럽연합 회원국 중 국민 1인당 총기 범죄 발생률이 가장 높은 것으로 나타났는데요.
[2026-01-22 12:24:57] [DEBUG] extract_transcript.py: 📊 문자수: 54 chars
[2026-01-22 12:24:57] [DEBUG] extract_transcript.py: 🎯 평균 확률: -0.0671
[2026-01-22 12:24:57] [DEBUG] extract_transcript.py: 🔇 No-speech 확률: 0.0000
[2026-01-22 12:24:57] [DEBUG] extract_transcript.py: --------------------------------------------------------------------------------
[2026-01-22 12:24:57] [DEBUG] extract_transcript.py: [WHISPER] Segment #011
[2026-01-22 12:24:57] [INFO] [62%] Processing segment #11...
[2026-01-22 12:24:57] [DEBUG] extract_transcript.py: ⏱️  시간: 77.00s ~ 83.00s (길이: 6.00s)
[2026-01-22 12:24:57] [DEBUG] extract_transcript.py: 📄 텍스트: 10년 전만 해도 유럽에서 살기 좋고 평화롭던 나라에서 이제는 유럽에서 손꼽히는 범죄 국가로 전락한 겁니다.
[2026-01-22 12:24:57] [DEBUG] extract_transcript.py: 📊 문자수: 60 chars
[2026-01-22 12:24:57] [DEBUG] extract_transcript.py: 🎯 평균 확률: -0.0671
[2026-01-22 12:24:57] [DEBUG] extract_transcript.py: 🔇 No-speech 확률: 0.0000
[2026-01-22 12:24:57] [DEBUG] extract_transcript.py: --------------------------------------------------------------------------------
[2026-01-22 12:25:02] [DEBUG] extract_transcript.py: [WHISPER] Segment #012
[2026-01-22 12:25:02] [INFO] [63%] Processing segment #12...
[2026-01-22 12:25:02] [DEBUG] extract_transcript.py: ⏱️  시간: 83.00s ~ 97.00s (길이: 14.00s)
[2026-01-22 12:25:02] [DEBUG] extract_transcript.py: 📄 텍스트: 범죄 국가로 전락한 겁니다.
[2026-01-22 12:25:02] [DEBUG] extract_transcript.py: 📊 문자수: 15 chars
[2026-01-22 12:25:02] [DEBUG] extract_transcript.py: 🎯 평균 확률: -0.2006
[2026-01-22 12:25:02] [DEBUG] extract_transcript.py: 🔇 No-speech 확률: 0.0000
[2026-01-22 12:25:02] [DEBUG] extract_transcript.py: --------------------------------------------------------------------------------
[2026-01-22 12:25:02] [DEBUG] extract_transcript.py: [WHISPER] Segment #013
[2026-01-22 12:25:02] [INFO] [63%] Processing segment #13...
[2026-01-22 12:25:02] [DEBUG] extract_transcript.py: ⏱️  시간: 97.00s ~ 101.00s (길이: 4.00s)
[2026-01-22 12:25:02] [DEBUG] extract_transcript.py: 📄 텍스트: 갱단은 이권을 놓고 서로 다투는 과정에서 폭탄 테러도 서슴지 않는데요.
[2026-01-22 12:25:02] [DEBUG] extract_transcript.py: 📊 문자수: 39 chars
[2026-01-22 12:25:02] [DEBUG] extract_transcript.py: 🎯 평균 확률: -0.2006
[2026-01-22 12:25:02] [DEBUG] extract_transcript.py: 🔇 No-speech 확률: 0.0000
[2026-01-22 12:25:02] [DEBUG] extract_transcript.py: --------------------------------------------------------------------------------
[2026-01-22 12:25:07] [DEBUG] extract_transcript.py: [WHISPER] Segment #014
[2026-01-22 12:25:07] [INFO] [63%] Processing segment #14...
[2026-01-22 12:25:07] [DEBUG] extract_transcript.py: ⏱️  시간: 101.00s ~ 109.00s (길이: 8.00s)
[2026-01-22 12:25:07] [DEBUG] extract_transcript.py: 📄 텍스트: 지난해에만 이런 테러 140건이 넘습니다.
[2026-01-22 12:25:07] [DEBUG] extract_transcript.py: 📊 문자수: 23 chars
[2026-01-22 12:25:07] [DEBUG] extract_transcript.py: 🎯 평균 확률: -0.1240
[2026-01-22 12:25:07] [DEBUG] extract_transcript.py: 🔇 No-speech 확률: 0.0000
[2026-01-22 12:25:07] [DEBUG] extract_transcript.py: --------------------------------------------------------------------------------
[2026-01-22 12:25:07] [DEBUG] extract_transcript.py: [WHISPER] Segment #015
[2026-01-22 12:25:07] [INFO] [63%] Processing segment #15...
[2026-01-22 12:25:07] [DEBUG] extract_transcript.py: ⏱️  시간: 109.00s ~ 115.00s (길이: 6.00s)
[2026-01-22 12:25:07] [DEBUG] extract_transcript.py: 📄 텍스트: 스웨덴 정부는 지난해 군대까지 동원해 갱단 소탕에 나섰지만 불법 무기
[2026-01-22 12:25:07] [DEBUG] extract_transcript.py: 📊 문자수: 38 chars
[2026-01-22 12:25:07] [DEBUG] extract_transcript.py: 🎯 평균 확률: -0.1240
[2026-01-22 12:25:07] [DEBUG] extract_transcript.py: 🔇 No-speech 확률: 0.0000
[2026-01-22 12:25:07] [DEBUG] extract_transcript.py: --------------------------------------------------------------------------------
[2026-01-22 12:25:12] [DEBUG] extract_transcript.py: [WHISPER] Segment #016
[2026-01-22 12:25:12] [INFO] [64%] Processing segment #16...
[2026-01-22 12:25:12] [DEBUG] extract_transcript.py: ⏱️  시간: 115.00s ~ 117.00s (길이: 2.00s)
[2026-01-22 12:25:12] [DEBUG] extract_transcript.py: 📄 텍스트: 마약 거래가 여전히 성행하고 있는데요.
[2026-01-22 12:25:12] [DEBUG] extract_transcript.py: 📊 문자수: 21 chars
[2026-01-22 12:25:12] [DEBUG] extract_transcript.py: 🎯 평균 확률: -0.0917
[2026-01-22 12:25:12] [DEBUG] extract_transcript.py: 🔇 No-speech 확률: 0.0000
[2026-01-22 12:25:12] [DEBUG] extract_transcript.py: --------------------------------------------------------------------------------
[2026-01-22 12:25:12] [DEBUG] extract_transcript.py: [WHISPER] Segment #017
[2026-01-22 12:25:12] [INFO] [64%] Processing segment #17...
[2026-01-22 12:25:12] [DEBUG] extract_transcript.py: ⏱️  시간: 117.00s ~ 122.00s (길이: 5.00s)
[2026-01-22 12:25:12] [DEBUG] extract_transcript.py: 📄 텍스트: 더 심각한 문제는 이러한 갱단 범죄에 10대 청소년이 연루돼 있다는 겁니다.
[2026-01-22 12:25:12] [DEBUG] extract_transcript.py: 📊 문자수: 42 chars
[2026-01-22 12:25:12] [DEBUG] extract_transcript.py: 🎯 평균 확률: -0.0917
[2026-01-22 12:25:12] [DEBUG] extract_transcript.py: 🔇 No-speech 확률: 0.0000
[2026-01-22 12:25:12] [DEBUG] extract_transcript.py: --------------------------------------------------------------------------------
[2026-01-22 12:25:12] [DEBUG] extract_transcript.py: [WHISPER] Segment #018
[2026-01-22 12:25:12] [INFO] [64%] Processing segment #18...
[2026-01-22 12:25:12] [DEBUG] extract_transcript.py: ⏱️  시간: 131.00s ~ 138.00s (길이: 7.00s)
[2026-01-22 12:25:12] [DEBUG] extract_transcript.py: 📄 텍스트: 2022년 총기 관련 살인 사건 용의제를 살펴보니 절반 가까이가 15살에서 20살이었다는 충격적인 보고도 있...
[2026-01-22 12:25:12] [DEBUG] extract_transcript.py: 📊 문자수: 64 chars
[2026-01-22 12:25:12] [DEBUG] extract_transcript.py: 🎯 평균 확률: -0.0917
[2026-01-22 12:25:12] [DEBUG] extract_transcript.py: 🔇 No-speech 확률: 0.0000
[2026-01-22 12:25:12] [DEBUG] extract_transcript.py: --------------------------------------------------------------------------------
[2026-01-22 12:25:12] [DEBUG] extract_transcript.py: [WHISPER] Segment #019
[2026-01-22 12:25:12] [INFO] [64%] Processing segment #19...
[2026-01-22 12:25:12] [DEBUG] extract_transcript.py: ⏱️  시간: 138.00s ~ 142.00s (길이: 4.00s)
[2026-01-22 12:25:12] [DEBUG] extract_transcript.py: 📄 텍스트: 하지만 암살자가 된 아이들에게서 죄책감은 찾아볼 수 없습니다.
[2026-01-22 12:25:12] [DEBUG] extract_transcript.py: 📊 문자수: 34 chars
[2026-01-22 12:25:12] [DEBUG] extract_transcript.py: 🎯 평균 확률: -0.0917
[2026-01-22 12:25:12] [DEBUG] extract_transcript.py: 🔇 No-speech 확률: 0.0000
[2026-01-22 12:25:12] [DEBUG] extract_transcript.py: --------------------------------------------------------------------------------
[2026-01-22 12:25:18] [DEBUG] extract_transcript.py: [WHISPER] Segment #020
[2026-01-22 12:25:18] [INFO] [65%] Processing segment #20...
[2026-01-22 12:25:18] [DEBUG] extract_transcript.py: ⏱️  시간: 142.00s ~ 148.00s (길이: 6.00s)
[2026-01-22 12:25:18] [DEBUG] extract_transcript.py: 📄 텍스트: 갱단이 된 10대 청소년 중에는 이민자 2세가 적지 않습니다.
[2026-01-22 12:25:18] [DEBUG] extract_transcript.py: 📊 문자수: 34 chars
[2026-01-22 12:25:18] [DEBUG] extract_transcript.py: 🎯 평균 확률: -0.0576
[2026-01-22 12:25:18] [DEBUG] extract_transcript.py: 🔇 No-speech 확률: 0.0000
[2026-01-22 12:25:18] [DEBUG] extract_transcript.py: --------------------------------------------------------------------------------
[2026-01-22 12:25:18] [DEBUG] extract_transcript.py: [WHISPER] Segment #021
[2026-01-22 12:25:18] [INFO] [65%] Processing segment #21...
[2026-01-22 12:25:18] [DEBUG] extract_transcript.py: ⏱️  시간: 148.00s ~ 152.00s (길이: 4.00s)
[2026-01-22 12:25:18] [DEBUG] extract_transcript.py: 📄 텍스트: 스웨덴은 유럽 국가 중에서도 친이민 정책을 펼쳐왔죠.
[2026-01-22 12:25:18] [DEBUG] extract_transcript.py: 📊 문자수: 29 chars
[2026-01-22 12:25:18] [DEBUG] extract_transcript.py: 🎯 평균 확률: -0.0576
[2026-01-22 12:25:18] [DEBUG] extract_transcript.py: 🔇 No-speech 확률: 0.0000
[2026-01-22 12:25:18] [DEBUG] extract_transcript.py: --------------------------------------------------------------------------------
[2026-01-22 12:25:18] [DEBUG] extract_transcript.py: [WHISPER] Segment #022
[2026-01-22 12:25:18] [INFO] [65%] Processing segment #22...
[2026-01-22 12:25:18] [DEBUG] extract_transcript.py: ⏱️  시간: 152.00s ~ 157.00s (길이: 5.00s)
[2026-01-22 12:25:18] [DEBUG] extract_transcript.py: 📄 텍스트: 특히 2015년엔 망명 신청자 수가 16만 3천여 명으로 정점을 찍었습니다.
[2026-01-22 12:25:18] [DEBUG] extract_transcript.py: 📊 문자수: 42 chars
[2026-01-22 12:25:18] [DEBUG] extract_transcript.py: 🎯 평균 확률: -0.0576
[2026-01-22 12:25:18] [DEBUG] extract_transcript.py: 🔇 No-speech 확률: 0.0000
[2026-01-22 12:25:18] [DEBUG] extract_transcript.py: --------------------------------------------------------------------------------
[2026-01-22 12:25:18] [DEBUG] extract_transcript.py: [WHISPER] Segment #023
[2026-01-22 12:25:18] [INFO] [65%] Processing segment #23...
[2026-01-22 12:25:18] [DEBUG] extract_transcript.py: ⏱️  시간: 157.00s ~ 163.00s (길이: 6.00s)
[2026-01-22 12:25:18] [DEBUG] extract_transcript.py: 📄 텍스트: 이들 중 상당수는 내전과 폭력 사태를 겪은 시리아와 아프가니스탄, 이라크 출신이었는데요.
[2026-01-22 12:25:18] [DEBUG] extract_transcript.py: 📊 문자수: 49 chars
[2026-01-22 12:25:18] [DEBUG] extract_transcript.py: 🎯 평균 확률: -0.0576
[2026-01-22 12:25:18] [DEBUG] extract_transcript.py: 🔇 No-speech 확률: 0.0000
[2026-01-22 12:25:18] [DEBUG] extract_transcript.py: --------------------------------------------------------------------------------
[2026-01-22 12:25:18] [DEBUG] extract_transcript.py: [WHISPER] Segment #024
[2026-01-22 12:25:18] [INFO] [66%] Processing segment #24...
[2026-01-22 12:25:18] [DEBUG] extract_transcript.py: ⏱️  시간: 163.00s ~ 169.00s (길이: 6.00s)
[2026-01-22 12:25:18] [DEBUG] extract_transcript.py: 📄 텍스트: 현재 스웨덴 인구가 천만 명 정도인데 외국 태생이 214만 명으로 전체의 20%를 차지합니다.
[2026-01-22 12:25:18] [DEBUG] extract_transcript.py: 📊 문자수: 52 chars
[2026-01-22 12:25:18] [DEBUG] extract_transcript.py: 🎯 평균 확률: -0.0576
[2026-01-22 12:25:18] [DEBUG] extract_transcript.py: 🔇 No-speech 확률: 0.0000
[2026-01-22 12:25:18] [DEBUG] extract_transcript.py: --------------------------------------------------------------------------------
[2026-01-22 12:25:24] [DEBUG] extract_transcript.py: [WHISPER] Segment #025
[2026-01-22 12:25:24] [INFO] [66%] Processing segment #25...
[2026-01-22 12:25:24] [DEBUG] extract_transcript.py: ⏱️  시간: 169.00s ~ 173.00s (길이: 4.00s)
[2026-01-22 12:25:24] [DEBUG] extract_transcript.py: 📄 텍스트: 스웨덴이 난민을 받아들인 이유는 인도주의적인 차원도 있었지만
[2026-01-22 12:25:24] [DEBUG] extract_transcript.py: 📊 문자수: 33 chars
[2026-01-22 12:25:24] [DEBUG] extract_transcript.py: 🎯 평균 확률: -0.0368
[2026-01-22 12:25:24] [DEBUG] extract_transcript.py: 🔇 No-speech 확률: 0.0000
[2026-01-22 12:25:24] [DEBUG] extract_transcript.py: --------------------------------------------------------------------------------
[2026-01-22 12:25:24] [DEBUG] extract_transcript.py: [WHISPER] Segment #026
[2026-01-22 12:25:24] [INFO] [66%] Processing segment #26...
[2026-01-22 12:25:24] [DEBUG] extract_transcript.py: ⏱️  시간: 173.00s ~ 177.00s (길이: 4.00s)
[2026-01-22 12:25:24] [DEBUG] extract_transcript.py: 📄 텍스트: 경제 성장을 떠받칠 노동력을 확보한다는 실질적 목적도 있었는데요.
[2026-01-22 12:25:24] [DEBUG] extract_transcript.py: 📊 문자수: 36 chars
[2026-01-22 12:25:24] [DEBUG] extract_transcript.py: 🎯 평균 확률: -0.0368
[2026-01-22 12:25:24] [DEBUG] extract_transcript.py: 🔇 No-speech 확률: 0.0000
[2026-01-22 12:25:24] [DEBUG] extract_transcript.py: --------------------------------------------------------------------------------
[2026-01-22 12:25:24] [DEBUG] extract_transcript.py: [WHISPER] Segment #027
[2026-01-22 12:25:24] [INFO] [66%] Processing segment #27...
[2026-01-22 12:25:24] [DEBUG] extract_transcript.py: ⏱️  시간: 177.00s ~ 181.00s (길이: 4.00s)
[2026-01-22 12:25:24] [DEBUG] extract_transcript.py: 📄 텍스트: 하지만 이들을 스웨덴 사회로 통합시키는 데는 실패하고 말았습니다.
[2026-01-22 12:25:24] [DEBUG] extract_transcript.py: 📊 문자수: 36 chars
[2026-01-22 12:25:24] [DEBUG] extract_transcript.py: 🎯 평균 확률: -0.0368
[2026-01-22 12:25:24] [DEBUG] extract_transcript.py: 🔇 No-speech 확률: 0.0000
[2026-01-22 12:25:24] [DEBUG] extract_transcript.py: --------------------------------------------------------------------------------
[2026-01-22 12:25:24] [DEBUG] extract_transcript.py: [WHISPER] Segment #028
[2026-01-22 12:25:24] [INFO] [67%] Processing segment #28...
[2026-01-22 12:25:24] [DEBUG] extract_transcript.py: ⏱️  시간: 181.00s ~ 185.00s (길이: 4.00s)
[2026-01-22 12:25:24] [DEBUG] extract_transcript.py: 📄 텍스트: 이민자들은 목숨을 걸고 국경을 넘었지만 스웨덴 사회에 흡수되지 못했습니다.
[2026-01-22 12:25:24] [DEBUG] extract_transcript.py: 📊 문자수: 41 chars
[2026-01-22 12:25:24] [DEBUG] extract_transcript.py: 🎯 평균 확률: -0.0368
[2026-01-22 12:25:24] [DEBUG] extract_transcript.py: 🔇 No-speech 확률: 0.0000
[2026-01-22 12:25:24] [DEBUG] extract_transcript.py: --------------------------------------------------------------------------------
[2026-01-22 12:25:29] [DEBUG] extract_transcript.py: [WHISPER] Segment #029
[2026-01-22 12:25:29] [INFO] [67%] Processing segment #29...
[2026-01-22 12:25:29] [DEBUG] extract_transcript.py: ⏱️  시간: 185.00s ~ 190.00s (길이: 5.00s)
[2026-01-22 12:25:29] [DEBUG] extract_transcript.py: 📄 텍스트: 이들은 그저 노동력 일꾼이었고 복지, 교육 등에서도 다른 대우를 받았습니다.
[2026-01-22 12:25:29] [DEBUG] extract_transcript.py: 📊 문자수: 42 chars
[2026-01-22 12:25:29] [DEBUG] extract_transcript.py: 🎯 평균 확률: -0.0392
[2026-01-22 12:25:29] [DEBUG] extract_transcript.py: 🔇 No-speech 확률: 0.0000
[2026-01-22 12:25:29] [DEBUG] extract_transcript.py: --------------------------------------------------------------------------------
[2026-01-22 12:25:29] [DEBUG] extract_transcript.py: [WHISPER] Segment #030
[2026-01-22 12:25:29] [INFO] [67%] Processing segment #30...
[2026-01-22 12:25:29] [DEBUG] extract_transcript.py: ⏱️  시간: 190.00s ~ 193.00s (길이: 3.00s)
[2026-01-22 12:25:29] [DEBUG] extract_transcript.py: 📄 텍스트: 결국 취약계층으로 전락해버렸던 것이죠.
[2026-01-22 12:25:29] [DEBUG] extract_transcript.py: 📊 문자수: 21 chars
[2026-01-22 12:25:29] [DEBUG] extract_transcript.py: 🎯 평균 확률: -0.0392
[2026-01-22 12:25:29] [DEBUG] extract_transcript.py: 🔇 No-speech 확률: 0.0000
[2026-01-22 12:25:29] [DEBUG] extract_transcript.py: --------------------------------------------------------------------------------
[2026-01-22 12:25:33] [DEBUG] extract_transcript.py: [WHISPER] Segment #031
[2026-01-22 12:25:33] [INFO] [67%] Processing segment #31...
[2026-01-22 12:25:33] [DEBUG] extract_transcript.py: ⏱️  시간: 193.00s ~ 195.00s (길이: 2.00s)
[2026-01-22 12:25:33] [DEBUG] extract_transcript.py: 📄 텍스트: 스웨덴 사회에 흡수되지 못했습니다.
[2026-01-22 12:25:33] [DEBUG] extract_transcript.py: 📊 문자수: 19 chars
[2026-01-22 12:25:33] [DEBUG] extract_transcript.py: 🎯 평균 확률: -0.4608
[2026-01-22 12:25:33] [DEBUG] extract_transcript.py: 🔇 No-speech 확률: 0.0000
[2026-01-22 12:25:33] [DEBUG] extract_transcript.py: --------------------------------------------------------------------------------
[2026-01-22 12:25:33] [DEBUG] extract_transcript.py: [WHISPER] Segment #032
[2026-01-22 12:25:33] [INFO] [68%] Processing segment #32...
[2026-01-22 12:25:33] [DEBUG] extract_transcript.py: ⏱️  시간: 195.00s ~ 199.00s (길이: 4.00s)
[2026-01-22 12:25:33] [DEBUG] extract_transcript.py: 📄 텍스트: 스웨덴 사회에 흡수되지 못했습니다.
[2026-01-22 12:25:33] [DEBUG] extract_transcript.py: 📊 문자수: 19 chars
[2026-01-22 12:25:33] [DEBUG] extract_transcript.py: 🎯 평균 확률: -0.4608
[2026-01-22 12:25:33] [DEBUG] extract_transcript.py: 🔇 No-speech 확률: 0.0000
[2026-01-22 12:25:33] [DEBUG] extract_transcript.py: --------------------------------------------------------------------------------
[2026-01-22 12:25:33] [DEBUG] extract_transcript.py: [WHISPER] Segment #033
[2026-01-22 12:25:33] [INFO] [68%] Processing segment #33...
[2026-01-22 12:25:33] [DEBUG] extract_transcript.py: ⏱️  시간: 199.00s ~ 203.00s (길이: 4.00s)
[2026-01-22 12:25:33] [DEBUG] extract_transcript.py: 📄 텍스트: 스웨덴 사회에 흡수되지 못했습니다.
[2026-01-22 12:25:33] [DEBUG] extract_transcript.py: 📊 문자수: 19 chars
[2026-01-22 12:25:33] [DEBUG] extract_transcript.py: 🎯 평균 확률: -0.4608
[2026-01-22 12:25:33] [DEBUG] extract_transcript.py: 🔇 No-speech 확률: 0.0000
[2026-01-22 12:25:33] [DEBUG] extract_transcript.py: --------------------------------------------------------------------------------
[2026-01-22 12:25:38] [DEBUG] extract_transcript.py: [WHISPER] Segment #034
[2026-01-22 12:25:38] [INFO] [68%] Processing segment #34...
[2026-01-22 12:25:38] [DEBUG] extract_transcript.py: ⏱️  시간: 203.00s ~ 224.00s (길이: 21.00s)
[2026-01-22 12:25:38] [DEBUG] extract_transcript.py: 📄 텍스트: 8월 기준 스웨덴 실업률은 8.3%, 10년 만에 가장 높은 수준인데요.
[2026-01-22 12:25:38] [DEBUG] extract_transcript.py: 📊 문자수: 40 chars
[2026-01-22 12:25:38] [DEBUG] extract_transcript.py: 🎯 평균 확률: -0.1875
[2026-01-22 12:25:38] [DEBUG] extract_transcript.py: 🔇 No-speech 확률: 0.0000
[2026-01-22 12:25:38] [DEBUG] extract_transcript.py: --------------------------------------------------------------------------------
[2026-01-22 12:25:44] [DEBUG] extract_transcript.py: [WHISPER] Segment #035
[2026-01-22 12:25:44] [INFO] [68%] Processing segment #35...
[2026-01-22 12:25:44] [DEBUG] extract_transcript.py: ⏱️  시간: 224.00s ~ 228.00s (길이: 4.00s)
[2026-01-22 12:25:44] [DEBUG] extract_transcript.py: 📄 텍스트: 청년 실업률은 이보다 훨씬 높은 25%에 육박합니다.
[2026-01-22 12:25:44] [DEBUG] extract_transcript.py: 📊 문자수: 29 chars
[2026-01-22 12:25:44] [DEBUG] extract_transcript.py: 🎯 평균 확률: -0.0539
[2026-01-22 12:25:44] [DEBUG] extract_transcript.py: 🔇 No-speech 확률: 0.0000
[2026-01-22 12:25:44] [DEBUG] extract_transcript.py: --------------------------------------------------------------------------------
[2026-01-22 12:25:44] [DEBUG] extract_transcript.py: [WHISPER] Segment #036
[2026-01-22 12:25:44] [INFO] [69%] Processing segment #36...
[2026-01-22 12:25:44] [DEBUG] extract_transcript.py: ⏱️  시간: 228.00s ~ 232.00s (길이: 4.00s)
[2026-01-22 12:25:44] [DEBUG] extract_transcript.py: 📄 텍스트: 이러한 환경은 이민자 2세들에게 더욱 가혹할 수밖에 없었는데요.
[2026-01-22 12:25:44] [DEBUG] extract_transcript.py: 📊 문자수: 35 chars
[2026-01-22 12:25:44] [DEBUG] extract_transcript.py: 🎯 평균 확률: -0.0539
[2026-01-22 12:25:44] [DEBUG] extract_transcript.py: 🔇 No-speech 확률: 0.0000
[2026-01-22 12:25:44] [DEBUG] extract_transcript.py: --------------------------------------------------------------------------------
[2026-01-22 12:25:44] [DEBUG] extract_transcript.py: [WHISPER] Segment #037
[2026-01-22 12:25:44] [INFO] [69%] Processing segment #37...
[2026-01-22 12:25:44] [DEBUG] extract_transcript.py: ⏱️  시간: 232.00s ~ 235.00s (길이: 3.00s)
[2026-01-22 12:25:44] [DEBUG] extract_transcript.py: 📄 텍스트: 결국 학교와 지역사회를 떠나 향한 곳이 갱단이었던 겁니다.
[2026-01-22 12:25:44] [DEBUG] extract_transcript.py: 📊 문자수: 32 chars
[2026-01-22 12:25:44] [DEBUG] extract_transcript.py: 🎯 평균 확률: -0.0539
[2026-01-22 12:25:44] [DEBUG] extract_transcript.py: 🔇 No-speech 확률: 0.0000
[2026-01-22 12:25:44] [DEBUG] extract_transcript.py: --------------------------------------------------------------------------------
[2026-01-22 12:25:44] [DEBUG] extract_transcript.py: [WHISPER] Segment #038
[2026-01-22 12:25:44] [INFO] [69%] Processing segment #38...
[2026-01-22 12:25:44] [DEBUG] extract_transcript.py: ⏱️  시간: 235.00s ~ 239.00s (길이: 4.00s)
[2026-01-22 12:25:44] [DEBUG] extract_transcript.py: 📄 텍스트: 갱단은 소속감과 목적의식, 그리고 먹고 살 돈을 줬으니까요.
[2026-01-22 12:25:44] [DEBUG] extract_transcript.py: 📊 문자수: 33 chars
[2026-01-22 12:25:44] [DEBUG] extract_transcript.py: 🎯 평균 확률: -0.0539
[2026-01-22 12:25:44] [DEBUG] extract_transcript.py: 🔇 No-speech 확률: 0.0000
[2026-01-22 12:25:44] [DEBUG] extract_transcript.py: --------------------------------------------------------------------------------
[2026-01-22 12:25:44] [DEBUG] extract_transcript.py: [WHISPER] Segment #039
[2026-01-22 12:25:44] [INFO] [69%] Processing segment #39...
[2026-01-22 12:25:44] [DEBUG] extract_transcript.py: ⏱️  시간: 239.00s ~ 246.00s (길이: 7.00s)
[2026-01-22 12:25:44] [DEBUG] extract_transcript.py: 📄 텍스트: 갱단은 주로 소셜미디어를 통해 10대 청소년을 범죄에 끌어들이고 있는데
[2026-01-22 12:25:44] [DEBUG] extract_transcript.py: 📊 문자수: 39 chars
[2026-01-22 12:25:44] [DEBUG] extract_transcript.py: 🎯 평균 확률: -0.0539
[2026-01-22 12:25:44] [DEBUG] extract_transcript.py: 🔇 No-speech 확률: 0.0000
[2026-01-22 12:25:44] [DEBUG] extract_transcript.py: --------------------------------------------------------------------------------
[2026-01-22 12:25:44] [DEBUG] extract_transcript.py: [WHISPER] Segment #040
[2026-01-22 12:25:44] [INFO] [70%] Processing segment #40...
[2026-01-22 12:25:44] [DEBUG] extract_transcript.py: ⏱️  시간: 246.00s ~ 251.00s (길이: 5.00s)
[2026-01-22 12:25:44] [DEBUG] extract_transcript.py: 📄 텍스트: 이들이 죄를 저질러도 형사처벌을 받지 않은 촉법소년이라는 점을 악용하고 있습니다.
[2026-01-22 12:25:44] [DEBUG] extract_transcript.py: 📊 문자수: 45 chars
[2026-01-22 12:25:44] [DEBUG] extract_transcript.py: 🎯 평균 확률: -0.0539
[2026-01-22 12:25:44] [DEBUG] extract_transcript.py: 🔇 No-speech 확률: 0.0000
[2026-01-22 12:25:44] [DEBUG] extract_transcript.py: --------------------------------------------------------------------------------
[2026-01-22 12:25:50] [DEBUG] extract_transcript.py: [WHISPER] Segment #041
[2026-01-22 12:25:50] [INFO] [70%] Processing segment #41...
[2026-01-22 12:25:50] [DEBUG] extract_transcript.py: ⏱️  시간: 251.00s ~ 256.00s (길이: 5.00s)
[2026-01-22 12:25:50] [DEBUG] extract_transcript.py: 📄 텍스트: 스웨덴은 15세 미만으로 한국보다 높은데요. 한 외신은 적당한 돈만 있다면
[2026-01-22 12:25:50] [DEBUG] extract_transcript.py: 📊 문자수: 41 chars
[2026-01-22 12:25:50] [DEBUG] extract_transcript.py: 🎯 평균 확률: -0.0375
[2026-01-22 12:25:50] [DEBUG] extract_transcript.py: 🔇 No-speech 확률: 0.0000
[2026-01-22 12:25:50] [DEBUG] extract_transcript.py: --------------------------------------------------------------------------------
[2026-01-22 12:25:50] [DEBUG] extract_transcript.py: [WHISPER] Segment #042
[2026-01-22 12:25:50] [INFO] [70%] Processing segment #42...
[2026-01-22 12:25:50] [DEBUG] extract_transcript.py: ⏱️  시간: 256.00s ~ 259.00s (길이: 3.00s)
[2026-01-22 12:25:50] [DEBUG] extract_transcript.py: 📄 텍스트: 아이들은 종신형을 감수할 의향이 있다고 전하기도 했습니다.
[2026-01-22 12:25:50] [DEBUG] extract_transcript.py: 📊 문자수: 32 chars
[2026-01-22 12:25:50] [DEBUG] extract_transcript.py: 🎯 평균 확률: -0.0375
[2026-01-22 12:25:50] [DEBUG] extract_transcript.py: 🔇 No-speech 확률: 0.0000
[2026-01-22 12:25:50] [DEBUG] extract_transcript.py: --------------------------------------------------------------------------------
[2026-01-22 12:25:50] [DEBUG] extract_transcript.py: [WHISPER] Segment #043
[2026-01-22 12:25:50] [INFO] [70%] Processing segment #43...
[2026-01-22 12:25:50] [DEBUG] extract_transcript.py: ⏱️  시간: 259.00s ~ 262.00s (길이: 3.00s)
[2026-01-22 12:25:50] [DEBUG] extract_transcript.py: 📄 텍스트: 스웨덴 갱단은 이제 이웃나라까지 진출한 상태입니다.
[2026-01-22 12:25:50] [DEBUG] extract_transcript.py: 📊 문자수: 28 chars
[2026-01-22 12:25:50] [DEBUG] extract_transcript.py: 🎯 평균 확률: -0.0375
[2026-01-22 12:25:50] [DEBUG] extract_transcript.py: 🔇 No-speech 확률: 0.0000
[2026-01-22 12:25:50] [DEBUG] extract_transcript.py: --------------------------------------------------------------------------------
[2026-01-22 12:25:50] [DEBUG] extract_transcript.py: [WHISPER] Segment #044
[2026-01-22 12:25:50] [INFO] [71%] Processing segment #44...
[2026-01-22 12:25:50] [DEBUG] extract_transcript.py: ⏱️  시간: 262.00s ~ 266.00s (길이: 4.00s)
[2026-01-22 12:25:50] [DEBUG] extract_transcript.py: 📄 텍스트: 유럽연합 회원국끼리는 자유롭게 국경을 넘나들 수 있는 점을 악용하는 건데요.
[2026-01-22 12:25:50] [DEBUG] extract_transcript.py: 📊 문자수: 42 chars
[2026-01-22 12:25:50] [DEBUG] extract_transcript.py: 🎯 평균 확률: -0.0375
[2026-01-22 12:25:50] [DEBUG] extract_transcript.py: 🔇 No-speech 확률: 0.0000
[2026-01-22 12:25:50] [DEBUG] extract_transcript.py: --------------------------------------------------------------------------------
[2026-01-22 12:25:50] [DEBUG] extract_transcript.py: [WHISPER] Segment #045
[2026-01-22 12:25:50] [INFO] [71%] Processing segment #45...
[2026-01-22 12:25:50] [DEBUG] extract_transcript.py: ⏱️  시간: 266.00s ~ 271.00s (길이: 5.00s)
[2026-01-22 12:25:50] [DEBUG] extract_transcript.py: 📄 텍스트: 덴마크에서 최근 4개월간 스웨덴 10대 청소년이 벌인 폭력범죄는 25건.
[2026-01-22 12:25:50] [DEBUG] extract_transcript.py: 📊 문자수: 40 chars
[2026-01-22 12:25:50] [DEBUG] extract_transcript.py: 🎯 평균 확률: -0.0375
[2026-01-22 12:25:50] [DEBUG] extract_transcript.py: 🔇 No-speech 확률: 0.0000
[2026-01-22 12:25:50] [DEBUG] extract_transcript.py: --------------------------------------------------------------------------------
[2026-01-22 12:25:50] [DEBUG] extract_transcript.py: [WHISPER] Segment #046
[2026-01-22 12:25:50] [INFO] [71%] Processing segment #46...
[2026-01-22 12:25:50] [DEBUG] extract_transcript.py: ⏱️  시간: 271.00s ~ 278.00s (길이: 7.00s)
[2026-01-22 12:25:50] [DEBUG] extract_transcript.py: 📄 텍스트: 당국은 덴마크 갱단이 스웨덴의 어린이 용병을 고용해 총기와 마약 밀거래 등 범죄를 저지르는 것으로 보고 있습...
[2026-01-22 12:25:50] [DEBUG] extract_transcript.py: 📊 문자수: 63 chars
[2026-01-22 12:25:50] [DEBUG] extract_transcript.py: 🎯 평균 확률: -0.0375
[2026-01-22 12:25:50] [DEBUG] extract_transcript.py: 🔇 No-speech 확률: 0.0000
[2026-01-22 12:25:50] [DEBUG] extract_transcript.py: --------------------------------------------------------------------------------
[2026-01-22 12:25:56] [DEBUG] extract_transcript.py: [WHISPER] Segment #047
[2026-01-22 12:25:56] [INFO] [71%] Processing segment #47...
[2026-01-22 12:25:56] [DEBUG] extract_transcript.py: ⏱️  시간: 278.00s ~ 282.00s (길이: 4.00s)
[2026-01-22 12:25:56] [DEBUG] extract_transcript.py: 📄 텍스트: 이처럼 날로 심각해지는 스웨덴 갱단 범죄를 뿌리 뽑기 위해
[2026-01-22 12:25:56] [DEBUG] extract_transcript.py: 📊 문자수: 32 chars
[2026-01-22 12:25:56] [DEBUG] extract_transcript.py: 🎯 평균 확률: -0.0735
[2026-01-22 12:25:56] [DEBUG] extract_transcript.py: 🔇 No-speech 확률: 0.0000
[2026-01-22 12:25:56] [DEBUG] extract_transcript.py: --------------------------------------------------------------------------------
[2026-01-22 12:25:56] [DEBUG] extract_transcript.py: [WHISPER] Segment #048
[2026-01-22 12:25:56] [INFO] [72%] Processing segment #48...
[2026-01-22 12:25:56] [DEBUG] extract_transcript.py: ⏱️  시간: 282.00s ~ 284.00s (길이: 2.00s)
[2026-01-22 12:25:56] [DEBUG] extract_transcript.py: 📄 텍스트: 북유럽 국가들은 힘을 합치기로 했습니다.
[2026-01-22 12:25:56] [DEBUG] extract_transcript.py: 📊 문자수: 22 chars
[2026-01-22 12:25:56] [DEBUG] extract_transcript.py: 🎯 평균 확률: -0.0735
[2026-01-22 12:25:56] [DEBUG] extract_transcript.py: 🔇 No-speech 확률: 0.0000
[2026-01-22 12:25:56] [DEBUG] extract_transcript.py: --------------------------------------------------------------------------------
[2026-01-22 12:25:56] [DEBUG] extract_transcript.py: [WHISPER] Segment #049
[2026-01-22 12:25:56] [INFO] [72%] Processing segment #49...
[2026-01-22 12:25:56] [DEBUG] extract_transcript.py: ⏱️  시간: 284.00s ~ 289.00s (길이: 5.00s)
[2026-01-22 12:25:56] [DEBUG] extract_transcript.py: 📄 텍스트: 스웨덴 수도 스토클름에 덴마크와 노르웨이 핀란드 경찰을 상주시키는데 합의했고요.
[2026-01-22 12:25:56] [DEBUG] extract_transcript.py: 📊 문자수: 44 chars
[2026-01-22 12:25:56] [DEBUG] extract_transcript.py: 🎯 평균 확률: -0.0735
[2026-01-22 12:25:56] [DEBUG] extract_transcript.py: 🔇 No-speech 확률: 0.0000
[2026-01-22 12:25:56] [DEBUG] extract_transcript.py: --------------------------------------------------------------------------------
[2026-01-22 12:25:56] [DEBUG] extract_transcript.py: [WHISPER] Segment #050
[2026-01-22 12:25:56] [INFO] [72%] Processing segment #50...
[2026-01-22 12:25:56] [DEBUG] extract_transcript.py: ⏱️  시간: 289.00s ~ 291.00s (길이: 2.00s)
[2026-01-22 12:25:56] [DEBUG] extract_transcript.py: 📄 텍스트: 갱단 정보도 공유하기로 했습니다.
[2026-01-22 12:25:56] [DEBUG] extract_transcript.py: 📊 문자수: 18 chars
[2026-01-22 12:25:56] [DEBUG] extract_transcript.py: 🎯 평균 확률: -0.0735
[2026-01-22 12:25:56] [DEBUG] extract_transcript.py: 🔇 No-speech 확률: 0.0000
[2026-01-22 12:25:56] [DEBUG] extract_transcript.py: --------------------------------------------------------------------------------
[2026-01-22 12:25:56] [DEBUG] extract_transcript.py: [WHISPER] Segment #051
[2026-01-22 12:25:56] [INFO] [72%] Processing segment #51...
[2026-01-22 12:25:56] [DEBUG] extract_transcript.py: ⏱️  시간: 291.00s ~ 295.00s (길이: 4.00s)
[2026-01-22 12:25:56] [DEBUG] extract_transcript.py: 📄 텍스트: 스웨덴 중앙은행 총재가 금리도 물가도 전쟁도 아닌 갱단 때문에
[2026-01-22 12:25:56] [DEBUG] extract_transcript.py: 📊 문자수: 34 chars
[2026-01-22 12:25:56] [DEBUG] extract_transcript.py: 🎯 평균 확률: -0.0735
[2026-01-22 12:25:56] [DEBUG] extract_transcript.py: 🔇 No-speech 확률: 0.0000
[2026-01-22 12:25:56] [DEBUG] extract_transcript.py: --------------------------------------------------------------------------------
[2026-01-22 12:25:56] [DEBUG] extract_transcript.py: [WHISPER] Segment #052
[2026-01-22 12:25:56] [INFO] [73%] Processing segment #52...
[2026-01-22 12:25:56] [DEBUG] extract_transcript.py: ⏱️  시간: 295.00s ~ 299.00s (길이: 4.00s)
[2026-01-22 12:25:56] [DEBUG] extract_transcript.py: 📄 텍스트: 스웨덴의 성장 잠재력이 훼손될 수 있다고 경고한 상황.
[2026-01-22 12:25:56] [DEBUG] extract_transcript.py: 📊 문자수: 30 chars
[2026-01-22 12:25:56] [DEBUG] extract_transcript.py: 🎯 평균 확률: -0.0735
[2026-01-22 12:25:56] [DEBUG] extract_transcript.py: 🔇 No-speech 확률: 0.0000
[2026-01-22 12:25:56] [DEBUG] extract_transcript.py: --------------------------------------------------------------------------------
[2026-01-22 12:26:00] [DEBUG] extract_transcript.py: [WHISPER] Segment #053
[2026-01-22 12:26:00] [INFO] [73%] Processing segment #53...
[2026-01-22 12:26:00] [DEBUG] extract_transcript.py: ⏱️  시간: 299.00s ~ 309.00s (길이: 10.00s)
[2026-01-22 12:26:00] [DEBUG] extract_transcript.py: 📄 텍스트: 스웨덴은 이 국가적 위기를 어떻게 극복할까요.
[2026-01-22 12:26:00] [DEBUG] extract_transcript.py: 📊 문자수: 25 chars
[2026-01-22 12:26:00] [DEBUG] extract_transcript.py: 🎯 평균 확률: -0.1743
[2026-01-22 12:26:00] [DEBUG] extract_transcript.py: 🔇 No-speech 확률: 0.0000
[2026-01-22 12:26:00] [DEBUG] extract_transcript.py: --------------------------------------------------------------------------------
[2026-01-22 12:26:11] [DEBUG] extract_transcript.py: [WHISPER] Segment #054
[2026-01-22 12:26:11] [INFO] [73%] Processing segment #54...
[2026-01-22 12:26:11] [DEBUG] extract_transcript.py: ⏱️  시간: 309.00s ~ 329.90s (길이: 20.90s)
[2026-01-22 12:26:11] [DEBUG] extract_transcript.py: 📄 텍스트: 노르웨이 핀란드 경찰에서
[2026-01-22 12:26:11] [DEBUG] extract_transcript.py: 📊 문자수: 13 chars
[2026-01-22 12:26:11] [DEBUG] extract_transcript.py: 🎯 평균 확률: -1.4677
[2026-01-22 12:26:11] [DEBUG] extract_transcript.py: 🔇 No-speech 확률: 0.0000
[2026-01-22 12:26:11] [DEBUG] extract_transcript.py: --------------------------------------------------------------------------------
[2026-01-22 12:26:11] [DEBUG] extract_transcript.py: ================================================================================
[2026-01-22 12:26:11] [DEBUG] extract_transcript.py: ✅ WHISPER 처리 완료!
[2026-01-22 12:26:11] [INFO] [90%] Whisper transcription completed!
[2026-01-22 12:26:11] [DEBUG] extract_transcript.py: ================================================================================
[2026-01-22 12:26:11] [DEBUG] extract_transcript.py: 📊 처리 통계:
[2026-01-22 12:26:11] [DEBUG] extract_transcript.py: - 총 세그먼트 수: 54
[2026-01-22 12:26:11] [DEBUG] extract_transcript.py: - 총 문자 수: 2,052 chars
[2026-01-22 12:26:11] [DEBUG] extract_transcript.py: - 모델 로딩 시간: 94.09초
[2026-01-22 12:26:11] [DEBUG] extract_transcript.py: - 음성 인식 시간: 101.95초
[2026-01-22 12:26:11] [DEBUG] extract_transcript.py: - 전체 처리 시간: 196.04초
[2026-01-22 12:26:11] [DEBUG] extract_transcript.py: - 처리 속도: 3.11x 실시간
[2026-01-22 12:26:11] [DEBUG] extract_transcript.py: ================================================================================
[2026-01-22 12:26:11] [DEBUG] extract_transcript.py: [MAIN] extract_transcript_whisper returned. HTML length: 3927
[2026-01-22 12:26:11] [DEBUG] extract_transcript.py: [MAIN] Creating JSON result...
[2026-01-22 12:26:11] [DEBUG] extract_transcript.py: [MAIN] Writing result to file: Temp_Audio/a20ll121iYo_result.json
[2026-01-22 12:26:11] [DEBUG] extract_transcript.py: [MAIN] Result file written successfully
[2026-01-22 12:26:11] [DEBUG] extract_transcript.py: [MAIN] Calling sys.exit(0)...
[2026-01-22 12:26:11] [INFO] extract_transcript.py completed. Total debug lines: 530
[2026-01-22 12:26:11] [DEBUG] Process return code: 0
[2026-01-22 12:26:11] [INFO] [90%] Processing transcript...
[2026-01-22 12:26:11] [DEBUG] Reading result from file: /app/Temp_Audio/a20ll121iYo_result.json
[2026-01-22 12:26:11] [DEBUG] Result file loaded successfully
[2026-01-22 12:26:11] [DEBUG] Result file removed
[2026-01-22 12:26:11] [INFO] Transcript extraction successful
[2026-01-22 12:26:11] [INFO] [95%] Generating HTML file...
[2026-01-22 12:26:11] [DEBUG] Saving HTML to: /app/Scripts/yt_a20ll121iYo.html
[2026-01-22 12:26:11] [INFO] HTML file saved: /app/Scripts/yt_a20ll121iYo.html
[2026-01-22 12:26:11] [INFO] [100%] Completed!
[2026-01-22 12:26:11] [INFO] ✓ Extraction completed successfully for: "이러다 망할 판"…스웨덴은 어쩌다 갱스터의 천국이 되었나｜크랩 (a20ll121iYo)
[2026-01-22 12:26:12] [INFO] Listed 9 scripts
[2026-01-22 12:26:14] [INFO] Listed 9 scripts
[2026-01-22 12:33:37] [INFO] Listed 9 scripts
[2026-01-22 12:33:44] [INFO] Listed 9 scripts
