[2026-01-17 12:53:24] [INFO] ================================================================================
[2026-01-17 12:53:24] [INFO] YouTube Script Extractor Server Started
[2026-01-17 12:53:24] [INFO] Log file: C:\Users\guma3\OneDrive\Documents\AI_Study\AWS_LAMP_ImageCheck\Logs\Server_20260117_125324.log
[2026-01-17 12:53:24] [INFO] ================================================================================
[2026-01-17 12:53:40] [INFO] New extraction request: https://www.youtube.com/watch?v=1d9duuz_4ZA
[2026-01-17 12:53:40] [INFO] Extracted video ID: 1d9duuz_4ZA
[2026-01-17 12:53:40] [INFO] Starting extraction for video: 1d9duuz_4ZA
[2026-01-17 12:53:40] [INFO] Background extraction thread started for video: 1d9duuz_4ZA
[2026-01-17 12:53:40] [INFO] [5%] Extracting video information...
[2026-01-17 12:53:40] [DEBUG] Getting video title for: 1d9duuz_4ZA
[2026-01-17 12:53:56] [INFO] Video title: 18,900?      .
[2026-01-17 12:53:56] [INFO] [10%] Downloading audio: 18,900?      ....
[2026-01-17 12:53:56] [DEBUG] Starting extract_transcript.py subprocess for: 1d9duuz_4ZA
[2026-01-17 12:53:57] [DEBUG] extract_transcript.py: ================================================================================
[2026-01-17 12:53:57] [DEBUG] extract_transcript.py: \U0001f4f9 YT-DLP \uc624\ub514\uc624 \ub2e4\uc6b4\ub85c\ub4dc \uc2dc\uc791
[2026-01-17 12:53:57] [DEBUG] extract_transcript.py: ================================================================================
[2026-01-17 12:53:57] [DEBUG] extract_transcript.py: [YT-DLP] URL: https://www.youtube.com/watch?v=1d9duuz_4ZA
[2026-01-17 12:53:58] [DEBUG] extract_transcript.py: [YT-DLP DEBUG] [youtube] Extracting URL: https://www.youtube.com/watch?v=1d9duuz_4ZA
[2026-01-17 12:53:58] [DEBUG] extract_transcript.py: [YT-DLP DEBUG] [youtube] 1d9duuz_4ZA: Downloading webpage
[2026-01-17 12:54:00] [DEBUG] extract_transcript.py: [YT-DLP DEBUG] [youtube] 1d9duuz_4ZA: Downloading android player API JSON
[2026-01-17 12:54:01] [DEBUG] extract_transcript.py: [YT-DLP WARNING] \u26a0\ufe0f  [youtube] 1d9duuz_4ZA: android client https formats require a GVS PO Token which was not provided. They will be skipped as they may yield HTTP Error 403. You can manually pass a GVS PO Token for this client with --extractor-args "youtube:po_token=android.gvs+XXX". For more information, refer to  https://github.com/yt-dlp/yt-dlp/wiki/PO-Token-Guide
[2026-01-17 12:54:01] [DEBUG] extract_transcript.py: [YT-DLP WARNING] \u26a0\ufe0f  [youtube] 1d9duuz_4ZA: Some web client https formats have been skipped as they are missing a url. YouTube is forcing SABR streaming for this client. See  https://github.com/yt-dlp/yt-dlp/issues/12482  for more details
[2026-01-17 12:54:02] [DEBUG] extract_transcript.py: [YT-DLP DEBUG] [info] 1d9duuz_4ZA: Downloading 1 format(s): 18
[2026-01-17 12:54:03] [DEBUG] extract_transcript.py: [YT-DLP DEBUG] [download] Destination: Temp_Audio\1d9duuz_4ZA.m4a
[2026-01-17 12:54:03] [DEBUG] extract_transcript.py: [YT-DLP DEBUG] [download]   0.0% of    7.31MiB at  761.08KiB/s ETA 00:10
[2026-01-17 12:54:03] [DEBUG] extract_transcript.py: [YT-DLP DOWNLOAD] \uc9c4\ud589\ub960: 0.0% | \ub2e4\uc6b4\ub85c\ub4dc: 1,024/7,667,897 bytes | \uc18d\ub3c4: 761.1 KB/s | \ub0a8\uc740\uc2dc\uac04: 10\ucd08
[2026-01-17 12:54:03] [DEBUG] extract_transcript.py: [YT-DLP DEBUG] [download]   0.0% of    7.31MiB at  902.26KiB/s ETA 00:08
[2026-01-17 12:54:03] [DEBUG] extract_transcript.py: [YT-DLP DOWNLOAD] \uc9c4\ud589\ub960: 0.0% | \ub2e4\uc6b4\ub85c\ub4dc: 3,072/7,667,897 bytes | \uc18d\ub3c4: 902.3 KB/s | \ub0a8\uc740\uc2dc\uac04: 8\ucd08
[2026-01-17 12:54:03] [DEBUG] extract_transcript.py: [YT-DLP DEBUG] [download]   0.1% of    7.31MiB at    1.03MiB/s ETA 00:07
[2026-01-17 12:54:03] [DEBUG] extract_transcript.py: [YT-DLP DOWNLOAD] \uc9c4\ud589\ub960: 0.1% | \ub2e4\uc6b4\ub85c\ub4dc: 7,168/7,667,897 bytes | \uc18d\ub3c4: 1057.0 KB/s | \ub0a8\uc740\uc2dc\uac04: 7\ucd08
[2026-01-17 12:54:03] [DEBUG] extract_transcript.py: [YT-DLP DEBUG] [download]   0.2% of    7.31MiB at    1.33MiB/s ETA 00:05
[2026-01-17 12:54:03] [DEBUG] extract_transcript.py: [YT-DLP DOWNLOAD] \uc9c4\ud589\ub960: 0.2% | \ub2e4\uc6b4\ub85c\ub4dc: 15,360/7,667,897 bytes | \uc18d\ub3c4: 1359.4 KB/s | \ub0a8\uc740\uc2dc\uac04: 5\ucd08
[2026-01-17 12:54:03] [DEBUG] extract_transcript.py: [YT-DLP DEBUG] [download]   0.4% of    7.31MiB at    2.29MiB/s ETA 00:03
[2026-01-17 12:54:03] [DEBUG] extract_transcript.py: [YT-DLP DOWNLOAD] \uc9c4\ud589\ub960: 0.4% | \ub2e4\uc6b4\ub85c\ub4dc: 31,744/7,667,897 bytes | \uc18d\ub3c4: 2344.6 KB/s | \ub0a8\uc740\uc2dc\uac04: 3\ucd08
[2026-01-17 12:54:03] [DEBUG] extract_transcript.py: [YT-DLP DEBUG] [download]   0.8% of    7.31MiB at    3.41MiB/s ETA 00:02
[2026-01-17 12:54:03] [DEBUG] extract_transcript.py: [YT-DLP DOWNLOAD] \uc9c4\ud589\ub960: 0.8% | \ub2e4\uc6b4\ub85c\ub4dc: 64,512/7,667,897 bytes | \uc18d\ub3c4: 3487.0 KB/s | \ub0a8\uc740\uc2dc\uac04: 2\ucd08
[2026-01-17 12:54:03] [DEBUG] extract_transcript.py: [YT-DLP DEBUG] [download]   1.7% of    7.31MiB at    4.34MiB/s ETA 00:01
[2026-01-17 12:54:03] [DEBUG] extract_transcript.py: [YT-DLP DOWNLOAD] \uc9c4\ud589\ub960: 1.7% | \ub2e4\uc6b4\ub85c\ub4dc: 130,048/7,667,897 bytes | \uc18d\ub3c4: 4446.8 KB/s | \ub0a8\uc740\uc2dc\uac04: 1\ucd08
[2026-01-17 12:54:03] [DEBUG] extract_transcript.py: [YT-DLP DEBUG] [download]   3.4% of    7.31MiB at    6.25MiB/s ETA 00:01
[2026-01-17 12:54:03] [DEBUG] extract_transcript.py: [YT-DLP DOWNLOAD] \uc9c4\ud589\ub960: 3.4% | \ub2e4\uc6b4\ub85c\ub4dc: 261,120/7,667,897 bytes | \uc18d\ub3c4: 6405.0 KB/s | \ub0a8\uc740\uc2dc\uac04: 1\ucd08
[2026-01-17 12:54:03] [DEBUG] extract_transcript.py: [YT-DLP DEBUG] [download]   6.8% of    7.31MiB at    7.62MiB/s ETA 00:00
[2026-01-17 12:54:03] [DEBUG] extract_transcript.py: [YT-DLP DOWNLOAD] \uc9c4\ud589\ub960: 6.8% | \ub2e4\uc6b4\ub85c\ub4dc: 523,264/7,667,897 bytes | \uc18d\ub3c4: 7801.7 KB/s
[2026-01-17 12:54:03] [DEBUG] extract_transcript.py: [YT-DLP DEBUG] [download]  13.7% of    7.31MiB at    8.44MiB/s ETA 00:00
[2026-01-17 12:54:03] [DEBUG] extract_transcript.py: [YT-DLP DOWNLOAD] \uc9c4\ud589\ub960: 13.7% | \ub2e4\uc6b4\ub85c\ub4dc: 1,047,552/7,667,897 bytes | \uc18d\ub3c4: 8644.6 KB/s
[2026-01-17 12:54:03] [DEBUG] extract_transcript.py: [YT-DLP DEBUG] [download]  27.3% of    7.31MiB at    8.61MiB/s ETA 00:00
[2026-01-17 12:54:03] [DEBUG] extract_transcript.py: [YT-DLP DOWNLOAD] \uc9c4\ud589\ub960: 27.3% | \ub2e4\uc6b4\ub85c\ub4dc: 2,096,128/7,667,897 bytes | \uc18d\ub3c4: 8814.9 KB/s
[2026-01-17 12:54:03] [DEBUG] extract_transcript.py: [YT-DLP DEBUG] [download]  54.7% of    7.31MiB at    8.79MiB/s ETA 00:00
[2026-01-17 12:54:03] [DEBUG] extract_transcript.py: [YT-DLP DOWNLOAD] \uc9c4\ud589\ub960: 54.7% | \ub2e4\uc6b4\ub85c\ub4dc: 4,193,280/7,667,897 bytes | \uc18d\ub3c4: 9005.4 KB/s
[2026-01-17 12:54:03] [DEBUG] extract_transcript.py: [YT-DLP DEBUG] [download] 100.0% of    7.31MiB at    9.33MiB/s ETA 00:00
[2026-01-17 12:54:03] [DEBUG] extract_transcript.py: [YT-DLP DOWNLOAD] \uc9c4\ud589\ub960: 100.0% | \ub2e4\uc6b4\ub85c\ub4dc: 7,667,897/7,667,897 bytes | \uc18d\ub3c4: 9553.6 KB/s
[2026-01-17 12:54:03] [DEBUG] extract_transcript.py: [YT-DLP DEBUG] [download] 100% of    7.31MiB in 00:00:01 at 6.80MiB/s
[2026-01-17 12:54:03] [DEBUG] extract_transcript.py: [YT-DLP DOWNLOAD] \u2713 \ub2e4\uc6b4\ub85c\ub4dc \uc644\ub8cc!
[2026-01-17 12:54:03] [DEBUG] extract_transcript.py: [YT-DLP DOWNLOAD]    - \ud30c\uc77c: Temp_Audio\1d9duuz_4ZA.m4a
[2026-01-17 12:54:03] [DEBUG] extract_transcript.py: [YT-DLP DOWNLOAD]    - \ud06c\uae30: 7,667,897 bytes
[2026-01-17 12:54:03] [DEBUG] extract_transcript.py: [YT-DLP DOWNLOAD]    - \uc18c\uc694\uc2dc\uac04: 1.08\ucd08
[2026-01-17 12:54:03] [DEBUG] extract_transcript.py: [YT-DLP DOWNLOAD]    - \ud3c9\uade0 \uc18d\ub3c4: 6963.3 KB/s
[2026-01-17 12:54:03] [DEBUG] extract_transcript.py: ================================================================================
[2026-01-17 12:54:03] [DEBUG] extract_transcript.py: \u2705 YT-DLP \ub2e4\uc6b4\ub85c\ub4dc \uc644\ub8cc
[2026-01-17 12:54:03] [DEBUG] extract_transcript.py: ================================================================================
[2026-01-17 12:54:03] [DEBUG] extract_transcript.py: ================================================================================
[2026-01-17 12:54:03] [DEBUG] extract_transcript.py: \U0001f3a4 WHISPER AI \uc74c\uc131 \uc778\uc2dd \uc0c1\uc138 \ub85c\uadf8
[2026-01-17 12:54:03] [DEBUG] extract_transcript.py: ================================================================================
[2026-01-17 12:54:03] [DEBUG] extract_transcript.py: [WHISPER] \U0001f4e5 \ubaa8\ub378 \ub85c\ub529 \uc911...
[2026-01-17 12:54:03] [DEBUG] extract_transcript.py: [WHISPER]    - \ubaa8\ub378: turbo
[2026-01-17 12:54:03] [DEBUG] extract_transcript.py: [WHISPER]    - \ub514\ubc14\uc774\uc2a4: CPU
[2026-01-17 12:54:03] [DEBUG] extract_transcript.py: [WHISPER]    - \uc5f0\uc0b0 \ud0c0\uc785: int8
[2026-01-17 12:54:17] [DEBUG] extract_transcript.py: [WHISPER] \u2713 \ubaa8\ub378 \ub85c\ub529 \uc644\ub8cc (\uc18c\uc694\uc2dc\uac04: 13.36\ucd08)
[2026-01-17 12:54:17] [DEBUG] extract_transcript.py: [WHISPER] \U0001f50d \uc624\ub514\uc624 \ud30c\uc77c \ubd84\uc11d \uc911...
[2026-01-17 12:54:17] [DEBUG] extract_transcript.py: [WHISPER]    - \ud30c\uc77c: Temp_Audio\1d9duuz_4ZA.m4a
[2026-01-17 12:54:17] [DEBUG] extract_transcript.py: [WHISPER]    - Beam size: 5
[2026-01-17 12:55:08] [DEBUG] extract_transcript.py: [WHISPER] \u2713 \uc624\ub514\uc624 \ubd84\uc11d \uc644\ub8cc
[2026-01-17 12:55:08] [DEBUG] extract_transcript.py: [WHISPER]    - \uac10\uc9c0\ub41c \uc5b8\uc5b4: ko
[2026-01-17 12:55:08] [DEBUG] extract_transcript.py: [WHISPER]    - \uc5b8\uc5b4 \ud655\ub960: 0.9931 (99.31%)
[2026-01-17 12:55:08] [DEBUG] extract_transcript.py: [WHISPER]    - \uc608\uc0c1 \ucd1d \uae38\uc774: 142.04\ucd08
[2026-01-17 12:55:08] [DEBUG] extract_transcript.py: [WHISPER] \U0001f4dd \uc138\uadf8\uba3c\ud2b8 \ucc98\ub9ac \uc2dc\uc791...
[2026-01-17 12:55:08] [DEBUG] extract_transcript.py: --------------------------------------------------------------------------------
[2026-01-17 12:56:08] [DEBUG] extract_transcript.py: [WHISPER] Segment #001
[2026-01-17 12:56:08] [INFO] [60%] Processing segment #1...
[2026-01-17 12:56:08] [DEBUG] extract_transcript.py: \u23f1\ufe0f  \uc2dc\uac04: 0.00s ~ 0.50s (\uae38\uc774: 0.50s)
[2026-01-17 12:56:08] [DEBUG] extract_transcript.py: \U0001f4c4 \ud14d\uc2a4\ud2b8: \ubb50 \ud560\ub77c\uace0?
[2026-01-17 12:56:08] [DEBUG] extract_transcript.py: \U0001f4ca \ubb38\uc790\uc218: 6 chars
[2026-01-17 12:56:08] [DEBUG] extract_transcript.py: \U0001f3af \ud3c9\uade0 \ud655\ub960: -0.1895
[2026-01-17 12:56:08] [DEBUG] extract_transcript.py: \U0001f507 No-speech \ud655\ub960: 0.0000
[2026-01-17 12:56:08] [DEBUG] extract_transcript.py: --------------------------------------------------------------------------------
[2026-01-17 12:56:08] [DEBUG] extract_transcript.py: [WHISPER] Segment #002
[2026-01-17 12:56:08] [INFO] [60%] Processing segment #2...
[2026-01-17 12:56:08] [DEBUG] extract_transcript.py: \u23f1\ufe0f  \uc2dc\uac04: 0.50s ~ 4.30s (\uae38\uc774: 3.80s)
[2026-01-17 12:56:08] [DEBUG] extract_transcript.py: \U0001f4c4 \ud14d\uc2a4\ud2b8: \uc774 \uace0\uc2a4\ud2b8\ucf54\uc5d0\uc11c \ub09c\ub9ac\ub09c \ube44\ube44\ud050 \ud6c4\ub77c\uc774\ub4dc \uce58\ud0a8\uc774 \ub098\uc654\ub2e4 \uadf8\ub7ec\uae38\ub798 \ub0b4\uac00 \ub2e4 \uac16\uace0 \uc654\uc9c0!
[2026-01-17 12:56:08] [DEBUG] extract_transcript.py: \U0001f4ca \ubb38\uc790\uc218: 46 chars
[2026-01-17 12:56:08] [DEBUG] extract_transcript.py: \U0001f3af \ud3c9\uade0 \ud655\ub960: -0.1895
[2026-01-17 12:56:08] [DEBUG] extract_transcript.py: \U0001f507 No-speech \ud655\ub960: 0.0000
[2026-01-17 12:56:08] [DEBUG] extract_transcript.py: --------------------------------------------------------------------------------
[2026-01-17 12:56:08] [DEBUG] extract_transcript.py: [WHISPER] Segment #003
[2026-01-17 12:56:08] [INFO] [60%] Processing segment #3...
[2026-01-17 12:56:08] [DEBUG] extract_transcript.py: \u23f1\ufe0f  \uc2dc\uac04: 4.30s ~ 5.00s (\uae38\uc774: 0.70s)
[2026-01-17 12:56:08] [DEBUG] extract_transcript.py: \U0001f4c4 \ud14d\uc2a4\ud2b8: \ub09c\ub9ac\ub09c \uac70 \ub9de\uc544?
[2026-01-17 12:56:08] [DEBUG] extract_transcript.py: \U0001f4ca \ubb38\uc790\uc218: 9 chars
[2026-01-17 12:56:08] [DEBUG] extract_transcript.py: \U0001f3af \ud3c9\uade0 \ud655\ub960: -0.1895
[2026-01-17 12:56:08] [DEBUG] extract_transcript.py: \U0001f507 No-speech \ud655\ub960: 0.0000
[2026-01-17 12:56:08] [DEBUG] extract_transcript.py: --------------------------------------------------------------------------------
[2026-01-17 12:56:08] [DEBUG] extract_transcript.py: [WHISPER] Segment #004
[2026-01-17 12:56:08] [INFO] [61%] Processing segment #4...
[2026-01-17 12:56:08] [DEBUG] extract_transcript.py: \u23f1\ufe0f  \uc2dc\uac04: 5.00s ~ 6.10s (\uae38\uc774: 1.10s)
[2026-01-17 12:56:08] [DEBUG] extract_transcript.py: \U0001f4c4 \ud14d\uc2a4\ud2b8: \uc0ac\uc2e4 \uc798 \ubab0\ub77c
[2026-01-17 12:56:08] [DEBUG] extract_transcript.py: \U0001f4ca \ubb38\uc790\uc218: 7 chars
[2026-01-17 12:56:08] [DEBUG] extract_transcript.py: \U0001f3af \ud3c9\uade0 \ud655\ub960: -0.1895
[2026-01-17 12:56:08] [DEBUG] extract_transcript.py: \U0001f507 No-speech \ud655\ub960: 0.0000
[2026-01-17 12:56:08] [DEBUG] extract_transcript.py: --------------------------------------------------------------------------------
[2026-01-17 12:56:08] [DEBUG] extract_transcript.py: [WHISPER] Segment #005
[2026-01-17 12:56:08] [INFO] [61%] Processing segment #5...
[2026-01-17 12:56:08] [DEBUG] extract_transcript.py: \u23f1\ufe0f  \uc2dc\uac04: 6.10s ~ 7.40s (\uae38\uc774: 1.30s)
[2026-01-17 12:56:08] [DEBUG] extract_transcript.py: \U0001f4c4 \ud14d\uc2a4\ud2b8: \uadfc\ub370 \uc65c \ub09c\ub9ac\ub0ac\ub2e4\uace0 \ud558\ub294 \uac70\uc57c?
[2026-01-17 12:56:08] [DEBUG] extract_transcript.py: \U0001f4ca \ubb38\uc790\uc218: 17 chars
[2026-01-17 12:56:08] [DEBUG] extract_transcript.py: \U0001f3af \ud3c9\uade0 \ud655\ub960: -0.1895
[2026-01-17 12:56:08] [DEBUG] extract_transcript.py: \U0001f507 No-speech \ud655\ub960: 0.0000
[2026-01-17 12:56:08] [DEBUG] extract_transcript.py: --------------------------------------------------------------------------------
[2026-01-17 12:56:08] [DEBUG] extract_transcript.py: [WHISPER] Segment #006
[2026-01-17 12:56:08] [INFO] [61%] Processing segment #6...
[2026-01-17 12:56:08] [DEBUG] extract_transcript.py: \u23f1\ufe0f  \uc2dc\uac04: 7.40s ~ 8.80s (\uae38\uc774: 1.40s)
[2026-01-17 12:56:08] [DEBUG] extract_transcript.py: \U0001f4c4 \ud14d\uc2a4\ud2b8: \uc774 \ub2e4\ub4e4 \uadf8\ub807\uac8c \uc81c\ubaa9\uc73c\ub85c \uc4f0\ub354\ub77c\uace0
[2026-01-17 12:56:08] [DEBUG] extract_transcript.py: \U0001f4ca \ubb38\uc790\uc218: 18 chars
[2026-01-17 12:56:08] [DEBUG] extract_transcript.py: \U0001f3af \ud3c9\uade0 \ud655\ub960: -0.1895
[2026-01-17 12:56:08] [DEBUG] extract_transcript.py: \U0001f507 No-speech \ud655\ub960: 0.0000
[2026-01-17 12:56:08] [DEBUG] extract_transcript.py: --------------------------------------------------------------------------------
[2026-01-17 12:56:08] [DEBUG] extract_transcript.py: [WHISPER] Segment #007
[2026-01-17 12:56:08] [INFO] [61%] Processing segment #7...
[2026-01-17 12:56:08] [DEBUG] extract_transcript.py: \u23f1\ufe0f  \uc2dc\uac04: 8.80s ~ 9.40s (\uae38\uc774: 0.60s)
[2026-01-17 12:56:08] [DEBUG] extract_transcript.py: \U0001f4c4 \ud14d\uc2a4\ud2b8: \uc544 \ub450\uaebc!
[2026-01-17 12:56:08] [DEBUG] extract_transcript.py: \U0001f4ca \ubb38\uc790\uc218: 5 chars
[2026-01-17 12:56:08] [DEBUG] extract_transcript.py: \U0001f3af \ud3c9\uade0 \ud655\ub960: -0.1895
[2026-01-17 12:56:08] [DEBUG] extract_transcript.py: \U0001f507 No-speech \ud655\ub960: 0.0000
[2026-01-17 12:56:08] [DEBUG] extract_transcript.py: --------------------------------------------------------------------------------
[2026-01-17 12:56:08] [DEBUG] extract_transcript.py: [WHISPER] Segment #008
[2026-01-17 12:56:08] [INFO] [62%] Processing segment #8...
[2026-01-17 12:56:08] [DEBUG] extract_transcript.py: \u23f1\ufe0f  \uc2dc\uac04: 9.90s ~ 10.70s (\uae38\uc774: 0.80s)
[2026-01-17 12:56:08] [DEBUG] extract_transcript.py: \U0001f4c4 \ud14d\uc2a4\ud2b8: \uc5b4\uadf8\ub85c \ub04c\uc9c0 \ub9c8\ub77c
[2026-01-17 12:56:08] [DEBUG] extract_transcript.py: \U0001f4ca \ubb38\uc790\uc218: 9 chars
[2026-01-17 12:56:08] [DEBUG] extract_transcript.py: \U0001f3af \ud3c9\uade0 \ud655\ub960: -0.1895
[2026-01-17 12:56:08] [DEBUG] extract_transcript.py: \U0001f507 No-speech \ud655\ub960: 0.0000
[2026-01-17 12:56:08] [DEBUG] extract_transcript.py: --------------------------------------------------------------------------------
[2026-01-17 12:56:08] [DEBUG] extract_transcript.py: [WHISPER] Segment #009
[2026-01-17 12:56:08] [INFO] [62%] Processing segment #9...
[2026-01-17 12:56:08] [DEBUG] extract_transcript.py: \u23f1\ufe0f  \uc2dc\uac04: 11.60s ~ 12.20s (\uae38\uc774: 0.60s)
[2026-01-17 12:56:08] [DEBUG] extract_transcript.py: \U0001f4c4 \ud14d\uc2a4\ud2b8: \uc54c\uc558\uc5b4
[2026-01-17 12:56:08] [DEBUG] extract_transcript.py: \U0001f4ca \ubb38\uc790\uc218: 3 chars
[2026-01-17 12:56:08] [DEBUG] extract_transcript.py: \U0001f3af \ud3c9\uade0 \ud655\ub960: -0.1895
[2026-01-17 12:56:08] [DEBUG] extract_transcript.py: \U0001f507 No-speech \ud655\ub960: 0.0000
[2026-01-17 12:56:08] [DEBUG] extract_transcript.py: --------------------------------------------------------------------------------
[2026-01-17 12:56:08] [DEBUG] extract_transcript.py: [WHISPER] Segment #010
[2026-01-17 12:56:08] [INFO] [62%] Processing segment #10...
[2026-01-17 12:56:08] [DEBUG] extract_transcript.py: \u23f1\ufe0f  \uc2dc\uac04: 12.20s ~ 13.40s (\uae38\uc774: 1.20s)
[2026-01-17 12:56:08] [DEBUG] extract_transcript.py: \U0001f4c4 \ud14d\uc2a4\ud2b8: \uc81c\ud488 \uc774\ub984\uc774 \uc815\ud655\ud558\uac8c \ubb50\uc57c?
[2026-01-17 12:56:08] [DEBUG] extract_transcript.py: \U0001f4ca \ubb38\uc790\uc218: 15 chars
[2026-01-17 12:56:08] [DEBUG] extract_transcript.py: \U0001f3af \ud3c9\uade0 \ud655\ub960: -0.1895
[2026-01-17 12:56:08] [DEBUG] extract_transcript.py: \U0001f507 No-speech \ud655\ub960: 0.0000
[2026-01-17 12:56:08] [DEBUG] extract_transcript.py: --------------------------------------------------------------------------------
[2026-01-17 12:56:08] [DEBUG] extract_transcript.py: [WHISPER] Segment #011
[2026-01-17 12:56:08] [INFO] [62%] Processing segment #11...
[2026-01-17 12:56:08] [DEBUG] extract_transcript.py: \u23f1\ufe0f  \uc2dc\uac04: 13.40s ~ 15.00s (\uae38\uc774: 1.60s)
[2026-01-17 12:56:08] [DEBUG] extract_transcript.py: \U0001f4c4 \ud14d\uc2a4\ud2b8: \ube44\ube44\ud050 \ud6c4\ub77c\uc774\ub4dc \ud55c \ub9c8\ub9ac \ubc18 \uce58\ud0a8!
[2026-01-17 12:56:08] [DEBUG] extract_transcript.py: \U0001f4ca \ubb38\uc790\uc218: 19 chars
[2026-01-17 12:56:08] [DEBUG] extract_transcript.py: \U0001f3af \ud3c9\uade0 \ud655\ub960: -0.1895
[2026-01-17 12:56:08] [DEBUG] extract_transcript.py: \U0001f507 No-speech \ud655\ub960: 0.0000
[2026-01-17 12:56:08] [DEBUG] extract_transcript.py: --------------------------------------------------------------------------------
[2026-01-17 12:56:08] [DEBUG] extract_transcript.py: [WHISPER] Segment #012
[2026-01-17 12:56:08] [INFO] [63%] Processing segment #12...
[2026-01-17 12:56:08] [DEBUG] extract_transcript.py: \u23f1\ufe0f  \uc2dc\uac04: 15.00s ~ 15.60s (\uae38\uc774: 0.60s)
[2026-01-17 12:56:08] [DEBUG] extract_transcript.py: \U0001f4c4 \ud14d\uc2a4\ud2b8: \uc5b4\ub514\uc11c \uc0c0\uc5b4?
[2026-01-17 12:56:08] [DEBUG] extract_transcript.py: \U0001f4ca \ubb38\uc790\uc218: 7 chars
[2026-01-17 12:56:08] [DEBUG] extract_transcript.py: \U0001f3af \ud3c9\uade0 \ud655\ub960: -0.1895
[2026-01-17 12:56:08] [DEBUG] extract_transcript.py: \U0001f507 No-speech \ud655\ub960: 0.0000
[2026-01-17 12:56:08] [DEBUG] extract_transcript.py: --------------------------------------------------------------------------------
[2026-01-17 12:56:08] [DEBUG] extract_transcript.py: [WHISPER] Segment #013
[2026-01-17 12:56:08] [INFO] [63%] Processing segment #13...
[2026-01-17 12:56:08] [DEBUG] extract_transcript.py: \u23f1\ufe0f  \uc2dc\uac04: 15.60s ~ 17.00s (\uae38\uc774: 1.40s)
[2026-01-17 12:56:08] [DEBUG] extract_transcript.py: \U0001f4c4 \ud14d\uc2a4\ud2b8: \uc774 \ub098\ub294 \uc628\ub77c\uc778 \uac80\uc0c9\ud574\uc11c \uc0c0\uc9c0!
[2026-01-17 12:56:08] [DEBUG] extract_transcript.py: \U0001f4ca \ubb38\uc790\uc218: 17 chars
[2026-01-17 12:56:08] [DEBUG] extract_transcript.py: \U0001f3af \ud3c9\uade0 \ud655\ub960: -0.1895
[2026-01-17 12:56:08] [DEBUG] extract_transcript.py: \U0001f507 No-speech \ud655\ub960: 0.0000
[2026-01-17 12:56:08] [DEBUG] extract_transcript.py: --------------------------------------------------------------------------------
[2026-01-17 12:56:08] [DEBUG] extract_transcript.py: [WHISPER] Segment #014
[2026-01-17 12:56:08] [INFO] [63%] Processing segment #14...
[2026-01-17 12:56:08] [DEBUG] extract_transcript.py: \u23f1\ufe0f  \uc2dc\uac04: 17.00s ~ 17.50s (\uae38\uc774: 0.50s)
[2026-01-17 12:56:08] [DEBUG] extract_transcript.py: \U0001f4c4 \ud14d\uc2a4\ud2b8: \uc5bc\ub9cc\ub370?
[2026-01-17 12:56:08] [DEBUG] extract_transcript.py: \U0001f4ca \ubb38\uc790\uc218: 4 chars
[2026-01-17 12:56:08] [DEBUG] extract_transcript.py: \U0001f3af \ud3c9\uade0 \ud655\ub960: -0.1895
[2026-01-17 12:56:08] [DEBUG] extract_transcript.py: \U0001f507 No-speech \ud655\ub960: 0.0000
[2026-01-17 12:56:08] [DEBUG] extract_transcript.py: --------------------------------------------------------------------------------
[2026-01-17 12:56:08] [DEBUG] extract_transcript.py: [WHISPER] Segment #015
[2026-01-17 12:56:08] [INFO] [63%] Processing segment #15...
[2026-01-17 12:56:08] [DEBUG] extract_transcript.py: \u23f1\ufe0f  \uc2dc\uac04: 17.50s ~ 21.00s (\uae38\uc774: 3.50s)
[2026-01-17 12:56:08] [DEBUG] extract_transcript.py: \U0001f4c4 \ud14d\uc2a4\ud2b8: \uace0\uc2a4\ud2b8\ucf54\uc5d0\uc11c \uc815\uc0c1\uac00 18,900\uc6d0\uc778\ub370 \ub098\ub294 2\ub9cc 980\uc6d0 \uc8fc\uace0 \uc0c0\uc5b4
[2026-01-17 12:56:08] [DEBUG] extract_transcript.py: \U0001f4ca \ubb38\uc790\uc218: 37 chars
[2026-01-17 12:56:08] [DEBUG] extract_transcript.py: \U0001f3af \ud3c9\uade0 \ud655\ub960: -0.1895
[2026-01-17 12:56:08] [DEBUG] extract_transcript.py: \U0001f507 No-speech \ud655\ub960: 0.0000
[2026-01-17 12:56:08] [DEBUG] extract_transcript.py: --------------------------------------------------------------------------------
[2026-01-17 12:56:08] [DEBUG] extract_transcript.py: [WHISPER] Segment #016
[2026-01-17 12:56:08] [INFO] [64%] Processing segment #16...
[2026-01-17 12:56:08] [DEBUG] extract_transcript.py: \u23f1\ufe0f  \uc2dc\uac04: 21.00s ~ 23.20s (\uae38\uc774: 2.20s)
[2026-01-17 12:56:08] [DEBUG] extract_transcript.py: \U0001f4c4 \ud14d\uc2a4\ud2b8: \uace0\uc2a4\ud2b8\ucf54 \uc81c\ud488 1\ub144\uc5d0 6\ubc88 \uc815\ub3c4\ub294 \uc0ac\ub294 \uac70 \uac19\uc740\ub370
[2026-01-17 12:56:08] [DEBUG] extract_transcript.py: \U0001f4ca \ubb38\uc790\uc218: 27 chars
[2026-01-17 12:56:08] [DEBUG] extract_transcript.py: \U0001f3af \ud3c9\uade0 \ud655\ub960: -0.1895
[2026-01-17 12:56:08] [DEBUG] extract_transcript.py: \U0001f507 No-speech \ud655\ub960: 0.0000
[2026-01-17 12:56:08] [DEBUG] extract_transcript.py: --------------------------------------------------------------------------------
[2026-01-17 12:56:08] [DEBUG] extract_transcript.py: [WHISPER] Segment #017
[2026-01-17 12:56:08] [INFO] [64%] Processing segment #17...
[2026-01-17 12:56:08] [DEBUG] extract_transcript.py: \u23f1\ufe0f  \uc2dc\uac04: 23.20s ~ 24.80s (\uae38\uc774: 1.60s)
[2026-01-17 12:56:08] [DEBUG] extract_transcript.py: \U0001f4c4 \ud14d\uc2a4\ud2b8: \uadf8\ub7f4 \uac70\uba74 \ud68c\uc6d0\uac00\uc785\uc744 \ud558\ub294 \uac74 \uc5b4\ub54c?
[2026-01-17 12:56:08] [DEBUG] extract_transcript.py: \U0001f4ca \ubb38\uc790\uc218: 20 chars
[2026-01-17 12:56:08] [DEBUG] extract_transcript.py: \U0001f3af \ud3c9\uade0 \ud655\ub960: -0.1895
[2026-01-17 12:56:08] [DEBUG] extract_transcript.py: \U0001f507 No-speech \ud655\ub960: 0.0000
[2026-01-17 12:56:08] [DEBUG] extract_transcript.py: --------------------------------------------------------------------------------
[2026-01-17 12:56:08] [DEBUG] extract_transcript.py: [WHISPER] Segment #018
[2026-01-17 12:56:08] [INFO] [64%] Processing segment #18...
[2026-01-17 12:56:08] [DEBUG] extract_transcript.py: \u23f1\ufe0f  \uc2dc\uac04: 24.80s ~ 25.20s (\uae38\uc774: 0.40s)
[2026-01-17 12:56:08] [DEBUG] extract_transcript.py: \U0001f4c4 \ud14d\uc2a4\ud2b8: \uc5d0?
[2026-01-17 12:56:08] [DEBUG] extract_transcript.py: \U0001f4ca \ubb38\uc790\uc218: 2 chars
[2026-01-17 12:56:08] [DEBUG] extract_transcript.py: \U0001f3af \ud3c9\uade0 \ud655\ub960: -0.1895
[2026-01-17 12:56:08] [DEBUG] extract_transcript.py: \U0001f507 No-speech \ud655\ub960: 0.0000
[2026-01-17 12:56:08] [DEBUG] extract_transcript.py: --------------------------------------------------------------------------------
[2026-01-17 12:57:08] [DEBUG] extract_transcript.py: [WHISPER] Segment #019
[2026-01-17 12:57:08] [INFO] [64%] Processing segment #19...
[2026-01-17 12:57:08] [DEBUG] extract_transcript.py: \u23f1\ufe0f  \uc2dc\uac04: 25.20s ~ 28.70s (\uae38\uc774: 3.50s)
[2026-01-17 12:57:08] [DEBUG] extract_transcript.py: \U0001f4c4 \ud14d\uc2a4\ud2b8: \uc544\ub2c8 \ud604\ub300\uce74\ub4dc\ub3c4 \ub192\uace0 2\ub9cc\uc800\ub9cc\ud558\uba74 4\ub9cc\uc6d0 \uc815\ub3c4 \ub0b4\uc57c \ub418\ub294\ub370 2-3\ucc9c\uc6d0 \ucc28\uc774\uba74\uc740
[2026-01-17 12:57:08] [DEBUG] extract_transcript.py: \U0001f4ca \ubb38\uc790\uc218: 43 chars
[2026-01-17 12:57:08] [DEBUG] extract_transcript.py: \U0001f3af \ud3c9\uade0 \ud655\ub960: -0.2120
[2026-01-17 12:57:08] [DEBUG] extract_transcript.py: \U0001f507 No-speech \ud655\ub960: 0.0000
[2026-01-17 12:57:08] [DEBUG] extract_transcript.py: --------------------------------------------------------------------------------
[2026-01-17 12:57:08] [DEBUG] extract_transcript.py: [WHISPER] Segment #020
[2026-01-17 12:57:08] [INFO] [65%] Processing segment #20...
[2026-01-17 12:57:08] [DEBUG] extract_transcript.py: \u23f1\ufe0f  \uc2dc\uac04: 28.70s ~ 29.70s (\uae38\uc774: 1.00s)
[2026-01-17 12:57:08] [DEBUG] extract_transcript.py: \U0001f4c4 \ud14d\uc2a4\ud2b8: \uc544 \ub450\uaebc!
[2026-01-17 12:57:08] [DEBUG] extract_transcript.py: \U0001f4ca \ubb38\uc790\uc218: 5 chars
[2026-01-17 12:57:08] [DEBUG] extract_transcript.py: \U0001f3af \ud3c9\uade0 \ud655\ub960: -0.2120
[2026-01-17 12:57:08] [DEBUG] extract_transcript.py: \U0001f507 No-speech \ud655\ub960: 0.0000
[2026-01-17 12:57:08] [DEBUG] extract_transcript.py: --------------------------------------------------------------------------------
[2026-01-17 12:57:08] [DEBUG] extract_transcript.py: [WHISPER] Segment #021
[2026-01-17 12:57:08] [INFO] [65%] Processing segment #21...
[2026-01-17 12:57:08] [DEBUG] extract_transcript.py: \u23f1\ufe0f  \uc2dc\uac04: 29.70s ~ 30.20s (\uae38\uc774: 0.50s)
[2026-01-17 12:57:08] [DEBUG] extract_transcript.py: \U0001f4c4 \ud14d\uc2a4\ud2b8: \uadf8\ub807\uad70
[2026-01-17 12:57:08] [DEBUG] extract_transcript.py: \U0001f4ca \ubb38\uc790\uc218: 3 chars
[2026-01-17 12:57:08] [DEBUG] extract_transcript.py: \U0001f3af \ud3c9\uade0 \ud655\ub960: -0.2120
[2026-01-17 12:57:08] [DEBUG] extract_transcript.py: \U0001f507 No-speech \ud655\ub960: 0.0000
[2026-01-17 12:57:08] [DEBUG] extract_transcript.py: --------------------------------------------------------------------------------
[2026-01-17 12:57:08] [DEBUG] extract_transcript.py: [WHISPER] Segment #022
[2026-01-17 12:57:08] [INFO] [65%] Processing segment #22...
[2026-01-17 12:57:08] [DEBUG] extract_transcript.py: \u23f1\ufe0f  \uc2dc\uac04: 31.20s ~ 32.00s (\uae38\uc774: 0.80s)
[2026-01-17 12:57:08] [DEBUG] extract_transcript.py: \U0001f4c4 \ud14d\uc2a4\ud2b8: \uc800 \uc218\ud655\ud55c \ub188!
[2026-01-17 12:57:08] [DEBUG] extract_transcript.py: \U0001f4ca \ubb38\uc790\uc218: 8 chars
[2026-01-17 12:57:08] [DEBUG] extract_transcript.py: \U0001f3af \ud3c9\uade0 \ud655\ub960: -0.2120
[2026-01-17 12:57:08] [DEBUG] extract_transcript.py: \U0001f507 No-speech \ud655\ub960: 0.0000
[2026-01-17 12:57:08] [DEBUG] extract_transcript.py: --------------------------------------------------------------------------------
[2026-01-17 12:57:08] [DEBUG] extract_transcript.py: [WHISPER] Segment #023
[2026-01-17 12:57:08] [INFO] [65%] Processing segment #23...
[2026-01-17 12:57:08] [DEBUG] extract_transcript.py: \u23f1\ufe0f  \uc2dc\uac04: 32.00s ~ 32.90s (\uae38\uc774: 0.90s)
[2026-01-17 12:57:08] [DEBUG] extract_transcript.py: \U0001f4c4 \ud14d\uc2a4\ud2b8: \uc81c\ud488 \ud2b9\uc9d5\uc774 \ubb50\uc57c?
[2026-01-17 12:57:08] [DEBUG] extract_transcript.py: \U0001f4ca \ubb38\uc790\uc218: 10 chars
[2026-01-17 12:57:08] [DEBUG] extract_transcript.py: \U0001f3af \ud3c9\uade0 \ud655\ub960: -0.2120
[2026-01-17 12:57:08] [DEBUG] extract_transcript.py: \U0001f507 No-speech \ud655\ub960: 0.0000
[2026-01-17 12:57:08] [DEBUG] extract_transcript.py: --------------------------------------------------------------------------------
[2026-01-17 12:57:08] [DEBUG] extract_transcript.py: [WHISPER] Segment #024
[2026-01-17 12:57:08] [INFO] [66%] Processing segment #24...
[2026-01-17 12:57:08] [DEBUG] extract_transcript.py: \u23f1\ufe0f  \uc2dc\uac04: 32.90s ~ 36.90s (\uae38\uc774: 4.00s)
[2026-01-17 12:57:08] [DEBUG] extract_transcript.py: \U0001f4c4 \ud14d\uc2a4\ud2b8: \uc774 \uc62c\ub9ac\ube0c\uc720\ub97c \ucca8\uac00\ud55c \ubc14\uc0ad\ud55c \ud669\uae08\ucc0c\uae40\uc73c\ub85c \ub9cc\ub4e4\uc5b4\uc11c \uac89\ubc14\uc18d\ucd09\uc5d0 \uace0\uc18c\ud55c \ud48d\ubbf8\uac00 \uc788\ub514\uc57c
[2026-01-17 12:57:08] [DEBUG] extract_transcript.py: \U0001f4ca \ubb38\uc790\uc218: 45 chars
[2026-01-17 12:57:08] [DEBUG] extract_transcript.py: \U0001f3af \ud3c9\uade0 \ud655\ub960: -0.2120
[2026-01-17 12:57:08] [DEBUG] extract_transcript.py: \U0001f507 No-speech \ud655\ub960: 0.0000
[2026-01-17 12:57:08] [DEBUG] extract_transcript.py: --------------------------------------------------------------------------------
[2026-01-17 12:57:08] [DEBUG] extract_transcript.py: [WHISPER] Segment #025
[2026-01-17 12:57:08] [INFO] [66%] Processing segment #25...
[2026-01-17 12:57:08] [DEBUG] extract_transcript.py: \u23f1\ufe0f  \uc2dc\uac04: 36.90s ~ 38.40s (\uae38\uc774: 1.50s)
[2026-01-17 12:57:08] [DEBUG] extract_transcript.py: \U0001f4c4 \ud14d\uc2a4\ud2b8: \uc62c\ub9ac\ube0c\uc720? \uadf8\uac74 \uc880 \uae30\ub300\ub418\ub294 \uac70
[2026-01-17 12:57:08] [DEBUG] extract_transcript.py: \U0001f4ca \ubb38\uc790\uc218: 17 chars
[2026-01-17 12:57:08] [DEBUG] extract_transcript.py: \U0001f3af \ud3c9\uade0 \ud655\ub960: -0.2120
[2026-01-17 12:57:08] [DEBUG] extract_transcript.py: \U0001f507 No-speech \ud655\ub960: 0.0000
[2026-01-17 12:57:08] [DEBUG] extract_transcript.py: --------------------------------------------------------------------------------
[2026-01-17 12:57:08] [DEBUG] extract_transcript.py: [WHISPER] Segment #026
[2026-01-17 12:57:08] [INFO] [66%] Processing segment #26...
[2026-01-17 12:57:08] [DEBUG] extract_transcript.py: \u23f1\ufe0f  \uc2dc\uac04: 38.40s ~ 38.70s (\uae38\uc774: 0.30s)
[2026-01-17 12:57:08] [DEBUG] extract_transcript.py: \U0001f4c4 \ud14d\uc2a4\ud2b8: \uc774!
[2026-01-17 12:57:08] [DEBUG] extract_transcript.py: \U0001f4ca \ubb38\uc790\uc218: 2 chars
[2026-01-17 12:57:08] [DEBUG] extract_transcript.py: \U0001f3af \ud3c9\uade0 \ud655\ub960: -0.2120
[2026-01-17 12:57:08] [DEBUG] extract_transcript.py: \U0001f507 No-speech \ud655\ub960: 0.0000
[2026-01-17 12:57:08] [DEBUG] extract_transcript.py: --------------------------------------------------------------------------------
[2026-01-17 12:57:08] [DEBUG] extract_transcript.py: [WHISPER] Segment #027
[2026-01-17 12:57:08] [INFO] [66%] Processing segment #27...
[2026-01-17 12:57:08] [DEBUG] extract_transcript.py: \u23f1\ufe0f  \uc2dc\uac04: 38.70s ~ 39.50s (\uae38\uc774: 0.80s)
[2026-01-17 12:57:08] [DEBUG] extract_transcript.py: \U0001f4c4 \ud14d\uc2a4\ud2b8: \uc911\ub7c9\uc740 \uc81c\ub300\ub85c \ubd24\uc5b4?
[2026-01-17 12:57:08] [DEBUG] extract_transcript.py: \U0001f4ca \ubb38\uc790\uc218: 11 chars
[2026-01-17 12:57:08] [DEBUG] extract_transcript.py: \U0001f3af \ud3c9\uade0 \ud655\ub960: -0.2120
[2026-01-17 12:57:08] [DEBUG] extract_transcript.py: \U0001f507 No-speech \ud655\ub960: 0.0000
[2026-01-17 12:57:08] [DEBUG] extract_transcript.py: --------------------------------------------------------------------------------
[2026-01-17 12:57:08] [DEBUG] extract_transcript.py: [WHISPER] Segment #028
[2026-01-17 12:57:08] [INFO] [67%] Processing segment #28...
[2026-01-17 12:57:08] [DEBUG] extract_transcript.py: \u23f1\ufe0f  \uc2dc\uac04: 39.50s ~ 40.00s (\uae38\uc774: 0.50s)
[2026-01-17 12:57:08] [DEBUG] extract_transcript.py: \U0001f4c4 \ud14d\uc2a4\ud2b8: \uc911\ub7c9?
[2026-01-17 12:57:08] [DEBUG] extract_transcript.py: \U0001f4ca \ubb38\uc790\uc218: 3 chars
[2026-01-17 12:57:08] [DEBUG] extract_transcript.py: \U0001f3af \ud3c9\uade0 \ud655\ub960: -0.2120
[2026-01-17 12:57:08] [DEBUG] extract_transcript.py: \U0001f507 No-speech \ud655\ub960: 0.0000
[2026-01-17 12:57:08] [DEBUG] extract_transcript.py: --------------------------------------------------------------------------------
[2026-01-17 12:57:08] [DEBUG] extract_transcript.py: [WHISPER] Segment #029
[2026-01-17 12:57:08] [INFO] [67%] Processing segment #29...
[2026-01-17 12:57:08] [DEBUG] extract_transcript.py: \u23f1\ufe0f  \uc2dc\uac04: 40.00s ~ 43.30s (\uae38\uc774: 3.30s)
[2026-01-17 12:57:08] [DEBUG] extract_transcript.py: \U0001f4c4 \ud14d\uc2a4\ud2b8: \uc774 1.2kg \uae30\uc900\uc774\ub77c\ub294\ub370 \uc7ac\ubcf4\ub2c8\uae50 1391g \ub098\uc624\ub124
[2026-01-17 12:57:08] [DEBUG] extract_transcript.py: \U0001f4ca \ubb38\uc790\uc218: 29 chars
[2026-01-17 12:57:08] [DEBUG] extract_transcript.py: \U0001f3af \ud3c9\uade0 \ud655\ub960: -0.2120
[2026-01-17 12:57:08] [DEBUG] extract_transcript.py: \U0001f507 No-speech \ud655\ub960: 0.0000
[2026-01-17 12:57:08] [DEBUG] extract_transcript.py: --------------------------------------------------------------------------------
[2026-01-17 12:57:08] [DEBUG] extract_transcript.py: [WHISPER] Segment #030
[2026-01-17 12:57:08] [INFO] [67%] Processing segment #30...
[2026-01-17 12:57:08] [DEBUG] extract_transcript.py: \u23f1\ufe0f  \uc2dc\uac04: 43.30s ~ 43.80s (\uae38\uc774: 0.50s)
[2026-01-17 12:57:08] [DEBUG] extract_transcript.py: \U0001f4c4 \ud14d\uc2a4\ud2b8: \uc5b4\ub5bb\uac8c \uba39\uc5b4?
[2026-01-17 12:57:08] [DEBUG] extract_transcript.py: \U0001f4ca \ubb38\uc790\uc218: 7 chars
[2026-01-17 12:57:08] [DEBUG] extract_transcript.py: \U0001f3af \ud3c9\uade0 \ud655\ub960: -0.2120
[2026-01-17 12:57:08] [DEBUG] extract_transcript.py: \U0001f507 No-speech \ud655\ub960: 0.0000
[2026-01-17 12:57:08] [DEBUG] extract_transcript.py: --------------------------------------------------------------------------------
[2026-01-17 12:57:08] [DEBUG] extract_transcript.py: [WHISPER] Segment #031
[2026-01-17 12:57:08] [INFO] [67%] Processing segment #31...
[2026-01-17 12:57:08] [DEBUG] extract_transcript.py: \u23f1\ufe0f  \uc2dc\uac04: 43.80s ~ 47.50s (\uae38\uc774: 3.70s)
[2026-01-17 12:57:08] [DEBUG] extract_transcript.py: \U0001f4c4 \ud14d\uc2a4\ud2b8: \uc774 \uc5d0\uc5b4\ud504\ub77c\uc774\uc5b4 190\ub3c4\uc5d0\uc11c 2\ubd84 \uc608\uc5f4\ud574\uc8fc\uace0 \ub0c9\ub3d9 \uc0c1\ud0dc \uc81c\ud488\uc744 \uacb9\uce58\uc9c0 \uc54a\uac8c \ub193\uace0\uc120
[2026-01-17 12:57:08] [DEBUG] extract_transcript.py: \U0001f4ca \ubb38\uc790\uc218: 45 chars
[2026-01-17 12:57:08] [DEBUG] extract_transcript.py: \U0001f3af \ud3c9\uade0 \ud655\ub960: -0.2120
[2026-01-17 12:57:08] [DEBUG] extract_transcript.py: \U0001f507 No-speech \ud655\ub960: 0.0000
[2026-01-17 12:57:08] [DEBUG] extract_transcript.py: --------------------------------------------------------------------------------
[2026-01-17 12:57:08] [DEBUG] extract_transcript.py: [WHISPER] Segment #032
[2026-01-17 12:57:08] [INFO] [68%] Processing segment #32...
[2026-01-17 12:57:08] [DEBUG] extract_transcript.py: \u23f1\ufe0f  \uc2dc\uac04: 47.50s ~ 49.60s (\uae38\uc774: 2.10s)
[2026-01-17 12:57:08] [DEBUG] extract_transcript.py: \U0001f4c4 \ud14d\uc2a4\ud2b8: 23\ubd84\uc5d0\uc11c 24\ubd84 \uc904\uc5ec\uc11c \uba39\uc73c\uba74 \ub418\ub294\ub370
[2026-01-17 12:57:08] [DEBUG] extract_transcript.py: \U0001f4ca \ubb38\uc790\uc218: 21 chars
[2026-01-17 12:57:08] [DEBUG] extract_transcript.py: \U0001f3af \ud3c9\uade0 \ud655\ub960: -0.2120
[2026-01-17 12:57:08] [DEBUG] extract_transcript.py: \U0001f507 No-speech \ud655\ub960: 0.0000
[2026-01-17 12:57:08] [DEBUG] extract_transcript.py: --------------------------------------------------------------------------------
[2026-01-17 12:58:07] [DEBUG] extract_transcript.py: [WHISPER] Segment #033
[2026-01-17 12:58:07] [INFO] [68%] Processing segment #33...
[2026-01-17 12:58:07] [DEBUG] extract_transcript.py: \u23f1\ufe0f  \uc2dc\uac04: 49.60s ~ 54.60s (\uae38\uc774: 5.00s)
[2026-01-17 12:58:07] [DEBUG] extract_transcript.py: \U0001f4c4 \ud14d\uc2a4\ud2b8: \uc774 \uc5d0\uc5b4\ud504\ub77c\uc774\uc6a9 \uc2a4\ud504\ub808\uc774 \uc624\uc77c \ubfcc\ub9ac\uba74 \ub354 \ubc14\uc0ad\ud558\ub418\uc11c \uc624\uc77c \uace8\uace0\ub8e8 \ubfcc\ub824\uc8fc\uace0 \ub3cc\ub824\uc11c \ub354 \ubc14\uc0ad\ud558\uac8c \uc990\uae30\uba74 \ub41c\ub514\uc57c
[2026-01-17 12:58:07] [DEBUG] extract_transcript.py: \U0001f4ca \ubb38\uc790\uc218: 59 chars
[2026-01-17 12:58:07] [DEBUG] extract_transcript.py: \U0001f3af \ud3c9\uade0 \ud655\ub960: -0.2190
[2026-01-17 12:58:07] [DEBUG] extract_transcript.py: \U0001f507 No-speech \ud655\ub960: 0.0000
[2026-01-17 12:58:07] [DEBUG] extract_transcript.py: --------------------------------------------------------------------------------
[2026-01-17 12:58:07] [DEBUG] extract_transcript.py: [WHISPER] Segment #034
[2026-01-17 12:58:07] [INFO] [68%] Processing segment #34...
[2026-01-17 12:58:07] [DEBUG] extract_transcript.py: \u23f1\ufe0f  \uc2dc\uac04: 56.10s ~ 56.60s (\uae38\uc774: 0.50s)
[2026-01-17 12:58:07] [DEBUG] extract_transcript.py: \U0001f4c4 \ud14d\uc2a4\ud2b8: \uc774\uc81c \uba39\uc5b4\ubd10
[2026-01-17 12:58:07] [DEBUG] extract_transcript.py: \U0001f4ca \ubb38\uc790\uc218: 6 chars
[2026-01-17 12:58:07] [DEBUG] extract_transcript.py: \U0001f3af \ud3c9\uade0 \ud655\ub960: -0.2190
[2026-01-17 12:58:07] [DEBUG] extract_transcript.py: \U0001f507 No-speech \ud655\ub960: 0.0000
[2026-01-17 12:58:07] [DEBUG] extract_transcript.py: --------------------------------------------------------------------------------
[2026-01-17 12:58:07] [DEBUG] extract_transcript.py: [WHISPER] Segment #035
[2026-01-17 12:58:07] [INFO] [68%] Processing segment #35...
[2026-01-17 12:58:07] [DEBUG] extract_transcript.py: \u23f1\ufe0f  \uc2dc\uac04: 56.60s ~ 57.10s (\uae38\uc774: 0.50s)
[2026-01-17 12:58:07] [DEBUG] extract_transcript.py: \U0001f4c4 \ud14d\uc2a4\ud2b8: \uadf8\ub798\uc694
[2026-01-17 12:58:07] [DEBUG] extract_transcript.py: \U0001f4ca \ubb38\uc790\uc218: 3 chars
[2026-01-17 12:58:07] [DEBUG] extract_transcript.py: \U0001f3af \ud3c9\uade0 \ud655\ub960: -0.2190
[2026-01-17 12:58:07] [DEBUG] extract_transcript.py: \U0001f507 No-speech \ud655\ub960: 0.0000
[2026-01-17 12:58:07] [DEBUG] extract_transcript.py: --------------------------------------------------------------------------------
[2026-01-17 12:58:07] [DEBUG] extract_transcript.py: [WHISPER] Segment #036
[2026-01-17 12:58:07] [INFO] [69%] Processing segment #36...
[2026-01-17 12:58:07] [DEBUG] extract_transcript.py: \u23f1\ufe0f  \uc2dc\uac04: 57.10s ~ 58.60s (\uae38\uc774: 1.50s)
[2026-01-17 12:58:07] [DEBUG] extract_transcript.py: \U0001f4c4 \ud14d\uc2a4\ud2b8: \uc544\ud734 \ud5c8\ubc85\uc9c0\uc0b4\uc774 \uc774\ub807\uac8c \ub4e4\uc5c8\uc288
[2026-01-17 12:58:07] [DEBUG] extract_transcript.py: \U0001f4ca \ubb38\uc790\uc218: 16 chars
[2026-01-17 12:58:07] [DEBUG] extract_transcript.py: \U0001f3af \ud3c9\uade0 \ud655\ub960: -0.2190
[2026-01-17 12:58:07] [DEBUG] extract_transcript.py: \U0001f507 No-speech \ud655\ub960: 0.0000
[2026-01-17 12:58:07] [DEBUG] extract_transcript.py: --------------------------------------------------------------------------------
[2026-01-17 12:58:07] [DEBUG] extract_transcript.py: [WHISPER] Segment #037
[2026-01-17 12:58:07] [INFO] [69%] Processing segment #37...
[2026-01-17 12:58:07] [DEBUG] extract_transcript.py: \u23f1\ufe0f  \uc2dc\uac04: 58.60s ~ 59.60s (\uae38\uc774: 1.00s)
[2026-01-17 12:58:07] [DEBUG] extract_transcript.py: \U0001f4c4 \ud14d\uc2a4\ud2b8: \ub2e4\ub9ac\ub294 \uc880 \ucb10\uae4d\ud558\ub124\uc694
[2026-01-17 12:58:07] [DEBUG] extract_transcript.py: \U0001f4ca \ubb38\uc790\uc218: 11 chars
[2026-01-17 12:58:07] [DEBUG] extract_transcript.py: \U0001f3af \ud3c9\uade0 \ud655\ub960: -0.2190
[2026-01-17 12:58:07] [DEBUG] extract_transcript.py: \U0001f507 No-speech \ud655\ub960: 0.0000
[2026-01-17 12:58:07] [DEBUG] extract_transcript.py: --------------------------------------------------------------------------------
[2026-01-17 12:58:07] [DEBUG] extract_transcript.py: [WHISPER] Segment #038
[2026-01-17 12:58:07] [INFO] [69%] Processing segment #38...
[2026-01-17 12:58:07] [DEBUG] extract_transcript.py: \u23f1\ufe0f  \uc2dc\uac04: 59.60s ~ 61.10s (\uae38\uc774: 1.50s)
[2026-01-17 12:58:07] [DEBUG] extract_transcript.py: \U0001f4c4 \ud14d\uc2a4\ud2b8: \uadf8\ub798\ub3c4 \ub2e4\ub9ac\ub97c \uba39\uc5b4\ubd10\uc57c\uc9c0
[2026-01-17 12:58:07] [DEBUG] extract_transcript.py: \U0001f4ca \ubb38\uc790\uc218: 13 chars
[2026-01-17 12:58:07] [DEBUG] extract_transcript.py: \U0001f3af \ud3c9\uade0 \ud655\ub960: -0.2190
[2026-01-17 12:58:07] [DEBUG] extract_transcript.py: \U0001f507 No-speech \ud655\ub960: 0.0000
[2026-01-17 12:58:07] [DEBUG] extract_transcript.py: --------------------------------------------------------------------------------
[2026-01-17 12:58:07] [DEBUG] extract_transcript.py: [WHISPER] Segment #039
[2026-01-17 12:58:07] [INFO] [69%] Processing segment #39...
[2026-01-17 12:58:07] [DEBUG] extract_transcript.py: \u23f1\ufe0f  \uc2dc\uac04: 67.10s ~ 67.80s (\uae38\uc774: 0.70s)
[2026-01-17 12:58:07] [DEBUG] extract_transcript.py: \U0001f4c4 \ud14d\uc2a4\ud2b8: \ub9db\uc740 \uc5b4\ub54c?
[2026-01-17 12:58:07] [DEBUG] extract_transcript.py: \U0001f4ca \ubb38\uc790\uc218: 6 chars
[2026-01-17 12:58:07] [DEBUG] extract_transcript.py: \U0001f3af \ud3c9\uade0 \ud655\ub960: -0.2190
[2026-01-17 12:58:07] [DEBUG] extract_transcript.py: \U0001f507 No-speech \ud655\ub960: 0.0000
[2026-01-17 12:58:07] [DEBUG] extract_transcript.py: --------------------------------------------------------------------------------
[2026-01-17 12:58:07] [DEBUG] extract_transcript.py: [WHISPER] Segment #040
[2026-01-17 12:58:07] [INFO] [70%] Processing segment #40...
[2026-01-17 12:58:07] [DEBUG] extract_transcript.py: \u23f1\ufe0f  \uc2dc\uac04: 67.80s ~ 70.60s (\uae38\uc774: 2.80s)
[2026-01-17 12:58:07] [DEBUG] extract_transcript.py: \U0001f4c4 \ud14d\uc2a4\ud2b8: \uc6b0\ub9ac\uac00 \ub418\uac8c \ud754\ud558\uac8c \uc811\ud560 \uc218 \uc788\ub294 \ub0c9\ub3d9\uce58\ud0a8 \ud280\uae40\uc5d0
[2026-01-17 12:58:07] [DEBUG] extract_transcript.py: \U0001f4ca \ubb38\uc790\uc218: 27 chars
[2026-01-17 12:58:07] [DEBUG] extract_transcript.py: \U0001f3af \ud3c9\uade0 \ud655\ub960: -0.2190
[2026-01-17 12:58:07] [DEBUG] extract_transcript.py: \U0001f507 No-speech \ud655\ub960: 0.0000
[2026-01-17 12:58:07] [DEBUG] extract_transcript.py: --------------------------------------------------------------------------------
[2026-01-17 12:58:07] [DEBUG] extract_transcript.py: [WHISPER] Segment #041
[2026-01-17 12:58:07] [INFO] [70%] Processing segment #41...
[2026-01-17 12:58:07] [DEBUG] extract_transcript.py: \u23f1\ufe0f  \uc2dc\uac04: 70.60s ~ 73.30s (\uae38\uc774: 2.70s)
[2026-01-17 12:58:07] [DEBUG] extract_transcript.py: \U0001f4c4 \ud14d\uc2a4\ud2b8: \ub2ed\uc5d0\uc11c\ub294 BBQ\ub9cc\uc758 \ud2b9\uc720\uc758 \uadf8 \uc5fc\uc9c0 \ub9db\uc774 \ub098\ub124
[2026-01-17 12:58:07] [DEBUG] extract_transcript.py: \U0001f4ca \ubb38\uc790\uc218: 25 chars
[2026-01-17 12:58:07] [DEBUG] extract_transcript.py: \U0001f3af \ud3c9\uade0 \ud655\ub960: -0.2190
[2026-01-17 12:58:07] [DEBUG] extract_transcript.py: \U0001f507 No-speech \ud655\ub960: 0.0000
[2026-01-17 12:58:07] [DEBUG] extract_transcript.py: --------------------------------------------------------------------------------
[2026-01-17 12:58:07] [DEBUG] extract_transcript.py: [WHISPER] Segment #042
[2026-01-17 12:58:07] [INFO] [70%] Processing segment #42...
[2026-01-17 12:58:07] [DEBUG] extract_transcript.py: \u23f1\ufe0f  \uc2dc\uac04: 73.30s ~ 74.10s (\uae38\uc774: 0.80s)
[2026-01-17 12:58:07] [DEBUG] extract_transcript.py: \U0001f4c4 \ud14d\uc2a4\ud2b8: \uc9c4\uc9dc \ubc14\uc0ad\ud574?
[2026-01-17 12:58:07] [DEBUG] extract_transcript.py: \U0001f4ca \ubb38\uc790\uc218: 7 chars
[2026-01-17 12:58:07] [DEBUG] extract_transcript.py: \U0001f3af \ud3c9\uade0 \ud655\ub960: -0.2190
[2026-01-17 12:58:07] [DEBUG] extract_transcript.py: \U0001f507 No-speech \ud655\ub960: 0.0000
[2026-01-17 12:58:07] [DEBUG] extract_transcript.py: --------------------------------------------------------------------------------
[2026-01-17 12:58:07] [DEBUG] extract_transcript.py: [WHISPER] Segment #043
[2026-01-17 12:58:07] [INFO] [70%] Processing segment #43...
[2026-01-17 12:58:07] [DEBUG] extract_transcript.py: \u23f1\ufe0f  \uc2dc\uac04: 74.10s ~ 77.30s (\uae38\uc774: 3.20s)
[2026-01-17 12:58:07] [DEBUG] extract_transcript.py: \U0001f4c4 \ud14d\uc2a4\ud2b8: \uc774 \uac89\uc740 \ubc14\uc0ad\ud574\uc694 \uc880 \ub450\ud23c\ud574\uac00\uc9c0\uace0 \ubc14\uc0ad\ud55c \uadf8 \ub0c9\ub3d9\uce58\ud0a8 \uc788\uc796\uc544
[2026-01-17 12:58:07] [DEBUG] extract_transcript.py: \U0001f4ca \ubb38\uc790\uc218: 33 chars
[2026-01-17 12:58:07] [DEBUG] extract_transcript.py: \U0001f3af \ud3c9\uade0 \ud655\ub960: -0.2190
[2026-01-17 12:58:07] [DEBUG] extract_transcript.py: \U0001f507 No-speech \ud655\ub960: 0.0000
[2026-01-17 12:58:07] [DEBUG] extract_transcript.py: --------------------------------------------------------------------------------
[2026-01-17 12:59:06] [DEBUG] extract_transcript.py: [WHISPER] Segment #044
[2026-01-17 12:59:06] [INFO] [71%] Processing segment #44...
[2026-01-17 12:59:06] [DEBUG] extract_transcript.py: \u23f1\ufe0f  \uc2dc\uac04: 77.30s ~ 79.80s (\uae38\uc774: 2.50s)
[2026-01-17 12:59:06] [DEBUG] extract_transcript.py: \U0001f4c4 \ud14d\uc2a4\ud2b8: \uc774\ub807\uac8c \ub450\ud23c\ud574\uac70\ub4e0? \uaecd\ub370\uae30\ub97c \uba39\uc73c\uba74 \ubc14\uc0ad\ud558\uc9c0
[2026-01-17 12:59:06] [DEBUG] extract_transcript.py: \U0001f4ca \ubb38\uc790\uc218: 24 chars
[2026-01-17 12:59:06] [DEBUG] extract_transcript.py: \U0001f3af \ud3c9\uade0 \ud655\ub960: -0.1638
[2026-01-17 12:59:06] [DEBUG] extract_transcript.py: \U0001f507 No-speech \ud655\ub960: 0.0000
[2026-01-17 12:59:06] [DEBUG] extract_transcript.py: --------------------------------------------------------------------------------
[2026-01-17 12:59:06] [DEBUG] extract_transcript.py: [WHISPER] Segment #045
[2026-01-17 12:59:06] [INFO] [71%] Processing segment #45...
[2026-01-17 12:59:06] [DEBUG] extract_transcript.py: \u23f1\ufe0f  \uc2dc\uac04: 81.80s ~ 84.30s (\uae38\uc774: 2.50s)
[2026-01-17 12:59:06] [DEBUG] extract_transcript.py: \U0001f4c4 \ud14d\uc2a4\ud2b8: \uce58\ud0a8 \ud280\uae40\uc774\ub77c\uae30\ubcf4\ub2e4\ub294 \uc880 \uacfc\uc790 \uac19\uc740 \uc2dd\uac10\uc774\uace0
[2026-01-17 12:59:06] [DEBUG] extract_transcript.py: \U0001f4ca \ubb38\uc790\uc218: 24 chars
[2026-01-17 12:59:06] [DEBUG] extract_transcript.py: \U0001f3af \ud3c9\uade0 \ud655\ub960: -0.1638
[2026-01-17 12:59:06] [DEBUG] extract_transcript.py: \U0001f507 No-speech \ud655\ub960: 0.0000
[2026-01-17 12:59:06] [DEBUG] extract_transcript.py: --------------------------------------------------------------------------------
[2026-01-17 12:59:06] [DEBUG] extract_transcript.py: [WHISPER] Segment #046
[2026-01-17 12:59:06] [INFO] [71%] Processing segment #46...
[2026-01-17 12:59:06] [DEBUG] extract_transcript.py: \u23f1\ufe0f  \uc2dc\uac04: 84.30s ~ 85.30s (\uae38\uc774: 1.00s)
[2026-01-17 12:59:06] [DEBUG] extract_transcript.py: \U0001f4c4 \ud14d\uc2a4\ud2b8: \uc0b4\uc744 \uba39\uc796\uc544?
[2026-01-17 12:59:06] [DEBUG] extract_transcript.py: \U0001f4ca \ubb38\uc790\uc218: 7 chars
[2026-01-17 12:59:06] [DEBUG] extract_transcript.py: \U0001f3af \ud3c9\uade0 \ud655\ub960: -0.1638
[2026-01-17 12:59:06] [DEBUG] extract_transcript.py: \U0001f507 No-speech \ud655\ub960: 0.0000
[2026-01-17 12:59:06] [DEBUG] extract_transcript.py: --------------------------------------------------------------------------------
[2026-01-17 12:59:06] [DEBUG] extract_transcript.py: [WHISPER] Segment #047
[2026-01-17 12:59:06] [INFO] [71%] Processing segment #47...
[2026-01-17 12:59:06] [DEBUG] extract_transcript.py: \u23f1\ufe0f  \uc2dc\uac04: 86.80s ~ 88.30s (\uae38\uc774: 1.50s)
[2026-01-17 12:59:06] [DEBUG] extract_transcript.py: \U0001f4c4 \ud14d\uc2a4\ud2b8: \uc0b4\uc5d0\uc11c\ub294 BBQ \uce58\ud0a8 \ub9db\uc774 \ub09c\ub2e4
[2026-01-17 12:59:06] [DEBUG] extract_transcript.py: \U0001f4ca \ubb38\uc790\uc218: 17 chars
[2026-01-17 12:59:06] [DEBUG] extract_transcript.py: \U0001f3af \ud3c9\uade0 \ud655\ub960: -0.1638
[2026-01-17 12:59:06] [DEBUG] extract_transcript.py: \U0001f507 No-speech \ud655\ub960: 0.0000
[2026-01-17 12:59:06] [DEBUG] extract_transcript.py: --------------------------------------------------------------------------------
[2026-01-17 12:59:06] [DEBUG] extract_transcript.py: [WHISPER] Segment #048
[2026-01-17 12:59:06] [INFO] [72%] Processing segment #48...
[2026-01-17 12:59:06] [DEBUG] extract_transcript.py: \u23f1\ufe0f  \uc2dc\uac04: 88.30s ~ 89.30s (\uae38\uc774: 1.00s)
[2026-01-17 12:59:06] [DEBUG] extract_transcript.py: \U0001f4c4 \ud14d\uc2a4\ud2b8: \uc62c\ub9ac\ube0c \uc624\uc77c\uc774 \ub290\uaef4\uc838?
[2026-01-17 12:59:06] [DEBUG] extract_transcript.py: \U0001f4ca \ubb38\uc790\uc218: 12 chars
[2026-01-17 12:59:06] [DEBUG] extract_transcript.py: \U0001f3af \ud3c9\uade0 \ud655\ub960: -0.1638
[2026-01-17 12:59:06] [DEBUG] extract_transcript.py: \U0001f507 No-speech \ud655\ub960: 0.0000
[2026-01-17 12:59:06] [DEBUG] extract_transcript.py: --------------------------------------------------------------------------------
[2026-01-17 12:59:06] [DEBUG] extract_transcript.py: [WHISPER] Segment #049
[2026-01-17 12:59:06] [INFO] [72%] Processing segment #49...
[2026-01-17 12:59:06] [DEBUG] extract_transcript.py: \u23f1\ufe0f  \uc2dc\uac04: 89.30s ~ 91.80s (\uae38\uc774: 2.50s)
[2026-01-17 12:59:06] [DEBUG] extract_transcript.py: \U0001f4c4 \ud14d\uc2a4\ud2b8: \uae00\uc384 \ub098 \uc62c\ub9ac\ube0c \ud558\ub798\ube44\uac00 \uc640\ub3c4 \uc798 \ubaa8\ub97c \uac83 \uac19\uc740\ub370
[2026-01-17 12:59:06] [DEBUG] extract_transcript.py: \U0001f4ca \ubb38\uc790\uc218: 27 chars
[2026-01-17 12:59:06] [DEBUG] extract_transcript.py: \U0001f3af \ud3c9\uade0 \ud655\ub960: -0.1638
[2026-01-17 12:59:06] [DEBUG] extract_transcript.py: \U0001f507 No-speech \ud655\ub960: 0.0000
[2026-01-17 12:59:06] [DEBUG] extract_transcript.py: --------------------------------------------------------------------------------
[2026-01-17 12:59:06] [DEBUG] extract_transcript.py: [WHISPER] Segment #050
[2026-01-17 12:59:06] [INFO] [72%] Processing segment #50...
[2026-01-17 12:59:06] [DEBUG] extract_transcript.py: \u23f1\ufe0f  \uc2dc\uac04: 91.80s ~ 92.80s (\uae38\uc774: 1.00s)
[2026-01-17 12:59:06] [DEBUG] extract_transcript.py: \U0001f4c4 \ud14d\uc2a4\ud2b8: \uce58\ud0a8 \uac04\uc740 \uc5b4\ub54c?
[2026-01-17 12:59:06] [DEBUG] extract_transcript.py: \U0001f4ca \ubb38\uc790\uc218: 9 chars
[2026-01-17 12:59:06] [DEBUG] extract_transcript.py: \U0001f3af \ud3c9\uade0 \ud655\ub960: -0.1638
[2026-01-17 12:59:06] [DEBUG] extract_transcript.py: \U0001f507 No-speech \ud655\ub960: 0.0000
[2026-01-17 12:59:06] [DEBUG] extract_transcript.py: --------------------------------------------------------------------------------
[2026-01-17 12:59:06] [DEBUG] extract_transcript.py: [WHISPER] Segment #051
[2026-01-17 12:59:06] [INFO] [72%] Processing segment #51...
[2026-01-17 12:59:06] [DEBUG] extract_transcript.py: \u23f1\ufe0f  \uc2dc\uac04: 92.80s ~ 96.80s (\uae38\uc774: 4.00s)
[2026-01-17 12:59:06] [DEBUG] extract_transcript.py: \U0001f4c4 \ud14d\uc2a4\ud2b8: \uac04\uc740 \uc6b0\ub9ac\uac00 \uc54c\uace0 \uc788\ub294 BBQ \ud6c4\ub77c\uc774\ub4dc \uce58\ud0a8\uc758 \uadf8 \uac04\uc774\ub791 \uad49\uc7a5\ud788 \ud761\uc0ac\ud574
[2026-01-17 12:59:06] [DEBUG] extract_transcript.py: \U0001f4ca \ubb38\uc790\uc218: 39 chars
[2026-01-17 12:59:06] [DEBUG] extract_transcript.py: \U0001f3af \ud3c9\uade0 \ud655\ub960: -0.1638
[2026-01-17 12:59:06] [DEBUG] extract_transcript.py: \U0001f507 No-speech \ud655\ub960: 0.0000
[2026-01-17 12:59:06] [DEBUG] extract_transcript.py: --------------------------------------------------------------------------------
[2026-01-17 12:59:06] [DEBUG] extract_transcript.py: [WHISPER] Segment #052
[2026-01-17 12:59:06] [INFO] [73%] Processing segment #52...
[2026-01-17 12:59:06] [DEBUG] extract_transcript.py: \u23f1\ufe0f  \uc2dc\uac04: 96.80s ~ 98.80s (\uae38\uc774: 2.00s)
[2026-01-17 12:59:06] [DEBUG] extract_transcript.py: \U0001f4c4 \ud14d\uc2a4\ud2b8: \uc0b4\uc9dd \uac04\uac04\ud55c\uac00 \uc2f6\uc740 \uadf8 \uc815\ub3c4
[2026-01-17 12:59:06] [DEBUG] extract_transcript.py: \U0001f4ca \ubb38\uc790\uc218: 15 chars
[2026-01-17 12:59:06] [DEBUG] extract_transcript.py: \U0001f3af \ud3c9\uade0 \ud655\ub960: -0.1638
[2026-01-17 12:59:06] [DEBUG] extract_transcript.py: \U0001f507 No-speech \ud655\ub960: 0.0000
[2026-01-17 12:59:06] [DEBUG] extract_transcript.py: --------------------------------------------------------------------------------
[2026-01-17 12:59:06] [DEBUG] extract_transcript.py: [WHISPER] Segment #053
[2026-01-17 12:59:06] [INFO] [73%] Processing segment #53...
[2026-01-17 12:59:06] [DEBUG] extract_transcript.py: \u23f1\ufe0f  \uc2dc\uac04: 98.80s ~ 99.30s (\uae38\uc774: 0.50s)
[2026-01-17 12:59:06] [DEBUG] extract_transcript.py: \U0001f4c4 \ud14d\uc2a4\ud2b8: \ub9f5\uc9c0\ub294 \uc54a\uc544?
[2026-01-17 12:59:06] [DEBUG] extract_transcript.py: \U0001f4ca \ubb38\uc790\uc218: 7 chars
[2026-01-17 12:59:06] [DEBUG] extract_transcript.py: \U0001f3af \ud3c9\uade0 \ud655\ub960: -0.1638
[2026-01-17 12:59:06] [DEBUG] extract_transcript.py: \U0001f507 No-speech \ud655\ub960: 0.0000
[2026-01-17 12:59:06] [DEBUG] extract_transcript.py: --------------------------------------------------------------------------------
[2026-01-17 12:59:06] [DEBUG] extract_transcript.py: [WHISPER] Segment #054
[2026-01-17 12:59:06] [INFO] [73%] Processing segment #54...
[2026-01-17 12:59:06] [DEBUG] extract_transcript.py: \u23f1\ufe0f  \uc2dc\uac04: 99.30s ~ 102.30s (\uae38\uc774: 3.00s)
[2026-01-17 12:59:06] [DEBUG] extract_transcript.py: \U0001f4c4 \ud14d\uc2a4\ud2b8: \ub9f5\uae30\ub3c4 BBQ \ud6c4\ub77c\uc774\ub4dc\ub791 \uad49\uc7a5\ud788 \ud761\uc0ac\ud574
[2026-01-17 12:59:06] [DEBUG] extract_transcript.py: \U0001f4ca \ubb38\uc790\uc218: 21 chars
[2026-01-17 12:59:06] [DEBUG] extract_transcript.py: \U0001f3af \ud3c9\uade0 \ud655\ub960: -0.1638
[2026-01-17 12:59:06] [DEBUG] extract_transcript.py: \U0001f507 No-speech \ud655\ub960: 0.0000
[2026-01-17 12:59:06] [DEBUG] extract_transcript.py: --------------------------------------------------------------------------------
[2026-01-17 12:59:06] [DEBUG] extract_transcript.py: [WHISPER] Segment #055
[2026-01-17 12:59:06] [INFO] [73%] Processing segment #55...
[2026-01-17 12:59:06] [DEBUG] extract_transcript.py: \u23f1\ufe0f  \uc2dc\uac04: 102.30s ~ 103.30s (\uae38\uc774: 1.00s)
[2026-01-17 12:59:06] [DEBUG] extract_transcript.py: \U0001f4c4 \ud14d\uc2a4\ud2b8: \uc0b4\uc9dd \uce7c\uce7c\ud574
[2026-01-17 12:59:06] [DEBUG] extract_transcript.py: \U0001f4ca \ubb38\uc790\uc218: 6 chars
[2026-01-17 12:59:06] [DEBUG] extract_transcript.py: \U0001f3af \ud3c9\uade0 \ud655\ub960: -0.1638
[2026-01-17 12:59:06] [DEBUG] extract_transcript.py: \U0001f507 No-speech \ud655\ub960: 0.0000
[2026-01-17 12:59:06] [DEBUG] extract_transcript.py: --------------------------------------------------------------------------------
[2026-01-17 12:59:06] [DEBUG] extract_transcript.py: [WHISPER] Segment #056
[2026-01-17 12:59:06] [INFO] [74%] Processing segment #56...
[2026-01-17 12:59:06] [DEBUG] extract_transcript.py: \u23f1\ufe0f  \uc2dc\uac04: 103.30s ~ 105.30s (\uae38\uc774: 2.00s)
[2026-01-17 12:59:06] [DEBUG] extract_transcript.py: \U0001f4c4 \ud14d\uc2a4\ud2b8: BBQ \uce58\ud0a8\uc5d0\uc11c \uc9c1\uc811 \uc2dc\ud0a8 \uac70\ub791 \ube44\uad50\ud574\ubcf4\uba74 \uc5b4\ub54c?
[2026-01-17 12:59:06] [DEBUG] extract_transcript.py: \U0001f4ca \ubb38\uc790\uc218: 27 chars
[2026-01-17 12:59:06] [DEBUG] extract_transcript.py: \U0001f3af \ud3c9\uade0 \ud655\ub960: -0.1638
[2026-01-17 12:59:06] [DEBUG] extract_transcript.py: \U0001f507 No-speech \ud655\ub960: 0.0000
[2026-01-17 12:59:06] [DEBUG] extract_transcript.py: --------------------------------------------------------------------------------
[2026-01-17 12:59:58] [DEBUG] extract_transcript.py: [WHISPER] Segment #057
[2026-01-17 12:59:58] [INFO] [74%] Processing segment #57...
[2026-01-17 12:59:58] [DEBUG] extract_transcript.py: \u23f1\ufe0f  \uc2dc\uac04: 105.30s ~ 107.30s (\uae38\uc774: 2.00s)
[2026-01-17 12:59:58] [DEBUG] extract_transcript.py: \U0001f4c4 \ud14d\uc2a4\ud2b8: \uadf8\ub7fc BBQ \uce58\ud0a8 \uadf8\uac70 \ube44\uad50\ud574\uc11c \uba39\uc5b4\ubd10\uc57c\uc9c0
[2026-01-17 12:59:58] [DEBUG] extract_transcript.py: \U0001f4ca \ubb38\uc790\uc218: 23 chars
[2026-01-17 12:59:58] [DEBUG] extract_transcript.py: \U0001f3af \ud3c9\uade0 \ud655\ub960: -0.2209
[2026-01-17 12:59:58] [DEBUG] extract_transcript.py: \U0001f507 No-speech \ud655\ub960: 0.0000
[2026-01-17 12:59:58] [DEBUG] extract_transcript.py: --------------------------------------------------------------------------------
[2026-01-17 12:59:58] [DEBUG] extract_transcript.py: [WHISPER] Segment #058
[2026-01-17 12:59:58] [INFO] [74%] Processing segment #58...
[2026-01-17 12:59:58] [DEBUG] extract_transcript.py: \u23f1\ufe0f  \uc2dc\uac04: 107.30s ~ 108.30s (\uae38\uc774: 1.00s)
[2026-01-17 12:59:58] [DEBUG] extract_transcript.py: \U0001f4c4 \ud14d\uc2a4\ud2b8: \uc774 BBQ
[2026-01-17 12:59:58] [DEBUG] extract_transcript.py: \U0001f4ca \ubb38\uc790\uc218: 5 chars
[2026-01-17 12:59:58] [DEBUG] extract_transcript.py: \U0001f3af \ud3c9\uade0 \ud655\ub960: -0.2209
[2026-01-17 12:59:58] [DEBUG] extract_transcript.py: \U0001f507 No-speech \ud655\ub960: 0.0000
[2026-01-17 12:59:58] [DEBUG] extract_transcript.py: --------------------------------------------------------------------------------
[2026-01-17 12:59:58] [DEBUG] extract_transcript.py: [WHISPER] Segment #059
[2026-01-17 12:59:58] [INFO] [74%] Processing segment #59...
[2026-01-17 12:59:58] [DEBUG] extract_transcript.py: \u23f1\ufe0f  \uc2dc\uac04: 112.30s ~ 112.80s (\uae38\uc774: 0.50s)
[2026-01-17 12:59:58] [DEBUG] extract_transcript.py: \U0001f4c4 \ud14d\uc2a4\ud2b8: \uc74c
[2026-01-17 12:59:58] [DEBUG] extract_transcript.py: \U0001f4ca \ubb38\uc790\uc218: 1 chars
[2026-01-17 12:59:58] [DEBUG] extract_transcript.py: \U0001f3af \ud3c9\uade0 \ud655\ub960: -0.2209
[2026-01-17 12:59:58] [DEBUG] extract_transcript.py: \U0001f507 No-speech \ud655\ub960: 0.0000
[2026-01-17 12:59:58] [DEBUG] extract_transcript.py: --------------------------------------------------------------------------------
[2026-01-17 12:59:58] [DEBUG] extract_transcript.py: [WHISPER] Segment #060
[2026-01-17 12:59:58] [INFO] [75%] Processing segment #60...
[2026-01-17 12:59:58] [DEBUG] extract_transcript.py: \u23f1\ufe0f  \uc2dc\uac04: 112.80s ~ 115.30s (\uae38\uc774: 2.50s)
[2026-01-17 12:59:58] [DEBUG] extract_transcript.py: \U0001f4c4 \ud14d\uc2a4\ud2b8: \ub0c9\ub3d9\uc774\ub0d0 \uc544\ub2c8\ub0d0 \ucc28\uc774\uac00 \ud655\uc2e4\ud788 \uc788\uc73c\ub2c8\uae4c
[2026-01-17 12:59:58] [DEBUG] extract_transcript.py: \U0001f4ca \ubb38\uc790\uc218: 21 chars
[2026-01-17 12:59:58] [DEBUG] extract_transcript.py: \U0001f3af \ud3c9\uade0 \ud655\ub960: -0.2209
[2026-01-17 12:59:58] [DEBUG] extract_transcript.py: \U0001f507 No-speech \ud655\ub960: 0.0000
[2026-01-17 12:59:58] [DEBUG] extract_transcript.py: --------------------------------------------------------------------------------
[2026-01-17 12:59:58] [DEBUG] extract_transcript.py: [WHISPER] Segment #061
[2026-01-17 12:59:58] [INFO] [75%] Processing segment #61...
[2026-01-17 12:59:58] [DEBUG] extract_transcript.py: \u23f1\ufe0f  \uc2dc\uac04: 115.30s ~ 116.80s (\uae38\uc774: 1.50s)
[2026-01-17 12:59:58] [DEBUG] extract_transcript.py: \U0001f4c4 \ud14d\uc2a4\ud2b8: \uc774\uac8c \ud6e8\uc52c \ub354 \ub9db\uc788\ub294 \uac74 \uc5b4\uca54 \uc218 \uc5c6\ub294\ub370
[2026-01-17 12:59:58] [DEBUG] extract_transcript.py: \U0001f4ca \ubb38\uc790\uc218: 22 chars
[2026-01-17 12:59:58] [DEBUG] extract_transcript.py: \U0001f3af \ud3c9\uade0 \ud655\ub960: -0.2209
[2026-01-17 12:59:58] [DEBUG] extract_transcript.py: \U0001f507 No-speech \ud655\ub960: 0.0000
[2026-01-17 12:59:58] [DEBUG] extract_transcript.py: --------------------------------------------------------------------------------
[2026-01-17 12:59:58] [DEBUG] extract_transcript.py: [WHISPER] Segment #062
[2026-01-17 12:59:58] [INFO] [75%] Processing segment #62...
[2026-01-17 12:59:58] [DEBUG] extract_transcript.py: \u23f1\ufe0f  \uc2dc\uac04: 117.80s ~ 120.30s (\uae38\uc774: 2.50s)
[2026-01-17 12:59:58] [DEBUG] extract_transcript.py: \U0001f4c4 \ud14d\uc2a4\ud2b8: \ud280\uae40\uc637\uc774 \ub2e4\ub2c8\ub2c8\uae4c \uc644\uc804 \ub2e4\ub978 \uc81c\ud488\uc774 \ub3fc\ubc84\ub9ac\ub124
[2026-01-17 12:59:58] [DEBUG] extract_transcript.py: \U0001f4ca \ubb38\uc790\uc218: 24 chars
[2026-01-17 12:59:58] [DEBUG] extract_transcript.py: \U0001f3af \ud3c9\uade0 \ud655\ub960: -0.2209
[2026-01-17 12:59:58] [DEBUG] extract_transcript.py: \U0001f507 No-speech \ud655\ub960: 0.0000
[2026-01-17 12:59:58] [DEBUG] extract_transcript.py: --------------------------------------------------------------------------------
[2026-01-17 12:59:58] [DEBUG] extract_transcript.py: [WHISPER] Segment #063
[2026-01-17 12:59:58] [INFO] [75%] Processing segment #63...
[2026-01-17 12:59:58] [DEBUG] extract_transcript.py: \u23f1\ufe0f  \uc2dc\uac04: 120.30s ~ 122.80s (\uae38\uc774: 2.50s)
[2026-01-17 12:59:58] [DEBUG] extract_transcript.py: \U0001f4c4 \ud14d\uc2a4\ud2b8: \uadf8\ub798\uc11c \ub610 \uc0ac\ubcf4\uace0 \uc548 \uba39\uc5b4
[2026-01-17 12:59:58] [DEBUG] extract_transcript.py: \U0001f4ca \ubb38\uc790\uc218: 14 chars
[2026-01-17 12:59:58] [DEBUG] extract_transcript.py: \U0001f3af \ud3c9\uade0 \ud655\ub960: -0.2209
[2026-01-17 12:59:58] [DEBUG] extract_transcript.py: \U0001f507 No-speech \ud655\ub960: 0.0000
[2026-01-17 12:59:58] [DEBUG] extract_transcript.py: --------------------------------------------------------------------------------
[2026-01-17 12:59:58] [DEBUG] extract_transcript.py: [WHISPER] Segment #064
[2026-01-17 12:59:58] [INFO] [76%] Processing segment #64...
[2026-01-17 12:59:58] [DEBUG] extract_transcript.py: \u23f1\ufe0f  \uc2dc\uac04: 127.80s ~ 129.80s (\uae38\uc774: 2.00s)
[2026-01-17 12:59:58] [DEBUG] extract_transcript.py: \U0001f4c4 \ud14d\uc2a4\ud2b8: \uc598\ub294 \uc55e\uc73c\ub85c \ub2e4\uc2dc \ubcfc\uc77c \uc5c6\uc744 \uac83 \uac19\uc740\ub370
[2026-01-17 12:59:58] [DEBUG] extract_transcript.py: \U0001f4ca \ubb38\uc790\uc218: 21 chars
[2026-01-17 12:59:58] [DEBUG] extract_transcript.py: \U0001f3af \ud3c9\uade0 \ud655\ub960: -0.2209
[2026-01-17 12:59:58] [DEBUG] extract_transcript.py: \U0001f507 No-speech \ud655\ub960: 0.0000
[2026-01-17 12:59:58] [DEBUG] extract_transcript.py: --------------------------------------------------------------------------------
[2026-01-17 12:59:58] [DEBUG] extract_transcript.py: [WHISPER] Segment #065
[2026-01-17 12:59:58] [INFO] [76%] Processing segment #65...
[2026-01-17 12:59:58] [DEBUG] extract_transcript.py: \u23f1\ufe0f  \uc2dc\uac04: 130.80s ~ 132.80s (\uae38\uc774: 2.00s)
[2026-01-17 12:59:58] [DEBUG] extract_transcript.py: \U0001f4c4 \ud14d\uc2a4\ud2b8: BBQ \ud6c4\ub77c\uc774\ub4dc\ub294 \uc624\ub79c\ub9cc\uc5d0 \uba39\uc5b4\ub3c4 \ub9db\uc788\ub124
[2026-01-17 12:59:58] [DEBUG] extract_transcript.py: \U0001f4ca \ubb38\uc790\uc218: 22 chars
[2026-01-17 12:59:58] [DEBUG] extract_transcript.py: \U0001f3af \ud3c9\uade0 \ud655\ub960: -0.2209
[2026-01-17 12:59:58] [DEBUG] extract_transcript.py: \U0001f507 No-speech \ud655\ub960: 0.0000
[2026-01-17 12:59:58] [DEBUG] extract_transcript.py: --------------------------------------------------------------------------------
[2026-01-17 13:00:48] [DEBUG] extract_transcript.py: [WHISPER] Segment #066
[2026-01-17 13:00:48] [INFO] [76%] Processing segment #66...
[2026-01-17 13:00:48] [DEBUG] extract_transcript.py: \u23f1\ufe0f  \uc2dc\uac04: 132.80s ~ 136.80s (\uae38\uc774: 4.00s)
[2026-01-17 13:00:48] [DEBUG] extract_transcript.py: \U0001f4c4 \ud14d\uc2a4\ud2b8: \ub2c8 \ucf54\uc2a4\ud2b8\ucf54\uc5d0\uc11c \uc65c \ub09c\ub9ac\ub09c\uc9c0 \uc54c \uac83 \uac19\uc544\uc694
[2026-01-17 13:00:48] [DEBUG] extract_transcript.py: \U0001f4ca \ubb38\uc790\uc218: 23 chars
[2026-01-17 13:00:48] [DEBUG] extract_transcript.py: \U0001f3af \ud3c9\uade0 \ud655\ub960: -0.3670
[2026-01-17 13:00:48] [DEBUG] extract_transcript.py: \U0001f507 No-speech \ud655\ub960: 0.0000
[2026-01-17 13:00:48] [DEBUG] extract_transcript.py: --------------------------------------------------------------------------------
[2026-01-17 13:00:48] [DEBUG] extract_transcript.py: [WHISPER] Segment #067
[2026-01-17 13:00:48] [INFO] [76%] Processing segment #67...
[2026-01-17 13:00:48] [DEBUG] extract_transcript.py: \u23f1\ufe0f  \uc2dc\uac04: 136.80s ~ 138.80s (\uae38\uc774: 2.00s)
[2026-01-17 13:00:48] [DEBUG] extract_transcript.py: \U0001f4c4 \ud14d\uc2a4\ud2b8: \uad81\uae08\ud574 \ud55c\ubc88 \uc7a1\uc234\ubcf4\uc2dc\uba74 \ub3fc\uc694
[2026-01-17 13:00:48] [DEBUG] extract_transcript.py: \U0001f4ca \ubb38\uc790\uc218: 15 chars
[2026-01-17 13:00:48] [DEBUG] extract_transcript.py: \U0001f3af \ud3c9\uade0 \ud655\ub960: -0.3670
[2026-01-17 13:00:48] [DEBUG] extract_transcript.py: \U0001f507 No-speech \ud655\ub960: 0.0000
[2026-01-17 13:00:48] [DEBUG] extract_transcript.py: --------------------------------------------------------------------------------
[2026-01-17 13:00:48] [DEBUG] extract_transcript.py: [WHISPER] Segment #068
[2026-01-17 13:00:48] [INFO] [77%] Processing segment #68...
[2026-01-17 13:00:48] [DEBUG] extract_transcript.py: \u23f1\ufe0f  \uc2dc\uac04: 138.80s ~ 141.80s (\uae38\uc774: 3.00s)
[2026-01-17 13:00:48] [DEBUG] extract_transcript.py: \U0001f4c4 \ud14d\uc2a4\ud2b8: \uad6c\ub3c5 \ub20c\ub7ec\ub3c4 \ub09c\ub9ac\ub098\uc9c4 \uc54a\uc544\uc694
[2026-01-17 13:00:48] [DEBUG] extract_transcript.py: \U0001f4ca \ubb38\uc790\uc218: 15 chars
[2026-01-17 13:00:48] [DEBUG] extract_transcript.py: \U0001f3af \ud3c9\uade0 \ud655\ub960: -0.3670
[2026-01-17 13:00:48] [DEBUG] extract_transcript.py: \U0001f507 No-speech \ud655\ub960: 0.0000
[2026-01-17 13:00:48] [DEBUG] extract_transcript.py: --------------------------------------------------------------------------------
[2026-01-17 13:01:51] [DEBUG] extract_transcript.py: [WHISPER] Segment #069
[2026-01-17 13:01:51] [INFO] [77%] Processing segment #69...
[2026-01-17 13:01:51] [DEBUG] extract_transcript.py: \u23f1\ufe0f  \uc2dc\uac04: 141.80s ~ 143.80s (\uae38\uc774: 2.00s)
[2026-01-17 13:01:51] [DEBUG] extract_transcript.py: \U0001f4c4 \ud14d\uc2a4\ud2b8: \uac10\uc0ac\ud569\ub2c8\ub2e4
[2026-01-17 13:01:51] [DEBUG] extract_transcript.py: \U0001f4ca \ubb38\uc790\uc218: 5 chars
[2026-01-17 13:01:51] [DEBUG] extract_transcript.py: \U0001f3af \ud3c9\uade0 \ud655\ub960: -1.2985
[2026-01-17 13:01:51] [DEBUG] extract_transcript.py: \U0001f507 No-speech \ud655\ub960: 0.0000
[2026-01-17 13:01:51] [DEBUG] extract_transcript.py: --------------------------------------------------------------------------------
[2026-01-17 13:01:51] [DEBUG] extract_transcript.py: [WHISPER] Segment #070
[2026-01-17 13:01:51] [INFO] [77%] Processing segment #70...
[2026-01-17 13:01:51] [DEBUG] extract_transcript.py: \u23f1\ufe0f  \uc2dc\uac04: 143.80s ~ 145.80s (\uae38\uc774: 2.00s)
[2026-01-17 13:01:51] [DEBUG] extract_transcript.py: \U0001f4c4 \ud14d\uc2a4\ud2b8: \uac10\uc0ac\ud569\ub2c8\ub2e4
[2026-01-17 13:01:51] [DEBUG] extract_transcript.py: \U0001f4ca \ubb38\uc790\uc218: 5 chars
[2026-01-17 13:01:51] [DEBUG] extract_transcript.py: \U0001f3af \ud3c9\uade0 \ud655\ub960: -1.2985
[2026-01-17 13:01:51] [DEBUG] extract_transcript.py: \U0001f507 No-speech \ud655\ub960: 0.0000
[2026-01-17 13:01:51] [DEBUG] extract_transcript.py: --------------------------------------------------------------------------------
[2026-01-17 13:01:51] [DEBUG] extract_transcript.py: [WHISPER] Segment #071
[2026-01-17 13:01:51] [INFO] [77%] Processing segment #71...
[2026-01-17 13:01:51] [DEBUG] extract_transcript.py: \u23f1\ufe0f  \uc2dc\uac04: 145.80s ~ 147.80s (\uae38\uc774: 2.00s)
[2026-01-17 13:01:51] [DEBUG] extract_transcript.py: \U0001f4c4 \ud14d\uc2a4\ud2b8: \uac10\uc0ac\ud569\ub2c8\ub2e4
[2026-01-17 13:01:51] [DEBUG] extract_transcript.py: \U0001f4ca \ubb38\uc790\uc218: 5 chars
[2026-01-17 13:01:51] [DEBUG] extract_transcript.py: \U0001f3af \ud3c9\uade0 \ud655\ub960: -1.2985
[2026-01-17 13:01:51] [DEBUG] extract_transcript.py: \U0001f507 No-speech \ud655\ub960: 0.0000
[2026-01-17 13:01:51] [DEBUG] extract_transcript.py: --------------------------------------------------------------------------------
[2026-01-17 13:01:51] [DEBUG] extract_transcript.py: [WHISPER] Segment #072
[2026-01-17 13:01:51] [INFO] [78%] Processing segment #72...
[2026-01-17 13:01:51] [DEBUG] extract_transcript.py: \u23f1\ufe0f  \uc2dc\uac04: 147.80s ~ 149.80s (\uae38\uc774: 2.00s)
[2026-01-17 13:01:51] [DEBUG] extract_transcript.py: \U0001f4c4 \ud14d\uc2a4\ud2b8: \uac10\uc0ac\ud569\ub2c8\ub2e4
[2026-01-17 13:01:51] [DEBUG] extract_transcript.py: \U0001f4ca \ubb38\uc790\uc218: 5 chars
[2026-01-17 13:01:51] [DEBUG] extract_transcript.py: \U0001f3af \ud3c9\uade0 \ud655\ub960: -1.2985
[2026-01-17 13:01:51] [DEBUG] extract_transcript.py: \U0001f507 No-speech \ud655\ub960: 0.0000
[2026-01-17 13:01:51] [DEBUG] extract_transcript.py: --------------------------------------------------------------------------------
[2026-01-17 13:01:51] [DEBUG] extract_transcript.py: ================================================================================
[2026-01-17 13:01:51] [DEBUG] extract_transcript.py: \u2705 WHISPER \ucc98\ub9ac \uc644\ub8cc!
[2026-01-17 13:01:51] [DEBUG] extract_transcript.py: ================================================================================
[2026-01-17 13:01:51] [DEBUG] extract_transcript.py: \U0001f4ca \ucc98\ub9ac \ud1b5\uacc4:
[2026-01-17 13:01:51] [DEBUG] extract_transcript.py: - \ucd1d \uc138\uadf8\uba3c\ud2b8 \uc218: 72
[2026-01-17 13:01:51] [DEBUG] extract_transcript.py: - \ucd1d \ubb38\uc790 \uc218: 1,184 chars
[2026-01-17 13:01:51] [DEBUG] extract_transcript.py: - \ubaa8\ub378 \ub85c\ub529 \uc2dc\uac04: 13.36\ucd08
[2026-01-17 13:01:51] [DEBUG] extract_transcript.py: - \uc74c\uc131 \uc778\uc2dd \uc2dc\uac04: 453.86\ucd08
[2026-01-17 13:01:51] [DEBUG] extract_transcript.py: - \uc804\uccb4 \ucc98\ub9ac \uc2dc\uac04: 467.23\ucd08
[2026-01-17 13:01:51] [DEBUG] extract_transcript.py: - \ucc98\ub9ac \uc18d\ub3c4: 0.31x \uc2e4\uc2dc\uac04
[2026-01-17 13:01:51] [DEBUG] extract_transcript.py: ================================================================================
