[2026-01-22 12:01:43] [INFO] ================================================================================
[2026-01-22 12:01:43] [INFO] YouTube Script Extractor Server Started
[2026-01-22 12:01:43] [INFO] Log file: /app/Logs/Server_20260122_120143.log
[2026-01-22 12:01:43] [INFO] ================================================================================
[2026-01-22 12:01:43] [INFO] ================================================================================
[2026-01-22 12:01:43] [INFO] YouTube Script Extractor Server Started
[2026-01-22 12:01:43] [INFO] Log file: /app/Logs/Server_20260122_120143.log
[2026-01-22 12:01:43] [INFO] ================================================================================
[2026-01-22 12:02:03] [INFO] Listed 6 scripts
[2026-01-22 12:02:08] [INFO] Listed 6 scripts
[2026-01-22 12:03:04] [INFO] New extraction request: https://youtu.be/NX0Re9mNCUQ?si=WGDahL2u1bmsuteS
[2026-01-22 12:03:04] [INFO] Extracted video ID: NX0Re9mNCUQ
[2026-01-22 12:03:04] [INFO] Starting extraction for video: NX0Re9mNCUQ
[2026-01-22 12:03:04] [INFO] Background extraction thread started for video: NX0Re9mNCUQ
[2026-01-22 12:03:04] [INFO] [5%] Extracting video information...
[2026-01-22 12:03:04] [DEBUG] Getting video title for: NX0Re9mNCUQ
[2026-01-22 12:03:14] [INFO] Video title: 세계질서 위협하는 '트럼프 욕망'에 흉터만 남은 대서양 동맹 (2026.01.22/뉴스데스크/MBC)
[2026-01-22 12:03:14] [INFO] [10%] Downloading audio: 세계질서 위협하는 '트럼프 욕망'에 흉터만 남은 대서양 동맹 (2026.01.22/뉴스데스크/MBC)...
[2026-01-22 12:03:14] [DEBUG] Starting extract_transcript.py subprocess for: NX0Re9mNCUQ
[2026-01-22 12:03:14] [DEBUG] extract_transcript.py: [MAIN] Calling extract_transcript_whisper for video: NX0Re9mNCUQ
[2026-01-22 12:03:14] [DEBUG] extract_transcript.py: ================================================================================
[2026-01-22 12:03:14] [DEBUG] extract_transcript.py: 📹 YT-DLP 오디오 다운로드 시작
[2026-01-22 12:03:14] [INFO] [15%] Downloading audio from YouTube...
[2026-01-22 12:03:14] [DEBUG] extract_transcript.py: ================================================================================
[2026-01-22 12:03:14] [DEBUG] extract_transcript.py: [YT-DLP] URL: https://www.youtube.com/watch?v=NX0Re9mNCUQ
[2026-01-22 12:03:14] [DEBUG] extract_transcript.py: [YT-DLP WARNING] ⚠️  Deprecated Feature: Support for Python version 3.9 has been deprecated. Please update to Python 3.10 or above
[2026-01-22 12:03:14] [DEBUG] extract_transcript.py: [YT-DLP ERROR] ❌ Deprecated Feature: Support for Python version 3.9 has been deprecated. Please update to Python 3.10 or above
[2026-01-22 12:03:15] [DEBUG] extract_transcript.py: [YT-DLP DEBUG] [youtube] Extracting URL: https://www.youtube.com/watch?v=NX0Re9mNCUQ
[2026-01-22 12:03:15] [DEBUG] extract_transcript.py: [YT-DLP DEBUG] [youtube] NX0Re9mNCUQ: Downloading webpage
[2026-01-22 12:03:16] [DEBUG] extract_transcript.py: [YT-DLP DEBUG] [youtube] NX0Re9mNCUQ: Downloading android player API JSON
[2026-01-22 12:03:16] [DEBUG] extract_transcript.py: [YT-DLP WARNING] ⚠️  [youtube] NX0Re9mNCUQ: android client https formats require a GVS PO Token which was not provided. They will be skipped as they may yield HTTP Error 403. You can manually pass a GVS PO Token for this client with --extractor-args "youtube:po_token=android.gvs+XXX". For more information, refer to  https://github.com/yt-dlp/yt-dlp/wiki/PO-Token-Guide
[2026-01-22 12:03:16] [DEBUG] extract_transcript.py: [YT-DLP WARNING] ⚠️  [youtube] NX0Re9mNCUQ: Some web client https formats have been skipped as they are missing a url. YouTube is forcing SABR streaming for this client. See  https://github.com/yt-dlp/yt-dlp/issues/12482  for more details
[2026-01-22 12:03:16] [DEBUG] extract_transcript.py: [YT-DLP DEBUG] [info] NX0Re9mNCUQ: Downloading 1 format(s): 18
[2026-01-22 12:03:16] [DEBUG] extract_transcript.py: [YT-DLP DEBUG] [download] Sleeping 6.00 seconds as required by the site...
[2026-01-22 12:03:20] [INFO] Listed 6 scripts
[2026-01-22 12:03:22] [DEBUG] extract_transcript.py: [YT-DLP DEBUG] [download] Destination: Temp_Audio/NX0Re9mNCUQ.m4a
[2026-01-22 12:03:22] [DEBUG] extract_transcript.py: [YT-DLP DEBUG] [download]   0.0% of    7.11MiB at  116.86KiB/s ETA 01:02
[2026-01-22 12:03:22] [DEBUG] extract_transcript.py: [YT-DLP DOWNLOAD] 진행률: 0.0% | 다운로드: 1,024/7,452,045 bytes | 속도: 116.9 KB/s | 남은시간: 62초
[2026-01-22 12:03:22] [INFO] [15%] Downloading: 0.0%...
[2026-01-22 12:03:22] [DEBUG] extract_transcript.py: [YT-DLP DEBUG] [download]   0.0% of    7.11MiB at  338.22KiB/s ETA 00:21
[2026-01-22 12:03:22] [DEBUG] extract_transcript.py: [YT-DLP DOWNLOAD] 진행률: 0.0% | 다운로드: 3,072/7,452,045 bytes | 속도: 338.2 KB/s | 남은시간: 21초
[2026-01-22 12:03:22] [INFO] [15%] Downloading: 0.0%...
[2026-01-22 12:03:22] [DEBUG] extract_transcript.py: [YT-DLP DEBUG] [download]   0.1% of    7.11MiB at  741.40KiB/s ETA 00:09
[2026-01-22 12:03:22] [DEBUG] extract_transcript.py: [YT-DLP DOWNLOAD] 진행률: 0.1% | 다운로드: 7,168/7,452,045 bytes | 속도: 741.4 KB/s | 남은시간: 9초
[2026-01-22 12:03:22] [INFO] [15%] Downloading: 0.1%...
[2026-01-22 12:03:22] [DEBUG] extract_transcript.py: [YT-DLP DEBUG] [download]   0.2% of    7.11MiB at    1.33MiB/s ETA 00:05
[2026-01-22 12:03:22] [DEBUG] extract_transcript.py: [YT-DLP DOWNLOAD] 진행률: 0.2% | 다운로드: 15,360/7,452,045 bytes | 속도: 1361.9 KB/s | 남은시간: 5초
[2026-01-22 12:03:22] [INFO] [15%] Downloading: 0.2%...
[2026-01-22 12:03:22] [DEBUG] extract_transcript.py: [YT-DLP DEBUG] [download]   0.4% of    7.11MiB at    2.59MiB/s ETA 00:02
[2026-01-22 12:03:22] [DEBUG] extract_transcript.py: [YT-DLP DOWNLOAD] 진행률: 0.4% | 다운로드: 31,744/7,452,045 bytes | 속도: 2649.1 KB/s | 남은시간: 2초
[2026-01-22 12:03:22] [INFO] [15%] Downloading: 0.4%...
[2026-01-22 12:03:22] [DEBUG] extract_transcript.py: [YT-DLP DEBUG] [download]   0.9% of    7.11MiB at    4.27MiB/s ETA 00:01
[2026-01-22 12:03:22] [DEBUG] extract_transcript.py: [YT-DLP DOWNLOAD] 진행률: 0.9% | 다운로드: 64,512/7,452,045 bytes | 속도: 4367.6 KB/s | 남은시간: 1초
[2026-01-22 12:03:22] [INFO] [15%] Downloading: 0.9%...
[2026-01-22 12:03:22] [DEBUG] extract_transcript.py: [YT-DLP DEBUG] [download]   1.7% of    7.11MiB at    4.80MiB/s ETA 00:01
[2026-01-22 12:03:22] [DEBUG] extract_transcript.py: [YT-DLP DOWNLOAD] 진행률: 1.7% | 다운로드: 130,048/7,452,045 bytes | 속도: 4910.6 KB/s | 남은시간: 1초
[2026-01-22 12:03:22] [INFO] [15%] Downloading: 1.7%...
[2026-01-22 12:03:22] [DEBUG] extract_transcript.py: [YT-DLP DEBUG] [download]   3.5% of    7.11MiB at    7.84MiB/s ETA 00:00
[2026-01-22 12:03:22] [DEBUG] extract_transcript.py: [YT-DLP DOWNLOAD] 진행률: 3.5% | 다운로드: 261,120/7,452,045 bytes | 속도: 8032.8 KB/s
[2026-01-22 12:03:22] [INFO] [15%] Downloading: 3.5%...
[2026-01-22 12:03:22] [DEBUG] extract_transcript.py: [YT-DLP DEBUG] [download]   7.0% of    7.11MiB at   10.01MiB/s ETA 00:00
[2026-01-22 12:03:22] [DEBUG] extract_transcript.py: [YT-DLP DOWNLOAD] 진행률: 7.0% | 다운로드: 523,264/7,452,045 bytes | 속도: 10254.1 KB/s
[2026-01-22 12:03:22] [INFO] [16%] Downloading: 7.0%...
[2026-01-22 12:03:22] [DEBUG] extract_transcript.py: [YT-DLP DEBUG] [download]  14.1% of    7.11MiB at    8.06MiB/s ETA 00:00
[2026-01-22 12:03:22] [DEBUG] extract_transcript.py: [YT-DLP DOWNLOAD] 진행률: 14.1% | 다운로드: 1,047,552/7,452,045 bytes | 속도: 8249.3 KB/s
[2026-01-22 12:03:22] [INFO] [17%] Downloading: 14.1%...
[2026-01-22 12:03:22] [DEBUG] extract_transcript.py: [YT-DLP DEBUG] [download]  28.1% of    7.11MiB at   11.43MiB/s ETA 00:00
[2026-01-22 12:03:22] [DEBUG] extract_transcript.py: [YT-DLP DOWNLOAD] 진행률: 28.1% | 다운로드: 2,096,128/7,452,045 bytes | 속도: 11703.6 KB/s
[2026-01-22 12:03:22] [INFO] [20%] Downloading: 28.1%...
[2026-01-22 12:03:23] [DEBUG] extract_transcript.py: [YT-DLP DEBUG] [download]  56.3% of    7.11MiB at   12.85MiB/s ETA 00:00
[2026-01-22 12:03:23] [DEBUG] extract_transcript.py: [YT-DLP DOWNLOAD] 진행률: 56.3% | 다운로드: 4,193,280/7,452,045 bytes | 속도: 13161.7 KB/s
[2026-01-22 12:03:23] [INFO] [26%] Downloading: 56.3%...
[2026-01-22 12:03:23] [DEBUG] extract_transcript.py: [YT-DLP DEBUG] [download] 100.0% of    7.11MiB at   14.18MiB/s ETA 00:00
[2026-01-22 12:03:23] [DEBUG] extract_transcript.py: [YT-DLP DOWNLOAD] 진행률: 100.0% | 다운로드: 7,452,045/7,452,045 bytes | 속도: 14520.7 KB/s
[2026-01-22 12:03:23] [INFO] [35%] Downloading: 100.0%...
[2026-01-22 12:03:23] [DEBUG] extract_transcript.py: [YT-DLP DEBUG] [download] 100% of    7.11MiB in 00:00:00 at 12.54MiB/s
[2026-01-22 12:03:23] [DEBUG] extract_transcript.py: [YT-DLP DOWNLOAD] ✓ 다운로드 완료!
[2026-01-22 12:03:23] [DEBUG] extract_transcript.py: [YT-DLP DOWNLOAD]    - 파일: Temp_Audio/NX0Re9mNCUQ.m4a
[2026-01-22 12:03:23] [DEBUG] extract_transcript.py: [YT-DLP DOWNLOAD]    - 크기: 7,452,045 bytes
[2026-01-22 12:03:23] [DEBUG] extract_transcript.py: [YT-DLP DOWNLOAD]    - 소요시간: 0.57초
[2026-01-22 12:03:23] [DEBUG] extract_transcript.py: [YT-DLP DOWNLOAD]    - 평균 속도: 12843.8 KB/s
[2026-01-22 12:03:23] [DEBUG] extract_transcript.py: ================================================================================
[2026-01-22 12:03:23] [DEBUG] extract_transcript.py: ✅ YT-DLP 다운로드 완료
[2026-01-22 12:03:23] [INFO] [35%] Audio download completed!
[2026-01-22 12:03:23] [DEBUG] extract_transcript.py: ================================================================================
[2026-01-22 12:03:23] [DEBUG] extract_transcript.py: ================================================================================
[2026-01-22 12:03:23] [DEBUG] extract_transcript.py: 🎤 WHISPER AI 음성 인식 상세 로그
[2026-01-22 12:03:23] [DEBUG] extract_transcript.py: ================================================================================
[2026-01-22 12:03:23] [DEBUG] extract_transcript.py: [WHISPER] 📥 모델 로딩 중...
[2026-01-22 12:03:23] [DEBUG] extract_transcript.py: [WHISPER]    - 모델: turbo
[2026-01-22 12:03:23] [DEBUG] extract_transcript.py: [WHISPER]    - 디바이스: CPU
[2026-01-22 12:03:23] [DEBUG] extract_transcript.py: [WHISPER]    - 연산 타입: int8
[2026-01-22 12:04:39] [DEBUG] extract_transcript.py: [WHISPER] ✓ 모델 로딩 완료 (소요시간: 76.72초)
[2026-01-22 12:04:39] [DEBUG] extract_transcript.py: [WHISPER] 🔍 오디오 파일 분석 중...
[2026-01-22 12:04:39] [DEBUG] extract_transcript.py: [WHISPER]    - 파일: Temp_Audio/NX0Re9mNCUQ.m4a
[2026-01-22 12:04:39] [DEBUG] extract_transcript.py: [WHISPER]    - Beam size: 5
[2026-01-22 12:04:44] [DEBUG] extract_transcript.py: [WHISPER] ✓ 오디오 분석 완료
[2026-01-22 12:04:44] [DEBUG] extract_transcript.py: [WHISPER]    - 감지된 언어: ko
[2026-01-22 12:04:44] [DEBUG] extract_transcript.py: [WHISPER]    - 언어 확률: 0.9987 (99.87%)
[2026-01-22 12:04:44] [DEBUG] extract_transcript.py: [WHISPER]    - 예상 총 길이: 155.85초
[2026-01-22 12:04:44] [DEBUG] extract_transcript.py: [WHISPER] 📝 세그먼트 처리 시작...
[2026-01-22 12:04:44] [DEBUG] extract_transcript.py: --------------------------------------------------------------------------------
[2026-01-22 12:04:50] [DEBUG] extract_transcript.py: [WHISPER] Segment #001
[2026-01-22 12:04:50] [INFO] [60%] Processing segment #1...
[2026-01-22 12:04:50] [DEBUG] extract_transcript.py: ⏱️  시간: 0.00s ~ 7.98s (길이: 7.98s)
[2026-01-22 12:04:50] [DEBUG] extract_transcript.py: 📄 텍스트: 유럽이 쉽게 물러서지 않자 미국도 피해를 입을 것 같고 트럼프 대통령은 그제야 한 발 물러서는 듯한 태도를 ...
[2026-01-22 12:04:50] [DEBUG] extract_transcript.py: 📊 문자수: 66 chars
[2026-01-22 12:04:50] [DEBUG] extract_transcript.py: 🎯 평균 확률: -0.0779
[2026-01-22 12:04:50] [DEBUG] extract_transcript.py: 🔇 No-speech 확률: 0.0000
[2026-01-22 12:04:50] [DEBUG] extract_transcript.py: --------------------------------------------------------------------------------
[2026-01-22 12:04:50] [DEBUG] extract_transcript.py: [WHISPER] Segment #002
[2026-01-22 12:04:50] [INFO] [60%] Processing segment #2...
[2026-01-22 12:04:50] [DEBUG] extract_transcript.py: ⏱️  시간: 8.66s ~ 14.02s (길이: 5.36s)
[2026-01-22 12:04:50] [DEBUG] extract_transcript.py: 📄 텍스트: 하지만 80년을 굳게 이어온 동맹관계에 이미 돌이킬 수 없는 균열이 생긴 뒤입니다.
[2026-01-22 12:04:50] [DEBUG] extract_transcript.py: 📊 문자수: 46 chars
[2026-01-22 12:04:50] [DEBUG] extract_transcript.py: 🎯 평균 확률: -0.0779
[2026-01-22 12:04:50] [DEBUG] extract_transcript.py: 🔇 No-speech 확률: 0.0000
[2026-01-22 12:04:50] [DEBUG] extract_transcript.py: --------------------------------------------------------------------------------
[2026-01-22 12:04:50] [DEBUG] extract_transcript.py: [WHISPER] Segment #003
[2026-01-22 12:04:50] [INFO] [60%] Processing segment #3...
[2026-01-22 12:04:50] [DEBUG] extract_transcript.py: ⏱️  시간: 14.48s ~ 16.28s (길이: 1.80s)
[2026-01-22 12:04:50] [DEBUG] extract_transcript.py: 📄 텍스트: 베를린에서 이덕영 특파원입니다.
[2026-01-22 12:04:50] [DEBUG] extract_transcript.py: 📊 문자수: 17 chars
[2026-01-22 12:04:50] [DEBUG] extract_transcript.py: 🎯 평균 확률: -0.0779
[2026-01-22 12:04:50] [DEBUG] extract_transcript.py: 🔇 No-speech 확률: 0.0000
[2026-01-22 12:04:50] [DEBUG] extract_transcript.py: --------------------------------------------------------------------------------
[2026-01-22 12:04:50] [DEBUG] extract_transcript.py: [WHISPER] Segment #004
[2026-01-22 12:04:50] [INFO] [61%] Processing segment #4...
[2026-01-22 12:04:50] [DEBUG] extract_transcript.py: ⏱️  시간: 18.92s ~ 28.24s (길이: 9.32s)
[2026-01-22 12:04:50] [DEBUG] extract_transcript.py: 📄 텍스트: 그린란드를 완전히 차지하겠다는 트럼프 대통령의 다보스 포럼 연설 직후 유럽의회는 미국과의 무역 합의 표결을 ...
[2026-01-22 12:04:50] [DEBUG] extract_transcript.py: 📊 문자수: 77 chars
[2026-01-22 12:04:50] [DEBUG] extract_transcript.py: 🎯 평균 확률: -0.0779
[2026-01-22 12:04:50] [DEBUG] extract_transcript.py: 🔇 No-speech 확률: 0.0000
[2026-01-22 12:04:50] [DEBUG] extract_transcript.py: --------------------------------------------------------------------------------
[2026-01-22 12:04:55] [DEBUG] extract_transcript.py: [WHISPER] Segment #005
[2026-01-22 12:04:55] [INFO] [61%] Processing segment #5...
[2026-01-22 12:04:55] [DEBUG] extract_transcript.py: ⏱️  시간: 30.00s ~ 52.70s (길이: 22.70s)
[2026-01-22 12:04:55] [DEBUG] extract_transcript.py: 📄 텍스트: 유럽 연합은 미국이 매기는 상호 관세를 15%로 낮추는 대신 6천억 달러를 투자하기로 했는데 그 승인 표결 ...
[2026-01-22 12:04:55] [DEBUG] extract_transcript.py: 📊 문자수: 75 chars
[2026-01-22 12:04:55] [DEBUG] extract_transcript.py: 🎯 평균 확률: -0.0771
[2026-01-22 12:04:55] [DEBUG] extract_transcript.py: 🔇 No-speech 확률: 0.0000
[2026-01-22 12:04:55] [DEBUG] extract_transcript.py: --------------------------------------------------------------------------------
[2026-01-22 12:04:55] [DEBUG] extract_transcript.py: [WHISPER] Segment #006
[2026-01-22 12:04:55] [INFO] [61%] Processing segment #6...
[2026-01-22 12:04:55] [DEBUG] extract_transcript.py: ⏱️  시간: 53.00s ~ 59.52s (길이: 6.52s)
[2026-01-22 12:04:55] [DEBUG] extract_transcript.py: 📄 텍스트: 유럽은 약 930억 유로, 160조 원 규모의 대미 보복 관세 패키지도 준비하고 있었습니다.
[2026-01-22 12:04:55] [DEBUG] extract_transcript.py: 📊 문자수: 51 chars
[2026-01-22 12:04:55] [DEBUG] extract_transcript.py: 🎯 평균 확률: -0.0771
[2026-01-22 12:04:55] [DEBUG] extract_transcript.py: 🔇 No-speech 확률: 0.0000
[2026-01-22 12:04:55] [DEBUG] extract_transcript.py: --------------------------------------------------------------------------------
[2026-01-22 12:05:00] [DEBUG] extract_transcript.py: [WHISPER] Segment #007
[2026-01-22 12:05:00] [INFO] [61%] Processing segment #7...
[2026-01-22 12:05:00] [DEBUG] extract_transcript.py: ⏱️  시간: 60.20s ~ 68.38s (길이: 8.18s)
[2026-01-22 12:05:00] [DEBUG] extract_transcript.py: 📄 텍스트: 여기에 방 강압수단 발동에 프랑스와 독일도 동의하면서 EU 긴급 정상회의에서 이를 요구할 거란 보도도 나왔습...
[2026-01-22 12:05:00] [DEBUG] extract_transcript.py: 📊 문자수: 63 chars
[2026-01-22 12:05:00] [DEBUG] extract_transcript.py: 🎯 평균 확률: -0.1501
[2026-01-22 12:05:00] [DEBUG] extract_transcript.py: 🔇 No-speech 확률: 0.0000
[2026-01-22 12:05:00] [DEBUG] extract_transcript.py: --------------------------------------------------------------------------------
[2026-01-22 12:05:04] [DEBUG] extract_transcript.py: [WHISPER] Segment #008
[2026-01-22 12:05:04] [INFO] [62%] Processing segment #8...
[2026-01-22 12:05:04] [DEBUG] extract_transcript.py: ⏱️  시간: 68.38s ~ 88.26s (길이: 19.88s)
[2026-01-22 12:05:04] [DEBUG] extract_transcript.py: 📄 텍스트: 특히 덴마크 연기금의 미국 국채 매각 소식은 달러와 가치와 뉴욕 증시를 타격했습니다.
[2026-01-22 12:05:04] [DEBUG] extract_transcript.py: 📊 문자수: 47 chars
[2026-01-22 12:05:04] [DEBUG] extract_transcript.py: 🎯 평균 확률: -0.1508
[2026-01-22 12:05:04] [DEBUG] extract_transcript.py: 🔇 No-speech 확률: 0.0000
[2026-01-22 12:05:04] [DEBUG] extract_transcript.py: --------------------------------------------------------------------------------
[2026-01-22 12:05:09] [DEBUG] extract_transcript.py: [WHISPER] Segment #009
[2026-01-22 12:05:09] [INFO] [62%] Processing segment #9...
[2026-01-22 12:05:09] [DEBUG] extract_transcript.py: ⏱️  시간: 88.26s ~ 96.08s (길이: 7.82s)
[2026-01-22 12:05:09] [DEBUG] extract_transcript.py: 📄 텍스트: 트럼프 대통령도 태어난 척했지만 증시 폭락을 언급하면서 그린란드를 아이슬란드로 잘못 말하기도 했습니다.
[2026-01-22 12:05:09] [DEBUG] extract_transcript.py: 📊 문자수: 57 chars
[2026-01-22 12:05:09] [DEBUG] extract_transcript.py: 🎯 평균 확률: -0.1236
[2026-01-22 12:05:09] [DEBUG] extract_transcript.py: 🔇 No-speech 확률: 0.0000
[2026-01-22 12:05:09] [DEBUG] extract_transcript.py: --------------------------------------------------------------------------------
[2026-01-22 12:05:14] [DEBUG] extract_transcript.py: [WHISPER] Segment #010
[2026-01-22 12:05:14] [INFO] [62%] Processing segment #10...
[2026-01-22 12:05:14] [DEBUG] extract_transcript.py: ⏱️  시간: 96.08s ~ 114.42s (길이: 18.34s)
[2026-01-22 12:05:14] [DEBUG] extract_transcript.py: 📄 텍스트: 유럽의 맹방들로부터 용납할 수 없다, 저항할 것이다 라는 등의 전례 없는 반발까지 나오자 한 발 물러선 겁니...
[2026-01-22 12:05:14] [DEBUG] extract_transcript.py: 📊 문자수: 62 chars
[2026-01-22 12:05:14] [DEBUG] extract_transcript.py: 🎯 평균 확률: -0.1065
[2026-01-22 12:05:14] [DEBUG] extract_transcript.py: 🔇 No-speech 확률: 0.0000
[2026-01-22 12:05:14] [DEBUG] extract_transcript.py: --------------------------------------------------------------------------------
[2026-01-22 12:05:19] [DEBUG] extract_transcript.py: [WHISPER] Segment #011
[2026-01-22 12:05:19] [INFO] [62%] Processing segment #11...
[2026-01-22 12:05:19] [DEBUG] extract_transcript.py: ⏱️  시간: 114.42s ~ 121.12s (길이: 6.70s)
[2026-01-22 12:05:19] [DEBUG] extract_transcript.py: 📄 텍스트: 강한 저항의 직면에 자신의 피해가 예상되면 물러서는 트럼프 특유의 행동 방식입니다.
[2026-01-22 12:05:19] [DEBUG] extract_transcript.py: 📊 문자수: 46 chars
[2026-01-22 12:05:19] [DEBUG] extract_transcript.py: 🎯 평균 확률: -0.0553
[2026-01-22 12:05:19] [DEBUG] extract_transcript.py: 🔇 No-speech 확률: 0.0000
[2026-01-22 12:05:19] [DEBUG] extract_transcript.py: --------------------------------------------------------------------------------
[2026-01-22 12:05:19] [DEBUG] extract_transcript.py: [WHISPER] Segment #012
[2026-01-22 12:05:19] [INFO] [63%] Processing segment #12...
[2026-01-22 12:05:19] [DEBUG] extract_transcript.py: ⏱️  시간: 122.04s ~ 131.38s (길이: 9.34s)
[2026-01-22 12:05:19] [DEBUG] extract_transcript.py: 📄 텍스트: 뒤늦게 그린란드에 군사 대응은 하지 않겠다고 말하고 보복 관세는 없다고 했지만 이미 80년 대서양 동맹에는 ...
[2026-01-22 12:05:19] [DEBUG] extract_transcript.py: 📊 문자수: 73 chars
[2026-01-22 12:05:19] [DEBUG] extract_transcript.py: 🎯 평균 확률: -0.0553
[2026-01-22 12:05:19] [DEBUG] extract_transcript.py: 🔇 No-speech 확률: 0.0000
[2026-01-22 12:05:19] [DEBUG] extract_transcript.py: --------------------------------------------------------------------------------
[2026-01-22 12:05:25] [DEBUG] extract_transcript.py: [WHISPER] Segment #013
[2026-01-22 12:05:25] [INFO] [63%] Processing segment #13...
[2026-01-22 12:05:25] [DEBUG] extract_transcript.py: ⏱️  시간: 131.38s ~ 143.10s (길이: 11.72s)
[2026-01-22 12:05:25] [DEBUG] extract_transcript.py: 📄 텍스트: 동맹인 프랑스와 영국은 트럼프가 원하는 평화위원회에 불참을 선언했지만 러시아 푸틴 대통령은 참여한다는 피하 ...
[2026-01-22 12:05:25] [DEBUG] extract_transcript.py: 📊 문자수: 85 chars
[2026-01-22 12:05:25] [DEBUG] extract_transcript.py: 🎯 평균 확률: -0.0563
[2026-01-22 12:05:25] [DEBUG] extract_transcript.py: 🔇 No-speech 확률: 0.0000
[2026-01-22 12:05:25] [DEBUG] extract_transcript.py: --------------------------------------------------------------------------------
[2026-01-22 12:05:25] [DEBUG] extract_transcript.py: [WHISPER] Segment #014
[2026-01-22 12:05:25] [INFO] [63%] Processing segment #14...
[2026-01-22 12:05:25] [DEBUG] extract_transcript.py: ⏱️  시간: 143.98s ~ 151.36s (길이: 7.38s)
[2026-01-22 12:05:25] [DEBUG] extract_transcript.py: 📄 텍스트: 전후 힘겹게 확립된 세계 질서는 종말을 향해 달려가고 있고 그 선두를 트럼프 대통령이 이끌고 있는 모습입니다...
[2026-01-22 12:05:25] [DEBUG] extract_transcript.py: 📊 문자수: 61 chars
[2026-01-22 12:05:25] [DEBUG] extract_transcript.py: 🎯 평균 확률: -0.0563
[2026-01-22 12:05:25] [DEBUG] extract_transcript.py: 🔇 No-speech 확률: 0.0000
[2026-01-22 12:05:25] [DEBUG] extract_transcript.py: --------------------------------------------------------------------------------
[2026-01-22 12:05:25] [DEBUG] extract_transcript.py: [WHISPER] Segment #015
[2026-01-22 12:05:25] [INFO] [63%] Processing segment #15...
[2026-01-22 12:05:25] [DEBUG] extract_transcript.py: ⏱️  시간: 152.02s ~ 154.04s (길이: 2.02s)
[2026-01-22 12:05:25] [DEBUG] extract_transcript.py: 📄 텍스트: 베를린에서 MBC 뉴스 이덕영입니다.
[2026-01-22 12:05:25] [DEBUG] extract_transcript.py: 📊 문자수: 20 chars
[2026-01-22 12:05:25] [DEBUG] extract_transcript.py: 🎯 평균 확률: -0.0563
[2026-01-22 12:05:25] [DEBUG] extract_transcript.py: 🔇 No-speech 확률: 0.0000
[2026-01-22 12:05:25] [DEBUG] extract_transcript.py: --------------------------------------------------------------------------------
[2026-01-22 12:05:25] [DEBUG] extract_transcript.py: ================================================================================
[2026-01-22 12:05:25] [DEBUG] extract_transcript.py: ✅ WHISPER 처리 완료!
[2026-01-22 12:05:25] [INFO] [90%] Whisper transcription completed!
[2026-01-22 12:05:25] [DEBUG] extract_transcript.py: ================================================================================
[2026-01-22 12:05:25] [DEBUG] extract_transcript.py: 📊 처리 통계:
[2026-01-22 12:05:25] [DEBUG] extract_transcript.py: - 총 세그먼트 수: 15
[2026-01-22 12:05:25] [DEBUG] extract_transcript.py: - 총 문자 수: 846 chars
[2026-01-22 12:05:25] [DEBUG] extract_transcript.py: - 모델 로딩 시간: 76.72초
[2026-01-22 12:05:25] [DEBUG] extract_transcript.py: - 음성 인식 시간: 45.10초
[2026-01-22 12:05:25] [DEBUG] extract_transcript.py: - 전체 처리 시간: 121.82초
[2026-01-22 12:05:25] [DEBUG] extract_transcript.py: - 처리 속도: 3.46x 실시간
[2026-01-22 12:05:25] [DEBUG] extract_transcript.py: ================================================================================
[2026-01-22 12:05:25] [DEBUG] extract_transcript.py: [MAIN] extract_transcript_whisper returned. HTML length: 1370
[2026-01-22 12:05:25] [DEBUG] extract_transcript.py: [MAIN] Creating JSON result...
[2026-01-22 12:05:25] [DEBUG] extract_transcript.py: [MAIN] Writing result to file: Temp_Audio/NX0Re9mNCUQ_result.json
[2026-01-22 12:05:25] [DEBUG] extract_transcript.py: [MAIN] Result file written successfully
[2026-01-22 12:05:25] [DEBUG] extract_transcript.py: [MAIN] Calling sys.exit(0)...
[2026-01-22 12:05:25] [INFO] extract_transcript.py completed. Total debug lines: 188
[2026-01-22 12:05:25] [DEBUG] Process return code: 0
[2026-01-22 12:05:25] [INFO] [90%] Processing transcript...
[2026-01-22 12:05:25] [DEBUG] Reading result from file: /app/Temp_Audio/NX0Re9mNCUQ_result.json
[2026-01-22 12:05:25] [DEBUG] Result file loaded successfully
[2026-01-22 12:05:25] [DEBUG] Result file removed
[2026-01-22 12:05:25] [INFO] Transcript extraction successful
[2026-01-22 12:05:25] [INFO] [95%] Generating HTML file...
[2026-01-22 12:05:25] [DEBUG] Saving HTML to: /app/Scripts/yt_NX0Re9mNCUQ.html
[2026-01-22 12:05:25] [INFO] HTML file saved: /app/Scripts/yt_NX0Re9mNCUQ.html
[2026-01-22 12:05:25] [INFO] [100%] Completed!
[2026-01-22 12:05:25] [INFO] ✓ Extraction completed successfully for: 세계질서 위협하는 '트럼프 욕망'에 흉터만 남은 대서양 동맹 (2026.01.22/뉴스데스크/MBC) (NX0Re9mNCUQ)
[2026-01-22 12:05:26] [INFO] Listed 7 scripts
[2026-01-22 12:05:27] [INFO] Listed 7 scripts
