[2026-01-22 12:07:15] [INFO] ================================================================================
[2026-01-22 12:07:15] [INFO] YouTube Script Extractor Server Started
[2026-01-22 12:07:15] [INFO] Log file: /app/Logs/Server_20260122_120715.log
[2026-01-22 12:07:15] [INFO] ================================================================================
[2026-01-22 12:07:15] [INFO] ================================================================================
[2026-01-22 12:07:15] [INFO] YouTube Script Extractor Server Started
[2026-01-22 12:07:15] [INFO] Log file: /app/Logs/Server_20260122_120715.log
[2026-01-22 12:07:15] [INFO] ================================================================================
[2026-01-22 12:07:21] [INFO] Listed 7 scripts
[2026-01-22 12:08:11] [INFO] Listed 7 scripts
[2026-01-22 12:08:37] [INFO] New extraction request: https://youtu.be/XlT_4ogjipE?si=F0o4wHbzP9IlU9jh
[2026-01-22 12:08:37] [INFO] Extracted video ID: XlT_4ogjipE
[2026-01-22 12:08:37] [INFO] Starting extraction for video: XlT_4ogjipE
[2026-01-22 12:08:37] [INFO] Background extraction thread started for video: XlT_4ogjipE
[2026-01-22 12:08:37] [INFO] [5%] Extracting video information...
[2026-01-22 12:08:37] [DEBUG] Getting video title for: XlT_4ogjipE
[2026-01-22 12:08:41] [INFO] Video title: 트럼프가 탐내는 그린란드는 자나 깨나 독립 생각뿐? 현시점 그린란드 속마음 알아봄｜크랩
[2026-01-22 12:08:41] [INFO] [10%] Downloading audio: 트럼프가 탐내는 그린란드는 자나 깨나 독립 생각뿐? 현시점 그린란드 속마음 알아봄｜크랩...
[2026-01-22 12:08:41] [DEBUG] Starting extract_transcript.py subprocess for: XlT_4ogjipE
[2026-01-22 12:08:42] [DEBUG] extract_transcript.py: [MAIN] Calling extract_transcript_whisper for video: XlT_4ogjipE
[2026-01-22 12:08:42] [DEBUG] extract_transcript.py: ================================================================================
[2026-01-22 12:08:42] [DEBUG] extract_transcript.py: 📹 YT-DLP 오디오 다운로드 시작
[2026-01-22 12:08:42] [INFO] [15%] Downloading audio from YouTube...
[2026-01-22 12:08:42] [DEBUG] extract_transcript.py: ================================================================================
[2026-01-22 12:08:42] [DEBUG] extract_transcript.py: [YT-DLP] URL: https://www.youtube.com/watch?v=XlT_4ogjipE
[2026-01-22 12:08:42] [DEBUG] extract_transcript.py: [YT-DLP WARNING] ⚠️  Deprecated Feature: Support for Python version 3.9 has been deprecated. Please update to Python 3.10 or above
[2026-01-22 12:08:42] [DEBUG] extract_transcript.py: [YT-DLP ERROR] ❌ Deprecated Feature: Support for Python version 3.9 has been deprecated. Please update to Python 3.10 or above
[2026-01-22 12:08:42] [INFO] Listed 7 scripts
[2026-01-22 12:08:42] [DEBUG] extract_transcript.py: [YT-DLP DEBUG] [youtube] Extracting URL: https://www.youtube.com/watch?v=XlT_4ogjipE
[2026-01-22 12:08:42] [DEBUG] extract_transcript.py: [YT-DLP DEBUG] [youtube] XlT_4ogjipE: Downloading webpage
[2026-01-22 12:08:43] [DEBUG] extract_transcript.py: [YT-DLP DEBUG] [youtube] XlT_4ogjipE: Downloading android player API JSON
[2026-01-22 12:08:44] [DEBUG] extract_transcript.py: [YT-DLP WARNING] ⚠️  [youtube] XlT_4ogjipE: android client https formats require a GVS PO Token which was not provided. They will be skipped as they may yield HTTP Error 403. You can manually pass a GVS PO Token for this client with --extractor-args "youtube:po_token=android.gvs+XXX". For more information, refer to  https://github.com/yt-dlp/yt-dlp/wiki/PO-Token-Guide
[2026-01-22 12:08:44] [DEBUG] extract_transcript.py: [YT-DLP WARNING] ⚠️  [youtube] XlT_4ogjipE: Some web client https formats have been skipped as they are missing a url. YouTube is forcing SABR streaming for this client. See  https://github.com/yt-dlp/yt-dlp/issues/12482  for more details
[2026-01-22 12:08:44] [DEBUG] extract_transcript.py: [YT-DLP DEBUG] [info] XlT_4ogjipE: Downloading 1 format(s): 18
[2026-01-22 12:08:44] [DEBUG] extract_transcript.py: [YT-DLP DEBUG] [download] Sleeping 6.00 seconds as required by the site...
[2026-01-22 12:08:50] [DEBUG] extract_transcript.py: [YT-DLP DEBUG] [download] Destination: Temp_Audio/XlT_4ogjipE.m4a
[2026-01-22 12:08:50] [DEBUG] extract_transcript.py: [YT-DLP DEBUG] [download]   0.0% of   11.49MiB at  102.35KiB/s ETA 01:55
[2026-01-22 12:08:50] [DEBUG] extract_transcript.py: [YT-DLP DOWNLOAD] 진행률: 0.0% | 다운로드: 1,024/12,052,078 bytes | 속도: 102.3 KB/s | 남은시간: 115초
[2026-01-22 12:08:50] [INFO] [15%] Downloading: 0.0%...
[2026-01-22 12:08:50] [DEBUG] extract_transcript.py: [YT-DLP DEBUG] [download]   0.0% of   11.49MiB at  296.49KiB/s ETA 00:39
[2026-01-22 12:08:50] [DEBUG] extract_transcript.py: [YT-DLP DOWNLOAD] 진행률: 0.0% | 다운로드: 3,072/12,052,078 bytes | 속도: 296.5 KB/s | 남은시간: 39초
[2026-01-22 12:08:50] [INFO] [15%] Downloading: 0.0%...
[2026-01-22 12:08:50] [DEBUG] extract_transcript.py: [YT-DLP DEBUG] [download]   0.1% of   11.49MiB at  588.18KiB/s ETA 00:20
[2026-01-22 12:08:50] [DEBUG] extract_transcript.py: [YT-DLP DOWNLOAD] 진행률: 0.1% | 다운로드: 7,168/12,052,078 bytes | 속도: 588.2 KB/s | 남은시간: 20초
[2026-01-22 12:08:50] [INFO] [15%] Downloading: 0.1%...
[2026-01-22 12:08:50] [DEBUG] extract_transcript.py: [YT-DLP DEBUG] [download]   0.1% of   11.49MiB at    1.13MiB/s ETA 00:10
[2026-01-22 12:08:50] [DEBUG] extract_transcript.py: [YT-DLP DOWNLOAD] 진행률: 0.1% | 다운로드: 15,360/12,052,078 bytes | 속도: 1152.2 KB/s | 남은시간: 10초
[2026-01-22 12:08:50] [INFO] [15%] Downloading: 0.1%...
[2026-01-22 12:08:50] [DEBUG] extract_transcript.py: [YT-DLP DEBUG] [download]   0.3% of   11.49MiB at    2.24MiB/s ETA 00:05
[2026-01-22 12:08:50] [DEBUG] extract_transcript.py: [YT-DLP DOWNLOAD] 진행률: 0.3% | 다운로드: 31,744/12,052,078 bytes | 속도: 2294.7 KB/s | 남은시간: 5초
[2026-01-22 12:08:50] [INFO] [15%] Downloading: 0.3%...
[2026-01-22 12:08:50] [DEBUG] extract_transcript.py: [YT-DLP DEBUG] [download]   0.5% of   11.49MiB at    3.68MiB/s ETA 00:03
[2026-01-22 12:08:50] [DEBUG] extract_transcript.py: [YT-DLP DOWNLOAD] 진행률: 0.5% | 다운로드: 64,512/12,052,078 bytes | 속도: 3769.3 KB/s | 남은시간: 3초
[2026-01-22 12:08:50] [INFO] [15%] Downloading: 0.5%...
[2026-01-22 12:08:50] [DEBUG] extract_transcript.py: [YT-DLP DEBUG] [download]   1.1% of   11.49MiB at    5.08MiB/s ETA 00:02
[2026-01-22 12:08:50] [DEBUG] extract_transcript.py: [YT-DLP DOWNLOAD] 진행률: 1.1% | 다운로드: 130,048/12,052,078 bytes | 속도: 5205.1 KB/s | 남은시간: 2초
[2026-01-22 12:08:50] [INFO] [15%] Downloading: 1.1%...
[2026-01-22 12:08:50] [DEBUG] extract_transcript.py: [YT-DLP DEBUG] [download]   2.2% of   11.49MiB at    1.55MiB/s ETA 00:07
[2026-01-22 12:08:50] [DEBUG] extract_transcript.py: [YT-DLP DOWNLOAD] 진행률: 2.2% | 다운로드: 261,120/12,052,078 bytes | 속도: 1585.9 KB/s | 남은시간: 7초
[2026-01-22 12:08:50] [INFO] [15%] Downloading: 2.2%...
[2026-01-22 12:08:50] [DEBUG] extract_transcript.py: [YT-DLP DEBUG] [download]   4.3% of   11.49MiB at    2.52MiB/s ETA 00:04
[2026-01-22 12:08:50] [DEBUG] extract_transcript.py: [YT-DLP DOWNLOAD] 진행률: 4.3% | 다운로드: 523,264/12,052,078 bytes | 속도: 2575.7 KB/s | 남은시간: 4초
[2026-01-22 12:08:50] [INFO] [15%] Downloading: 4.3%...
[2026-01-22 12:08:50] [DEBUG] extract_transcript.py: [YT-DLP DEBUG] [download]   8.7% of   11.49MiB at    4.56MiB/s ETA 00:02
[2026-01-22 12:08:50] [DEBUG] extract_transcript.py: [YT-DLP DOWNLOAD] 진행률: 8.7% | 다운로드: 1,047,552/12,052,078 bytes | 속도: 4666.8 KB/s | 남은시간: 2초
[2026-01-22 12:08:50] [INFO] [16%] Downloading: 8.7%...
[2026-01-22 12:08:50] [DEBUG] extract_transcript.py: [YT-DLP DEBUG] [download]  17.4% of   11.49MiB at    6.87MiB/s ETA 00:01
[2026-01-22 12:08:50] [DEBUG] extract_transcript.py: [YT-DLP DOWNLOAD] 진행률: 17.4% | 다운로드: 2,096,128/12,052,078 bytes | 속도: 7032.1 KB/s | 남은시간: 1초
[2026-01-22 12:08:50] [INFO] [18%] Downloading: 17.4%...
[2026-01-22 12:08:51] [DEBUG] extract_transcript.py: [YT-DLP DEBUG] [download]  34.8% of   11.49MiB at    8.63MiB/s ETA 00:00
[2026-01-22 12:08:51] [DEBUG] extract_transcript.py: [YT-DLP DOWNLOAD] 진행률: 34.8% | 다운로드: 4,193,280/12,052,078 bytes | 속도: 8839.5 KB/s
[2026-01-22 12:08:51] [INFO] [21%] Downloading: 34.8%...
[2026-01-22 12:08:51] [DEBUG] extract_transcript.py: [YT-DLP DEBUG] [download]  69.6% of   11.49MiB at    8.55MiB/s ETA 00:00
[2026-01-22 12:08:51] [DEBUG] extract_transcript.py: [YT-DLP DOWNLOAD] 진행률: 69.6% | 다운로드: 8,387,584/12,052,078 bytes | 속도: 8757.3 KB/s
[2026-01-22 12:08:51] [INFO] [28%] Downloading: 69.6%...
[2026-01-22 12:08:51] [DEBUG] extract_transcript.py: [YT-DLP DEBUG] [download]  83.3% of   11.49MiB at    9.24MiB/s ETA 00:00
[2026-01-22 12:08:51] [DEBUG] extract_transcript.py: [YT-DLP DOWNLOAD] 진행률: 83.3% | 다운로드: 10,038,472/12,052,078 bytes | 속도: 9461.5 KB/s
[2026-01-22 12:08:51] [INFO] [31%] Downloading: 83.3%...
[2026-01-22 12:08:51] [DEBUG] extract_transcript.py: [YT-DLP DEBUG] [download]  83.3% of   11.49MiB at  Unknown B/s ETA Unknown
[2026-01-22 12:08:51] [DEBUG] extract_transcript.py: [YT-DLP DOWNLOAD] 진행률: 83.3% | 다운로드: 10,039,496/12,052,078 bytes
[2026-01-22 12:08:51] [INFO] [31%] Downloading: 83.3%...
[2026-01-22 12:08:51] [DEBUG] extract_transcript.py: [YT-DLP DEBUG] [download]  83.3% of   11.49MiB at    2.82MiB/s ETA 00:00
[2026-01-22 12:08:51] [DEBUG] extract_transcript.py: [YT-DLP DOWNLOAD] 진행률: 83.3% | 다운로드: 10,041,544/12,052,078 bytes | 속도: 2888.0 KB/s
[2026-01-22 12:08:51] [INFO] [31%] Downloading: 83.3%...
[2026-01-22 12:08:51] [DEBUG] extract_transcript.py: [YT-DLP DEBUG] [download]  83.4% of   11.49MiB at    4.05MiB/s ETA 00:00
[2026-01-22 12:08:51] [DEBUG] extract_transcript.py: [YT-DLP DOWNLOAD] 진행률: 83.4% | 다운로드: 10,045,640/12,052,078 bytes | 속도: 4147.5 KB/s
[2026-01-22 12:08:51] [INFO] [31%] Downloading: 83.4%...
[2026-01-22 12:08:51] [DEBUG] extract_transcript.py: [YT-DLP DEBUG] [download]  83.4% of   11.49MiB at    3.37MiB/s ETA 00:00
[2026-01-22 12:08:51] [DEBUG] extract_transcript.py: [YT-DLP DOWNLOAD] 진행률: 83.4% | 다운로드: 10,053,832/12,052,078 bytes | 속도: 3451.3 KB/s
[2026-01-22 12:08:51] [INFO] [31%] Downloading: 83.4%...
[2026-01-22 12:08:51] [DEBUG] extract_transcript.py: [YT-DLP DEBUG] [download]  83.6% of   11.49MiB at    6.22MiB/s ETA 00:00
[2026-01-22 12:08:51] [DEBUG] extract_transcript.py: [YT-DLP DOWNLOAD] 진행률: 83.6% | 다운로드: 10,070,216/12,052,078 bytes | 속도: 6366.2 KB/s
[2026-01-22 12:08:51] [INFO] [31%] Downloading: 83.6%...
[2026-01-22 12:08:51] [DEBUG] extract_transcript.py: [YT-DLP DEBUG] [download]  83.8% of   11.49MiB at    7.30MiB/s ETA 00:00
[2026-01-22 12:08:51] [DEBUG] extract_transcript.py: [YT-DLP DOWNLOAD] 진행률: 83.8% | 다운로드: 10,102,984/12,052,078 bytes | 속도: 7475.0 KB/s
[2026-01-22 12:08:51] [INFO] [31%] Downloading: 83.8%...
[2026-01-22 12:08:51] [DEBUG] extract_transcript.py: [YT-DLP DEBUG] [download]  84.4% of   11.49MiB at    5.71MiB/s ETA 00:00
[2026-01-22 12:08:51] [DEBUG] extract_transcript.py: [YT-DLP DOWNLOAD] 진행률: 84.4% | 다운로드: 10,168,520/12,052,078 bytes | 속도: 5845.8 KB/s
[2026-01-22 12:08:51] [INFO] [31%] Downloading: 84.4%...
[2026-01-22 12:08:51] [DEBUG] extract_transcript.py: [YT-DLP DEBUG] [download]  85.5% of   11.49MiB at    7.24MiB/s ETA 00:00
[2026-01-22 12:08:51] [DEBUG] extract_transcript.py: [YT-DLP DOWNLOAD] 진행률: 85.5% | 다운로드: 10,299,592/12,052,078 bytes | 속도: 7409.9 KB/s
[2026-01-22 12:08:51] [INFO] [32%] Downloading: 85.5%...
[2026-01-22 12:08:51] [DEBUG] extract_transcript.py: [YT-DLP DEBUG] [download]  87.6% of   11.49MiB at    6.06MiB/s ETA 00:00
[2026-01-22 12:08:51] [DEBUG] extract_transcript.py: [YT-DLP DOWNLOAD] 진행률: 87.6% | 다운로드: 10,561,736/12,052,078 bytes | 속도: 6200.4 KB/s
[2026-01-22 12:08:51] [INFO] [32%] Downloading: 87.6%...
[2026-01-22 12:08:51] [DEBUG] extract_transcript.py: [YT-DLP DEBUG] [download]  92.0% of   11.49MiB at    5.68MiB/s ETA 00:00
[2026-01-22 12:08:51] [DEBUG] extract_transcript.py: [YT-DLP DOWNLOAD] 진행률: 92.0% | 다운로드: 11,086,024/12,052,078 bytes | 속도: 5815.1 KB/s
[2026-01-22 12:08:51] [INFO] [33%] Downloading: 92.0%...
[2026-01-22 12:08:51] [DEBUG] extract_transcript.py: [YT-DLP DEBUG] [download] 100.0% of   11.49MiB at    6.73MiB/s ETA 00:00
[2026-01-22 12:08:51] [DEBUG] extract_transcript.py: [YT-DLP DOWNLOAD] 진행률: 100.0% | 다운로드: 12,052,078/12,052,078 bytes | 속도: 6887.4 KB/s
[2026-01-22 12:08:51] [INFO] [35%] Downloading: 100.0%...
[2026-01-22 12:08:51] [DEBUG] extract_transcript.py: [YT-DLP DEBUG] [download] 100% of   11.49MiB in 00:00:01 at 7.42MiB/s
[2026-01-22 12:08:51] [DEBUG] extract_transcript.py: [YT-DLP DOWNLOAD] ✓ 다운로드 완료!
[2026-01-22 12:08:51] [DEBUG] extract_transcript.py: [YT-DLP DOWNLOAD]    - 파일: Temp_Audio/XlT_4ogjipE.m4a
[2026-01-22 12:08:51] [DEBUG] extract_transcript.py: [YT-DLP DOWNLOAD]    - 크기: 12,052,078 bytes
[2026-01-22 12:08:51] [DEBUG] extract_transcript.py: [YT-DLP DOWNLOAD]    - 소요시간: 1.55초
[2026-01-22 12:08:51] [DEBUG] extract_transcript.py: [YT-DLP DOWNLOAD]    - 평균 속도: 7593.5 KB/s
[2026-01-22 12:08:51] [DEBUG] extract_transcript.py: ================================================================================
[2026-01-22 12:08:51] [DEBUG] extract_transcript.py: ✅ YT-DLP 다운로드 완료
[2026-01-22 12:08:51] [INFO] [35%] Audio download completed!
[2026-01-22 12:08:51] [DEBUG] extract_transcript.py: ================================================================================
[2026-01-22 12:08:51] [DEBUG] extract_transcript.py: ================================================================================
[2026-01-22 12:08:51] [DEBUG] extract_transcript.py: 🎤 WHISPER AI 음성 인식 상세 로그
[2026-01-22 12:08:51] [DEBUG] extract_transcript.py: ================================================================================
[2026-01-22 12:08:51] [DEBUG] extract_transcript.py: [WHISPER] 📥 모델 로딩 중...
[2026-01-22 12:08:51] [DEBUG] extract_transcript.py: [WHISPER]    - 모델: turbo
[2026-01-22 12:08:51] [DEBUG] extract_transcript.py: [WHISPER]    - 디바이스: CPU
[2026-01-22 12:08:51] [DEBUG] extract_transcript.py: [WHISPER]    - 연산 타입: int8
[2026-01-22 12:08:51] [DEBUG] extract_transcript.py: [WHISPER] ⚙️  Whisper 모델 초기화 중...
[2026-01-22 12:08:51] [DEBUG] extract_transcript.py: [WHISPER] 💾 메모리에 모델 적재 중...
[2026-01-22 12:10:39] [DEBUG] extract_transcript.py: [WHISPER] ✓ 모델 로딩 완료 (소요시간: 107.42초)
[2026-01-22 12:10:39] [DEBUG] extract_transcript.py: [WHISPER] 🔍 오디오 파일 분석 중...
[2026-01-22 12:10:39] [DEBUG] extract_transcript.py: [WHISPER]    - 파일: Temp_Audio/XlT_4ogjipE.m4a
[2026-01-22 12:10:39] [DEBUG] extract_transcript.py: [WHISPER]    - Beam size: 5
[2026-01-22 12:10:39] [DEBUG] extract_transcript.py: [WHISPER] 🧠 딥러닝 추론 시작...
[2026-01-22 12:10:44] [DEBUG] extract_transcript.py: [WHISPER] ✓ 오디오 분석 완료
[2026-01-22 12:10:44] [DEBUG] extract_transcript.py: [WHISPER]    - 감지된 언어: ko
[2026-01-22 12:10:44] [DEBUG] extract_transcript.py: [WHISPER]    - 언어 확률: 0.9985 (99.85%)
[2026-01-22 12:10:44] [DEBUG] extract_transcript.py: [WHISPER]    - 예상 총 길이: 381.92초
[2026-01-22 12:10:44] [DEBUG] extract_transcript.py: [WHISPER] 📝 세그먼트 처리 시작...
[2026-01-22 12:10:44] [DEBUG] extract_transcript.py: --------------------------------------------------------------------------------
[2026-01-22 12:10:49] [DEBUG] extract_transcript.py: [WHISPER] Segment #001
[2026-01-22 12:10:49] [INFO] [60%] Processing segment #1...
[2026-01-22 12:10:49] [DEBUG] extract_transcript.py: ⏱️  시간: 0.00s ~ 14.80s (길이: 14.80s)
[2026-01-22 12:10:49] [DEBUG] extract_transcript.py: 📄 텍스트: 세계 최고 권력자인 도널드 트럼프 미 대통령 당선인이 현시점 가장 눈독 들이는 땅 바로 그린란드입니다.
[2026-01-22 12:10:49] [DEBUG] extract_transcript.py: 📊 문자수: 57 chars
[2026-01-22 12:10:49] [DEBUG] extract_transcript.py: 🎯 평균 확률: -0.1336
[2026-01-22 12:10:49] [DEBUG] extract_transcript.py: 🔇 No-speech 확률: 0.0000
[2026-01-22 12:10:49] [DEBUG] extract_transcript.py: --------------------------------------------------------------------------------
[2026-01-22 12:10:49] [DEBUG] extract_transcript.py: [WHISPER] Segment #002
[2026-01-22 12:10:49] [INFO] [60%] Processing segment #2...
[2026-01-22 12:10:49] [DEBUG] extract_transcript.py: ⏱️  시간: 14.80s ~ 23.60s (길이: 8.80s)
[2026-01-22 12:10:49] [DEBUG] extract_transcript.py: 📄 텍스트: 요새 여기도 여기도 전 세계가 전부 그린란드 이야기로 가득한데요. 아니 대체 그린란드가 뭔데 이렇게들 난리일...
[2026-01-22 12:10:49] [DEBUG] extract_transcript.py: 📊 문자수: 63 chars
[2026-01-22 12:10:49] [DEBUG] extract_transcript.py: 🎯 평균 확률: -0.1336
[2026-01-22 12:10:49] [DEBUG] extract_transcript.py: 🔇 No-speech 확률: 0.0000
[2026-01-22 12:10:49] [DEBUG] extract_transcript.py: --------------------------------------------------------------------------------
[2026-01-22 12:10:55] [DEBUG] extract_transcript.py: [WHISPER] Segment #003
[2026-01-22 12:10:55] [INFO] [60%] Processing segment #3...
[2026-01-22 12:10:55] [DEBUG] extract_transcript.py: ⏱️  시간: 23.60s ~ 32.80s (길이: 9.20s)
[2026-01-22 12:10:55] [DEBUG] extract_transcript.py: 📄 텍스트: 그린란드는 총면적의 85%가 빙하에 덮여 있고 기후도 좋지 않아서 인구 밀도가 전 세계에서 가장 낮은 촉박한...
[2026-01-22 12:10:55] [DEBUG] extract_transcript.py: 📊 문자수: 74 chars
[2026-01-22 12:10:55] [DEBUG] extract_transcript.py: 🎯 평균 확률: -0.0752
[2026-01-22 12:10:55] [DEBUG] extract_transcript.py: 🔇 No-speech 확률: 0.0000
[2026-01-22 12:10:55] [DEBUG] extract_transcript.py: --------------------------------------------------------------------------------
[2026-01-22 12:10:55] [DEBUG] extract_transcript.py: [WHISPER] Segment #004
[2026-01-22 12:10:55] [INFO] [61%] Processing segment #4...
[2026-01-22 12:10:55] [DEBUG] extract_transcript.py: ⏱️  시간: 32.80s ~ 39.00s (길이: 6.20s)
[2026-01-22 12:10:55] [DEBUG] extract_transcript.py: 📄 텍스트: 사실 그린란드에는 반도체와 전기차 제조에 필수적인 히토류와 광물이 엄청 많을 뿐만 아니라
[2026-01-22 12:10:55] [DEBUG] extract_transcript.py: 📊 문자수: 49 chars
[2026-01-22 12:10:55] [DEBUG] extract_transcript.py: 🎯 평균 확률: -0.0752
[2026-01-22 12:10:55] [DEBUG] extract_transcript.py: 🔇 No-speech 확률: 0.0000
[2026-01-22 12:10:55] [DEBUG] extract_transcript.py: --------------------------------------------------------------------------------
[2026-01-22 12:10:55] [DEBUG] extract_transcript.py: [WHISPER] Segment #005
[2026-01-22 12:10:55] [INFO] [61%] Processing segment #5...
[2026-01-22 12:10:55] [DEBUG] extract_transcript.py: ⏱️  시간: 39.00s ~ 46.00s (길이: 7.00s)
[2026-01-22 12:10:55] [DEBUG] extract_transcript.py: 📄 텍스트: 지구온난화 때문에 태평양과 대서양을 가장 짧게 연결하는 북서항로가 드러나면서 그 잠재력이 폭발하고 있어요.
[2026-01-22 12:10:55] [DEBUG] extract_transcript.py: 📊 문자수: 59 chars
[2026-01-22 12:10:55] [DEBUG] extract_transcript.py: 🎯 평균 확률: -0.0752
[2026-01-22 12:10:55] [DEBUG] extract_transcript.py: 🔇 No-speech 확률: 0.0000
[2026-01-22 12:10:55] [DEBUG] extract_transcript.py: --------------------------------------------------------------------------------
[2026-01-22 12:11:00] [DEBUG] extract_transcript.py: [WHISPER] Segment #006
[2026-01-22 12:11:00] [INFO] [61%] Processing segment #6...
[2026-01-22 12:11:00] [DEBUG] extract_transcript.py: ⏱️  시간: 46.00s ~ 58.10s (길이: 12.10s)
[2026-01-22 12:11:00] [DEBUG] extract_transcript.py: 📄 텍스트: 사실 트럼프는 1기 행정부 시절부터 그린란드에 욕심을 내왔는데요.
[2026-01-22 12:11:00] [DEBUG] extract_transcript.py: 📊 문자수: 36 chars
[2026-01-22 12:11:00] [DEBUG] extract_transcript.py: 🎯 평균 확률: -0.0843
[2026-01-22 12:11:00] [DEBUG] extract_transcript.py: 🔇 No-speech 확률: 0.0000
[2026-01-22 12:11:00] [DEBUG] extract_transcript.py: --------------------------------------------------------------------------------
[2026-01-22 12:11:00] [DEBUG] extract_transcript.py: [WHISPER] Segment #007
[2026-01-22 12:11:00] [INFO] [61%] Processing segment #7...
[2026-01-22 12:11:00] [DEBUG] extract_transcript.py: ⏱️  시간: 58.10s ~ 64.90s (길이: 6.80s)
[2026-01-22 12:11:00] [DEBUG] extract_transcript.py: 📄 텍스트: 2기 출범에 앞서 중국과 러시아와 제대로 힘겨루기 하려면 그린란드가 중요한 지역이 될 수 있어서 그러는 겁니...
[2026-01-22 12:11:00] [DEBUG] extract_transcript.py: 📊 문자수: 62 chars
[2026-01-22 12:11:00] [DEBUG] extract_transcript.py: 🎯 평균 확률: -0.0843
[2026-01-22 12:11:00] [DEBUG] extract_transcript.py: 🔇 No-speech 확률: 0.0000
[2026-01-22 12:11:00] [DEBUG] extract_transcript.py: --------------------------------------------------------------------------------
[2026-01-22 12:11:06] [DEBUG] extract_transcript.py: [WHISPER] Segment #008
[2026-01-22 12:11:06] [INFO] [62%] Processing segment #8...
[2026-01-22 12:11:06] [DEBUG] extract_transcript.py: ⏱️  시간: 64.90s ~ 76.70s (길이: 11.80s)
[2026-01-22 12:11:06] [DEBUG] extract_transcript.py: 📄 텍스트: 1기 행정부 때와는 차원이 다른 트럼프의 압박에
[2026-01-22 12:11:06] [DEBUG] extract_transcript.py: 📊 문자수: 26 chars
[2026-01-22 12:11:06] [DEBUG] extract_transcript.py: 🎯 평균 확률: -0.0681
[2026-01-22 12:11:06] [DEBUG] extract_transcript.py: 🔇 No-speech 확률: 0.0000
[2026-01-22 12:11:06] [DEBUG] extract_transcript.py: --------------------------------------------------------------------------------
[2026-01-22 12:11:06] [DEBUG] extract_transcript.py: [WHISPER] Segment #009
[2026-01-22 12:11:06] [INFO] [62%] Processing segment #9...
[2026-01-22 12:11:06] [DEBUG] extract_transcript.py: ⏱️  시간: 76.70s ~ 80.60s (길이: 3.90s)
[2026-01-22 12:11:06] [DEBUG] extract_transcript.py: 📄 텍스트: 덴마크 정부는 물론 왕실까지 500년간 사용하던 문장에
[2026-01-22 12:11:06] [DEBUG] extract_transcript.py: 📊 문자수: 30 chars
[2026-01-22 12:11:06] [DEBUG] extract_transcript.py: 🎯 평균 확률: -0.0681
[2026-01-22 12:11:06] [DEBUG] extract_transcript.py: 🔇 No-speech 확률: 0.0000
[2026-01-22 12:11:06] [DEBUG] extract_transcript.py: --------------------------------------------------------------------------------
[2026-01-22 12:11:06] [DEBUG] extract_transcript.py: [WHISPER] Segment #010
[2026-01-22 12:11:06] [INFO] [62%] Processing segment #10...
[2026-01-22 12:11:06] [DEBUG] extract_transcript.py: ⏱️  시간: 80.60s ~ 86.00s (길이: 5.40s)
[2026-01-22 12:11:06] [DEBUG] extract_transcript.py: 📄 텍스트: 그린란드를 상징하는 북극곰의 크기를 급하게 키우는 등 그린란드 지키기가 이어지고 있어요.
[2026-01-22 12:11:06] [DEBUG] extract_transcript.py: 📊 문자수: 49 chars
[2026-01-22 12:11:06] [DEBUG] extract_transcript.py: 🎯 평균 확률: -0.0681
[2026-01-22 12:11:06] [DEBUG] extract_transcript.py: 🔇 No-speech 확률: 0.0000
[2026-01-22 12:11:06] [DEBUG] extract_transcript.py: --------------------------------------------------------------------------------
[2026-01-22 12:11:06] [DEBUG] extract_transcript.py: [WHISPER] Segment #011
[2026-01-22 12:11:06] [INFO] [62%] Processing segment #11...
[2026-01-22 12:11:06] [DEBUG] extract_transcript.py: ⏱️  시간: 86.00s ~ 91.20s (길이: 5.20s)
[2026-01-22 12:11:06] [DEBUG] extract_transcript.py: 📄 텍스트: 하지만 정작 그린란드는 우린 덴마크의 땅도 미국의 땅도 아니라는 입장인데요.
[2026-01-22 12:11:06] [DEBUG] extract_transcript.py: 📊 문자수: 42 chars
[2026-01-22 12:11:06] [DEBUG] extract_transcript.py: 🎯 평균 확률: -0.0681
[2026-01-22 12:11:06] [DEBUG] extract_transcript.py: 🔇 No-speech 확률: 0.0000
[2026-01-22 12:11:06] [DEBUG] extract_transcript.py: --------------------------------------------------------------------------------
[2026-01-22 12:11:12] [DEBUG] extract_transcript.py: [WHISPER] Segment #012
[2026-01-22 12:11:12] [INFO] [63%] Processing segment #12...
[2026-01-22 12:11:12] [DEBUG] extract_transcript.py: ⏱️  시간: 91.20s ~ 95.20s (길이: 4.00s)
[2026-01-22 12:11:12] [DEBUG] extract_transcript.py: 📄 텍스트: 현 시점 인기 폭발인 그린란드의 진짜 속마음은 무엇일까요?
[2026-01-22 12:11:12] [DEBUG] extract_transcript.py: 📊 문자수: 32 chars
[2026-01-22 12:11:12] [DEBUG] extract_transcript.py: 🎯 평균 확률: -0.0677
[2026-01-22 12:11:12] [DEBUG] extract_transcript.py: 🔇 No-speech 확률: 0.0000
[2026-01-22 12:11:12] [DEBUG] extract_transcript.py: --------------------------------------------------------------------------------
[2026-01-22 12:11:12] [DEBUG] extract_transcript.py: [WHISPER] Segment #013
[2026-01-22 12:11:12] [INFO] [63%] Processing segment #13...
[2026-01-22 12:11:12] [DEBUG] extract_transcript.py: ⏱️  시간: 95.20s ~ 101.70s (길이: 6.50s)
[2026-01-22 12:11:12] [DEBUG] extract_transcript.py: 📄 텍스트: 세계에서 가장 큰 섬인 그린란드는 덴마크 총면적의 98%에 이를 만큼 중요한 영토인데요.
[2026-01-22 12:11:12] [DEBUG] extract_transcript.py: 📊 문자수: 49 chars
[2026-01-22 12:11:12] [DEBUG] extract_transcript.py: 🎯 평균 확률: -0.0677
[2026-01-22 12:11:12] [DEBUG] extract_transcript.py: 🔇 No-speech 확률: 0.0000
[2026-01-22 12:11:12] [DEBUG] extract_transcript.py: --------------------------------------------------------------------------------
[2026-01-22 12:11:12] [DEBUG] extract_transcript.py: [WHISPER] Segment #014
[2026-01-22 12:11:12] [INFO] [63%] Processing segment #14...
[2026-01-22 12:11:12] [DEBUG] extract_transcript.py: ⏱️  시간: 101.70s ~ 107.00s (길이: 5.30s)
[2026-01-22 12:11:12] [DEBUG] extract_transcript.py: 📄 텍스트: 덴마크 자취령이긴 하지만 그린란드는 이미 오래전부터 독립을 준비하고 있었다고 해요.
[2026-01-22 12:11:12] [DEBUG] extract_transcript.py: 📊 문자수: 46 chars
[2026-01-22 12:11:12] [DEBUG] extract_transcript.py: 🎯 평균 확률: -0.0677
[2026-01-22 12:11:12] [DEBUG] extract_transcript.py: 🔇 No-speech 확률: 0.0000
[2026-01-22 12:11:12] [DEBUG] extract_transcript.py: --------------------------------------------------------------------------------
[2026-01-22 12:11:12] [DEBUG] extract_transcript.py: [WHISPER] Segment #015
[2026-01-22 12:11:12] [INFO] [63%] Processing segment #15...
[2026-01-22 12:11:12] [DEBUG] extract_transcript.py: ⏱️  시간: 107.00s ~ 112.20s (길이: 5.20s)
[2026-01-22 12:11:12] [DEBUG] extract_transcript.py: 📄 텍스트: 그 이유 중 하나가 바로 그린란드 개발에 대한 덴마크 정부의 소극적인 태도 때문인데요.
[2026-01-22 12:11:12] [DEBUG] extract_transcript.py: 📊 문자수: 48 chars
[2026-01-22 12:11:12] [DEBUG] extract_transcript.py: 🎯 평균 확률: -0.0677
[2026-01-22 12:11:12] [DEBUG] extract_transcript.py: 🔇 No-speech 확률: 0.0000
[2026-01-22 12:11:12] [DEBUG] extract_transcript.py: --------------------------------------------------------------------------------
[2026-01-22 12:11:12] [DEBUG] extract_transcript.py: [WHISPER] Segment #016
[2026-01-22 12:11:12] [INFO] [64%] Processing segment #16...
[2026-01-22 12:11:12] [DEBUG] extract_transcript.py: ⏱️  시간: 112.20s ~ 118.00s (길이: 5.80s)
[2026-01-22 12:11:12] [DEBUG] extract_transcript.py: 📄 텍스트: 그린란드는 주 산업이 어업으로 인구의 16.2%가 절대적 빈곤선 아래 살고 있고
[2026-01-22 12:11:12] [DEBUG] extract_transcript.py: 📊 문자수: 44 chars
[2026-01-22 12:11:12] [DEBUG] extract_transcript.py: 🎯 평균 확률: -0.0677
[2026-01-22 12:11:12] [DEBUG] extract_transcript.py: 🔇 No-speech 확률: 0.0000
[2026-01-22 12:11:12] [DEBUG] extract_transcript.py: --------------------------------------------------------------------------------
[2026-01-22 12:11:19] [DEBUG] extract_transcript.py: [WHISPER] Segment #017
[2026-01-22 12:11:19] [INFO] [64%] Processing segment #17...
[2026-01-22 12:11:19] [DEBUG] extract_transcript.py: ⏱️  시간: 118.00s ~ 123.70s (길이: 5.70s)
[2026-01-22 12:11:19] [DEBUG] extract_transcript.py: 📄 텍스트: 세계 최악의 자살률을 보일 만큼 가난과 우울증 알코올 중독 등의 문제가 심각하다고 합니다.
[2026-01-22 12:11:19] [DEBUG] extract_transcript.py: 📊 문자수: 50 chars
[2026-01-22 12:11:19] [DEBUG] extract_transcript.py: 🎯 평균 확률: -0.0678
[2026-01-22 12:11:19] [DEBUG] extract_transcript.py: 🔇 No-speech 확률: 0.0000
[2026-01-22 12:11:19] [DEBUG] extract_transcript.py: --------------------------------------------------------------------------------
[2026-01-22 12:11:19] [DEBUG] extract_transcript.py: [WHISPER] Segment #018
[2026-01-22 12:11:19] [INFO] [64%] Processing segment #18...
[2026-01-22 12:11:19] [DEBUG] extract_transcript.py: ⏱️  시간: 123.70s ~ 130.50s (길이: 6.80s)
[2026-01-22 12:11:19] [DEBUG] extract_transcript.py: 📄 텍스트: 그런데도 덴마크 정부 측이 주변 강대국의 눈치를 보며 그린란드의 성장 기회를 방관해왔다는 지적이 있는 건데요...
[2026-01-22 12:11:19] [DEBUG] extract_transcript.py: 📊 문자수: 61 chars
[2026-01-22 12:11:19] [DEBUG] extract_transcript.py: 🎯 평균 확률: -0.0678
[2026-01-22 12:11:19] [DEBUG] extract_transcript.py: 🔇 No-speech 확률: 0.0000
[2026-01-22 12:11:19] [DEBUG] extract_transcript.py: --------------------------------------------------------------------------------
[2026-01-22 12:11:19] [DEBUG] extract_transcript.py: [WHISPER] Segment #019
[2026-01-22 12:11:19] [INFO] [64%] Processing segment #19...
[2026-01-22 12:11:19] [DEBUG] extract_transcript.py: ⏱️  시간: 130.50s ~ 137.30s (길이: 6.80s)
[2026-01-22 12:11:19] [DEBUG] extract_transcript.py: 📄 텍스트: 일례로 2018년 그린란드 정부가 유럽과 미국을 잇는 한국 노선을 개발하기 위해 중국의 투자를 끌어내자
[2026-01-22 12:11:19] [DEBUG] extract_transcript.py: 📊 문자수: 57 chars
[2026-01-22 12:11:19] [DEBUG] extract_transcript.py: 🎯 평균 확률: -0.0678
[2026-01-22 12:11:19] [DEBUG] extract_transcript.py: 🔇 No-speech 확률: 0.0000
[2026-01-22 12:11:19] [DEBUG] extract_transcript.py: --------------------------------------------------------------------------------
[2026-01-22 12:11:19] [DEBUG] extract_transcript.py: [WHISPER] Segment #020
[2026-01-22 12:11:19] [INFO] [65%] Processing segment #20...
[2026-01-22 12:11:19] [DEBUG] extract_transcript.py: ⏱️  시간: 137.30s ~ 142.00s (길이: 4.70s)
[2026-01-22 12:11:19] [DEBUG] extract_transcript.py: 📄 텍스트: 미국 정부의 압박을 받은 덴마크가 간섭하며 이를 무산시킨 적이 있다고 해요.
[2026-01-22 12:11:19] [DEBUG] extract_transcript.py: 📊 문자수: 42 chars
[2026-01-22 12:11:19] [DEBUG] extract_transcript.py: 🎯 평균 확률: -0.0678
[2026-01-22 12:11:19] [DEBUG] extract_transcript.py: 🔇 No-speech 확률: 0.0000
[2026-01-22 12:11:19] [DEBUG] extract_transcript.py: --------------------------------------------------------------------------------
[2026-01-22 12:11:25] [DEBUG] extract_transcript.py: [WHISPER] Segment #021
[2026-01-22 12:11:25] [INFO] [65%] Processing segment #21...
[2026-01-22 12:11:25] [DEBUG] extract_transcript.py: ⏱️  시간: 142.00s ~ 148.90s (길이: 6.90s)
[2026-01-22 12:11:25] [DEBUG] extract_transcript.py: 📄 텍스트: 이 같은 덴마크의 개입으로 인해 법안을 추진하던 그린란드 의회 연합이 해체되는 등 정치적 혼란이 빚어지기도 ...
[2026-01-22 12:11:25] [DEBUG] extract_transcript.py: 📊 문자수: 65 chars
[2026-01-22 12:11:25] [DEBUG] extract_transcript.py: 🎯 평균 확률: -0.0583
[2026-01-22 12:11:25] [DEBUG] extract_transcript.py: 🔇 No-speech 확률: 0.0000
[2026-01-22 12:11:25] [DEBUG] extract_transcript.py: --------------------------------------------------------------------------------
[2026-01-22 12:11:25] [DEBUG] extract_transcript.py: [WHISPER] Segment #022
[2026-01-22 12:11:25] [INFO] [65%] Processing segment #22...
[2026-01-22 12:11:25] [DEBUG] extract_transcript.py: ⏱️  시간: 148.90s ~ 154.20s (길이: 5.30s)
[2026-01-22 12:11:25] [DEBUG] extract_transcript.py: 📄 텍스트: 그린란드가 덴마크로부터의 독립을 원하는 또 다른 이유는 바로 이누이트 차별 정책인데요.
[2026-01-22 12:11:25] [DEBUG] extract_transcript.py: 📊 문자수: 48 chars
[2026-01-22 12:11:25] [DEBUG] extract_transcript.py: 🎯 평균 확률: -0.0583
[2026-01-22 12:11:25] [DEBUG] extract_transcript.py: 🔇 No-speech 확률: 0.0000
[2026-01-22 12:11:25] [DEBUG] extract_transcript.py: --------------------------------------------------------------------------------
[2026-01-22 12:11:25] [DEBUG] extract_transcript.py: [WHISPER] Segment #023
[2026-01-22 12:11:25] [INFO] [65%] Processing segment #23...
[2026-01-22 12:11:25] [DEBUG] extract_transcript.py: ⏱️  시간: 154.20s ~ 161.70s (길이: 7.50s)
[2026-01-22 12:11:25] [DEBUG] extract_transcript.py: 📄 텍스트: 그린란드는 전체 인구의 약 90%가 이누이트계로 구성되어 있어 북극권 민족이 주축을 이루는 유일한 자치정부라...
[2026-01-22 12:11:25] [DEBUG] extract_transcript.py: 📊 문자수: 65 chars
[2026-01-22 12:11:25] [DEBUG] extract_transcript.py: 🎯 평균 확률: -0.0583
[2026-01-22 12:11:25] [DEBUG] extract_transcript.py: 🔇 No-speech 확률: 0.0000
[2026-01-22 12:11:25] [DEBUG] extract_transcript.py: --------------------------------------------------------------------------------
[2026-01-22 12:11:31] [DEBUG] extract_transcript.py: [WHISPER] Segment #024
[2026-01-22 12:11:31] [INFO] [66%] Processing segment #24...
[2026-01-22 12:11:31] [DEBUG] extract_transcript.py: ⏱️  시간: 161.70s ~ 169.70s (길이: 8.00s)
[2026-01-22 12:11:31] [DEBUG] extract_transcript.py: 📄 텍스트: 그런데 1960년대에서 70년대에 이누이트의 합계 출산율이 늘어나면서 그린란드 내 소수인 덴마크 인구 비율이...
[2026-01-22 12:11:31] [DEBUG] extract_transcript.py: 📊 문자수: 65 chars
[2026-01-22 12:11:31] [DEBUG] extract_transcript.py: 🎯 평균 확률: -0.0558
[2026-01-22 12:11:31] [DEBUG] extract_transcript.py: 🔇 No-speech 확률: 0.0000
[2026-01-22 12:11:31] [DEBUG] extract_transcript.py: --------------------------------------------------------------------------------
[2026-01-22 12:11:31] [DEBUG] extract_transcript.py: [WHISPER] Segment #025
[2026-01-22 12:11:31] [INFO] [66%] Processing segment #25...
[2026-01-22 12:11:31] [DEBUG] extract_transcript.py: ⏱️  시간: 169.70s ~ 175.70s (길이: 6.00s)
[2026-01-22 12:11:31] [DEBUG] extract_transcript.py: 📄 텍스트: 그린란드에 살고 있는 이누이트족 가입 여성 절반에 대해 덴마크 정부가 강제 불임 수술을 실시했어요.
[2026-01-22 12:11:31] [DEBUG] extract_transcript.py: 📊 문자수: 55 chars
[2026-01-22 12:11:31] [DEBUG] extract_transcript.py: 🎯 평균 확률: -0.0558
[2026-01-22 12:11:31] [DEBUG] extract_transcript.py: 🔇 No-speech 확률: 0.0000
[2026-01-22 12:11:31] [DEBUG] extract_transcript.py: --------------------------------------------------------------------------------
[2026-01-22 12:11:31] [DEBUG] extract_transcript.py: [WHISPER] Segment #026
[2026-01-22 12:11:31] [INFO] [66%] Processing segment #26...
[2026-01-22 12:11:31] [DEBUG] extract_transcript.py: ⏱️  시간: 175.70s ~ 184.70s (길이: 9.00s)
[2026-01-22 12:11:31] [DEBUG] extract_transcript.py: 📄 텍스트: 4000명이 넘는 이누이트족 여성들이 피해를 입은 거죠. 해당 사실이 뒤늦게 밝혀지면서 3년 전 그린란드와 ...
[2026-01-22 12:11:31] [DEBUG] extract_transcript.py: 📊 문자수: 85 chars
[2026-01-22 12:11:31] [DEBUG] extract_transcript.py: 🎯 평균 확률: -0.0558
[2026-01-22 12:11:31] [DEBUG] extract_transcript.py: 🔇 No-speech 확률: 0.0000
[2026-01-22 12:11:31] [DEBUG] extract_transcript.py: --------------------------------------------------------------------------------
[2026-01-22 12:11:37] [DEBUG] extract_transcript.py: [WHISPER] Segment #027
[2026-01-22 12:11:37] [INFO] [66%] Processing segment #27...
[2026-01-22 12:11:37] [DEBUG] extract_transcript.py: ⏱️  시간: 184.70s ~ 191.70s (길이: 7.00s)
[2026-01-22 12:11:37] [DEBUG] extract_transcript.py: 📄 텍스트: 이 사건을 계기로 그린란드 안에서는 덴마크로부터 독립해 식민시대의 족쇄에서 벗어나야 한다는 목소리가 커졌습니...
[2026-01-22 12:11:37] [DEBUG] extract_transcript.py: 📊 문자수: 62 chars
[2026-01-22 12:11:37] [DEBUG] extract_transcript.py: 🎯 평균 확률: -0.1375
[2026-01-22 12:11:37] [DEBUG] extract_transcript.py: 🔇 No-speech 확률: 0.0000
[2026-01-22 12:11:37] [DEBUG] extract_transcript.py: --------------------------------------------------------------------------------
[2026-01-22 12:11:37] [DEBUG] extract_transcript.py: [WHISPER] Segment #028
[2026-01-22 12:11:37] [INFO] [67%] Processing segment #28...
[2026-01-22 12:11:37] [DEBUG] extract_transcript.py: ⏱️  시간: 191.70s ~ 198.70s (길이: 7.00s)
[2026-01-22 12:11:37] [DEBUG] extract_transcript.py: 📄 텍스트: 덴마크인들은 세계 식민지 역사상 3번도 무력으로 점령하지 않았고 행복하게 정복하고 지배했다고 그러는데
[2026-01-22 12:11:37] [DEBUG] extract_transcript.py: 📊 문자수: 56 chars
[2026-01-22 12:11:37] [DEBUG] extract_transcript.py: 🎯 평균 확률: -0.1375
[2026-01-22 12:11:37] [DEBUG] extract_transcript.py: 🔇 No-speech 확률: 0.0000
[2026-01-22 12:11:37] [DEBUG] extract_transcript.py: --------------------------------------------------------------------------------
[2026-01-22 12:11:37] [DEBUG] extract_transcript.py: [WHISPER] Segment #029
[2026-01-22 12:11:37] [INFO] [67%] Processing segment #29...
[2026-01-22 12:11:37] [DEBUG] extract_transcript.py: ⏱️  시간: 198.70s ~ 204.70s (길이: 6.00s)
[2026-01-22 12:11:37] [DEBUG] extract_transcript.py: 📄 텍스트: 그린란드인들은 식민지를 원하는 적도 3번도 없기 때문에 유니스트인들의 입장의 공도 이해를 해야 될 것 같고
[2026-01-22 12:11:37] [DEBUG] extract_transcript.py: 📊 문자수: 59 chars
[2026-01-22 12:11:37] [DEBUG] extract_transcript.py: 🎯 평균 확률: -0.1375
[2026-01-22 12:11:37] [DEBUG] extract_transcript.py: 🔇 No-speech 확률: 0.0000
[2026-01-22 12:11:37] [DEBUG] extract_transcript.py: --------------------------------------------------------------------------------
[2026-01-22 12:11:37] [DEBUG] extract_transcript.py: [WHISPER] Segment #030
[2026-01-22 12:11:37] [INFO] [67%] Processing segment #30...
[2026-01-22 12:11:37] [DEBUG] extract_transcript.py: ⏱️  시간: 204.70s ~ 208.70s (길이: 4.00s)
[2026-01-22 12:11:37] [DEBUG] extract_transcript.py: 📄 텍스트: 그린란드가 덴마크로부터 독립하고 싶어하는 이유는 이제 이해가 되는데
[2026-01-22 12:11:37] [DEBUG] extract_transcript.py: 📊 문자수: 37 chars
[2026-01-22 12:11:37] [DEBUG] extract_transcript.py: 🎯 평균 확률: -0.1375
[2026-01-22 12:11:37] [DEBUG] extract_transcript.py: 🔇 No-speech 확률: 0.0000
[2026-01-22 12:11:37] [DEBUG] extract_transcript.py: --------------------------------------------------------------------------------
[2026-01-22 12:11:37] [DEBUG] extract_transcript.py: [WHISPER] Segment #031
[2026-01-22 12:11:37] [INFO] [67%] Processing segment #31...
[2026-01-22 12:11:37] [DEBUG] extract_transcript.py: ⏱️  시간: 208.70s ~ 212.70s (길이: 4.00s)
[2026-01-22 12:11:37] [DEBUG] extract_transcript.py: 📄 텍스트: 트럼프가 제안하는 미국령까지 고민하는 이유는 무엇일까요?
[2026-01-22 12:11:37] [DEBUG] extract_transcript.py: 📊 문자수: 31 chars
[2026-01-22 12:11:37] [DEBUG] extract_transcript.py: 🎯 평균 확률: -0.1375
[2026-01-22 12:11:37] [DEBUG] extract_transcript.py: 🔇 No-speech 확률: 0.0000
[2026-01-22 12:11:37] [DEBUG] extract_transcript.py: --------------------------------------------------------------------------------
[2026-01-22 12:11:43] [DEBUG] extract_transcript.py: [WHISPER] Segment #032
[2026-01-22 12:11:43] [INFO] [68%] Processing segment #32...
[2026-01-22 12:11:43] [DEBUG] extract_transcript.py: ⏱️  시간: 212.70s ~ 218.70s (길이: 6.00s)
[2026-01-22 12:11:43] [DEBUG] extract_transcript.py: 📄 텍스트: 바로 미국이 매입했던 또 다른 땅 알래스카 때문인데요. 1867년 미국에 편입된 알래스카에도
[2026-01-22 12:11:43] [DEBUG] extract_transcript.py: 📊 문자수: 51 chars
[2026-01-22 12:11:43] [DEBUG] extract_transcript.py: 🎯 평균 확률: -0.0724
[2026-01-22 12:11:43] [DEBUG] extract_transcript.py: 🔇 No-speech 확률: 0.0000
[2026-01-22 12:11:43] [DEBUG] extract_transcript.py: --------------------------------------------------------------------------------
[2026-01-22 12:11:43] [DEBUG] extract_transcript.py: [WHISPER] Segment #033
[2026-01-22 12:11:43] [INFO] [68%] Processing segment #33...
[2026-01-22 12:11:43] [DEBUG] extract_transcript.py: ⏱️  시간: 218.70s ~ 227.70s (길이: 9.00s)
[2026-01-22 12:11:43] [DEBUG] extract_transcript.py: 📄 텍스트: 이누이트 원주민들이 살고 있는데 이들은 교육, 건강, 경제제도의 격차로 인해 미국에서 가장 수명이 짧고 심각...
[2026-01-22 12:11:43] [DEBUG] extract_transcript.py: 📊 문자수: 81 chars
[2026-01-22 12:11:43] [DEBUG] extract_transcript.py: 🎯 평균 확률: -0.0724
[2026-01-22 12:11:43] [DEBUG] extract_transcript.py: 🔇 No-speech 확률: 0.0000
[2026-01-22 12:11:43] [DEBUG] extract_transcript.py: --------------------------------------------------------------------------------
[2026-01-22 12:11:43] [DEBUG] extract_transcript.py: [WHISPER] Segment #034
[2026-01-22 12:11:43] [INFO] [68%] Processing segment #34...
[2026-01-22 12:11:43] [DEBUG] extract_transcript.py: ⏱️  시간: 227.70s ~ 237.70s (길이: 10.00s)
[2026-01-22 12:11:43] [DEBUG] extract_transcript.py: 📄 텍스트: 이에 대해 그린란드의 한 의원이 미국을 작심 비판하기도 했어요. 상황이 이렇다 보니 그린란드의 입장에서는 덴...
[2026-01-22 12:11:43] [DEBUG] extract_transcript.py: 📊 문자수: 93 chars
[2026-01-22 12:11:43] [DEBUG] extract_transcript.py: 🎯 평균 확률: -0.0724
[2026-01-22 12:11:43] [DEBUG] extract_transcript.py: 🔇 No-speech 확률: 0.0000
[2026-01-22 12:11:43] [DEBUG] extract_transcript.py: --------------------------------------------------------------------------------
[2026-01-22 12:11:47] [DEBUG] extract_transcript.py: [WHISPER] Segment #035
[2026-01-22 12:11:47] [INFO] [68%] Processing segment #35...
[2026-01-22 12:11:47] [DEBUG] extract_transcript.py: ⏱️  시간: 237.70s ~ 243.70s (길이: 6.00s)
[2026-01-22 12:11:47] [DEBUG] extract_transcript.py: 📄 텍스트: 사실 그린란드는 이미 오래전 독립준비는 마친 상황인데요. 2009년 자치정부법이 통과되면서 덴마크로부터 모든...
[2026-01-22 12:11:47] [DEBUG] extract_transcript.py: 📊 문자수: 78 chars
[2026-01-22 12:11:47] [DEBUG] extract_transcript.py: 🎯 평균 확률: -0.1713
[2026-01-22 12:11:47] [DEBUG] extract_transcript.py: 🔇 No-speech 확률: 0.0000
[2026-01-22 12:11:47] [DEBUG] extract_transcript.py: --------------------------------------------------------------------------------
[2026-01-22 12:11:53] [DEBUG] extract_transcript.py: [WHISPER] Segment #036
[2026-01-22 12:11:53] [INFO] [69%] Processing segment #36...
[2026-01-22 12:11:53] [DEBUG] extract_transcript.py: ⏱️  시간: 243.70s ~ 261.70s (길이: 18.00s)
[2026-01-22 12:11:53] [DEBUG] extract_transcript.py: 📄 텍스트: 사실 그린란드는 이미 오래전 독립준비는 마친 상황인데요. 2009년 자치정부법이 통과되면서 덴마크로부터 모든...
[2026-01-22 12:11:53] [DEBUG] extract_transcript.py: 📊 문자수: 134 chars
[2026-01-22 12:11:53] [DEBUG] extract_transcript.py: 🎯 평균 확률: -0.0813
[2026-01-22 12:11:53] [DEBUG] extract_transcript.py: 🔇 No-speech 확률: 0.0000
[2026-01-22 12:11:53] [DEBUG] extract_transcript.py: --------------------------------------------------------------------------------
[2026-01-22 12:11:58] [DEBUG] extract_transcript.py: [WHISPER] Segment #037
[2026-01-22 12:11:58] [INFO] [69%] Processing segment #37...
[2026-01-22 12:11:58] [DEBUG] extract_transcript.py: ⏱️  시간: 261.70s ~ 275.70s (길이: 14.00s)
[2026-01-22 12:11:58] [DEBUG] extract_transcript.py: 📄 텍스트: 그린란드 독립의 걸림돌은 바로 경제인데요. 현재 그린란드는 덴마크에서 주는 5억 달러의 보조금이 전체 예산의...
[2026-01-22 12:11:58] [DEBUG] extract_transcript.py: 📊 문자수: 125 chars
[2026-01-22 12:11:58] [DEBUG] extract_transcript.py: 🎯 평균 확률: -0.0649
[2026-01-22 12:11:58] [DEBUG] extract_transcript.py: 🔇 No-speech 확률: 0.0000
[2026-01-22 12:11:58] [DEBUG] extract_transcript.py: --------------------------------------------------------------------------------
[2026-01-22 12:12:04] [DEBUG] extract_transcript.py: [WHISPER] Segment #038
[2026-01-22 12:12:04] [INFO] [69%] Processing segment #38...
[2026-01-22 12:12:04] [DEBUG] extract_transcript.py: ⏱️  시간: 275.70s ~ 285.82s (길이: 10.12s)
[2026-01-22 12:12:04] [DEBUG] extract_transcript.py: 📄 텍스트: 그린란드 내부에서도 지금 현실적으로 독립이 가능하냐 독립보다는 우리에게 신리를 가져다줄 수 있는 쪽을 택해야...
[2026-01-22 12:12:04] [DEBUG] extract_transcript.py: 📊 문자수: 87 chars
[2026-01-22 12:12:04] [DEBUG] extract_transcript.py: 🎯 평균 확률: -0.0510
[2026-01-22 12:12:04] [DEBUG] extract_transcript.py: 🔇 No-speech 확률: 0.0000
[2026-01-22 12:12:04] [DEBUG] extract_transcript.py: --------------------------------------------------------------------------------
[2026-01-22 12:12:04] [DEBUG] extract_transcript.py: [WHISPER] Segment #039
[2026-01-22 12:12:04] [INFO] [69%] Processing segment #39...
[2026-01-22 12:12:04] [DEBUG] extract_transcript.py: ⏱️  시간: 286.06s ~ 296.04s (길이: 9.98s)
[2026-01-22 12:12:04] [DEBUG] extract_transcript.py: 📄 텍스트: 덴마크 정부는 미국령이 아니라면 그린란드의 독립을 지원할 의사도 있다고 밝혔는데요. 결국 모든 것은 올 4월...
[2026-01-22 12:12:04] [DEBUG] extract_transcript.py: 📊 문자수: 92 chars
[2026-01-22 12:12:04] [DEBUG] extract_transcript.py: 🎯 평균 확률: -0.0510
[2026-01-22 12:12:04] [DEBUG] extract_transcript.py: 🔇 No-speech 확률: 0.0000
[2026-01-22 12:12:04] [DEBUG] extract_transcript.py: --------------------------------------------------------------------------------
[2026-01-22 12:12:04] [DEBUG] extract_transcript.py: [WHISPER] Segment #040
[2026-01-22 12:12:04] [INFO] [70%] Processing segment #40...
[2026-01-22 12:12:04] [DEBUG] extract_transcript.py: ⏱️  시간: 296.34s ~ 304.72s (길이: 8.38s)
[2026-01-22 12:12:04] [DEBUG] extract_transcript.py: 📄 텍스트: 그린란드의 자치총리가 지속적으로 독립에 대한 열망을 드러낸 만큼 의회 선거와 함께 그린란드 독립에 대한 주민...
[2026-01-22 12:12:04] [DEBUG] extract_transcript.py: 📊 문자수: 81 chars
[2026-01-22 12:12:04] [DEBUG] extract_transcript.py: 🎯 평균 확률: -0.0510
[2026-01-22 12:12:04] [DEBUG] extract_transcript.py: 🔇 No-speech 확률: 0.0000
[2026-01-22 12:12:04] [DEBUG] extract_transcript.py: --------------------------------------------------------------------------------
[2026-01-22 12:12:09] [DEBUG] extract_transcript.py: [WHISPER] Segment #041
[2026-01-22 12:12:09] [INFO] [70%] Processing segment #41...
[2026-01-22 12:12:09] [DEBUG] extract_transcript.py: ⏱️  시간: 304.72s ~ 310.84s (길이: 6.12s)
[2026-01-22 12:12:09] [DEBUG] extract_transcript.py: 📄 텍스트: 그린란드가 덴마크와 유럽의 영향력에서 벗어나길 바라는 트럼프도 이 선거를 유심히 지켜보고 있다고 해요.
[2026-01-22 12:12:09] [DEBUG] extract_transcript.py: 📊 문자수: 57 chars
[2026-01-22 12:12:09] [DEBUG] extract_transcript.py: 🎯 평균 확률: -0.0776
[2026-01-22 12:12:09] [DEBUG] extract_transcript.py: 🔇 No-speech 확률: 0.0000
[2026-01-22 12:12:09] [DEBUG] extract_transcript.py: --------------------------------------------------------------------------------
[2026-01-22 12:12:09] [DEBUG] extract_transcript.py: [WHISPER] Segment #042
[2026-01-22 12:12:09] [INFO] [70%] Processing segment #42...
[2026-01-22 12:12:09] [DEBUG] extract_transcript.py: ⏱️  시간: 314.36s ~ 321.10s (길이: 6.74s)
[2026-01-22 12:12:09] [DEBUG] extract_transcript.py: 📄 텍스트: 투표 결과를 지켜보겠다고는 했지만 마음이 급한 트럼프는 그린란드에 대한 무력 개입도 암시한 상황인데요.
[2026-01-22 12:12:09] [DEBUG] extract_transcript.py: 📊 문자수: 57 chars
[2026-01-22 12:12:09] [DEBUG] extract_transcript.py: 🎯 평균 확률: -0.0776
[2026-01-22 12:12:09] [DEBUG] extract_transcript.py: 🔇 No-speech 확률: 0.0000
[2026-01-22 12:12:09] [DEBUG] extract_transcript.py: --------------------------------------------------------------------------------
[2026-01-22 12:12:09] [DEBUG] extract_transcript.py: [WHISPER] Segment #043
[2026-01-22 12:12:09] [INFO] [70%] Processing segment #43...
[2026-01-22 12:12:09] [DEBUG] extract_transcript.py: ⏱️  시간: 321.34s ~ 324.64s (길이: 3.30s)
[2026-01-22 12:12:09] [DEBUG] extract_transcript.py: 📄 텍스트: 그렇다면 정말 미국의 무력 개입도 가능한 시나리오일까요?
[2026-01-22 12:12:09] [DEBUG] extract_transcript.py: 📊 문자수: 31 chars
[2026-01-22 12:12:09] [DEBUG] extract_transcript.py: 🎯 평균 확률: -0.0776
[2026-01-22 12:12:09] [DEBUG] extract_transcript.py: 🔇 No-speech 확률: 0.0000
[2026-01-22 12:12:09] [DEBUG] extract_transcript.py: --------------------------------------------------------------------------------
[2026-01-22 12:12:14] [DEBUG] extract_transcript.py: [WHISPER] Segment #044
[2026-01-22 12:12:14] [INFO] [71%] Processing segment #44...
[2026-01-22 12:12:14] [DEBUG] extract_transcript.py: ⏱️  시간: 324.64s ~ 340.64s (길이: 16.00s)
[2026-01-22 12:12:14] [DEBUG] extract_transcript.py: 📄 텍스트: 미국이 만약에 무력을 사용한다는 것은 바로 러시아나 중국과 똑같은 나라가 되기 때문에 미국에 관해서도 무력 ...
[2026-01-22 12:12:14] [DEBUG] extract_transcript.py: 📊 문자수: 112 chars
[2026-01-22 12:12:14] [DEBUG] extract_transcript.py: 🎯 평균 확률: -0.1846
[2026-01-22 12:12:14] [DEBUG] extract_transcript.py: 🔇 No-speech 확률: 0.0000
[2026-01-22 12:12:14] [DEBUG] extract_transcript.py: --------------------------------------------------------------------------------
[2026-01-22 12:12:17] [INFO] Listed 7 scripts
[2026-01-22 12:12:20] [DEBUG] extract_transcript.py: [WHISPER] Segment #045
[2026-01-22 12:12:20] [INFO] [71%] Processing segment #45...
[2026-01-22 12:12:20] [DEBUG] extract_transcript.py: ⏱️  시간: 340.64s ~ 347.68s (길이: 7.04s)
[2026-01-22 12:12:20] [DEBUG] extract_transcript.py: 📄 텍스트: 무력 충돌의 가능성은 작지만 독일과 프랑스 등 유럽 각국이 우려의 뜻을 드러내며 전 세계가 뜨거워지고 있는데...
[2026-01-22 12:12:20] [DEBUG] extract_transcript.py: 📊 문자수: 62 chars
[2026-01-22 12:12:20] [DEBUG] extract_transcript.py: 🎯 평균 확률: -0.0481
[2026-01-22 12:12:20] [DEBUG] extract_transcript.py: 🔇 No-speech 확률: 0.0000
[2026-01-22 12:12:20] [DEBUG] extract_transcript.py: --------------------------------------------------------------------------------
[2026-01-22 12:12:20] [DEBUG] extract_transcript.py: [WHISPER] Segment #046
[2026-01-22 12:12:20] [INFO] [71%] Processing segment #46...
[2026-01-22 12:12:20] [DEBUG] extract_transcript.py: ⏱️  시간: 347.96s ~ 354.18s (길이: 6.22s)
[2026-01-22 12:12:20] [DEBUG] extract_transcript.py: 📄 텍스트: 그린란드는 주변의 우려는 인정하면서도 독립을 위한 기회로서 미국과 대화의 가능성은 열어놓은 상황입니다.
[2026-01-22 12:12:20] [DEBUG] extract_transcript.py: 📊 문자수: 57 chars
[2026-01-22 12:12:20] [DEBUG] extract_transcript.py: 🎯 평균 확률: -0.0481
[2026-01-22 12:12:20] [DEBUG] extract_transcript.py: 🔇 No-speech 확률: 0.0000
[2026-01-22 12:12:20] [DEBUG] extract_transcript.py: --------------------------------------------------------------------------------
[2026-01-22 12:12:20] [DEBUG] extract_transcript.py: [WHISPER] Segment #047
[2026-01-22 12:12:20] [INFO] [71%] Processing segment #47...
[2026-01-22 12:12:20] [DEBUG] extract_transcript.py: ⏱️  시간: 354.44s ~ 358.54s (길이: 4.10s)
[2026-01-22 12:12:20] [DEBUG] extract_transcript.py: 📄 텍스트: 트럼프 2기 출범과 4월 선거를 앞두고 혼돈의 중심에 선 그린란드.
[2026-01-22 12:12:20] [DEBUG] extract_transcript.py: 📊 문자수: 37 chars
[2026-01-22 12:12:20] [DEBUG] extract_transcript.py: 🎯 평균 확률: -0.0481
[2026-01-22 12:12:20] [DEBUG] extract_transcript.py: 🔇 No-speech 확률: 0.0000
[2026-01-22 12:12:20] [DEBUG] extract_transcript.py: --------------------------------------------------------------------------------
[2026-01-22 12:12:20] [DEBUG] extract_transcript.py: [WHISPER] Segment #048
[2026-01-22 12:12:20] [INFO] [72%] Processing segment #48...
[2026-01-22 12:12:20] [DEBUG] extract_transcript.py: ⏱️  시간: 358.66s ~ 361.00s (길이: 2.34s)
[2026-01-22 12:12:20] [DEBUG] extract_transcript.py: 📄 텍스트: 과연 그린란드의 운명은 어떻게 될까요?
[2026-01-22 12:12:20] [DEBUG] extract_transcript.py: 📊 문자수: 21 chars
[2026-01-22 12:12:20] [DEBUG] extract_transcript.py: 🎯 평균 확률: -0.0481
[2026-01-22 12:12:20] [DEBUG] extract_transcript.py: 🔇 No-speech 확률: 0.0000
[2026-01-22 12:12:20] [DEBUG] extract_transcript.py: --------------------------------------------------------------------------------
[2026-01-22 12:12:20] [DEBUG] extract_transcript.py: [WHISPER] Segment #049
[2026-01-22 12:12:20] [INFO] [72%] Processing segment #49...
[2026-01-22 12:12:20] [DEBUG] extract_transcript.py: ⏱️  시간: 361.20s ~ 364.74s (길이: 3.54s)
[2026-01-22 12:12:20] [DEBUG] extract_transcript.py: 📄 텍스트: 그린란드는 덴마크와 미국 모두로부터 독립할 수 있을까요?
[2026-01-22 12:12:20] [DEBUG] extract_transcript.py: 📊 문자수: 31 chars
[2026-01-22 12:12:20] [DEBUG] extract_transcript.py: 🎯 평균 확률: -0.0481
[2026-01-22 12:12:20] [DEBUG] extract_transcript.py: 🔇 No-speech 확률: 0.0000
[2026-01-22 12:12:20] [DEBUG] extract_transcript.py: --------------------------------------------------------------------------------
[2026-01-22 12:12:25] [DEBUG] extract_transcript.py: [WHISPER] Segment #050
[2026-01-22 12:12:25] [INFO] [72%] Processing segment #50...
[2026-01-22 12:12:25] [DEBUG] extract_transcript.py: ⏱️  시간: 364.74s ~ 366.76s (길이: 2.02s)
[2026-01-22 12:12:25] [DEBUG] extract_transcript.py: 📄 텍스트: 여러분의 의견을 댓글로 남겨주세요.
[2026-01-22 12:12:25] [DEBUG] extract_transcript.py: 📊 문자수: 19 chars
[2026-01-22 12:12:25] [DEBUG] extract_transcript.py: 🎯 평균 확률: -0.1103
[2026-01-22 12:12:25] [DEBUG] extract_transcript.py: 🔇 No-speech 확률: 0.0000
[2026-01-22 12:12:25] [DEBUG] extract_transcript.py: --------------------------------------------------------------------------------
[2026-01-22 12:12:25] [DEBUG] extract_transcript.py: ================================================================================
[2026-01-22 12:12:25] [DEBUG] extract_transcript.py: ✅ WHISPER 처리 완료!
[2026-01-22 12:12:25] [INFO] [90%] Whisper transcription completed!
[2026-01-22 12:12:25] [DEBUG] extract_transcript.py: ================================================================================
[2026-01-22 12:12:25] [DEBUG] extract_transcript.py: 📊 처리 통계:
[2026-01-22 12:12:25] [DEBUG] extract_transcript.py: - 총 세그먼트 수: 50
[2026-01-22 12:12:25] [DEBUG] extract_transcript.py: - 총 문자 수: 2,910 chars
[2026-01-22 12:12:25] [DEBUG] extract_transcript.py: - 모델 로딩 시간: 107.42초
[2026-01-22 12:12:25] [DEBUG] extract_transcript.py: - 음성 인식 시간: 105.65초
[2026-01-22 12:12:25] [DEBUG] extract_transcript.py: - 전체 처리 시간: 213.07초
[2026-01-22 12:12:25] [DEBUG] extract_transcript.py: - 처리 속도: 3.62x 실시간
[2026-01-22 12:12:25] [DEBUG] extract_transcript.py: ================================================================================
[2026-01-22 12:12:25] [DEBUG] extract_transcript.py: [MAIN] extract_transcript_whisper returned. HTML length: 4657
[2026-01-22 12:12:25] [DEBUG] extract_transcript.py: [MAIN] Creating JSON result...
[2026-01-22 12:12:25] [DEBUG] extract_transcript.py: [MAIN] Writing result to file: Temp_Audio/XlT_4ogjipE_result.json
[2026-01-22 12:12:25] [DEBUG] extract_transcript.py: [MAIN] Result file written successfully
[2026-01-22 12:12:25] [DEBUG] extract_transcript.py: [MAIN] Calling sys.exit(0)...
[2026-01-22 12:12:25] [INFO] extract_transcript.py completed. Total debug lines: 460
[2026-01-22 12:12:25] [DEBUG] Process return code: 0
[2026-01-22 12:12:25] [INFO] [90%] Processing transcript...
[2026-01-22 12:12:25] [DEBUG] Reading result from file: /app/Temp_Audio/XlT_4ogjipE_result.json
[2026-01-22 12:12:25] [DEBUG] Result file loaded successfully
[2026-01-22 12:12:25] [DEBUG] Result file removed
[2026-01-22 12:12:25] [INFO] Transcript extraction successful
[2026-01-22 12:12:25] [INFO] [95%] Generating HTML file...
[2026-01-22 12:12:25] [DEBUG] Saving HTML to: /app/Scripts/yt_XlT_4ogjipE.html
[2026-01-22 12:12:25] [INFO] HTML file saved: /app/Scripts/yt_XlT_4ogjipE.html
[2026-01-22 12:12:25] [INFO] [100%] Completed!
[2026-01-22 12:12:25] [INFO] ✓ Extraction completed successfully for: 트럼프가 탐내는 그린란드는 자나 깨나 독립 생각뿐? 현시점 그린란드 속마음 알아봄｜크랩 (XlT_4ogjipE)
[2026-01-22 12:12:26] [INFO] Listed 8 scripts
[2026-01-22 12:12:27] [INFO] Listed 8 scripts
[2026-01-22 12:12:56] [INFO] Listed 8 scripts
[2026-01-22 12:13:13] [INFO] Listed 8 scripts
