[2026-02-19 11:50:22] [INFO] ================================================================================
[2026-02-19 11:50:22] [INFO] YouTube Script Extractor Server Started
[2026-02-19 11:50:22] [INFO] Log file: /app/Logs/Server_20260219_115022.log
[2026-02-19 11:50:22] [INFO] ================================================================================
[2026-02-19 11:50:22] [INFO] ================================================================================
[2026-02-19 11:50:22] [INFO] YouTube Script Extractor Server Started
[2026-02-19 11:50:22] [INFO] Log file: /app/Logs/Server_20260219_115022.log
[2026-02-19 11:50:22] [INFO] ================================================================================
[2026-02-19 11:56:44] [INFO] Listed 14 scripts
[2026-02-19 11:57:17] [INFO] New extraction request: https://youtu.be/aV6vWSWm3EE?si=h0FZ0b9cYw1ghBL3
[2026-02-19 11:57:17] [INFO] Extracted video ID: aV6vWSWm3EE
[2026-02-19 11:57:17] [INFO] Starting extraction for video: aV6vWSWm3EE
[2026-02-19 11:57:17] [INFO] Background extraction thread started for video: aV6vWSWm3EE
[2026-02-19 11:57:17] [INFO] [5%] 비디오 정보 추출 중...
[2026-02-19 11:57:18] [DEBUG] Getting video title for: aV6vWSWm3EE
[2026-02-19 11:57:20] [INFO] Video title: 국보급 헬스... (Feat. 서장훈, 쇼리, 마선호)
[2026-02-19 11:57:20] [INFO] [10%] 오디오 다운로드: 국보급 헬스... (Feat. 서장훈, 쇼리, 마선호)...
[2026-02-19 11:57:20] [DEBUG] Starting extract_transcript.py subprocess for: aV6vWSWm3EE
[2026-02-19 11:57:20] [DEBUG] extract_transcript.py: [MAIN] Calling extract_transcript_whisper for video: aV6vWSWm3EE
[2026-02-19 11:57:20] [DEBUG] extract_transcript.py: ================================================================================
[2026-02-19 11:57:20] [DEBUG] extract_transcript.py: 📹 YT-DLP 오디오 다운로드 시작
[2026-02-19 11:57:20] [INFO] [15%] YouTube에서 오디오 다운로드 중...
[2026-02-19 11:57:20] [DEBUG] extract_transcript.py: ================================================================================
[2026-02-19 11:57:20] [DEBUG] extract_transcript.py: [YT-DLP] URL: https://www.youtube.com/watch?v=aV6vWSWm3EE
[2026-02-19 11:57:20] [DEBUG] extract_transcript.py: [YT-DLP WARNING] ⚠️  Deprecated Feature: Support for Python version 3.9 has been deprecated. Please update to Python 3.10 or above
[2026-02-19 11:57:20] [DEBUG] extract_transcript.py: [YT-DLP ERROR] ❌ Deprecated Feature: Support for Python version 3.9 has been deprecated. Please update to Python 3.10 or above
[2026-02-19 11:57:21] [DEBUG] extract_transcript.py: [YT-DLP DEBUG] [youtube] Extracting URL: https://www.youtube.com/watch?v=aV6vWSWm3EE
[2026-02-19 11:57:21] [DEBUG] extract_transcript.py: [YT-DLP DEBUG] [youtube] aV6vWSWm3EE: Downloading webpage
[2026-02-19 11:57:22] [DEBUG] extract_transcript.py: [YT-DLP DEBUG] [youtube] aV6vWSWm3EE: Downloading android player API JSON
[2026-02-19 11:57:22] [DEBUG] extract_transcript.py: [YT-DLP WARNING] ⚠️  [youtube] aV6vWSWm3EE: android client https formats require a GVS PO Token which was not provided. They will be skipped as they may yield HTTP Error 403. You can manually pass a GVS PO Token for this client with --extractor-args "youtube:po_token=android.gvs+XXX". For more information, refer to  https://github.com/yt-dlp/yt-dlp/wiki/PO-Token-Guide
[2026-02-19 11:57:22] [DEBUG] extract_transcript.py: [YT-DLP WARNING] ⚠️  [youtube] aV6vWSWm3EE: Some web client https formats have been skipped as they are missing a url. YouTube is forcing SABR streaming for this client. See  https://github.com/yt-dlp/yt-dlp/issues/12482  for more details
[2026-02-19 11:57:22] [DEBUG] extract_transcript.py: [YT-DLP DEBUG] [info] aV6vWSWm3EE: Downloading 1 format(s): 18
[2026-02-19 11:57:22] [DEBUG] extract_transcript.py: [YT-DLP DEBUG] [download] Sleeping 6.00 seconds as required by the site...
[2026-02-19 11:57:28] [DEBUG] extract_transcript.py: [YT-DLP DEBUG] [download] Destination: Temp_Audio/aV6vWSWm3EE.m4a
[2026-02-19 11:57:28] [DEBUG] extract_transcript.py: [YT-DLP DEBUG] [download]   0.0% of  148.76MiB at   56.28KiB/s ETA 45:11
[2026-02-19 11:57:28] [DEBUG] extract_transcript.py: [YT-DLP DOWNLOAD] 진행률: 0.0% | 다운로드: 1,024/155,990,718 bytes | 속도: 56.3 KB/s | 남은시간: 2711초
[2026-02-19 11:57:28] [INFO] [15%] 다운로드 중: 0.0%...
[2026-02-19 11:57:28] [DEBUG] extract_transcript.py: [YT-DLP DEBUG] [download]   0.0% of  148.76MiB at  157.86KiB/s ETA 16:05
[2026-02-19 11:57:28] [DEBUG] extract_transcript.py: [YT-DLP DOWNLOAD] 진행률: 0.0% | 다운로드: 3,072/155,990,718 bytes | 속도: 157.9 KB/s | 남은시간: 965초
[2026-02-19 11:57:28] [INFO] [15%] 다운로드 중: 0.0%...
[2026-02-19 11:57:28] [DEBUG] extract_transcript.py: [YT-DLP DEBUG] [download]   0.0% of  148.76MiB at  322.39KiB/s ETA 07:52
[2026-02-19 11:57:28] [DEBUG] extract_transcript.py: [YT-DLP DOWNLOAD] 진행률: 0.0% | 다운로드: 7,168/155,990,718 bytes | 속도: 322.4 KB/s | 남은시간: 472초
[2026-02-19 11:57:28] [INFO] [15%] 다운로드 중: 0.0%...
[2026-02-19 11:57:28] [DEBUG] extract_transcript.py: [YT-DLP DEBUG] [download]   0.0% of  148.76MiB at  563.33KiB/s ETA 04:30
[2026-02-19 11:57:28] [DEBUG] extract_transcript.py: [YT-DLP DOWNLOAD] 진행률: 0.0% | 다운로드: 15,360/155,990,718 bytes | 속도: 563.3 KB/s | 남은시간: 270초
[2026-02-19 11:57:28] [INFO] [15%] 다운로드 중: 0.0%...
[2026-02-19 11:57:28] [DEBUG] extract_transcript.py: [YT-DLP DEBUG] [download]   0.0% of  148.76MiB at    1.01MiB/s ETA 02:26
[2026-02-19 11:57:28] [DEBUG] extract_transcript.py: [YT-DLP DOWNLOAD] 진행률: 0.0% | 다운로드: 31,744/155,990,718 bytes | 속도: 1039.1 KB/s | 남은시간: 146초
[2026-02-19 11:57:28] [INFO] [15%] 다운로드 중: 0.0%...
[2026-02-19 11:57:28] [DEBUG] extract_transcript.py: [YT-DLP DEBUG] [download]   0.0% of  148.76MiB at    1.96MiB/s ETA 01:15
[2026-02-19 11:57:28] [DEBUG] extract_transcript.py: [YT-DLP DOWNLOAD] 진행률: 0.0% | 다운로드: 64,512/155,990,718 bytes | 속도: 2006.9 KB/s | 남은시간: 75초
[2026-02-19 11:57:28] [INFO] [15%] 다운로드 중: 0.0%...
[2026-02-19 11:57:28] [DEBUG] extract_transcript.py: [YT-DLP DEBUG] [download]   0.1% of  148.76MiB at    3.47MiB/s ETA 00:42
[2026-02-19 11:57:28] [DEBUG] extract_transcript.py: [YT-DLP DOWNLOAD] 진행률: 0.1% | 다운로드: 130,048/155,990,718 bytes | 속도: 3557.9 KB/s | 남은시간: 42초
[2026-02-19 11:57:28] [INFO] [15%] 다운로드 중: 0.1%...
[2026-02-19 11:57:28] [DEBUG] extract_transcript.py: [YT-DLP DEBUG] [download]   0.2% of  148.76MiB at    5.96MiB/s ETA 00:24
[2026-02-19 11:57:28] [DEBUG] extract_transcript.py: [YT-DLP DOWNLOAD] 진행률: 0.2% | 다운로드: 261,120/155,990,718 bytes | 속도: 6100.3 KB/s | 남은시간: 24초
[2026-02-19 11:57:28] [INFO] [15%] 다운로드 중: 0.2%...
[2026-02-19 11:57:28] [DEBUG] extract_transcript.py: [YT-DLP DEBUG] [download]   0.3% of  148.76MiB at    9.67MiB/s ETA 00:15
[2026-02-19 11:57:28] [DEBUG] extract_transcript.py: [YT-DLP DOWNLOAD] 진행률: 0.3% | 다운로드: 523,264/155,990,718 bytes | 속도: 9906.6 KB/s | 남은시간: 15초
[2026-02-19 11:57:28] [INFO] [15%] 다운로드 중: 0.3%...
[2026-02-19 11:57:28] [DEBUG] extract_transcript.py: [YT-DLP DEBUG] [download]   0.7% of  148.76MiB at   11.31MiB/s ETA 00:13
[2026-02-19 11:57:28] [DEBUG] extract_transcript.py: [YT-DLP DOWNLOAD] 진행률: 0.7% | 다운로드: 1,047,552/155,990,718 bytes | 속도: 11576.5 KB/s | 남은시간: 13초
[2026-02-19 11:57:28] [INFO] [15%] 다운로드 중: 0.7%...
[2026-02-19 11:57:28] [DEBUG] extract_transcript.py: [YT-DLP DEBUG] [download]   1.3% of  148.76MiB at   12.67MiB/s ETA 00:11
[2026-02-19 11:57:28] [DEBUG] extract_transcript.py: [YT-DLP DOWNLOAD] 진행률: 1.3% | 다운로드: 2,096,128/155,990,718 bytes | 속도: 12977.3 KB/s | 남은시간: 11초
[2026-02-19 11:57:28] [INFO] [15%] 다운로드 중: 1.3%...
[2026-02-19 11:57:28] [DEBUG] extract_transcript.py: [YT-DLP DEBUG] [download]   2.7% of  148.76MiB at   13.20MiB/s ETA 00:10
[2026-02-19 11:57:28] [DEBUG] extract_transcript.py: [YT-DLP DOWNLOAD] 진행률: 2.7% | 다운로드: 4,193,280/155,990,718 bytes | 속도: 13518.2 KB/s | 남은시간: 10초
[2026-02-19 11:57:28] [INFO] [15%] 다운로드 중: 2.7%...
[2026-02-19 11:57:29] [DEBUG] extract_transcript.py: [YT-DLP DEBUG] [download]   5.4% of  148.76MiB at   13.71MiB/s ETA 00:10
[2026-02-19 11:57:29] [DEBUG] extract_transcript.py: [YT-DLP DOWNLOAD] 진행률: 5.4% | 다운로드: 8,387,584/155,990,718 bytes | 속도: 14038.0 KB/s | 남은시간: 10초
[2026-02-19 11:57:29] [INFO] [16%] 다운로드 중: 5.4%...
[2026-02-19 11:57:29] [DEBUG] extract_transcript.py: [YT-DLP DEBUG] [download]   6.4% of  148.76MiB at   14.75MiB/s ETA 00:09
[2026-02-19 11:57:29] [DEBUG] extract_transcript.py: [YT-DLP DOWNLOAD] 진행률: 6.4% | 다운로드: 10,014,483/155,990,718 bytes | 속도: 15106.6 KB/s | 남은시간: 9초
[2026-02-19 11:57:29] [INFO] [16%] 다운로드 중: 6.4%...
[2026-02-19 11:57:29] [DEBUG] extract_transcript.py: [YT-DLP DEBUG] [download]   6.4% of  148.76MiB at  Unknown B/s ETA Unknown
[2026-02-19 11:57:29] [DEBUG] extract_transcript.py: [YT-DLP DOWNLOAD] 진행률: 6.4% | 다운로드: 10,015,507/155,990,718 bytes
[2026-02-19 11:57:29] [INFO] [16%] 다운로드 중: 6.4%...
[2026-02-19 11:57:29] [DEBUG] extract_transcript.py: [YT-DLP DEBUG] [download]   6.4% of  148.76MiB at  Unknown B/s ETA Unknown
[2026-02-19 11:57:29] [DEBUG] extract_transcript.py: [YT-DLP DOWNLOAD] 진행률: 6.4% | 다운로드: 10,017,555/155,990,718 bytes
[2026-02-19 11:57:29] [INFO] [16%] 다운로드 중: 6.4%...
[2026-02-19 11:57:29] [DEBUG] extract_transcript.py: [YT-DLP DEBUG] [download]   6.4% of  148.76MiB at    3.75MiB/s ETA 00:37
[2026-02-19 11:57:29] [DEBUG] extract_transcript.py: [YT-DLP DOWNLOAD] 진행률: 6.4% | 다운로드: 10,021,651/155,990,718 bytes | 속도: 3835.4 KB/s | 남은시간: 37초
[2026-02-19 11:57:29] [INFO] [16%] 다운로드 중: 6.4%...
[2026-02-19 11:57:29] [DEBUG] extract_transcript.py: [YT-DLP DEBUG] [download]   6.4% of  148.76MiB at    3.29MiB/s ETA 00:42
[2026-02-19 11:57:29] [DEBUG] extract_transcript.py: [YT-DLP DOWNLOAD] 진행률: 6.4% | 다운로드: 10,029,843/155,990,718 bytes | 속도: 3368.4 KB/s | 남은시간: 42초
[2026-02-19 11:57:29] [INFO] [16%] 다운로드 중: 6.4%...
[2026-02-19 11:57:29] [DEBUG] extract_transcript.py: [YT-DLP DEBUG] [download]   6.4% of  148.76MiB at    5.23MiB/s ETA 00:26
[2026-02-19 11:57:29] [DEBUG] extract_transcript.py: [YT-DLP DOWNLOAD] 진행률: 6.4% | 다운로드: 10,046,227/155,990,718 bytes | 속도: 5356.9 KB/s | 남은시간: 26초
[2026-02-19 11:57:29] [INFO] [16%] 다운로드 중: 6.4%...
[2026-02-19 11:57:29] [DEBUG] extract_transcript.py: [YT-DLP DEBUG] [download]   6.5% of  148.76MiB at    8.84MiB/s ETA 00:15
[2026-02-19 11:57:29] [DEBUG] extract_transcript.py: [YT-DLP DOWNLOAD] 진행률: 6.5% | 다운로드: 10,078,995/155,990,718 bytes | 속도: 9052.8 KB/s | 남은시간: 15초
[2026-02-19 11:57:29] [INFO] [16%] 다운로드 중: 6.5%...
[2026-02-19 11:57:29] [DEBUG] extract_transcript.py: [YT-DLP DEBUG] [download]   6.5% of  148.76MiB at   10.64MiB/s ETA 00:13
[2026-02-19 11:57:29] [DEBUG] extract_transcript.py: [YT-DLP DOWNLOAD] 진행률: 6.5% | 다운로드: 10,144,531/155,990,718 bytes | 속도: 10899.4 KB/s | 남은시간: 13초
[2026-02-19 11:57:29] [INFO] [16%] 다운로드 중: 6.5%...
[2026-02-19 11:57:29] [DEBUG] extract_transcript.py: [YT-DLP DEBUG] [download]   6.6% of  148.76MiB at   14.68MiB/s ETA 00:09
[2026-02-19 11:57:29] [DEBUG] extract_transcript.py: [YT-DLP DOWNLOAD] 진행률: 6.6% | 다운로드: 10,275,603/155,990,718 bytes | 속도: 15032.3 KB/s | 남은시간: 9초
[2026-02-19 11:57:29] [INFO] [16%] 다운로드 중: 6.6%...
[2026-02-19 11:57:29] [DEBUG] extract_transcript.py: [YT-DLP DEBUG] [download]   6.8% of  148.76MiB at    3.37MiB/s ETA 00:41
[2026-02-19 11:57:29] [DEBUG] extract_transcript.py: [YT-DLP DOWNLOAD] 진행률: 6.8% | 다운로드: 10,537,747/155,990,718 bytes | 속도: 3451.1 KB/s | 남은시간: 41초
[2026-02-19 11:57:29] [INFO] [16%] 다운로드 중: 6.8%...
[2026-02-19 11:57:29] [DEBUG] extract_transcript.py: [YT-DLP DEBUG] [download]   7.1% of  148.76MiB at    5.38MiB/s ETA 00:25
[2026-02-19 11:57:29] [DEBUG] extract_transcript.py: [YT-DLP DOWNLOAD] 진행률: 7.1% | 다운로드: 11,062,035/155,990,718 bytes | 속도: 5513.5 KB/s | 남은시간: 25초
[2026-02-19 11:57:29] [INFO] [16%] 다운로드 중: 7.1%...
[2026-02-19 11:57:29] [DEBUG] extract_transcript.py: [YT-DLP DEBUG] [download]   7.8% of  148.76MiB at    8.44MiB/s ETA 00:16
[2026-02-19 11:57:29] [DEBUG] extract_transcript.py: [YT-DLP DOWNLOAD] 진행률: 7.8% | 다운로드: 12,110,611/155,990,718 bytes | 속도: 8640.5 KB/s | 남은시간: 16초
[2026-02-19 11:57:29] [INFO] [16%] 다운로드 중: 7.8%...
[2026-02-19 11:57:29] [DEBUG] extract_transcript.py: [YT-DLP DEBUG] [download]   9.1% of  148.76MiB at   11.06MiB/s ETA 00:12
[2026-02-19 11:57:29] [DEBUG] extract_transcript.py: [YT-DLP DOWNLOAD] 진행률: 9.1% | 다운로드: 14,207,763/155,990,718 bytes | 속도: 11329.2 KB/s | 남은시간: 12초
[2026-02-19 11:57:29] [INFO] [16%] 다운로드 중: 9.1%...
[2026-02-19 11:57:29] [DEBUG] extract_transcript.py: [YT-DLP DEBUG] [download]  11.8% of  148.76MiB at   12.12MiB/s ETA 00:10
[2026-02-19 11:57:29] [DEBUG] extract_transcript.py: [YT-DLP DOWNLOAD] 진행률: 11.8% | 다운로드: 18,402,067/155,990,718 bytes | 속도: 12409.6 KB/s | 남은시간: 10초
[2026-02-19 11:57:29] [INFO] [17%] 다운로드 중: 11.8%...
[2026-02-19 11:57:29] [DEBUG] extract_transcript.py: [YT-DLP DEBUG] [download]  12.9% of  148.76MiB at   13.44MiB/s ETA 00:09
[2026-02-19 11:57:29] [DEBUG] extract_transcript.py: [YT-DLP DOWNLOAD] 진행률: 12.9% | 다운로드: 20,094,562/155,990,718 bytes | 속도: 13758.1 KB/s | 남은시간: 9초
[2026-02-19 11:57:29] [INFO] [17%] 다운로드 중: 12.9%...
[2026-02-19 11:57:30] [DEBUG] extract_transcript.py: [YT-DLP DEBUG] [download]  12.9% of  148.76MiB at  Unknown B/s ETA Unknown
[2026-02-19 11:57:30] [DEBUG] extract_transcript.py: [YT-DLP DOWNLOAD] 진행률: 12.9% | 다운로드: 20,095,586/155,990,718 bytes
[2026-02-19 11:57:30] [INFO] [17%] 다운로드 중: 12.9%...
[2026-02-19 11:57:30] [DEBUG] extract_transcript.py: [YT-DLP DEBUG] [download]  12.9% of  148.76MiB at  Unknown B/s ETA 00:44
[2026-02-19 11:57:30] [DEBUG] extract_transcript.py: [YT-DLP DOWNLOAD] 진행률: 12.9% | 다운로드: 20,097,634/155,990,718 bytes | 남은시간: 44초
[2026-02-19 11:57:30] [INFO] [17%] 다운로드 중: 12.9%...
[2026-02-19 11:57:30] [DEBUG] extract_transcript.py: [YT-DLP DEBUG] [download]  12.9% of  148.76MiB at    3.57MiB/s ETA 00:36
[2026-02-19 11:57:30] [DEBUG] extract_transcript.py: [YT-DLP DOWNLOAD] 진행률: 12.9% | 다운로드: 20,101,730/155,990,718 bytes | 속도: 3650.8 KB/s | 남은시간: 36초
[2026-02-19 11:57:30] [INFO] [17%] 다운로드 중: 12.9%...
[2026-02-19 11:57:30] [DEBUG] extract_transcript.py: [YT-DLP DEBUG] [download]  12.9% of  148.76MiB at    3.58MiB/s ETA 00:36
[2026-02-19 11:57:30] [DEBUG] extract_transcript.py: [YT-DLP DOWNLOAD] 진행률: 12.9% | 다운로드: 20,109,922/155,990,718 bytes | 속도: 3663.4 KB/s | 남은시간: 36초
[2026-02-19 11:57:30] [INFO] [17%] 다운로드 중: 12.9%...
[2026-02-19 11:57:30] [DEBUG] extract_transcript.py: [YT-DLP DEBUG] [download]  12.9% of  148.76MiB at    3.44MiB/s ETA 00:37
[2026-02-19 11:57:30] [DEBUG] extract_transcript.py: [YT-DLP DOWNLOAD] 진행률: 12.9% | 다운로드: 20,126,306/155,990,718 bytes | 속도: 3526.6 KB/s | 남은시간: 37초
[2026-02-19 11:57:30] [INFO] [17%] 다운로드 중: 12.9%...
[2026-02-19 11:57:30] [DEBUG] extract_transcript.py: [YT-DLP DEBUG] [download]  12.9% of  148.76MiB at    5.86MiB/s ETA 00:22
[2026-02-19 11:57:30] [DEBUG] extract_transcript.py: [YT-DLP DOWNLOAD] 진행률: 12.9% | 다운로드: 20,159,074/155,990,718 bytes | 속도: 5997.0 KB/s | 남은시간: 22초
[2026-02-19 11:57:30] [INFO] [17%] 다운로드 중: 12.9%...
[2026-02-19 11:57:30] [DEBUG] extract_transcript.py: [YT-DLP DEBUG] [download]  13.0% of  148.76MiB at    8.00MiB/s ETA 00:16
[2026-02-19 11:57:30] [DEBUG] extract_transcript.py: [YT-DLP DOWNLOAD] 진행률: 13.0% | 다운로드: 20,224,610/155,990,718 bytes | 속도: 8188.5 KB/s | 남은시간: 16초
[2026-02-19 11:57:30] [INFO] [17%] 다운로드 중: 13.0%...
[2026-02-19 11:57:30] [DEBUG] extract_transcript.py: [YT-DLP DEBUG] [download]  13.0% of  148.76MiB at   10.05MiB/s ETA 00:12
[2026-02-19 11:57:30] [DEBUG] extract_transcript.py: [YT-DLP DOWNLOAD] 진행률: 13.0% | 다운로드: 20,355,682/155,990,718 bytes | 속도: 10287.3 KB/s | 남은시간: 12초
[2026-02-19 11:57:30] [INFO] [17%] 다운로드 중: 13.0%...
[2026-02-19 11:57:30] [DEBUG] extract_transcript.py: [YT-DLP DEBUG] [download]  13.2% of  148.76MiB at   11.79MiB/s ETA 00:10
[2026-02-19 11:57:30] [DEBUG] extract_transcript.py: [YT-DLP DOWNLOAD] 진행률: 13.2% | 다운로드: 20,617,826/155,990,718 bytes | 속도: 12074.1 KB/s | 남은시간: 10초
[2026-02-19 11:57:30] [INFO] [17%] 다운로드 중: 13.2%...
[2026-02-19 11:57:30] [DEBUG] extract_transcript.py: [YT-DLP DEBUG] [download]  13.6% of  148.76MiB at   12.61MiB/s ETA 00:10
[2026-02-19 11:57:30] [DEBUG] extract_transcript.py: [YT-DLP DOWNLOAD] 진행률: 13.6% | 다운로드: 21,142,114/155,990,718 bytes | 속도: 12912.7 KB/s | 남은시간: 10초
[2026-02-19 11:57:30] [INFO] [17%] 다운로드 중: 13.6%...
[2026-02-19 11:57:30] [DEBUG] extract_transcript.py: [YT-DLP DEBUG] [download]  14.2% of  148.76MiB at   13.64MiB/s ETA 00:09
[2026-02-19 11:57:30] [DEBUG] extract_transcript.py: [YT-DLP DOWNLOAD] 진행률: 14.2% | 다운로드: 22,190,690/155,990,718 bytes | 속도: 13971.5 KB/s | 남은시간: 9초
[2026-02-19 11:57:30] [INFO] [17%] 다운로드 중: 14.2%...
[2026-02-19 11:57:30] [DEBUG] extract_transcript.py: [YT-DLP DEBUG] [download]  15.6% of  148.76MiB at   15.53MiB/s ETA 00:08
[2026-02-19 11:57:30] [DEBUG] extract_transcript.py: [YT-DLP DOWNLOAD] 진행률: 15.6% | 다운로드: 24,287,842/155,990,718 bytes | 속도: 15899.8 KB/s | 남은시간: 8초
[2026-02-19 11:57:30] [INFO] [18%] 다운로드 중: 15.6%...
[2026-02-19 11:57:30] [DEBUG] extract_transcript.py: [YT-DLP DEBUG] [download]  18.3% of  148.76MiB at   15.40MiB/s ETA 00:07
[2026-02-19 11:57:30] [DEBUG] extract_transcript.py: [YT-DLP DOWNLOAD] 진행률: 18.3% | 다운로드: 28,482,146/155,990,718 bytes | 속도: 15770.6 KB/s | 남은시간: 7초
[2026-02-19 11:57:30] [INFO] [18%] 다운로드 중: 18.3%...
[2026-02-19 11:57:30] [DEBUG] extract_transcript.py: [YT-DLP DEBUG] [download]  19.6% of  148.76MiB at   15.69MiB/s ETA 00:07
[2026-02-19 11:57:30] [DEBUG] extract_transcript.py: [YT-DLP DOWNLOAD] 진행률: 19.6% | 다운로드: 30,541,267/155,990,718 bytes | 속도: 16063.1 KB/s | 남은시간: 7초
[2026-02-19 11:57:30] [INFO] [18%] 다운로드 중: 19.6%...
[2026-02-19 11:57:30] [DEBUG] extract_transcript.py: [YT-DLP DEBUG] [download]  19.6% of  148.76MiB at  315.22KiB/s ETA 06:30
[2026-02-19 11:57:30] [DEBUG] extract_transcript.py: [YT-DLP DOWNLOAD] 진행률: 19.6% | 다운로드: 30,542,291/155,990,718 bytes | 속도: 315.2 KB/s | 남은시간: 390초
[2026-02-19 11:57:30] [INFO] [18%] 다운로드 중: 19.6%...
[2026-02-19 11:57:30] [DEBUG] extract_transcript.py: [YT-DLP DEBUG] [download]  19.6% of  148.76MiB at  799.42KiB/s ETA 02:33
[2026-02-19 11:57:30] [DEBUG] extract_transcript.py: [YT-DLP DOWNLOAD] 진행률: 19.6% | 다운로드: 30,544,339/155,990,718 bytes | 속도: 799.4 KB/s | 남은시간: 153초
[2026-02-19 11:57:30] [INFO] [18%] 다운로드 중: 19.6%...
[2026-02-19 11:57:30] [DEBUG] extract_transcript.py: [YT-DLP DEBUG] [download]  19.6% of  148.76MiB at    1.53MiB/s ETA 01:18
[2026-02-19 11:57:30] [DEBUG] extract_transcript.py: [YT-DLP DOWNLOAD] 진행률: 19.6% | 다운로드: 30,548,435/155,990,718 bytes | 속도: 1562.8 KB/s | 남은시간: 78초
[2026-02-19 11:57:30] [INFO] [18%] 다운로드 중: 19.6%...
[2026-02-19 11:57:30] [DEBUG] extract_transcript.py: [YT-DLP DEBUG] [download]  19.6% of  148.76MiB at    2.51MiB/s ETA 00:47
[2026-02-19 11:57:30] [DEBUG] extract_transcript.py: [YT-DLP DOWNLOAD] 진행률: 19.6% | 다운로드: 30,556,627/155,990,718 bytes | 속도: 2568.4 KB/s | 남은시간: 47초
[2026-02-19 11:57:30] [INFO] [18%] 다운로드 중: 19.6%...
[2026-02-19 11:57:30] [DEBUG] extract_transcript.py: [YT-DLP DEBUG] [download]  19.6% of  148.76MiB at    3.58MiB/s ETA 00:33
[2026-02-19 11:57:30] [DEBUG] extract_transcript.py: [YT-DLP DOWNLOAD] 진행률: 19.6% | 다운로드: 30,573,011/155,990,718 bytes | 속도: 3668.0 KB/s | 남은시간: 33초
[2026-02-19 11:57:30] [INFO] [18%] 다운로드 중: 19.6%...
[2026-02-19 11:57:30] [DEBUG] extract_transcript.py: [YT-DLP DEBUG] [download]  19.6% of  148.76MiB at    5.50MiB/s ETA 00:21
[2026-02-19 11:57:30] [DEBUG] extract_transcript.py: [YT-DLP DOWNLOAD] 진행률: 19.6% | 다운로드: 30,605,779/155,990,718 bytes | 속도: 5633.4 KB/s | 남은시간: 21초
[2026-02-19 11:57:30] [INFO] [18%] 다운로드 중: 19.6%...
[2026-02-19 11:57:30] [DEBUG] extract_transcript.py: [YT-DLP DEBUG] [download]  19.7% of  148.76MiB at    7.11MiB/s ETA 00:16
[2026-02-19 11:57:30] [DEBUG] extract_transcript.py: [YT-DLP DOWNLOAD] 진행률: 19.7% | 다운로드: 30,671,315/155,990,718 bytes | 속도: 7280.3 KB/s | 남은시간: 16초
[2026-02-19 11:57:30] [INFO] [18%] 다운로드 중: 19.7%...
[2026-02-19 11:57:30] [DEBUG] extract_transcript.py: [YT-DLP DEBUG] [download]  19.7% of  148.76MiB at    9.56MiB/s ETA 00:12
[2026-02-19 11:57:30] [DEBUG] extract_transcript.py: [YT-DLP DOWNLOAD] 진행률: 19.7% | 다운로드: 30,802,387/155,990,718 bytes | 속도: 9788.8 KB/s | 남은시간: 12초
[2026-02-19 11:57:30] [INFO] [18%] 다운로드 중: 19.7%...
[2026-02-19 11:57:30] [DEBUG] extract_transcript.py: [YT-DLP DEBUG] [download]  19.9% of  148.76MiB at   13.05MiB/s ETA 00:09
[2026-02-19 11:57:30] [DEBUG] extract_transcript.py: [YT-DLP DOWNLOAD] 진행률: 19.9% | 다운로드: 31,064,531/155,990,718 bytes | 속도: 13365.8 KB/s | 남은시간: 9초
[2026-02-19 11:57:30] [INFO] [18%] 다운로드 중: 19.9%...
[2026-02-19 11:57:30] [DEBUG] extract_transcript.py: [YT-DLP DEBUG] [download]  20.3% of  148.76MiB at    7.35MiB/s ETA 00:16
[2026-02-19 11:57:30] [DEBUG] extract_transcript.py: [YT-DLP DOWNLOAD] 진행률: 20.3% | 다운로드: 31,588,819/155,990,718 bytes | 속도: 7530.0 KB/s | 남은시간: 16초
[2026-02-19 11:57:30] [INFO] [19%] 다운로드 중: 20.3%...
[2026-02-19 11:57:30] [DEBUG] extract_transcript.py: [YT-DLP DEBUG] [download]  20.9% of  148.76MiB at    7.06MiB/s ETA 00:16
[2026-02-19 11:57:30] [DEBUG] extract_transcript.py: [YT-DLP DOWNLOAD] 진행률: 20.9% | 다운로드: 32,637,395/155,990,718 bytes | 속도: 7230.3 KB/s | 남은시간: 16초
[2026-02-19 11:57:30] [INFO] [19%] 다운로드 중: 20.9%...
[2026-02-19 11:57:31] [DEBUG] extract_transcript.py: [YT-DLP DEBUG] [download]  22.3% of  148.76MiB at   10.16MiB/s ETA 00:11
[2026-02-19 11:57:31] [DEBUG] extract_transcript.py: [YT-DLP DOWNLOAD] 진행률: 22.3% | 다운로드: 34,734,547/155,990,718 bytes | 속도: 10405.4 KB/s | 남은시간: 11초
[2026-02-19 11:57:31] [INFO] [19%] 다운로드 중: 22.3%...
[2026-02-19 11:57:31] [DEBUG] extract_transcript.py: [YT-DLP DEBUG] [download]  25.0% of  148.76MiB at   11.83MiB/s ETA 00:09
[2026-02-19 11:57:31] [DEBUG] extract_transcript.py: [YT-DLP DOWNLOAD] 진행률: 25.0% | 다운로드: 38,928,851/155,990,718 bytes | 속도: 12110.8 KB/s | 남은시간: 9초
[2026-02-19 11:57:31] [INFO] [20%] 다운로드 중: 25.0%...
[2026-02-19 11:57:31] [DEBUG] extract_transcript.py: [YT-DLP DEBUG] [download]  26.2% of  148.76MiB at   13.33MiB/s ETA 00:08
[2026-02-19 11:57:31] [DEBUG] extract_transcript.py: [YT-DLP DOWNLOAD] 진행률: 26.2% | 다운로드: 40,852,691/155,990,718 bytes | 속도: 13650.6 KB/s | 남은시간: 8초
[2026-02-19 11:57:31] [INFO] [20%] 다운로드 중: 26.2%...
[2026-02-19 11:57:31] [DEBUG] extract_transcript.py: [YT-DLP DEBUG] [download]  26.2% of  148.76MiB at  Unknown B/s ETA Unknown
[2026-02-19 11:57:31] [DEBUG] extract_transcript.py: [YT-DLP DOWNLOAD] 진행률: 26.2% | 다운로드: 40,853,715/155,990,718 bytes
[2026-02-19 11:57:31] [INFO] [20%] 다운로드 중: 26.2%...
[2026-02-19 11:57:31] [DEBUG] extract_transcript.py: [YT-DLP DEBUG] [download]  26.2% of  148.76MiB at  Unknown B/s ETA Unknown
[2026-02-19 11:57:31] [DEBUG] extract_transcript.py: [YT-DLP DOWNLOAD] 진행률: 26.2% | 다운로드: 40,855,763/155,990,718 bytes
[2026-02-19 11:57:31] [INFO] [20%] 다운로드 중: 26.2%...
[2026-02-19 11:57:31] [DEBUG] extract_transcript.py: [YT-DLP DEBUG] [download]  26.2% of  148.76MiB at  Unknown B/s ETA Unknown
[2026-02-19 11:57:31] [DEBUG] extract_transcript.py: [YT-DLP DOWNLOAD] 진행률: 26.2% | 다운로드: 40,859,859/155,990,718 bytes
[2026-02-19 11:57:31] [INFO] [20%] 다운로드 중: 26.2%...
[2026-02-19 11:57:31] [DEBUG] extract_transcript.py: [YT-DLP DEBUG] [download]  26.2% of  148.76MiB at    9.50MiB/s ETA 00:11
[2026-02-19 11:57:31] [DEBUG] extract_transcript.py: [YT-DLP DOWNLOAD] 진행률: 26.2% | 다운로드: 40,868,051/155,990,718 bytes | 속도: 9725.5 KB/s | 남은시간: 11초
[2026-02-19 11:57:31] [INFO] [20%] 다운로드 중: 26.2%...
[2026-02-19 11:57:31] [DEBUG] extract_transcript.py: [YT-DLP DEBUG] [download]  26.2% of  148.76MiB at    5.01MiB/s ETA 00:21
[2026-02-19 11:57:31] [DEBUG] extract_transcript.py: [YT-DLP DOWNLOAD] 진행률: 26.2% | 다운로드: 40,884,435/155,990,718 bytes | 속도: 5125.5 KB/s | 남은시간: 21초
[2026-02-19 11:57:31] [INFO] [20%] 다운로드 중: 26.2%...
[2026-02-19 11:57:31] [DEBUG] extract_transcript.py: [YT-DLP DEBUG] [download]  26.2% of  148.76MiB at    5.05MiB/s ETA 00:21
[2026-02-19 11:57:31] [DEBUG] extract_transcript.py: [YT-DLP DOWNLOAD] 진행률: 26.2% | 다운로드: 40,917,203/155,990,718 bytes | 속도: 5169.8 KB/s | 남은시간: 21초
[2026-02-19 11:57:31] [INFO] [20%] 다운로드 중: 26.2%...
[2026-02-19 11:57:31] [DEBUG] extract_transcript.py: [YT-DLP DEBUG] [download]  26.3% of  148.76MiB at    5.73MiB/s ETA 00:19
[2026-02-19 11:57:31] [DEBUG] extract_transcript.py: [YT-DLP DOWNLOAD] 진행률: 26.3% | 다운로드: 40,982,739/155,990,718 bytes | 속도: 5871.8 KB/s | 남은시간: 19초
[2026-02-19 11:57:31] [INFO] [20%] 다운로드 중: 26.3%...
[2026-02-19 11:57:31] [DEBUG] extract_transcript.py: [YT-DLP DEBUG] [download]  26.4% of  148.76MiB at    7.87MiB/s ETA 00:13
[2026-02-19 11:57:31] [DEBUG] extract_transcript.py: [YT-DLP DOWNLOAD] 진행률: 26.4% | 다운로드: 41,113,811/155,990,718 bytes | 속도: 8056.6 KB/s | 남은시간: 13초
[2026-02-19 11:57:31] [INFO] [20%] 다운로드 중: 26.4%...
[2026-02-19 11:57:31] [DEBUG] extract_transcript.py: [YT-DLP DEBUG] [download]  26.5% of  148.76MiB at    8.60MiB/s ETA 00:12
[2026-02-19 11:57:31] [DEBUG] extract_transcript.py: [YT-DLP DOWNLOAD] 진행률: 26.5% | 다운로드: 41,375,955/155,990,718 bytes | 속도: 8810.8 KB/s | 남은시간: 12초
[2026-02-19 11:57:31] [INFO] [20%] 다운로드 중: 26.5%...
[2026-02-19 11:57:31] [DEBUG] extract_transcript.py: [YT-DLP DEBUG] [download]  26.9% of  148.76MiB at   10.96MiB/s ETA 00:09
[2026-02-19 11:57:31] [DEBUG] extract_transcript.py: [YT-DLP DOWNLOAD] 진행률: 26.9% | 다운로드: 41,900,243/155,990,718 bytes | 속도: 11223.4 KB/s | 남은시간: 9초
[2026-02-19 11:57:31] [INFO] [20%] 다운로드 중: 26.9%...
[2026-02-19 11:57:31] [DEBUG] extract_transcript.py: [YT-DLP DEBUG] [download]  27.5% of  148.76MiB at   11.95MiB/s ETA 00:09
[2026-02-19 11:57:31] [DEBUG] extract_transcript.py: [YT-DLP DOWNLOAD] 진행률: 27.5% | 다운로드: 42,948,819/155,990,718 bytes | 속도: 12235.1 KB/s | 남은시간: 9초
[2026-02-19 11:57:31] [INFO] [20%] 다운로드 중: 27.5%...
[2026-02-19 11:57:31] [DEBUG] extract_transcript.py: [YT-DLP DEBUG] [download]  28.9% of  148.76MiB at   12.77MiB/s ETA 00:08
[2026-02-19 11:57:31] [DEBUG] extract_transcript.py: [YT-DLP DOWNLOAD] 진행률: 28.9% | 다운로드: 45,045,971/155,990,718 bytes | 속도: 13081.1 KB/s | 남은시간: 8초
[2026-02-19 11:57:31] [INFO] [20%] 다운로드 중: 28.9%...
[2026-02-19 11:57:31] [DEBUG] extract_transcript.py: [YT-DLP DEBUG] [download]  31.6% of  148.76MiB at   14.75MiB/s ETA 00:06
[2026-02-19 11:57:31] [DEBUG] extract_transcript.py: [YT-DLP DOWNLOAD] 진행률: 31.6% | 다운로드: 49,240,275/155,990,718 bytes | 속도: 15103.2 KB/s | 남은시간: 6초
[2026-02-19 11:57:31] [INFO] [21%] 다운로드 중: 31.6%...
[2026-02-19 11:57:32] [DEBUG] extract_transcript.py: [YT-DLP DEBUG] [download]  32.8% of  148.76MiB at   16.03MiB/s ETA 00:06
[2026-02-19 11:57:32] [DEBUG] extract_transcript.py: [YT-DLP DOWNLOAD] 진행률: 32.8% | 다운로드: 51,198,908/155,990,718 bytes | 속도: 16417.2 KB/s | 남은시간: 6초
[2026-02-19 11:57:32] [INFO] [21%] 다운로드 중: 32.8%...
[2026-02-19 11:57:32] [DEBUG] extract_transcript.py: [YT-DLP DEBUG] [download]  32.8% of  148.76MiB at  429.74KiB/s ETA 03:59
[2026-02-19 11:57:32] [DEBUG] extract_transcript.py: [YT-DLP DOWNLOAD] 진행률: 32.8% | 다운로드: 51,199,932/155,990,718 bytes | 속도: 429.7 KB/s | 남은시간: 239초
[2026-02-19 11:57:32] [INFO] [21%] 다운로드 중: 32.8%...
[2026-02-19 11:57:32] [DEBUG] extract_transcript.py: [YT-DLP DEBUG] [download]  32.8% of  148.76MiB at  982.20KiB/s ETA 01:44
[2026-02-19 11:57:32] [DEBUG] extract_transcript.py: [YT-DLP DOWNLOAD] 진행률: 32.8% | 다운로드: 51,201,980/155,990,718 bytes | 속도: 982.2 KB/s | 남은시간: 104초
[2026-02-19 11:57:32] [INFO] [21%] 다운로드 중: 32.8%...
[2026-02-19 11:57:32] [DEBUG] extract_transcript.py: [YT-DLP DEBUG] [download]  32.8% of  148.76MiB at    1.52MiB/s ETA 01:06
[2026-02-19 11:57:32] [DEBUG] extract_transcript.py: [YT-DLP DOWNLOAD] 진행률: 32.8% | 다운로드: 51,206,076/155,990,718 bytes | 속도: 1555.9 KB/s | 남은시간: 66초
[2026-02-19 11:57:32] [INFO] [21%] 다운로드 중: 32.8%...
[2026-02-19 11:57:32] [DEBUG] extract_transcript.py: [YT-DLP DEBUG] [download]  32.8% of  148.76MiB at    2.10MiB/s ETA 00:47
[2026-02-19 11:57:32] [DEBUG] extract_transcript.py: [YT-DLP DOWNLOAD] 진행률: 32.8% | 다운로드: 51,214,268/155,990,718 bytes | 속도: 2152.0 KB/s | 남은시간: 47초
[2026-02-19 11:57:32] [INFO] [21%] 다운로드 중: 32.8%...
[2026-02-19 11:57:32] [DEBUG] extract_transcript.py: [YT-DLP DEBUG] [download]  32.8% of  148.76MiB at    3.55MiB/s ETA 00:28
[2026-02-19 11:57:32] [DEBUG] extract_transcript.py: [YT-DLP DOWNLOAD] 진행률: 32.8% | 다운로드: 51,230,652/155,990,718 bytes | 속도: 3633.2 KB/s | 남은시간: 28초
[2026-02-19 11:57:32] [INFO] [21%] 다운로드 중: 32.8%...
[2026-02-19 11:57:32] [DEBUG] extract_transcript.py: [YT-DLP DEBUG] [download]  32.9% of  148.76MiB at    5.78MiB/s ETA 00:17
[2026-02-19 11:57:32] [DEBUG] extract_transcript.py: [YT-DLP DOWNLOAD] 진행률: 32.9% | 다운로드: 51,263,420/155,990,718 bytes | 속도: 5920.8 KB/s | 남은시간: 17초
[2026-02-19 11:57:32] [INFO] [21%] 다운로드 중: 32.9%...
[2026-02-19 11:57:32] [DEBUG] extract_transcript.py: [YT-DLP DEBUG] [download]  32.9% of  148.76MiB at    6.87MiB/s ETA 00:14
[2026-02-19 11:57:32] [DEBUG] extract_transcript.py: [YT-DLP DOWNLOAD] 진행률: 32.9% | 다운로드: 51,328,956/155,990,718 bytes | 속도: 7032.5 KB/s | 남은시간: 14초
[2026-02-19 11:57:32] [INFO] [21%] 다운로드 중: 32.9%...
[2026-02-19 11:57:32] [DEBUG] extract_transcript.py: [YT-DLP DEBUG] [download]  33.0% of  148.76MiB at    7.84MiB/s ETA 00:12
[2026-02-19 11:57:32] [DEBUG] extract_transcript.py: [YT-DLP DOWNLOAD] 진행률: 33.0% | 다운로드: 51,460,028/155,990,718 bytes | 속도: 8030.2 KB/s | 남은시간: 12초
[2026-02-19 11:57:32] [INFO] [21%] 다운로드 중: 33.0%...
[2026-02-19 11:57:32] [DEBUG] extract_transcript.py: [YT-DLP DEBUG] [download]  33.2% of  148.76MiB at   11.02MiB/s ETA 00:09
[2026-02-19 11:57:32] [DEBUG] extract_transcript.py: [YT-DLP DOWNLOAD] 진행률: 33.2% | 다운로드: 51,722,172/155,990,718 bytes | 속도: 11280.9 KB/s | 남은시간: 9초
[2026-02-19 11:57:32] [INFO] [21%] 다운로드 중: 33.2%...
[2026-02-19 11:57:32] [DEBUG] extract_transcript.py: [YT-DLP DEBUG] [download]  33.5% of  148.76MiB at   12.62MiB/s ETA 00:07
[2026-02-19 11:57:32] [DEBUG] extract_transcript.py: [YT-DLP DOWNLOAD] 진행률: 33.5% | 다운로드: 52,246,460/155,990,718 bytes | 속도: 12927.9 KB/s | 남은시간: 7초
[2026-02-19 11:57:32] [INFO] [21%] 다운로드 중: 33.5%...
[2026-02-19 11:57:32] [DEBUG] extract_transcript.py: [YT-DLP DEBUG] [download]  34.2% of  148.76MiB at   10.28MiB/s ETA 00:09
[2026-02-19 11:57:32] [DEBUG] extract_transcript.py: [YT-DLP DOWNLOAD] 진행률: 34.2% | 다운로드: 53,295,036/155,990,718 bytes | 속도: 10523.2 KB/s | 남은시간: 9초
[2026-02-19 11:57:32] [INFO] [21%] 다운로드 중: 34.2%...
[2026-02-19 11:57:32] [DEBUG] extract_transcript.py: [YT-DLP DEBUG] [download]  35.5% of  148.76MiB at    5.67MiB/s ETA 00:16
[2026-02-19 11:57:32] [DEBUG] extract_transcript.py: [YT-DLP DOWNLOAD] 진행률: 35.5% | 다운로드: 55,392,188/155,990,718 bytes | 속도: 5807.6 KB/s | 남은시간: 16초
[2026-02-19 11:57:32] [INFO] [22%] 다운로드 중: 35.5%...
[2026-02-19 11:57:33] [DEBUG] extract_transcript.py: [YT-DLP DEBUG] [download]  38.1% of  148.76MiB at    8.22MiB/s ETA 00:11
[2026-02-19 11:57:33] [DEBUG] extract_transcript.py: [YT-DLP DOWNLOAD] 진행률: 38.1% | 다운로드: 59,499,488/155,990,718 bytes | 속도: 8418.6 KB/s | 남은시간: 11초
[2026-02-19 11:57:33] [INFO] [22%] 다운로드 중: 38.1%...
[2026-02-19 11:57:33] [DEBUG] extract_transcript.py: [YT-DLP DEBUG] [download]  39.4% of  148.76MiB at    9.29MiB/s ETA 00:09
[2026-02-19 11:57:33] [DEBUG] extract_transcript.py: [YT-DLP DOWNLOAD] 진행률: 39.4% | 다운로드: 61,477,875/155,990,718 bytes | 속도: 9515.6 KB/s | 남은시간: 9초
[2026-02-19 11:57:33] [INFO] [22%] 다운로드 중: 39.4%...
[2026-02-19 11:57:33] [DEBUG] extract_transcript.py: [YT-DLP DEBUG] [download]  39.4% of  148.76MiB at  Unknown B/s ETA Unknown
[2026-02-19 11:57:33] [DEBUG] extract_transcript.py: [YT-DLP DOWNLOAD] 진행률: 39.4% | 다운로드: 61,478,899/155,990,718 bytes
[2026-02-19 11:57:33] [INFO] [22%] 다운로드 중: 39.4%...
[2026-02-19 11:57:33] [DEBUG] extract_transcript.py: [YT-DLP DEBUG] [download]  39.4% of  148.76MiB at  Unknown B/s ETA Unknown
[2026-02-19 11:57:33] [DEBUG] extract_transcript.py: [YT-DLP DOWNLOAD] 진행률: 39.4% | 다운로드: 61,480,947/155,990,718 bytes
[2026-02-19 11:57:33] [INFO] [22%] 다운로드 중: 39.4%...
[2026-02-19 11:57:33] [DEBUG] extract_transcript.py: [YT-DLP DEBUG] [download]  39.4% of  148.76MiB at    4.63MiB/s ETA 00:19
[2026-02-19 11:57:33] [DEBUG] extract_transcript.py: [YT-DLP DOWNLOAD] 진행률: 39.4% | 다운로드: 61,485,043/155,990,718 bytes | 속도: 4743.9 KB/s | 남은시간: 19초
[2026-02-19 11:57:33] [INFO] [22%] 다운로드 중: 39.4%...
[2026-02-19 11:57:33] [DEBUG] extract_transcript.py: [YT-DLP DEBUG] [download]  39.4% of  148.76MiB at    4.78MiB/s ETA 00:18
[2026-02-19 11:57:33] [DEBUG] extract_transcript.py: [YT-DLP DOWNLOAD] 진행률: 39.4% | 다운로드: 61,493,235/155,990,718 bytes | 속도: 4898.4 KB/s | 남은시간: 18초
[2026-02-19 11:57:33] [INFO] [22%] 다운로드 중: 39.4%...
[2026-02-19 11:57:33] [DEBUG] extract_transcript.py: [YT-DLP DEBUG] [download]  39.4% of  148.76MiB at    7.36MiB/s ETA 00:12
[2026-02-19 11:57:33] [DEBUG] extract_transcript.py: [YT-DLP DOWNLOAD] 진행률: 39.4% | 다운로드: 61,509,619/155,990,718 bytes | 속도: 7535.8 KB/s | 남은시간: 12초
[2026-02-19 11:57:33] [INFO] [22%] 다운로드 중: 39.4%...
[2026-02-19 11:57:33] [DEBUG] extract_transcript.py: [YT-DLP DEBUG] [download]  39.5% of  148.76MiB at   11.41MiB/s ETA 00:07
[2026-02-19 11:57:33] [DEBUG] extract_transcript.py: [YT-DLP DOWNLOAD] 진행률: 39.5% | 다운로드: 61,542,387/155,990,718 bytes | 속도: 11681.7 KB/s | 남은시간: 7초
[2026-02-19 11:57:33] [INFO] [22%] 다운로드 중: 39.5%...
[2026-02-19 11:57:33] [DEBUG] extract_transcript.py: [YT-DLP DEBUG] [download]  39.5% of  148.76MiB at    8.44MiB/s ETA 00:10
[2026-02-19 11:57:33] [DEBUG] extract_transcript.py: [YT-DLP DOWNLOAD] 진행률: 39.5% | 다운로드: 61,607,923/155,990,718 bytes | 속도: 8643.7 KB/s | 남은시간: 10초
[2026-02-19 11:57:33] [INFO] [22%] 다운로드 중: 39.5%...
[2026-02-19 11:57:33] [DEBUG] extract_transcript.py: [YT-DLP DEBUG] [download]  39.6% of  148.76MiB at   11.10MiB/s ETA 00:08
[2026-02-19 11:57:33] [DEBUG] extract_transcript.py: [YT-DLP DOWNLOAD] 진행률: 39.6% | 다운로드: 61,738,995/155,990,718 bytes | 속도: 11368.0 KB/s | 남은시간: 8초
[2026-02-19 11:57:33] [INFO] [22%] 다운로드 중: 39.6%...
[2026-02-19 11:57:33] [DEBUG] extract_transcript.py: [YT-DLP DEBUG] [download]  39.7% of  148.76MiB at    7.31MiB/s ETA 00:12
[2026-02-19 11:57:33] [DEBUG] extract_transcript.py: [YT-DLP DOWNLOAD] 진행률: 39.7% | 다운로드: 62,001,139/155,990,718 bytes | 속도: 7481.5 KB/s | 남은시간: 12초
[2026-02-19 11:57:33] [INFO] [22%] 다운로드 중: 39.7%...
[2026-02-19 11:57:33] [DEBUG] extract_transcript.py: [YT-DLP DEBUG] [download]  40.1% of  148.76MiB at    9.84MiB/s ETA 00:09
[2026-02-19 11:57:33] [DEBUG] extract_transcript.py: [YT-DLP DOWNLOAD] 진행률: 40.1% | 다운로드: 62,525,427/155,990,718 bytes | 속도: 10075.3 KB/s | 남은시간: 9초
[2026-02-19 11:57:33] [INFO] [23%] 다운로드 중: 40.1%...
[2026-02-19 11:57:33] [DEBUG] extract_transcript.py: [YT-DLP DEBUG] [download]  40.8% of  148.76MiB at   11.30MiB/s ETA 00:07
[2026-02-19 11:57:33] [DEBUG] extract_transcript.py: [YT-DLP DOWNLOAD] 진행률: 40.8% | 다운로드: 63,574,003/155,990,718 bytes | 속도: 11573.3 KB/s | 남은시간: 7초
[2026-02-19 11:57:33] [INFO] [23%] 다운로드 중: 40.8%...
[2026-02-19 11:57:33] [DEBUG] extract_transcript.py: [YT-DLP DEBUG] [download]  42.1% of  148.76MiB at   10.88MiB/s ETA 00:07
[2026-02-19 11:57:33] [DEBUG] extract_transcript.py: [YT-DLP DOWNLOAD] 진행률: 42.1% | 다운로드: 65,671,155/155,990,718 bytes | 속도: 11144.9 KB/s | 남은시간: 7초
[2026-02-19 11:57:33] [INFO] [23%] 다운로드 중: 42.1%...
[2026-02-19 11:57:33] [DEBUG] extract_transcript.py: [YT-DLP DEBUG] [download]  44.8% of  148.76MiB at   11.74MiB/s ETA 00:06
[2026-02-19 11:57:33] [DEBUG] extract_transcript.py: [YT-DLP DOWNLOAD] 진행률: 44.8% | 다운로드: 69,865,459/155,990,718 bytes | 속도: 12025.5 KB/s | 남은시간: 6초
[2026-02-19 11:57:33] [INFO] [23%] 다운로드 중: 44.8%...
[2026-02-19 11:57:34] [DEBUG] extract_transcript.py: [YT-DLP DEBUG] [download]  46.1% of  148.76MiB at   12.77MiB/s ETA 00:06
[2026-02-19 11:57:34] [DEBUG] extract_transcript.py: [YT-DLP DOWNLOAD] 진행률: 46.1% | 다운로드: 71,837,083/155,990,718 bytes | 속도: 13074.2 KB/s | 남은시간: 6초
[2026-02-19 11:57:34] [INFO] [24%] 다운로드 중: 46.1%...
[2026-02-19 11:57:34] [DEBUG] extract_transcript.py: [YT-DLP DEBUG] [download]  46.1% of  148.76MiB at  Unknown B/s ETA Unknown
[2026-02-19 11:57:34] [DEBUG] extract_transcript.py: [YT-DLP DOWNLOAD] 진행률: 46.1% | 다운로드: 71,838,107/155,990,718 bytes
[2026-02-19 11:57:34] [INFO] [24%] 다운로드 중: 46.1%...
[2026-02-19 11:57:34] [DEBUG] extract_transcript.py: [YT-DLP DEBUG] [download]  46.1% of  148.76MiB at  Unknown B/s ETA Unknown
[2026-02-19 11:57:34] [DEBUG] extract_transcript.py: [YT-DLP DOWNLOAD] 진행률: 46.1% | 다운로드: 71,840,155/155,990,718 bytes
[2026-02-19 11:57:34] [INFO] [24%] 다운로드 중: 46.1%...
[2026-02-19 11:57:34] [DEBUG] extract_transcript.py: [YT-DLP DEBUG] [download]  46.1% of  148.76MiB at    3.35MiB/s ETA 00:24
[2026-02-19 11:57:34] [DEBUG] extract_transcript.py: [YT-DLP DOWNLOAD] 진행률: 46.1% | 다운로드: 71,844,251/155,990,718 bytes | 속도: 3430.7 KB/s | 남은시간: 24초
[2026-02-19 11:57:34] [INFO] [24%] 다운로드 중: 46.1%...
[2026-02-19 11:57:34] [DEBUG] extract_transcript.py: [YT-DLP DEBUG] [download]  46.1% of  148.76MiB at    3.65MiB/s ETA 00:22
[2026-02-19 11:57:34] [DEBUG] extract_transcript.py: [YT-DLP DOWNLOAD] 진행률: 46.1% | 다운로드: 71,852,443/155,990,718 bytes | 속도: 3738.0 KB/s | 남은시간: 22초
[2026-02-19 11:57:34] [INFO] [24%] 다운로드 중: 46.1%...
[2026-02-19 11:57:34] [DEBUG] extract_transcript.py: [YT-DLP DEBUG] [download]  46.1% of  148.76MiB at    5.84MiB/s ETA 00:13
[2026-02-19 11:57:34] [DEBUG] extract_transcript.py: [YT-DLP DOWNLOAD] 진행률: 46.1% | 다운로드: 71,868,827/155,990,718 bytes | 속도: 5981.9 KB/s | 남은시간: 13초
[2026-02-19 11:57:34] [INFO] [24%] 다운로드 중: 46.1%...
[2026-02-19 11:57:34] [DEBUG] extract_transcript.py: [YT-DLP DEBUG] [download]  46.1% of  148.76MiB at    6.28MiB/s ETA 00:12
[2026-02-19 11:57:34] [DEBUG] extract_transcript.py: [YT-DLP DOWNLOAD] 진행률: 46.1% | 다운로드: 71,901,595/155,990,718 bytes | 속도: 6432.0 KB/s | 남은시간: 12초
[2026-02-19 11:57:34] [INFO] [24%] 다운로드 중: 46.1%...
[2026-02-19 11:57:34] [DEBUG] extract_transcript.py: [YT-DLP DEBUG] [download]  46.1% of  148.76MiB at    4.53MiB/s ETA 00:17
[2026-02-19 11:57:34] [DEBUG] extract_transcript.py: [YT-DLP DOWNLOAD] 진행률: 46.1% | 다운로드: 71,967,131/155,990,718 bytes | 속도: 4640.3 KB/s | 남은시간: 17초
[2026-02-19 11:57:34] [INFO] [24%] 다운로드 중: 46.1%...
[2026-02-19 11:57:34] [DEBUG] extract_transcript.py: [YT-DLP DEBUG] [download]  46.2% of  148.76MiB at    6.73MiB/s ETA 00:11
[2026-02-19 11:57:34] [DEBUG] extract_transcript.py: [YT-DLP DOWNLOAD] 진행률: 46.2% | 다운로드: 72,098,203/155,990,718 bytes | 속도: 6886.9 KB/s | 남은시간: 11초
[2026-02-19 11:57:34] [INFO] [24%] 다운로드 중: 46.2%...
[2026-02-19 11:57:34] [DEBUG] extract_transcript.py: [YT-DLP DEBUG] [download]  46.4% of  148.76MiB at    9.61MiB/s ETA 00:08
[2026-02-19 11:57:34] [DEBUG] extract_transcript.py: [YT-DLP DOWNLOAD] 진행률: 46.4% | 다운로드: 72,360,347/155,990,718 bytes | 속도: 9845.2 KB/s | 남은시간: 8초
[2026-02-19 11:57:34] [INFO] [24%] 다운로드 중: 46.4%...
[2026-02-19 11:57:34] [DEBUG] extract_transcript.py: [YT-DLP DEBUG] [download]  46.7% of  148.76MiB at   10.95MiB/s ETA 00:07
[2026-02-19 11:57:34] [DEBUG] extract_transcript.py: [YT-DLP DOWNLOAD] 진행률: 46.7% | 다운로드: 72,884,635/155,990,718 bytes | 속도: 11214.0 KB/s | 남은시간: 7초
[2026-02-19 11:57:34] [INFO] [24%] 다운로드 중: 46.7%...
[2026-02-19 11:57:34] [DEBUG] extract_transcript.py: [YT-DLP DEBUG] [download]  47.4% of  148.76MiB at    9.53MiB/s ETA 00:08
[2026-02-19 11:57:34] [DEBUG] extract_transcript.py: [YT-DLP DOWNLOAD] 진행률: 47.4% | 다운로드: 73,933,211/155,990,718 bytes | 속도: 9755.5 KB/s | 남은시간: 8초
[2026-02-19 11:57:34] [INFO] [24%] 다운로드 중: 47.4%...
[2026-02-19 11:57:34] [DEBUG] extract_transcript.py: [YT-DLP DEBUG] [download]  48.7% of  148.76MiB at   13.07MiB/s ETA 00:05
[2026-02-19 11:57:34] [DEBUG] extract_transcript.py: [YT-DLP DOWNLOAD] 진행률: 48.7% | 다운로드: 76,030,363/155,990,718 bytes | 속도: 13388.7 KB/s | 남은시간: 5초
[2026-02-19 11:57:34] [INFO] [24%] 다운로드 중: 48.7%...
[2026-02-19 11:57:34] [DEBUG] extract_transcript.py: [YT-DLP DEBUG] [download]  51.4% of  148.76MiB at   13.57MiB/s ETA 00:05
[2026-02-19 11:57:34] [DEBUG] extract_transcript.py: [YT-DLP DOWNLOAD] 진행률: 51.4% | 다운로드: 80,224,667/155,990,718 bytes | 속도: 13893.9 KB/s | 남은시간: 5초
[2026-02-19 11:57:34] [INFO] [25%] 다운로드 중: 51.4%...
[2026-02-19 11:57:34] [DEBUG] extract_transcript.py: [YT-DLP DEBUG] [download]  52.5% of  148.76MiB at   13.35MiB/s ETA 00:05
[2026-02-19 11:57:34] [DEBUG] extract_transcript.py: [YT-DLP DOWNLOAD] 진행률: 52.5% | 다운로드: 81,859,368/155,990,718 bytes | 속도: 13674.0 KB/s | 남은시간: 5초
[2026-02-19 11:57:34] [INFO] [25%] 다운로드 중: 52.5%...
[2026-02-19 11:57:34] [DEBUG] extract_transcript.py: [YT-DLP DEBUG] [download]  52.5% of  148.76MiB at  291.76KiB/s ETA 04:08
[2026-02-19 11:57:34] [DEBUG] extract_transcript.py: [YT-DLP DOWNLOAD] 진행률: 52.5% | 다운로드: 81,860,392/155,990,718 bytes | 속도: 291.8 KB/s | 남은시간: 248초
[2026-02-19 11:57:34] [INFO] [25%] 다운로드 중: 52.5%...
[2026-02-19 11:57:34] [DEBUG] extract_transcript.py: [YT-DLP DEBUG] [download]  52.5% of  148.76MiB at  731.05KiB/s ETA 01:39
[2026-02-19 11:57:34] [DEBUG] extract_transcript.py: [YT-DLP DOWNLOAD] 진행률: 52.5% | 다운로드: 81,862,440/155,990,718 bytes | 속도: 731.1 KB/s | 남은시간: 99초
[2026-02-19 11:57:34] [INFO] [25%] 다운로드 중: 52.5%...
[2026-02-19 11:57:34] [DEBUG] extract_transcript.py: [YT-DLP DEBUG] [download]  52.5% of  148.76MiB at    1.37MiB/s ETA 00:51
[2026-02-19 11:57:34] [DEBUG] extract_transcript.py: [YT-DLP DOWNLOAD] 진행률: 52.5% | 다운로드: 81,866,536/155,990,718 bytes | 속도: 1399.4 KB/s | 남은시간: 51초
[2026-02-19 11:57:34] [INFO] [25%] 다운로드 중: 52.5%...
[2026-02-19 11:57:34] [DEBUG] extract_transcript.py: [YT-DLP DEBUG] [download]  52.5% of  148.76MiB at    2.23MiB/s ETA 00:31
[2026-02-19 11:57:34] [DEBUG] extract_transcript.py: [YT-DLP DOWNLOAD] 진행률: 52.5% | 다운로드: 81,874,728/155,990,718 bytes | 속도: 2286.0 KB/s | 남은시간: 31초
[2026-02-19 11:57:34] [INFO] [25%] 다운로드 중: 52.5%...
[2026-02-19 11:57:34] [DEBUG] extract_transcript.py: [YT-DLP DEBUG] [download]  52.5% of  148.76MiB at    3.12MiB/s ETA 00:22
[2026-02-19 11:57:34] [DEBUG] extract_transcript.py: [YT-DLP DOWNLOAD] 진행률: 52.5% | 다운로드: 81,891,112/155,990,718 bytes | 속도: 3196.6 KB/s | 남은시간: 22초
[2026-02-19 11:57:34] [INFO] [25%] 다운로드 중: 52.5%...
[2026-02-19 11:57:34] [DEBUG] extract_transcript.py: [YT-DLP DEBUG] [download]  52.5% of  148.76MiB at    5.57MiB/s ETA 00:12
[2026-02-19 11:57:34] [DEBUG] extract_transcript.py: [YT-DLP DOWNLOAD] 진행률: 52.5% | 다운로드: 81,923,880/155,990,718 bytes | 속도: 5702.3 KB/s | 남은시간: 12초
[2026-02-19 11:57:34] [INFO] [25%] 다운로드 중: 52.5%...
[2026-02-19 11:57:34] [DEBUG] extract_transcript.py: [YT-DLP DEBUG] [download]  52.6% of  148.76MiB at    7.67MiB/s ETA 00:09
[2026-02-19 11:57:34] [DEBUG] extract_transcript.py: [YT-DLP DOWNLOAD] 진행률: 52.6% | 다운로드: 81,989,416/155,990,718 bytes | 속도: 7853.2 KB/s | 남은시간: 9초
[2026-02-19 11:57:34] [INFO] [25%] 다운로드 중: 52.6%...
[2026-02-19 11:57:34] [DEBUG] extract_transcript.py: [YT-DLP DEBUG] [download]  52.6% of  148.76MiB at   11.49MiB/s ETA 00:06
[2026-02-19 11:57:34] [DEBUG] extract_transcript.py: [YT-DLP DOWNLOAD] 진행률: 52.6% | 다운로드: 82,120,488/155,990,718 bytes | 속도: 11766.1 KB/s | 남은시간: 6초
[2026-02-19 11:57:34] [INFO] [25%] 다운로드 중: 52.6%...
[2026-02-19 11:57:34] [DEBUG] extract_transcript.py: [YT-DLP DEBUG] [download]  52.8% of  148.76MiB at   10.76MiB/s ETA 00:06
[2026-02-19 11:57:34] [DEBUG] extract_transcript.py: [YT-DLP DOWNLOAD] 진행률: 52.8% | 다운로드: 82,382,632/155,990,718 bytes | 속도: 11017.2 KB/s | 남은시간: 6초
[2026-02-19 11:57:34] [INFO] [25%] 다운로드 중: 52.8%...
[2026-02-19 11:57:34] [DEBUG] extract_transcript.py: [YT-DLP DEBUG] [download]  53.1% of  148.76MiB at   13.74MiB/s ETA 00:05
[2026-02-19 11:57:34] [DEBUG] extract_transcript.py: [YT-DLP DOWNLOAD] 진행률: 53.1% | 다운로드: 82,906,920/155,990,718 bytes | 속도: 14065.9 KB/s | 남은시간: 5초
[2026-02-19 11:57:34] [INFO] [25%] 다운로드 중: 53.1%...
[2026-02-19 11:57:34] [DEBUG] extract_transcript.py: [YT-DLP DEBUG] [download]  53.8% of  148.76MiB at   12.58MiB/s ETA 00:05
[2026-02-19 11:57:34] [DEBUG] extract_transcript.py: [YT-DLP DOWNLOAD] 진행률: 53.8% | 다운로드: 83,955,496/155,990,718 bytes | 속도: 12878.1 KB/s | 남은시간: 5초
[2026-02-19 11:57:34] [INFO] [25%] 다운로드 중: 53.8%...
[2026-02-19 11:57:35] [DEBUG] extract_transcript.py: [YT-DLP DEBUG] [download]  55.2% of  148.76MiB at   12.07MiB/s ETA 00:05
[2026-02-19 11:57:35] [DEBUG] extract_transcript.py: [YT-DLP DOWNLOAD] 진행률: 55.2% | 다운로드: 86,052,648/155,990,718 bytes | 속도: 12362.9 KB/s | 남은시간: 5초
[2026-02-19 11:57:35] [INFO] [26%] 다운로드 중: 55.2%...
[2026-02-19 11:57:35] [DEBUG] extract_transcript.py: [YT-DLP DEBUG] [download]  57.9% of  148.76MiB at   13.20MiB/s ETA 00:04
[2026-02-19 11:57:35] [DEBUG] extract_transcript.py: [YT-DLP DOWNLOAD] 진행률: 57.9% | 다운로드: 90,246,952/155,990,718 bytes | 속도: 13520.5 KB/s | 남은시간: 4초
[2026-02-19 11:57:35] [INFO] [26%] 다운로드 중: 57.9%...
[2026-02-19 11:57:35] [DEBUG] extract_transcript.py: [YT-DLP DEBUG] [download]  59.1% of  148.76MiB at   14.13MiB/s ETA 00:04
[2026-02-19 11:57:35] [DEBUG] extract_transcript.py: [YT-DLP DOWNLOAD] 진행률: 59.1% | 다운로드: 92,227,104/155,990,718 bytes | 속도: 14471.2 KB/s | 남은시간: 4초
[2026-02-19 11:57:35] [INFO] [26%] 다운로드 중: 59.1%...
[2026-02-19 11:57:35] [DEBUG] extract_transcript.py: [YT-DLP DEBUG] [download]  59.1% of  148.76MiB at  Unknown B/s ETA Unknown
[2026-02-19 11:57:35] [DEBUG] extract_transcript.py: [YT-DLP DOWNLOAD] 진행률: 59.1% | 다운로드: 92,228,128/155,990,718 bytes
[2026-02-19 11:57:35] [INFO] [26%] 다운로드 중: 59.1%...
[2026-02-19 11:57:35] [DEBUG] extract_transcript.py: [YT-DLP DEBUG] [download]  59.1% of  148.76MiB at    2.33MiB/s ETA 00:26
[2026-02-19 11:57:35] [DEBUG] extract_transcript.py: [YT-DLP DOWNLOAD] 진행률: 59.1% | 다운로드: 92,230,176/155,990,718 bytes | 속도: 2389.9 KB/s | 남은시간: 26초
[2026-02-19 11:57:35] [INFO] [26%] 다운로드 중: 59.1%...
[2026-02-19 11:57:35] [DEBUG] extract_transcript.py: [YT-DLP DEBUG] [download]  59.1% of  148.76MiB at    2.52MiB/s ETA 00:24
[2026-02-19 11:57:35] [DEBUG] extract_transcript.py: [YT-DLP DOWNLOAD] 진행률: 59.1% | 다운로드: 92,234,272/155,990,718 bytes | 속도: 2580.2 KB/s | 남은시간: 24초
[2026-02-19 11:57:35] [INFO] [26%] 다운로드 중: 59.1%...
[2026-02-19 11:57:35] [DEBUG] extract_transcript.py: [YT-DLP DEBUG] [download]  59.1% of  148.76MiB at    3.12MiB/s ETA 00:19
[2026-02-19 11:57:35] [DEBUG] extract_transcript.py: [YT-DLP DOWNLOAD] 진행률: 59.1% | 다운로드: 92,242,464/155,990,718 bytes | 속도: 3197.0 KB/s | 남은시간: 19초
[2026-02-19 11:57:35] [INFO] [26%] 다운로드 중: 59.1%...
[2026-02-19 11:57:35] [DEBUG] extract_transcript.py: [YT-DLP DEBUG] [download]  59.1% of  148.76MiB at    5.05MiB/s ETA 00:12
[2026-02-19 11:57:35] [DEBUG] extract_transcript.py: [YT-DLP DOWNLOAD] 진행률: 59.1% | 다운로드: 92,258,848/155,990,718 bytes | 속도: 5173.0 KB/s | 남은시간: 12초
[2026-02-19 11:57:35] [INFO] [26%] 다운로드 중: 59.1%...
[2026-02-19 11:57:35] [DEBUG] extract_transcript.py: [YT-DLP DEBUG] [download]  59.2% of  148.76MiB at    8.11MiB/s ETA 00:07
[2026-02-19 11:57:35] [DEBUG] extract_transcript.py: [YT-DLP DOWNLOAD] 진행률: 59.2% | 다운로드: 92,291,616/155,990,718 bytes | 속도: 8299.8 KB/s | 남은시간: 7초
[2026-02-19 11:57:35] [INFO] [26%] 다운로드 중: 59.2%...
[2026-02-19 11:57:35] [DEBUG] extract_transcript.py: [YT-DLP DEBUG] [download]  59.2% of  148.76MiB at    8.14MiB/s ETA 00:07
[2026-02-19 11:57:35] [DEBUG] extract_transcript.py: [YT-DLP DOWNLOAD] 진행률: 59.2% | 다운로드: 92,357,152/155,990,718 bytes | 속도: 8332.6 KB/s | 남은시간: 7초
[2026-02-19 11:57:35] [INFO] [26%] 다운로드 중: 59.2%...
[2026-02-19 11:57:35] [DEBUG] extract_transcript.py: [YT-DLP DEBUG] [download]  59.3% of  148.76MiB at   10.39MiB/s ETA 00:05
[2026-02-19 11:57:35] [DEBUG] extract_transcript.py: [YT-DLP DOWNLOAD] 진행률: 59.3% | 다운로드: 92,488,224/155,990,718 bytes | 속도: 10640.8 KB/s | 남은시간: 5초
[2026-02-19 11:57:35] [INFO] [26%] 다운로드 중: 59.3%...
[2026-02-19 11:57:35] [DEBUG] extract_transcript.py: [YT-DLP DEBUG] [download]  59.5% of  148.76MiB at   10.57MiB/s ETA 00:05
[2026-02-19 11:57:35] [DEBUG] extract_transcript.py: [YT-DLP DOWNLOAD] 진행률: 59.5% | 다운로드: 92,750,368/155,990,718 bytes | 속도: 10828.3 KB/s | 남은시간: 5초
[2026-02-19 11:57:35] [INFO] [26%] 다운로드 중: 59.5%...
[2026-02-19 11:57:35] [DEBUG] extract_transcript.py: [YT-DLP DEBUG] [download]  59.8% of  148.76MiB at   12.48MiB/s ETA 00:04
[2026-02-19 11:57:35] [DEBUG] extract_transcript.py: [YT-DLP DOWNLOAD] 진행률: 59.8% | 다운로드: 93,274,656/155,990,718 bytes | 속도: 12783.3 KB/s | 남은시간: 4초
[2026-02-19 11:57:35] [INFO] [26%] 다운로드 중: 59.8%...
[2026-02-19 11:57:35] [DEBUG] extract_transcript.py: [YT-DLP DEBUG] [download]  60.5% of  148.76MiB at   12.30MiB/s ETA 00:04
[2026-02-19 11:57:35] [DEBUG] extract_transcript.py: [YT-DLP DOWNLOAD] 진행률: 60.5% | 다운로드: 94,323,232/155,990,718 bytes | 속도: 12591.6 KB/s | 남은시간: 4초
[2026-02-19 11:57:35] [INFO] [27%] 다운로드 중: 60.5%...
[2026-02-19 11:57:35] [DEBUG] extract_transcript.py: [YT-DLP DEBUG] [download]  61.8% of  148.76MiB at   11.23MiB/s ETA 00:05
[2026-02-19 11:57:35] [DEBUG] extract_transcript.py: [YT-DLP DOWNLOAD] 진행률: 61.8% | 다운로드: 96,420,384/155,990,718 bytes | 속도: 11502.3 KB/s | 남은시간: 5초
[2026-02-19 11:57:35] [INFO] [27%] 다운로드 중: 61.8%...
[2026-02-19 11:57:36] [DEBUG] extract_transcript.py: [YT-DLP DEBUG] [download]  64.5% of  148.76MiB at   12.19MiB/s ETA 00:04
[2026-02-19 11:57:36] [DEBUG] extract_transcript.py: [YT-DLP DOWNLOAD] 진행률: 64.5% | 다운로드: 100,614,688/155,990,718 bytes | 속도: 12477.7 KB/s | 남은시간: 4초
[2026-02-19 11:57:36] [INFO] [27%] 다운로드 중: 64.5%...
[2026-02-19 11:57:36] [DEBUG] extract_transcript.py: [YT-DLP DEBUG] [download]  65.6% of  148.76MiB at   13.61MiB/s ETA 00:03
[2026-02-19 11:57:36] [DEBUG] extract_transcript.py: [YT-DLP DOWNLOAD] 진행률: 65.6% | 다운로드: 102,315,623/155,990,718 bytes | 속도: 13932.1 KB/s | 남은시간: 3초
[2026-02-19 11:57:36] [INFO] [28%] 다운로드 중: 65.6%...
[2026-02-19 11:57:36] [DEBUG] extract_transcript.py: [YT-DLP DEBUG] [download]  65.6% of  148.76MiB at  Unknown B/s ETA Unknown
[2026-02-19 11:57:36] [DEBUG] extract_transcript.py: [YT-DLP DOWNLOAD] 진행률: 65.6% | 다운로드: 102,316,647/155,990,718 bytes
[2026-02-19 11:57:36] [INFO] [28%] 다운로드 중: 65.6%...
[2026-02-19 11:57:36] [DEBUG] extract_transcript.py: [YT-DLP DEBUG] [download]  65.6% of  148.76MiB at    2.82MiB/s ETA 00:18
[2026-02-19 11:57:36] [DEBUG] extract_transcript.py: [YT-DLP DOWNLOAD] 진행률: 65.6% | 다운로드: 102,318,695/155,990,718 bytes | 속도: 2890.0 KB/s | 남은시간: 18초
[2026-02-19 11:57:36] [INFO] [28%] 다운로드 중: 65.6%...
[2026-02-19 11:57:36] [DEBUG] extract_transcript.py: [YT-DLP DEBUG] [download]  65.6% of  148.76MiB at    3.85MiB/s ETA 00:13
[2026-02-19 11:57:36] [DEBUG] extract_transcript.py: [YT-DLP DOWNLOAD] 진행률: 65.6% | 다운로드: 102,322,791/155,990,718 bytes | 속도: 3945.7 KB/s | 남은시간: 13초
[2026-02-19 11:57:36] [INFO] [28%] 다운로드 중: 65.6%...
[2026-02-19 11:57:36] [DEBUG] extract_transcript.py: [YT-DLP DEBUG] [download]  65.6% of  148.76MiB at    5.01MiB/s ETA 00:10
[2026-02-19 11:57:36] [DEBUG] extract_transcript.py: [YT-DLP DOWNLOAD] 진행률: 65.6% | 다운로드: 102,330,983/155,990,718 bytes | 속도: 5130.9 KB/s | 남은시간: 10초
[2026-02-19 11:57:36] [INFO] [28%] 다운로드 중: 65.6%...
[2026-02-19 11:57:36] [DEBUG] extract_transcript.py: [YT-DLP DEBUG] [download]  65.6% of  148.76MiB at    5.36MiB/s ETA 00:09
[2026-02-19 11:57:36] [DEBUG] extract_transcript.py: [YT-DLP DOWNLOAD] 진행률: 65.6% | 다운로드: 102,347,367/155,990,718 bytes | 속도: 5485.5 KB/s | 남은시간: 9초
[2026-02-19 11:57:36] [INFO] [28%] 다운로드 중: 65.6%...
[2026-02-19 11:57:36] [DEBUG] extract_transcript.py: [YT-DLP DEBUG] [download]  65.6% of  148.76MiB at    3.86MiB/s ETA 00:13
[2026-02-19 11:57:36] [DEBUG] extract_transcript.py: [YT-DLP DOWNLOAD] 진행률: 65.6% | 다운로드: 102,380,135/155,990,718 bytes | 속도: 3948.3 KB/s | 남은시간: 13초
[2026-02-19 11:57:36] [INFO] [28%] 다운로드 중: 65.6%...
[2026-02-19 11:57:36] [DEBUG] extract_transcript.py: [YT-DLP DEBUG] [download]  65.7% of  148.76MiB at    5.85MiB/s ETA 00:08
[2026-02-19 11:57:36] [DEBUG] extract_transcript.py: [YT-DLP DOWNLOAD] 진행률: 65.7% | 다운로드: 102,445,671/155,990,718 bytes | 속도: 5994.9 KB/s | 남은시간: 8초
[2026-02-19 11:57:36] [INFO] [28%] 다운로드 중: 65.7%...
[2026-02-19 11:57:36] [DEBUG] extract_transcript.py: [YT-DLP DEBUG] [download]  65.8% of  148.76MiB at    8.09MiB/s ETA 00:06
[2026-02-19 11:57:36] [DEBUG] extract_transcript.py: [YT-DLP DOWNLOAD] 진행률: 65.8% | 다운로드: 102,576,743/155,990,718 bytes | 속도: 8286.1 KB/s | 남은시간: 6초
[2026-02-19 11:57:36] [INFO] [28%] 다운로드 중: 65.8%...
[2026-02-19 11:57:36] [DEBUG] extract_transcript.py: [YT-DLP DEBUG] [download]  65.9% of  148.76MiB at    3.88MiB/s ETA 00:13
[2026-02-19 11:57:36] [DEBUG] extract_transcript.py: [YT-DLP DOWNLOAD] 진행률: 65.9% | 다운로드: 102,838,887/155,990,718 bytes | 속도: 3977.2 KB/s | 남은시간: 13초
[2026-02-19 11:57:36] [INFO] [28%] 다운로드 중: 65.9%...
[2026-02-19 11:57:36] [DEBUG] extract_transcript.py: [YT-DLP DEBUG] [download]  66.3% of  148.76MiB at    5.87MiB/s ETA 00:08
[2026-02-19 11:57:36] [DEBUG] extract_transcript.py: [YT-DLP DOWNLOAD] 진행률: 66.3% | 다운로드: 103,363,175/155,990,718 bytes | 속도: 6013.7 KB/s | 남은시간: 8초
[2026-02-19 11:57:36] [INFO] [28%] 다운로드 중: 66.3%...
[2026-02-19 11:57:36] [DEBUG] extract_transcript.py: [YT-DLP DEBUG] [download]  66.9% of  148.76MiB at    7.86MiB/s ETA 00:06
[2026-02-19 11:57:36] [DEBUG] extract_transcript.py: [YT-DLP DOWNLOAD] 진행률: 66.9% | 다운로드: 104,411,751/155,990,718 bytes | 속도: 8048.1 KB/s | 남은시간: 6초
[2026-02-19 11:57:36] [INFO] [28%] 다운로드 중: 66.9%...
[2026-02-19 11:57:36] [DEBUG] extract_transcript.py: [YT-DLP DEBUG] [download]  68.3% of  148.76MiB at   10.70MiB/s ETA 00:04
[2026-02-19 11:57:36] [DEBUG] extract_transcript.py: [YT-DLP DOWNLOAD] 진행률: 68.3% | 다운로드: 106,508,903/155,990,718 bytes | 속도: 10955.9 KB/s | 남은시간: 4초
[2026-02-19 11:57:36] [INFO] [28%] 다운로드 중: 68.3%...
[2026-02-19 11:57:36] [DEBUG] extract_transcript.py: [YT-DLP DEBUG] [download]  71.0% of  148.76MiB at   11.37MiB/s ETA 00:03
[2026-02-19 11:57:36] [DEBUG] extract_transcript.py: [YT-DLP DOWNLOAD] 진행률: 71.0% | 다운로드: 110,703,207/155,990,718 bytes | 속도: 11646.3 KB/s | 남은시간: 3초
[2026-02-19 11:57:36] [INFO] [29%] 다운로드 중: 71.0%...
[2026-02-19 11:57:37] [DEBUG] extract_transcript.py: [YT-DLP DEBUG] [download]  72.1% of  148.76MiB at   12.51MiB/s ETA 00:03
[2026-02-19 11:57:37] [DEBUG] extract_transcript.py: [YT-DLP DOWNLOAD] 진행률: 72.1% | 다운로드: 112,408,758/155,990,718 bytes | 속도: 12805.7 KB/s | 남은시간: 3초
[2026-02-19 11:57:37] [INFO] [29%] 다운로드 중: 72.1%...
[2026-02-19 11:57:37] [DEBUG] extract_transcript.py: [YT-DLP DEBUG] [download]  72.1% of  148.76MiB at  262.92KiB/s ETA 02:42
[2026-02-19 11:57:37] [DEBUG] extract_transcript.py: [YT-DLP DOWNLOAD] 진행률: 72.1% | 다운로드: 112,409,782/155,990,718 bytes | 속도: 262.9 KB/s | 남은시간: 162초
[2026-02-19 11:57:37] [INFO] [29%] 다운로드 중: 72.1%...
[2026-02-19 11:57:37] [DEBUG] extract_transcript.py: [YT-DLP DEBUG] [download]  72.1% of  148.76MiB at  611.71KiB/s ETA 01:09
[2026-02-19 11:57:37] [DEBUG] extract_transcript.py: [YT-DLP DOWNLOAD] 진행률: 72.1% | 다운로드: 112,411,830/155,990,718 bytes | 속도: 611.7 KB/s | 남은시간: 69초
[2026-02-19 11:57:37] [INFO] [29%] 다운로드 중: 72.1%...
[2026-02-19 11:57:37] [DEBUG] extract_transcript.py: [YT-DLP DEBUG] [download]  72.1% of  148.76MiB at    1.15MiB/s ETA 00:36
[2026-02-19 11:57:37] [DEBUG] extract_transcript.py: [YT-DLP DOWNLOAD] 진행률: 72.1% | 다운로드: 112,415,926/155,990,718 bytes | 속도: 1172.8 KB/s | 남은시간: 36초
[2026-02-19 11:57:37] [INFO] [29%] 다운로드 중: 72.1%...
[2026-02-19 11:57:37] [DEBUG] extract_transcript.py: [YT-DLP DEBUG] [download]  72.1% of  148.76MiB at    1.79MiB/s ETA 00:23
[2026-02-19 11:57:37] [DEBUG] extract_transcript.py: [YT-DLP DOWNLOAD] 진행률: 72.1% | 다운로드: 112,424,118/155,990,718 bytes | 속도: 1835.7 KB/s | 남은시간: 23초
[2026-02-19 11:57:37] [INFO] [29%] 다운로드 중: 72.1%...
[2026-02-19 11:57:37] [DEBUG] extract_transcript.py: [YT-DLP DEBUG] [download]  72.1% of  148.76MiB at    3.24MiB/s ETA 00:12
[2026-02-19 11:57:37] [DEBUG] extract_transcript.py: [YT-DLP DOWNLOAD] 진행률: 72.1% | 다운로드: 112,440,502/155,990,718 bytes | 속도: 3319.0 KB/s | 남은시간: 12초
[2026-02-19 11:57:37] [INFO] [29%] 다운로드 중: 72.1%...
[2026-02-19 11:57:37] [DEBUG] extract_transcript.py: [YT-DLP DEBUG] [download]  72.1% of  148.76MiB at    4.92MiB/s ETA 00:08
[2026-02-19 11:57:37] [DEBUG] extract_transcript.py: [YT-DLP DOWNLOAD] 진행률: 72.1% | 다운로드: 112,473,270/155,990,718 bytes | 속도: 5041.6 KB/s | 남은시간: 8초
[2026-02-19 11:57:37] [INFO] [29%] 다운로드 중: 72.1%...
[2026-02-19 11:57:37] [DEBUG] extract_transcript.py: [YT-DLP DEBUG] [download]  72.1% of  148.76MiB at    7.95MiB/s ETA 00:05
[2026-02-19 11:57:37] [DEBUG] extract_transcript.py: [YT-DLP DOWNLOAD] 진행률: 72.1% | 다운로드: 112,538,806/155,990,718 bytes | 속도: 8142.2 KB/s | 남은시간: 5초
[2026-02-19 11:57:37] [INFO] [29%] 다운로드 중: 72.1%...
[2026-02-19 11:57:37] [DEBUG] extract_transcript.py: [YT-DLP DEBUG] [download]  72.2% of  148.76MiB at    9.22MiB/s ETA 00:04
[2026-02-19 11:57:37] [DEBUG] extract_transcript.py: [YT-DLP DOWNLOAD] 진행률: 72.2% | 다운로드: 112,669,878/155,990,718 bytes | 속도: 9441.7 KB/s | 남은시간: 4초
[2026-02-19 11:57:37] [INFO] [29%] 다운로드 중: 72.2%...
[2026-02-19 11:57:37] [DEBUG] extract_transcript.py: [YT-DLP DEBUG] [download]  72.4% of  148.76MiB at   10.14MiB/s ETA 00:04
[2026-02-19 11:57:37] [DEBUG] extract_transcript.py: [YT-DLP DOWNLOAD] 진행률: 72.4% | 다운로드: 112,932,022/155,990,718 bytes | 속도: 10384.5 KB/s | 남은시간: 4초
[2026-02-19 11:57:37] [INFO] [29%] 다운로드 중: 72.4%...
[2026-02-19 11:57:37] [DEBUG] extract_transcript.py: [YT-DLP DEBUG] [download]  72.7% of  148.76MiB at   10.20MiB/s ETA 00:03
[2026-02-19 11:57:37] [DEBUG] extract_transcript.py: [YT-DLP DOWNLOAD] 진행률: 72.7% | 다운로드: 113,456,310/155,990,718 bytes | 속도: 10446.2 KB/s | 남은시간: 3초
[2026-02-19 11:57:37] [INFO] [29%] 다운로드 중: 72.7%...
[2026-02-19 11:57:37] [DEBUG] extract_transcript.py: [YT-DLP DEBUG] [download]  73.4% of  148.76MiB at   12.81MiB/s ETA 00:03
[2026-02-19 11:57:37] [DEBUG] extract_transcript.py: [YT-DLP DOWNLOAD] 진행률: 73.4% | 다운로드: 114,504,886/155,990,718 bytes | 속도: 13119.5 KB/s | 남은시간: 3초
[2026-02-19 11:57:37] [INFO] [29%] 다운로드 중: 73.4%...
[2026-02-19 11:57:37] [DEBUG] extract_transcript.py: [YT-DLP DEBUG] [download]  74.7% of  148.76MiB at   14.59MiB/s ETA 00:02
[2026-02-19 11:57:37] [DEBUG] extract_transcript.py: [YT-DLP DOWNLOAD] 진행률: 74.7% | 다운로드: 116,602,038/155,990,718 bytes | 속도: 14939.9 KB/s | 남은시간: 2초
[2026-02-19 11:57:37] [INFO] [29%] 다운로드 중: 74.7%...
[2026-02-19 11:57:37] [DEBUG] extract_transcript.py: [YT-DLP DEBUG] [download]  77.4% of  148.76MiB at   15.29MiB/s ETA 00:02
[2026-02-19 11:57:37] [DEBUG] extract_transcript.py: [YT-DLP DOWNLOAD] 진행률: 77.4% | 다운로드: 120,796,342/155,990,718 bytes | 속도: 15657.6 KB/s | 남은시간: 2초
[2026-02-19 11:57:37] [INFO] [30%] 다운로드 중: 77.4%...
[2026-02-19 11:57:37] [DEBUG] extract_transcript.py: [YT-DLP DEBUG] [download]  78.8% of  148.76MiB at   15.65MiB/s ETA 00:02
[2026-02-19 11:57:37] [DEBUG] extract_transcript.py: [YT-DLP DOWNLOAD] 진행률: 78.8% | 다운로드: 122,852,548/155,990,718 bytes | 속도: 16021.8 KB/s | 남은시간: 2초
[2026-02-19 11:57:37] [INFO] [30%] 다운로드 중: 78.8%...
[2026-02-19 11:57:37] [DEBUG] extract_transcript.py: [YT-DLP DEBUG] [download]  78.8% of  148.76MiB at  611.50KiB/s ETA 00:53
[2026-02-19 11:57:37] [DEBUG] extract_transcript.py: [YT-DLP DOWNLOAD] 진행률: 78.8% | 다운로드: 122,853,572/155,990,718 bytes | 속도: 611.5 KB/s | 남은시간: 53초
[2026-02-19 11:57:37] [INFO] [30%] 다운로드 중: 78.8%...
[2026-02-19 11:57:37] [DEBUG] extract_transcript.py: [YT-DLP DEBUG] [download]  78.8% of  148.76MiB at    1.38MiB/s ETA 00:22
[2026-02-19 11:57:37] [DEBUG] extract_transcript.py: [YT-DLP DOWNLOAD] 진행률: 78.8% | 다운로드: 122,855,620/155,990,718 bytes | 속도: 1418.0 KB/s | 남은시간: 22초
[2026-02-19 11:57:37] [INFO] [30%] 다운로드 중: 78.8%...
[2026-02-19 11:57:37] [DEBUG] extract_transcript.py: [YT-DLP DEBUG] [download]  78.8% of  148.76MiB at    2.31MiB/s ETA 00:13
[2026-02-19 11:57:37] [DEBUG] extract_transcript.py: [YT-DLP DOWNLOAD] 진행률: 78.8% | 다운로드: 122,859,716/155,990,718 bytes | 속도: 2361.1 KB/s | 남은시간: 13초
[2026-02-19 11:57:37] [INFO] [30%] 다운로드 중: 78.8%...
[2026-02-19 11:57:37] [DEBUG] extract_transcript.py: [YT-DLP DEBUG] [download]  78.8% of  148.76MiB at    3.70MiB/s ETA 00:08
[2026-02-19 11:57:37] [DEBUG] extract_transcript.py: [YT-DLP DOWNLOAD] 진행률: 78.8% | 다운로드: 122,867,908/155,990,718 bytes | 속도: 3792.1 KB/s | 남은시간: 8초
[2026-02-19 11:57:37] [INFO] [30%] 다운로드 중: 78.8%...
[2026-02-19 11:57:37] [DEBUG] extract_transcript.py: [YT-DLP DEBUG] [download]  78.8% of  148.76MiB at    4.99MiB/s ETA 00:06
[2026-02-19 11:57:37] [DEBUG] extract_transcript.py: [YT-DLP DOWNLOAD] 진행률: 78.8% | 다운로드: 122,884,292/155,990,718 bytes | 속도: 5107.0 KB/s | 남은시간: 6초
[2026-02-19 11:57:37] [INFO] [30%] 다운로드 중: 78.8%...
[2026-02-19 11:57:37] [DEBUG] extract_transcript.py: [YT-DLP DEBUG] [download]  78.8% of  148.76MiB at    6.87MiB/s ETA 00:04
[2026-02-19 11:57:37] [DEBUG] extract_transcript.py: [YT-DLP DOWNLOAD] 진행률: 78.8% | 다운로드: 122,917,060/155,990,718 bytes | 속도: 7029.9 KB/s | 남은시간: 4초
[2026-02-19 11:57:37] [INFO] [30%] 다운로드 중: 78.8%...
[2026-02-19 11:57:37] [DEBUG] extract_transcript.py: [YT-DLP DEBUG] [download]  78.8% of  148.76MiB at    8.37MiB/s ETA 00:03
[2026-02-19 11:57:37] [DEBUG] extract_transcript.py: [YT-DLP DOWNLOAD] 진행률: 78.8% | 다운로드: 122,982,596/155,990,718 bytes | 속도: 8572.6 KB/s | 남은시간: 3초
[2026-02-19 11:57:37] [INFO] [30%] 다운로드 중: 78.8%...
[2026-02-19 11:57:37] [DEBUG] extract_transcript.py: [YT-DLP DEBUG] [download]  78.9% of  148.76MiB at    9.19MiB/s ETA 00:03
[2026-02-19 11:57:37] [DEBUG] extract_transcript.py: [YT-DLP DOWNLOAD] 진행률: 78.9% | 다운로드: 123,113,668/155,990,718 bytes | 속도: 9406.3 KB/s | 남은시간: 3초
[2026-02-19 11:57:37] [INFO] [30%] 다운로드 중: 78.9%...
[2026-02-19 11:57:37] [DEBUG] extract_transcript.py: [YT-DLP DEBUG] [download]  79.1% of  148.76MiB at    9.49MiB/s ETA 00:03
[2026-02-19 11:57:37] [DEBUG] extract_transcript.py: [YT-DLP DOWNLOAD] 진행률: 79.1% | 다운로드: 123,375,812/155,990,718 bytes | 속도: 9719.8 KB/s | 남은시간: 3초
[2026-02-19 11:57:37] [INFO] [30%] 다운로드 중: 79.1%...
[2026-02-19 11:57:37] [DEBUG] extract_transcript.py: [YT-DLP DEBUG] [download]  79.4% of  148.76MiB at   11.94MiB/s ETA 00:02
[2026-02-19 11:57:37] [DEBUG] extract_transcript.py: [YT-DLP DOWNLOAD] 진행률: 79.4% | 다운로드: 123,900,100/155,990,718 bytes | 속도: 12224.5 KB/s | 남은시간: 2초
[2026-02-19 11:57:37] [INFO] [30%] 다운로드 중: 79.4%...
[2026-02-19 11:57:37] [DEBUG] extract_transcript.py: [YT-DLP DEBUG] [download]  80.1% of  148.76MiB at   12.90MiB/s ETA 00:02
[2026-02-19 11:57:37] [DEBUG] extract_transcript.py: [YT-DLP DOWNLOAD] 진행률: 80.1% | 다운로드: 124,948,676/155,990,718 bytes | 속도: 13212.2 KB/s | 남은시간: 2초
[2026-02-19 11:57:37] [INFO] [31%] 다운로드 중: 80.1%...
[2026-02-19 11:57:38] [DEBUG] extract_transcript.py: [YT-DLP DEBUG] [download]  81.4% of  148.76MiB at   13.60MiB/s ETA 00:02
[2026-02-19 11:57:38] [DEBUG] extract_transcript.py: [YT-DLP DOWNLOAD] 진행률: 81.4% | 다운로드: 127,045,828/155,990,718 bytes | 속도: 13927.2 KB/s | 남은시간: 2초
[2026-02-19 11:57:38] [INFO] [31%] 다운로드 중: 81.4%...
[2026-02-19 11:57:38] [DEBUG] extract_transcript.py: [YT-DLP DEBUG] [download]  84.1% of  148.76MiB at   14.54MiB/s ETA 00:01
[2026-02-19 11:57:38] [DEBUG] extract_transcript.py: [YT-DLP DOWNLOAD] 진행률: 84.1% | 다운로드: 131,240,132/155,990,718 bytes | 속도: 14889.0 KB/s | 남은시간: 1초
[2026-02-19 11:57:38] [INFO] [31%] 다운로드 중: 84.1%...
[2026-02-19 11:57:38] [DEBUG] extract_transcript.py: [YT-DLP DEBUG] [download]  85.4% of  148.76MiB at   16.20MiB/s ETA 00:01
[2026-02-19 11:57:38] [DEBUG] extract_transcript.py: [YT-DLP DOWNLOAD] 진행률: 85.4% | 다운로드: 133,243,488/155,990,718 bytes | 속도: 16587.6 KB/s | 남은시간: 1초
[2026-02-19 11:57:38] [INFO] [32%] 다운로드 중: 85.4%...
[2026-02-19 11:57:38] [DEBUG] extract_transcript.py: [YT-DLP DEBUG] [download]  85.4% of  148.76MiB at  Unknown B/s ETA Unknown
[2026-02-19 11:57:38] [DEBUG] extract_transcript.py: [YT-DLP DOWNLOAD] 진행률: 85.4% | 다운로드: 133,244,512/155,990,718 bytes
[2026-02-19 11:57:38] [INFO] [32%] 다운로드 중: 85.4%...
[2026-02-19 11:57:38] [DEBUG] extract_transcript.py: [YT-DLP DEBUG] [download]  85.4% of  148.76MiB at  Unknown B/s ETA Unknown
[2026-02-19 11:57:38] [DEBUG] extract_transcript.py: [YT-DLP DOWNLOAD] 진행률: 85.4% | 다운로드: 133,246,560/155,990,718 bytes
[2026-02-19 11:57:38] [INFO] [32%] 다운로드 중: 85.4%...
[2026-02-19 11:57:38] [DEBUG] extract_transcript.py: [YT-DLP DEBUG] [download]  85.4% of  148.76MiB at    3.64MiB/s ETA 00:06
[2026-02-19 11:57:38] [DEBUG] extract_transcript.py: [YT-DLP DOWNLOAD] 진행률: 85.4% | 다운로드: 133,250,656/155,990,718 bytes | 속도: 3728.7 KB/s | 남은시간: 6초
[2026-02-19 11:57:38] [INFO] [32%] 다운로드 중: 85.4%...
[2026-02-19 11:57:38] [DEBUG] extract_transcript.py: [YT-DLP DEBUG] [download]  85.4% of  148.76MiB at    3.62MiB/s ETA 00:06
[2026-02-19 11:57:38] [DEBUG] extract_transcript.py: [YT-DLP DOWNLOAD] 진행률: 85.4% | 다운로드: 133,258,848/155,990,718 bytes | 속도: 3710.7 KB/s | 남은시간: 6초
[2026-02-19 11:57:38] [INFO] [32%] 다운로드 중: 85.4%...
[2026-02-19 11:57:38] [DEBUG] extract_transcript.py: [YT-DLP DEBUG] [download]  85.4% of  148.76MiB at    5.63MiB/s ETA 00:03
[2026-02-19 11:57:38] [DEBUG] extract_transcript.py: [YT-DLP DOWNLOAD] 진행률: 85.4% | 다운로드: 133,275,232/155,990,718 bytes | 속도: 5762.9 KB/s | 남은시간: 3초
[2026-02-19 11:57:38] [INFO] [32%] 다운로드 중: 85.4%...
[2026-02-19 11:57:38] [DEBUG] extract_transcript.py: [YT-DLP DEBUG] [download]  85.5% of  148.76MiB at    8.55MiB/s ETA 00:02
[2026-02-19 11:57:38] [DEBUG] extract_transcript.py: [YT-DLP DOWNLOAD] 진행률: 85.5% | 다운로드: 133,308,000/155,990,718 bytes | 속도: 8759.0 KB/s | 남은시간: 2초
[2026-02-19 11:57:38] [INFO] [32%] 다운로드 중: 85.5%...
[2026-02-19 11:57:38] [DEBUG] extract_transcript.py: [YT-DLP DEBUG] [download]  85.5% of  148.76MiB at   11.77MiB/s ETA 00:01
[2026-02-19 11:57:38] [DEBUG] extract_transcript.py: [YT-DLP DOWNLOAD] 진행률: 85.5% | 다운로드: 133,373,536/155,990,718 bytes | 속도: 12047.7 KB/s | 남은시간: 1초
[2026-02-19 11:57:38] [INFO] [32%] 다운로드 중: 85.5%...
[2026-02-19 11:57:38] [DEBUG] extract_transcript.py: [YT-DLP DEBUG] [download]  85.6% of  148.76MiB at   13.61MiB/s ETA 00:01
[2026-02-19 11:57:38] [DEBUG] extract_transcript.py: [YT-DLP DOWNLOAD] 진행률: 85.6% | 다운로드: 133,504,608/155,990,718 bytes | 속도: 13933.1 KB/s | 남은시간: 1초
[2026-02-19 11:57:38] [INFO] [32%] 다운로드 중: 85.6%...
[2026-02-19 11:57:38] [DEBUG] extract_transcript.py: [YT-DLP DEBUG] [download]  85.8% of  148.76MiB at   14.01MiB/s ETA 00:01
[2026-02-19 11:57:38] [DEBUG] extract_transcript.py: [YT-DLP DOWNLOAD] 진행률: 85.8% | 다운로드: 133,766,752/155,990,718 bytes | 속도: 14346.0 KB/s | 남은시간: 1초
[2026-02-19 11:57:38] [INFO] [32%] 다운로드 중: 85.8%...
[2026-02-19 11:57:38] [DEBUG] extract_transcript.py: [YT-DLP DEBUG] [download]  86.1% of  148.76MiB at   11.67MiB/s ETA 00:01
[2026-02-19 11:57:38] [DEBUG] extract_transcript.py: [YT-DLP DOWNLOAD] 진행률: 86.1% | 다운로드: 134,291,040/155,990,718 bytes | 속도: 11951.7 KB/s | 남은시간: 1초
[2026-02-19 11:57:38] [INFO] [32%] 다운로드 중: 86.1%...
[2026-02-19 11:57:38] [DEBUG] extract_transcript.py: [YT-DLP DEBUG] [download]  86.8% of  148.76MiB at   11.07MiB/s ETA 00:01
[2026-02-19 11:57:38] [DEBUG] extract_transcript.py: [YT-DLP DOWNLOAD] 진행률: 86.8% | 다운로드: 135,339,616/155,990,718 bytes | 속도: 11332.2 KB/s | 남은시간: 1초
[2026-02-19 11:57:38] [INFO] [32%] 다운로드 중: 86.8%...
[2026-02-19 11:57:38] [DEBUG] extract_transcript.py: [YT-DLP DEBUG] [download]  88.1% of  148.76MiB at   13.79MiB/s ETA 00:01
[2026-02-19 11:57:38] [DEBUG] extract_transcript.py: [YT-DLP DOWNLOAD] 진행률: 88.1% | 다운로드: 137,436,768/155,990,718 bytes | 속도: 14119.4 KB/s | 남은시간: 1초
[2026-02-19 11:57:38] [INFO] [32%] 다운로드 중: 88.1%...
[2026-02-19 11:57:38] [DEBUG] extract_transcript.py: [YT-DLP DEBUG] [download]  90.8% of  148.76MiB at   13.99MiB/s ETA 00:00
[2026-02-19 11:57:38] [DEBUG] extract_transcript.py: [YT-DLP DOWNLOAD] 진행률: 90.8% | 다운로드: 141,631,072/155,990,718 bytes | 속도: 14324.4 KB/s
[2026-02-19 11:57:38] [INFO] [33%] 다운로드 중: 90.8%...
[2026-02-19 11:57:39] [DEBUG] extract_transcript.py: [YT-DLP DEBUG] [download]  92.1% of  148.76MiB at   14.69MiB/s ETA 00:00
[2026-02-19 11:57:39] [DEBUG] extract_transcript.py: [YT-DLP DOWNLOAD] 진행률: 92.1% | 다운로드: 143,720,679/155,990,718 bytes | 속도: 15038.9 KB/s
[2026-02-19 11:57:39] [INFO] [33%] 다운로드 중: 92.1%...
[2026-02-19 11:57:39] [DEBUG] extract_transcript.py: [YT-DLP DEBUG] [download]  92.1% of  148.76MiB at  Unknown B/s ETA Unknown
[2026-02-19 11:57:39] [DEBUG] extract_transcript.py: [YT-DLP DOWNLOAD] 진행률: 92.1% | 다운로드: 143,721,703/155,990,718 bytes
[2026-02-19 11:57:39] [INFO] [33%] 다운로드 중: 92.1%...
[2026-02-19 11:57:39] [DEBUG] extract_transcript.py: [YT-DLP DEBUG] [download]  92.1% of  148.76MiB at    2.42MiB/s ETA 00:04
[2026-02-19 11:57:39] [DEBUG] extract_transcript.py: [YT-DLP DOWNLOAD] 진행률: 92.1% | 다운로드: 143,723,751/155,990,718 bytes | 속도: 2477.4 KB/s | 남은시간: 4초
[2026-02-19 11:57:39] [INFO] [33%] 다운로드 중: 92.1%...
[2026-02-19 11:57:39] [DEBUG] extract_transcript.py: [YT-DLP DEBUG] [download]  92.1% of  148.76MiB at    3.61MiB/s ETA 00:03
[2026-02-19 11:57:39] [DEBUG] extract_transcript.py: [YT-DLP DOWNLOAD] 진행률: 92.1% | 다운로드: 143,727,847/155,990,718 bytes | 속도: 3697.7 KB/s | 남은시간: 3초
[2026-02-19 11:57:39] [INFO] [33%] 다운로드 중: 92.1%...
[2026-02-19 11:57:39] [DEBUG] extract_transcript.py: [YT-DLP DEBUG] [download]  92.1% of  148.76MiB at    1.69MiB/s ETA 00:06
[2026-02-19 11:57:39] [DEBUG] extract_transcript.py: [YT-DLP DOWNLOAD] 진행률: 92.1% | 다운로드: 143,736,039/155,990,718 bytes | 속도: 1730.8 KB/s | 남은시간: 6초
[2026-02-19 11:57:39] [INFO] [33%] 다운로드 중: 92.1%...
[2026-02-19 11:57:39] [DEBUG] extract_transcript.py: [YT-DLP DEBUG] [download]  92.2% of  148.76MiB at    2.45MiB/s ETA 00:04
[2026-02-19 11:57:39] [DEBUG] extract_transcript.py: [YT-DLP DOWNLOAD] 진행률: 92.2% | 다운로드: 143,752,423/155,990,718 bytes | 속도: 2506.5 KB/s | 남은시간: 4초
[2026-02-19 11:57:39] [INFO] [33%] 다운로드 중: 92.2%...
[2026-02-19 11:57:39] [DEBUG] extract_transcript.py: [YT-DLP DEBUG] [download]  92.2% of  148.76MiB at    4.23MiB/s ETA 00:02
[2026-02-19 11:57:39] [DEBUG] extract_transcript.py: [YT-DLP DOWNLOAD] 진행률: 92.2% | 다운로드: 143,785,191/155,990,718 bytes | 속도: 4333.7 KB/s | 남은시간: 2초
[2026-02-19 11:57:39] [INFO] [33%] 다운로드 중: 92.2%...
[2026-02-19 11:57:39] [DEBUG] extract_transcript.py: [YT-DLP DEBUG] [download]  92.2% of  148.76MiB at    4.09MiB/s ETA 00:02
[2026-02-19 11:57:39] [DEBUG] extract_transcript.py: [YT-DLP DOWNLOAD] 진행률: 92.2% | 다운로드: 143,850,727/155,990,718 bytes | 속도: 4189.9 KB/s | 남은시간: 2초
[2026-02-19 11:57:39] [INFO] [33%] 다운로드 중: 92.2%...
[2026-02-19 11:57:39] [DEBUG] extract_transcript.py: [YT-DLP DEBUG] [download]  92.3% of  148.76MiB at    3.26MiB/s ETA 00:03
[2026-02-19 11:57:39] [DEBUG] extract_transcript.py: [YT-DLP DOWNLOAD] 진행률: 92.3% | 다운로드: 143,981,799/155,990,718 bytes | 속도: 3341.9 KB/s | 남은시간: 3초
[2026-02-19 11:57:39] [INFO] [33%] 다운로드 중: 92.3%...
[2026-02-19 11:57:39] [DEBUG] extract_transcript.py: [YT-DLP DEBUG] [download]  92.5% of  148.76MiB at    4.49MiB/s ETA 00:02
[2026-02-19 11:57:39] [DEBUG] extract_transcript.py: [YT-DLP DOWNLOAD] 진행률: 92.5% | 다운로드: 144,243,943/155,990,718 bytes | 속도: 4601.3 KB/s | 남은시간: 2초
[2026-02-19 11:57:39] [INFO] [33%] 다운로드 중: 92.5%...
[2026-02-19 11:57:39] [DEBUG] extract_transcript.py: [YT-DLP DEBUG] [download]  92.8% of  148.76MiB at    5.90MiB/s ETA 00:01
[2026-02-19 11:57:39] [DEBUG] extract_transcript.py: [YT-DLP DOWNLOAD] 진행률: 92.8% | 다운로드: 144,768,231/155,990,718 bytes | 속도: 6042.1 KB/s | 남은시간: 1초
[2026-02-19 11:57:39] [INFO] [33%] 다운로드 중: 92.8%...
[2026-02-19 11:57:39] [DEBUG] extract_transcript.py: [YT-DLP DEBUG] [download]  93.5% of  148.76MiB at    7.08MiB/s ETA 00:01
[2026-02-19 11:57:39] [DEBUG] extract_transcript.py: [YT-DLP DOWNLOAD] 진행률: 93.5% | 다운로드: 145,816,807/155,990,718 bytes | 속도: 7253.9 KB/s | 남은시간: 1초
[2026-02-19 11:57:39] [INFO] [33%] 다운로드 중: 93.5%...
[2026-02-19 11:57:39] [DEBUG] extract_transcript.py: [YT-DLP DEBUG] [download]  94.8% of  148.76MiB at    8.86MiB/s ETA 00:00
[2026-02-19 11:57:39] [DEBUG] extract_transcript.py: [YT-DLP DOWNLOAD] 진행률: 94.8% | 다운로드: 147,913,959/155,990,718 bytes | 속도: 9071.1 KB/s
[2026-02-19 11:57:39] [INFO] [33%] 다운로드 중: 94.8%...
[2026-02-19 11:57:39] [DEBUG] extract_transcript.py: [YT-DLP DEBUG] [download]  97.5% of  148.76MiB at   10.66MiB/s ETA 00:00
[2026-02-19 11:57:39] [DEBUG] extract_transcript.py: [YT-DLP DOWNLOAD] 진행률: 97.5% | 다운로드: 152,108,263/155,990,718 bytes | 속도: 10917.9 KB/s
[2026-02-19 11:57:39] [INFO] [34%] 다운로드 중: 97.5%...
[2026-02-19 11:57:40] [DEBUG] extract_transcript.py: [YT-DLP DEBUG] [download]  98.8% of  148.76MiB at   10.00MiB/s ETA 00:00
[2026-02-19 11:57:40] [DEBUG] extract_transcript.py: [YT-DLP DOWNLOAD] 진행률: 98.8% | 다운로드: 154,140,791/155,990,718 bytes | 속도: 10239.0 KB/s
[2026-02-19 11:57:40] [INFO] [34%] 다운로드 중: 98.8%...
[2026-02-19 11:57:40] [DEBUG] extract_transcript.py: [YT-DLP DEBUG] [download]  98.8% of  148.76MiB at  Unknown B/s ETA Unknown
[2026-02-19 11:57:40] [DEBUG] extract_transcript.py: [YT-DLP DOWNLOAD] 진행률: 98.8% | 다운로드: 154,141,815/155,990,718 bytes
[2026-02-19 11:57:40] [INFO] [34%] 다운로드 중: 98.8%...
[2026-02-19 11:57:40] [DEBUG] extract_transcript.py: [YT-DLP DEBUG] [download]  98.8% of  148.76MiB at    2.81MiB/s ETA 00:00
[2026-02-19 11:57:40] [DEBUG] extract_transcript.py: [YT-DLP DOWNLOAD] 진행률: 98.8% | 다운로드: 154,143,863/155,990,718 bytes | 속도: 2878.7 KB/s
[2026-02-19 11:57:40] [INFO] [34%] 다운로드 중: 98.8%...
[2026-02-19 11:57:40] [DEBUG] extract_transcript.py: [YT-DLP DEBUG] [download]  98.8% of  148.76MiB at    1.80MiB/s ETA 00:00
[2026-02-19 11:57:40] [DEBUG] extract_transcript.py: [YT-DLP DOWNLOAD] 진행률: 98.8% | 다운로드: 154,147,959/155,990,718 bytes | 속도: 1844.8 KB/s
[2026-02-19 11:57:40] [INFO] [34%] 다운로드 중: 98.8%...
[2026-02-19 11:57:40] [DEBUG] extract_transcript.py: [YT-DLP DEBUG] [download]  98.8% of  148.76MiB at    1.79MiB/s ETA 00:00
[2026-02-19 11:57:40] [DEBUG] extract_transcript.py: [YT-DLP DOWNLOAD] 진행률: 98.8% | 다운로드: 154,156,151/155,990,718 bytes | 속도: 1829.0 KB/s
[2026-02-19 11:57:40] [INFO] [34%] 다운로드 중: 98.8%...
[2026-02-19 11:57:40] [DEBUG] extract_transcript.py: [YT-DLP DEBUG] [download]  98.8% of  148.76MiB at    3.00MiB/s ETA 00:00
[2026-02-19 11:57:40] [DEBUG] extract_transcript.py: [YT-DLP DOWNLOAD] 진행률: 98.8% | 다운로드: 154,172,535/155,990,718 bytes | 속도: 3070.6 KB/s
[2026-02-19 11:57:40] [INFO] [34%] 다운로드 중: 98.8%...
[2026-02-19 11:57:40] [DEBUG] extract_transcript.py: [YT-DLP DEBUG] [download]  98.9% of  148.76MiB at    5.27MiB/s ETA 00:00
[2026-02-19 11:57:40] [DEBUG] extract_transcript.py: [YT-DLP DOWNLOAD] 진행률: 98.9% | 다운로드: 154,205,303/155,990,718 bytes | 속도: 5391.9 KB/s
[2026-02-19 11:57:40] [INFO] [34%] 다운로드 중: 98.9%...
[2026-02-19 11:57:40] [DEBUG] extract_transcript.py: [YT-DLP DEBUG] [download]  98.9% of  148.76MiB at    7.29MiB/s ETA 00:00
[2026-02-19 11:57:40] [DEBUG] extract_transcript.py: [YT-DLP DOWNLOAD] 진행률: 98.9% | 다운로드: 154,270,839/155,990,718 bytes | 속도: 7466.8 KB/s
[2026-02-19 11:57:40] [INFO] [34%] 다운로드 중: 98.9%...
[2026-02-19 11:57:40] [DEBUG] extract_transcript.py: [YT-DLP DEBUG] [download]  99.0% of  148.76MiB at    9.88MiB/s ETA 00:00
[2026-02-19 11:57:40] [DEBUG] extract_transcript.py: [YT-DLP DOWNLOAD] 진행률: 99.0% | 다운로드: 154,401,911/155,990,718 bytes | 속도: 10118.7 KB/s
[2026-02-19 11:57:40] [INFO] [34%] 다운로드 중: 99.0%...
[2026-02-19 11:57:40] [DEBUG] extract_transcript.py: [YT-DLP DEBUG] [download]  99.1% of  148.76MiB at   11.36MiB/s ETA 00:00
[2026-02-19 11:57:40] [DEBUG] extract_transcript.py: [YT-DLP DOWNLOAD] 진행률: 99.1% | 다운로드: 154,664,055/155,990,718 bytes | 속도: 11636.7 KB/s
[2026-02-19 11:57:40] [INFO] [34%] 다운로드 중: 99.1%...
[2026-02-19 11:57:40] [DEBUG] extract_transcript.py: [YT-DLP DEBUG] [download]  99.5% of  148.76MiB at   10.35MiB/s ETA 00:00
[2026-02-19 11:57:40] [DEBUG] extract_transcript.py: [YT-DLP DOWNLOAD] 진행률: 99.5% | 다운로드: 155,188,343/155,990,718 bytes | 속도: 10594.1 KB/s
[2026-02-19 11:57:40] [INFO] [34%] 다운로드 중: 99.5%...
[2026-02-19 11:57:40] [DEBUG] extract_transcript.py: [YT-DLP DEBUG] [download] 100.0% of  148.76MiB at    9.87MiB/s ETA 00:00
[2026-02-19 11:57:40] [DEBUG] extract_transcript.py: [YT-DLP DOWNLOAD] 진행률: 100.0% | 다운로드: 155,990,718/155,990,718 bytes | 속도: 10111.6 KB/s
[2026-02-19 11:57:40] [INFO] [35%] 다운로드 중: 100.0%...
[2026-02-19 11:57:40] [DEBUG] extract_transcript.py: [YT-DLP DEBUG] [download] 100% of  148.76MiB in 00:00:11 at 12.48MiB/s
[2026-02-19 11:57:40] [DEBUG] extract_transcript.py: [YT-DLP DOWNLOAD] ✓ 다운로드 완료!
[2026-02-19 11:57:40] [DEBUG] extract_transcript.py: [YT-DLP DOWNLOAD]    - 파일: Temp_Audio/aV6vWSWm3EE.m4a
[2026-02-19 11:57:40] [DEBUG] extract_transcript.py: [YT-DLP DOWNLOAD]    - 크기: 155,990,718 bytes
[2026-02-19 11:57:40] [DEBUG] extract_transcript.py: [YT-DLP DOWNLOAD]    - 소요시간: 11.92초
[2026-02-19 11:57:40] [DEBUG] extract_transcript.py: [YT-DLP DOWNLOAD]    - 평균 속도: 12777.0 KB/s
[2026-02-19 11:57:40] [DEBUG] extract_transcript.py: ================================================================================
[2026-02-19 11:57:40] [DEBUG] extract_transcript.py: ✅ YT-DLP 다운로드 완료
[2026-02-19 11:57:40] [INFO] [35%] 오디오 다운로드 완료!
[2026-02-19 11:57:40] [DEBUG] extract_transcript.py: ================================================================================
[2026-02-19 11:57:40] [DEBUG] extract_transcript.py: ================================================================================
[2026-02-19 11:57:40] [DEBUG] extract_transcript.py: 🎤 WHISPER AI 음성 인식 상세 로그
[2026-02-19 11:57:40] [DEBUG] extract_transcript.py: ================================================================================
[2026-02-19 11:57:40] [DEBUG] extract_transcript.py: [WHISPER] 📥 모델 로딩 중...
[2026-02-19 11:57:40] [DEBUG] extract_transcript.py: [WHISPER]    - 모델: turbo
[2026-02-19 11:57:40] [DEBUG] extract_transcript.py: [WHISPER]    - 디바이스: CUDA (GPU)
[2026-02-19 11:57:40] [DEBUG] extract_transcript.py: [WHISPER]    - 연산 타입: float16
[2026-02-19 11:57:40] [DEBUG] extract_transcript.py: [WHISPER] ⚙️  Whisper 모델 초기화 중...
[2026-02-19 11:57:40] [DEBUG] extract_transcript.py: [WHISPER] 💾 메모리에 모델 적재 중...
[2026-02-19 11:57:42] [DEBUG] extract_transcript.py: [WHISPER] ⏳ 모델 로딩 진행 중 (2s...)
[2026-02-19 11:57:42] [INFO] [43%] 모델 로딩 중... 2s...
[2026-02-19 11:57:44] [DEBUG] extract_transcript.py: [WHISPER] ⏳ 모델 로딩 진행 중 (4s...)
[2026-02-19 11:57:44] [INFO] [43%] 모델 로딩 중... 4s...
[2026-02-19 11:57:46] [DEBUG] extract_transcript.py: [WHISPER] ✓ 모델 로딩 완료 (소요시간: 6.01초)
[2026-02-19 11:57:46] [DEBUG] extract_transcript.py: [WHISPER] 🔍 오디오 파일 분석 중...
[2026-02-19 11:57:46] [DEBUG] extract_transcript.py: [WHISPER]    - 파일: Temp_Audio/aV6vWSWm3EE.m4a
[2026-02-19 11:57:46] [DEBUG] extract_transcript.py: [WHISPER]    - Beam size: 5
[2026-02-19 11:57:46] [DEBUG] extract_transcript.py: [WHISPER] 🧠 딥러닝 추론 시작...
[2026-02-19 11:57:48] [DEBUG] extract_transcript.py: [WHISPER] ⏳ 추론 진행 중 (2s...)
[2026-02-19 11:57:48] [INFO] [52%] 딥러닝 추론 중... 2s...
[2026-02-19 11:57:50] [DEBUG] extract_transcript.py: [WHISPER] ⏳ 추론 진행 중 (4s...)
[2026-02-19 11:57:50] [INFO] [52%] 딥러닝 추론 중... 4s...
[2026-02-19 11:57:52] [DEBUG] extract_transcript.py: [WHISPER] ⏳ 추론 진행 중 (6s...)
[2026-02-19 11:57:52] [INFO] [52%] 딥러닝 추론 중... 6s...
[2026-02-19 11:57:54] [DEBUG] extract_transcript.py: [WHISPER] ⏳ 추론 진행 중 (8s...)
[2026-02-19 11:57:54] [INFO] [52%] 딥러닝 추론 중... 8s...
[2026-02-19 11:57:56] [DEBUG] extract_transcript.py: [WHISPER] ⏳ 추론 진행 중 (10s...)
[2026-02-19 11:57:56] [INFO] [52%] 딥러닝 추론 중... 10s...
[2026-02-19 11:57:58] [DEBUG] extract_transcript.py: [MAIN] Exception caught: Library libcublas.so.12 is not found or cannot be loaded
[2026-02-19 11:57:58] [DEBUG] extract_transcript.py: Error: Library libcublas.so.12 is not found or cannot be loaded
[2026-02-19 11:57:58] [INFO] extract_transcript.py completed. Total debug lines: 489
[2026-02-19 11:57:58] [DEBUG] Process return code: 1
[2026-02-19 11:57:58] [ERROR] Extraction process failed with return code 1
[2026-02-19 11:57:58] [ERROR] stderr: 
[2026-02-19 11:57:58] [ERROR] stdout: ERROR

[2026-02-19 11:57:58] [ERROR] ✗ Extraction failed for video aV6vWSWm3EE: Extraction failed: 
Traceback (most recent call last):
  File "/app/Server.py", line 308, in extract_video
    raise Exception(f"Extraction failed: {stderr}")
Exception: Extraction failed: 
