[2026-01-17 13:18:20] [INFO] ================================================================================
[2026-01-17 13:18:20] [INFO] YouTube Script Extractor Server Started
[2026-01-17 13:18:20] [INFO] Log file: C:\Users\guma3\OneDrive\Documents\AI_Study\AWS_LAMP_ImageCheck\Logs\Server_20260117_131820.log
[2026-01-17 13:18:20] [INFO] ================================================================================
[2026-01-17 13:18:20] [INFO] ================================================================================
[2026-01-17 13:18:20] [INFO] YouTube Script Extractor Server Started
[2026-01-17 13:18:20] [INFO] Log file: C:\Users\guma3\OneDrive\Documents\AI_Study\AWS_LAMP_ImageCheck\Logs\Server_20260117_131820.log
[2026-01-17 13:18:20] [INFO] ================================================================================
[2026-01-17 13:18:34] [INFO] New extraction request: https://www.youtube.com/watch?v=pwhJb39ttMc
[2026-01-17 13:18:34] [INFO] Extracted video ID: pwhJb39ttMc
[2026-01-17 13:18:34] [INFO] Starting extraction for video: pwhJb39ttMc
[2026-01-17 13:18:34] [INFO] Background extraction thread started for video: pwhJb39ttMc
[2026-01-17 13:18:34] [INFO] [5%] Extracting video information...
[2026-01-17 13:18:34] [DEBUG] Getting video title for: pwhJb39ttMc
[2026-01-17 13:18:39] [INFO] Video title: ...
[2026-01-17 13:18:39] [INFO] [10%] Downloading audio: ......
[2026-01-17 13:18:39] [DEBUG] Starting extract_transcript.py subprocess for: pwhJb39ttMc
[2026-01-17 13:18:39] [DEBUG] extract_transcript.py: [MAIN] Calling extract_transcript_whisper for video: pwhJb39ttMc
[2026-01-17 13:18:40] [DEBUG] extract_transcript.py: ================================================================================
[2026-01-17 13:18:40] [DEBUG] extract_transcript.py: \U0001f4f9 YT-DLP \uc624\ub514\uc624 \ub2e4\uc6b4\ub85c\ub4dc \uc2dc\uc791
[2026-01-17 13:18:40] [DEBUG] extract_transcript.py: ================================================================================
[2026-01-17 13:18:40] [DEBUG] extract_transcript.py: [YT-DLP] URL: https://www.youtube.com/watch?v=pwhJb39ttMc
[2026-01-17 13:18:40] [DEBUG] extract_transcript.py: [YT-DLP DEBUG] [youtube] Extracting URL: https://www.youtube.com/watch?v=pwhJb39ttMc
[2026-01-17 13:18:40] [DEBUG] extract_transcript.py: [YT-DLP DEBUG] [youtube] pwhJb39ttMc: Downloading webpage
[2026-01-17 13:18:42] [DEBUG] extract_transcript.py: [YT-DLP DEBUG] [youtube] pwhJb39ttMc: Downloading android player API JSON
[2026-01-17 13:18:42] [DEBUG] extract_transcript.py: [YT-DLP WARNING] \u26a0\ufe0f  [youtube] pwhJb39ttMc: android client https formats require a GVS PO Token which was not provided. They will be skipped as they may yield HTTP Error 403. You can manually pass a GVS PO Token for this client with --extractor-args "youtube:po_token=android.gvs+XXX". For more information, refer to  https://github.com/yt-dlp/yt-dlp/wiki/PO-Token-Guide
[2026-01-17 13:18:42] [DEBUG] extract_transcript.py: [YT-DLP WARNING] \u26a0\ufe0f  [youtube] pwhJb39ttMc: Some web client https formats have been skipped as they are missing a url. YouTube is forcing SABR streaming for this client. See  https://github.com/yt-dlp/yt-dlp/issues/12482  for more details
[2026-01-17 13:18:43] [DEBUG] extract_transcript.py: [YT-DLP DEBUG] [info] pwhJb39ttMc: Downloading 1 format(s): 18
[2026-01-17 13:18:43] [DEBUG] extract_transcript.py: [YT-DLP DEBUG] [download] Destination: Temp_Audio\pwhJb39ttMc.m4a
[2026-01-17 13:18:43] [DEBUG] extract_transcript.py: [YT-DLP DEBUG] [download]   0.0% of    9.57MiB at  985.74KiB/s ETA 00:10
[2026-01-17 13:18:43] [DEBUG] extract_transcript.py: [YT-DLP DOWNLOAD] \uc9c4\ud589\ub960: 0.0% | \ub2e4\uc6b4\ub85c\ub4dc: 1,024/10,039,064 bytes | \uc18d\ub3c4: 985.7 KB/s | \ub0a8\uc740\uc2dc\uac04: 10\ucd08
[2026-01-17 13:18:43] [DEBUG] extract_transcript.py: [YT-DLP DEBUG] [download]   0.0% of    9.57MiB at    1.56MiB/s ETA 00:06
[2026-01-17 13:18:43] [DEBUG] extract_transcript.py: [YT-DLP DOWNLOAD] \uc9c4\ud589\ub960: 0.0% | \ub2e4\uc6b4\ub85c\ub4dc: 3,072/10,039,064 bytes | \uc18d\ub3c4: 1596.4 KB/s | \ub0a8\uc740\uc2dc\uac04: 6\ucd08
[2026-01-17 13:18:43] [DEBUG] extract_transcript.py: [YT-DLP DEBUG] [download]   0.1% of    9.57MiB at    3.02MiB/s ETA 00:03
[2026-01-17 13:18:43] [DEBUG] extract_transcript.py: [YT-DLP DOWNLOAD] \uc9c4\ud589\ub960: 0.1% | \ub2e4\uc6b4\ub85c\ub4dc: 7,168/10,039,064 bytes | \uc18d\ub3c4: 3092.2 KB/s | \ub0a8\uc740\uc2dc\uac04: 3\ucd08
[2026-01-17 13:18:43] [DEBUG] extract_transcript.py: [YT-DLP DEBUG] [download]   0.2% of    9.57MiB at    5.32MiB/s ETA 00:01
[2026-01-17 13:18:43] [DEBUG] extract_transcript.py: [YT-DLP DOWNLOAD] \uc9c4\ud589\ub960: 0.2% | \ub2e4\uc6b4\ub85c\ub4dc: 15,360/10,039,064 bytes | \uc18d\ub3c4: 5443.8 KB/s | \ub0a8\uc740\uc2dc\uac04: 1\ucd08
[2026-01-17 13:18:43] [DEBUG] extract_transcript.py: [YT-DLP DEBUG] [download]   0.3% of    9.57MiB at    8.55MiB/s ETA 00:01
[2026-01-17 13:18:43] [DEBUG] extract_transcript.py: [YT-DLP DOWNLOAD] \uc9c4\ud589\ub960: 0.3% | \ub2e4\uc6b4\ub85c\ub4dc: 31,744/10,039,064 bytes | \uc18d\ub3c4: 8756.4 KB/s | \ub0a8\uc740\uc2dc\uac04: 1\ucd08
[2026-01-17 13:18:43] [DEBUG] extract_transcript.py: [YT-DLP DEBUG] [download]   0.6% of    9.57MiB at   11.92MiB/s ETA 00:00
[2026-01-17 13:18:43] [DEBUG] extract_transcript.py: [YT-DLP DOWNLOAD] \uc9c4\ud589\ub960: 0.6% | \ub2e4\uc6b4\ub85c\ub4dc: 64,512/10,039,064 bytes | \uc18d\ub3c4: 12204.6 KB/s
[2026-01-17 13:18:43] [DEBUG] extract_transcript.py: [YT-DLP DEBUG] [download]   1.3% of    9.57MiB at    5.16MiB/s ETA 00:01
[2026-01-17 13:18:43] [DEBUG] extract_transcript.py: [YT-DLP DOWNLOAD] \uc9c4\ud589\ub960: 1.3% | \ub2e4\uc6b4\ub85c\ub4dc: 130,048/10,039,064 bytes | \uc18d\ub3c4: 5287.9 KB/s | \ub0a8\uc740\uc2dc\uac04: 1\ucd08
[2026-01-17 13:18:43] [DEBUG] extract_transcript.py: [YT-DLP DEBUG] [download]   2.6% of    9.57MiB at    6.94MiB/s ETA 00:01
[2026-01-17 13:18:43] [DEBUG] extract_transcript.py: [YT-DLP DOWNLOAD] \uc9c4\ud589\ub960: 2.6% | \ub2e4\uc6b4\ub85c\ub4dc: 261,120/10,039,064 bytes | \uc18d\ub3c4: 7109.5 KB/s | \ub0a8\uc740\uc2dc\uac04: 1\ucd08
[2026-01-17 13:18:43] [DEBUG] extract_transcript.py: [YT-DLP DEBUG] [download]   5.2% of    9.57MiB at    7.49MiB/s ETA 00:01
[2026-01-17 13:18:43] [DEBUG] extract_transcript.py: [YT-DLP DOWNLOAD] \uc9c4\ud589\ub960: 5.2% | \ub2e4\uc6b4\ub85c\ub4dc: 523,264/10,039,064 bytes | \uc18d\ub3c4: 7672.6 KB/s | \ub0a8\uc740\uc2dc\uac04: 1\ucd08
[2026-01-17 13:18:43] [DEBUG] extract_transcript.py: [YT-DLP DEBUG] [download]  10.4% of    9.57MiB at    8.68MiB/s ETA 00:00
[2026-01-17 13:18:43] [DEBUG] extract_transcript.py: [YT-DLP DOWNLOAD] \uc9c4\ud589\ub960: 10.4% | \ub2e4\uc6b4\ub85c\ub4dc: 1,047,552/10,039,064 bytes | \uc18d\ub3c4: 8892.2 KB/s
[2026-01-17 13:18:43] [DEBUG] extract_transcript.py: [YT-DLP DEBUG] [download]  20.9% of    9.57MiB at    9.69MiB/s ETA 00:00
[2026-01-17 13:18:43] [DEBUG] extract_transcript.py: [YT-DLP DOWNLOAD] \uc9c4\ud589\ub960: 20.9% | \ub2e4\uc6b4\ub85c\ub4dc: 2,096,128/10,039,064 bytes | \uc18d\ub3c4: 9917.9 KB/s
[2026-01-17 13:18:43] [DEBUG] extract_transcript.py: [YT-DLP DEBUG] [download]  41.8% of    9.57MiB at   10.05MiB/s ETA 00:00
[2026-01-17 13:18:43] [DEBUG] extract_transcript.py: [YT-DLP DOWNLOAD] \uc9c4\ud589\ub960: 41.8% | \ub2e4\uc6b4\ub85c\ub4dc: 4,193,280/10,039,064 bytes | \uc18d\ub3c4: 10292.8 KB/s
[2026-01-17 13:18:44] [DEBUG] extract_transcript.py: [YT-DLP DEBUG] [download]  83.5% of    9.57MiB at   10.25MiB/s ETA 00:00
[2026-01-17 13:18:44] [DEBUG] extract_transcript.py: [YT-DLP DOWNLOAD] \uc9c4\ud589\ub960: 83.5% | \ub2e4\uc6b4\ub85c\ub4dc: 8,387,584/10,039,064 bytes | \uc18d\ub3c4: 10498.3 KB/s
[2026-01-17 13:18:44] [DEBUG] extract_transcript.py: [YT-DLP DEBUG] [download] 100.0% of    9.57MiB at   10.22MiB/s ETA 00:00
[2026-01-17 13:18:44] [DEBUG] extract_transcript.py: [YT-DLP DOWNLOAD] \uc9c4\ud589\ub960: 100.0% | \ub2e4\uc6b4\ub85c\ub4dc: 10,039,064/10,039,064 bytes | \uc18d\ub3c4: 10466.2 KB/s
[2026-01-17 13:18:44] [DEBUG] extract_transcript.py: [YT-DLP DEBUG] [download] 100% of    9.57MiB in 00:00:01 at 9.32MiB/s
[2026-01-17 13:18:44] [DEBUG] extract_transcript.py: [YT-DLP DOWNLOAD] \u2713 \ub2e4\uc6b4\ub85c\ub4dc \uc644\ub8cc!
[2026-01-17 13:18:44] [DEBUG] extract_transcript.py: [YT-DLP DOWNLOAD]    - \ud30c\uc77c: Temp_Audio\pwhJb39ttMc.m4a
[2026-01-17 13:18:44] [DEBUG] extract_transcript.py: [YT-DLP DOWNLOAD]    - \ud06c\uae30: 10,039,064 bytes
[2026-01-17 13:18:44] [DEBUG] extract_transcript.py: [YT-DLP DOWNLOAD]    - \uc18c\uc694\uc2dc\uac04: 1.03\ucd08
[2026-01-17 13:18:44] [DEBUG] extract_transcript.py: [YT-DLP DOWNLOAD]    - \ud3c9\uade0 \uc18d\ub3c4: 9540.5 KB/s
[2026-01-17 13:18:44] [DEBUG] extract_transcript.py: ================================================================================
[2026-01-17 13:18:44] [DEBUG] extract_transcript.py: \u2705 YT-DLP \ub2e4\uc6b4\ub85c\ub4dc \uc644\ub8cc
[2026-01-17 13:18:44] [DEBUG] extract_transcript.py: ================================================================================
[2026-01-17 13:18:44] [DEBUG] extract_transcript.py: ================================================================================
[2026-01-17 13:18:44] [DEBUG] extract_transcript.py: \U0001f3a4 WHISPER AI \uc74c\uc131 \uc778\uc2dd \uc0c1\uc138 \ub85c\uadf8
[2026-01-17 13:18:44] [DEBUG] extract_transcript.py: ================================================================================
[2026-01-17 13:18:44] [DEBUG] extract_transcript.py: [WHISPER] \U0001f4e5 \ubaa8\ub378 \ub85c\ub529 \uc911...
[2026-01-17 13:18:44] [DEBUG] extract_transcript.py: [WHISPER]    - \ubaa8\ub378: turbo
[2026-01-17 13:18:44] [DEBUG] extract_transcript.py: [WHISPER]    - \ub514\ubc14\uc774\uc2a4: CPU
[2026-01-17 13:18:44] [DEBUG] extract_transcript.py: [WHISPER]    - \uc5f0\uc0b0 \ud0c0\uc785: int8
[2026-01-17 13:18:50] [DEBUG] extract_transcript.py: [WHISPER] \u2713 \ubaa8\ub378 \ub85c\ub529 \uc644\ub8cc (\uc18c\uc694\uc2dc\uac04: 5.79\ucd08)
[2026-01-17 13:18:50] [DEBUG] extract_transcript.py: [WHISPER] \U0001f50d \uc624\ub514\uc624 \ud30c\uc77c \ubd84\uc11d \uc911...
[2026-01-17 13:18:50] [DEBUG] extract_transcript.py: [WHISPER]    - \ud30c\uc77c: Temp_Audio\pwhJb39ttMc.m4a
[2026-01-17 13:18:50] [DEBUG] extract_transcript.py: [WHISPER]    - Beam size: 5
[2026-01-17 13:19:14] [DEBUG] extract_transcript.py: [WHISPER] \u2713 \uc624\ub514\uc624 \ubd84\uc11d \uc644\ub8cc
[2026-01-17 13:19:14] [DEBUG] extract_transcript.py: [WHISPER]    - \uac10\uc9c0\ub41c \uc5b8\uc5b4: ko
[2026-01-17 13:19:14] [DEBUG] extract_transcript.py: [WHISPER]    - \uc5b8\uc5b4 \ud655\ub960: 0.9942 (99.42%)
[2026-01-17 13:19:14] [DEBUG] extract_transcript.py: [WHISPER]    - \uc608\uc0c1 \ucd1d \uae38\uc774: 162.49\ucd08
[2026-01-17 13:19:14] [DEBUG] extract_transcript.py: [WHISPER] \U0001f4dd \uc138\uadf8\uba3c\ud2b8 \ucc98\ub9ac \uc2dc\uc791...
[2026-01-17 13:19:14] [DEBUG] extract_transcript.py: --------------------------------------------------------------------------------
[2026-01-17 13:19:43] [DEBUG] extract_transcript.py: [WHISPER] Segment #001
[2026-01-17 13:19:43] [INFO] [60%] Processing segment #1...
[2026-01-17 13:19:43] [DEBUG] extract_transcript.py: \u23f1\ufe0f  \uc2dc\uac04: 0.00s ~ 0.50s (\uae38\uc774: 0.50s)
[2026-01-17 13:19:43] [DEBUG] extract_transcript.py: \U0001f4c4 \ud14d\uc2a4\ud2b8: \ubb50\ud558\ub824\uace0?
[2026-01-17 13:19:43] [DEBUG] extract_transcript.py: \U0001f4ca \ubb38\uc790\uc218: 5 chars
[2026-01-17 13:19:43] [DEBUG] extract_transcript.py: \U0001f3af \ud3c9\uade0 \ud655\ub960: -0.2132
[2026-01-17 13:19:43] [DEBUG] extract_transcript.py: \U0001f507 No-speech \ud655\ub960: 0.0000
[2026-01-17 13:19:43] [DEBUG] extract_transcript.py: --------------------------------------------------------------------------------
[2026-01-17 13:19:43] [DEBUG] extract_transcript.py: [WHISPER] Segment #002
[2026-01-17 13:19:43] [INFO] [60%] Processing segment #2...
[2026-01-17 13:19:43] [DEBUG] extract_transcript.py: \u23f1\ufe0f  \uc2dc\uac04: 0.50s ~ 3.00s (\uae38\uc774: 2.50s)
[2026-01-17 13:19:43] [DEBUG] extract_transcript.py: \U0001f4c4 \ud14d\uc2a4\ud2b8: \uc774 \ud751\ubc31\uc720\ub85c\uc138\ud22c \uc784\uc7a5 \uc784\uc131\uadfc \uc170\ud504\ub2d8\uc774 \ucd94\ucc9c\ud558\ub294
[2026-01-17 13:19:43] [DEBUG] extract_transcript.py: \U0001f4ca \ubb38\uc790\uc218: 25 chars
[2026-01-17 13:19:43] [DEBUG] extract_transcript.py: \U0001f3af \ud3c9\uade0 \ud655\ub960: -0.2132
[2026-01-17 13:19:43] [DEBUG] extract_transcript.py: \U0001f507 No-speech \ud655\ub960: 0.0000
[2026-01-17 13:19:43] [DEBUG] extract_transcript.py: --------------------------------------------------------------------------------
[2026-01-17 13:19:43] [DEBUG] extract_transcript.py: [WHISPER] Segment #003
[2026-01-17 13:19:43] [INFO] [60%] Processing segment #3...
[2026-01-17 13:19:43] [DEBUG] extract_transcript.py: \u23f1\ufe0f  \uc2dc\uac04: 3.00s ~ 6.00s (\uae38\uc774: 3.00s)
[2026-01-17 13:19:43] [DEBUG] extract_transcript.py: \U0001f4c4 \ud14d\uc2a4\ud2b8: \uac81\ub098 \ub9db\uc788\ub294 \ube44\ube54\ub77c\uba58\uc774 \uc788\ub2e4 \uadf8\ub798\uae38\ub798 \ub0b4\uac00 \ub2e4 \uac16\uace0 \uc654\uc9c0!
[2026-01-17 13:19:43] [DEBUG] extract_transcript.py: \U0001f4ca \ubb38\uc790\uc218: 32 chars
[2026-01-17 13:19:43] [DEBUG] extract_transcript.py: \U0001f3af \ud3c9\uade0 \ud655\ub960: -0.2132
[2026-01-17 13:19:43] [DEBUG] extract_transcript.py: \U0001f507 No-speech \ud655\ub960: 0.0000
[2026-01-17 13:19:43] [DEBUG] extract_transcript.py: --------------------------------------------------------------------------------
[2026-01-17 13:19:43] [DEBUG] extract_transcript.py: [WHISPER] Segment #004
[2026-01-17 13:19:43] [INFO] [61%] Processing segment #4...
[2026-01-17 13:19:43] [DEBUG] extract_transcript.py: \u23f1\ufe0f  \uc2dc\uac04: 6.00s ~ 6.70s (\uae38\uc774: 0.70s)
[2026-01-17 13:19:43] [DEBUG] extract_transcript.py: \U0001f4c4 \ud14d\uc2a4\ud2b8: \uadf8\ub798\uc11c \uadf8\uac8c \ubb54\ub370?
[2026-01-17 13:19:43] [DEBUG] extract_transcript.py: \U0001f4ca \ubb38\uc790\uc218: 10 chars
[2026-01-17 13:19:43] [DEBUG] extract_transcript.py: \U0001f3af \ud3c9\uade0 \ud655\ub960: -0.2132
[2026-01-17 13:19:43] [DEBUG] extract_transcript.py: \U0001f507 No-speech \ud655\ub960: 0.0000
[2026-01-17 13:19:43] [DEBUG] extract_transcript.py: --------------------------------------------------------------------------------
[2026-01-17 13:19:43] [DEBUG] extract_transcript.py: [WHISPER] Segment #005
[2026-01-17 13:19:43] [INFO] [61%] Processing segment #5...
[2026-01-17 13:19:43] [DEBUG] extract_transcript.py: \u23f1\ufe0f  \uc2dc\uac04: 6.70s ~ 7.50s (\uae38\uc774: 0.80s)
[2026-01-17 13:19:43] [DEBUG] extract_transcript.py: \U0001f4c4 \ud14d\uc2a4\ud2b8: \uc774 \uc5b4\ubb35\ub77c\uba74!
[2026-01-17 13:19:43] [DEBUG] extract_transcript.py: \U0001f4ca \ubb38\uc790\uc218: 7 chars
[2026-01-17 13:19:43] [DEBUG] extract_transcript.py: \U0001f3af \ud3c9\uade0 \ud655\ub960: -0.2132
[2026-01-17 13:19:43] [DEBUG] extract_transcript.py: \U0001f507 No-speech \ud655\ub960: 0.0000
[2026-01-17 13:19:43] [DEBUG] extract_transcript.py: --------------------------------------------------------------------------------
[2026-01-17 13:19:43] [DEBUG] extract_transcript.py: [WHISPER] Segment #006
[2026-01-17 13:19:43] [INFO] [61%] Processing segment #6...
[2026-01-17 13:19:43] [DEBUG] extract_transcript.py: \u23f1\ufe0f  \uc2dc\uac04: 7.50s ~ 8.70s (\uae38\uc774: 1.20s)
[2026-01-17 13:19:43] [DEBUG] extract_transcript.py: \U0001f4c4 \ud14d\uc2a4\ud2b8: \uadf8\ub7f0 \ub77c\uba74 \ub808\uc2dc\ud53c\uac00 \uc788\uc5b4.
[2026-01-17 13:19:43] [DEBUG] extract_transcript.py: \U0001f4ca \ubb38\uc790\uc218: 14 chars
[2026-01-17 13:19:43] [DEBUG] extract_transcript.py: \U0001f3af \ud3c9\uade0 \ud655\ub960: -0.2132
[2026-01-17 13:19:43] [DEBUG] extract_transcript.py: \U0001f507 No-speech \ud655\ub960: 0.0000
[2026-01-17 13:19:43] [DEBUG] extract_transcript.py: --------------------------------------------------------------------------------
[2026-01-17 13:19:43] [DEBUG] extract_transcript.py: [WHISPER] Segment #007
[2026-01-17 13:19:43] [INFO] [61%] Processing segment #7...
[2026-01-17 13:19:43] [DEBUG] extract_transcript.py: \u23f1\ufe0f  \uc2dc\uac04: 8.70s ~ 9.70s (\uae38\uc774: 1.00s)
[2026-01-17 13:19:43] [DEBUG] extract_transcript.py: \U0001f4c4 \ud14d\uc2a4\ud2b8: \uc774\uac70 \ubcf4\ub2c8\uae4c \uc788\ub358\ub370?
[2026-01-17 13:19:43] [DEBUG] extract_transcript.py: \U0001f4ca \ubb38\uc790\uc218: 11 chars
[2026-01-17 13:19:43] [DEBUG] extract_transcript.py: \U0001f3af \ud3c9\uade0 \ud655\ub960: -0.2132
[2026-01-17 13:19:43] [DEBUG] extract_transcript.py: \U0001f507 No-speech \ud655\ub960: 0.0000
[2026-01-17 13:19:43] [DEBUG] extract_transcript.py: --------------------------------------------------------------------------------
[2026-01-17 13:19:43] [DEBUG] extract_transcript.py: [WHISPER] Segment #008
[2026-01-17 13:19:43] [INFO] [62%] Processing segment #8...
[2026-01-17 13:19:43] [DEBUG] extract_transcript.py: \u23f1\ufe0f  \uc2dc\uac04: 9.70s ~ 11.00s (\uae38\uc774: 1.30s)
[2026-01-17 13:19:43] [DEBUG] extract_transcript.py: \U0001f4c4 \ud14d\uc2a4\ud2b8: \ub9db\ub098 \ubcf4\uc774\ub2c8\uae4c \uc774\uac70 \ud55c \ubc88\uac00 \ud574\uba39\uc5b4\uc694.
[2026-01-17 13:19:43] [DEBUG] extract_transcript.py: \U0001f4ca \ubb38\uc790\uc218: 21 chars
[2026-01-17 13:19:43] [DEBUG] extract_transcript.py: \U0001f3af \ud3c9\uade0 \ud655\ub960: -0.2132
[2026-01-17 13:19:43] [DEBUG] extract_transcript.py: \U0001f507 No-speech \ud655\ub960: 0.0000
[2026-01-17 13:19:43] [DEBUG] extract_transcript.py: --------------------------------------------------------------------------------
[2026-01-17 13:19:43] [DEBUG] extract_transcript.py: [WHISPER] Segment #009
[2026-01-17 13:19:43] [INFO] [62%] Processing segment #9...
[2026-01-17 13:19:43] [DEBUG] extract_transcript.py: \u23f1\ufe0f  \uc2dc\uac04: 11.00s ~ 11.90s (\uae38\uc774: 0.90s)
[2026-01-17 13:19:43] [DEBUG] extract_transcript.py: \U0001f4c4 \ud14d\uc2a4\ud2b8: \uc544, \uadf8\uac70!
[2026-01-17 13:19:43] [DEBUG] extract_transcript.py: \U0001f4ca \ubb38\uc790\uc218: 6 chars
[2026-01-17 13:19:43] [DEBUG] extract_transcript.py: \U0001f3af \ud3c9\uade0 \ud655\ub960: -0.2132
[2026-01-17 13:19:43] [DEBUG] extract_transcript.py: \U0001f507 No-speech \ud655\ub960: 0.0000
[2026-01-17 13:19:43] [DEBUG] extract_transcript.py: --------------------------------------------------------------------------------
[2026-01-17 13:19:43] [DEBUG] extract_transcript.py: [WHISPER] Segment #010
[2026-01-17 13:19:43] [INFO] [62%] Processing segment #10...
[2026-01-17 13:19:43] [DEBUG] extract_transcript.py: \u23f1\ufe0f  \uc2dc\uac04: 11.90s ~ 14.20s (\uae38\uc774: 2.30s)
[2026-01-17 13:19:43] [DEBUG] extract_transcript.py: \U0001f4c4 \ud14d\uc2a4\ud2b8: \uc5b4\ub5a4 \ub77c\uba74\uc778\uc9c0 \uc81c\ub300\ub85c \uc124\uba85\ud574.
[2026-01-17 13:19:43] [DEBUG] extract_transcript.py: \U0001f4ca \ubb38\uc790\uc218: 16 chars
[2026-01-17 13:19:43] [DEBUG] extract_transcript.py: \U0001f3af \ud3c9\uade0 \ud655\ub960: -0.2132
[2026-01-17 13:19:43] [DEBUG] extract_transcript.py: \U0001f507 No-speech \ud655\ub960: 0.0000
[2026-01-17 13:19:43] [DEBUG] extract_transcript.py: --------------------------------------------------------------------------------
[2026-01-17 13:19:43] [DEBUG] extract_transcript.py: [WHISPER] Segment #011
[2026-01-17 13:19:43] [INFO] [62%] Processing segment #11...
[2026-01-17 13:19:43] [DEBUG] extract_transcript.py: \u23f1\ufe0f  \uc2dc\uac04: 14.20s ~ 16.40s (\uae38\uc774: 2.20s)
[2026-01-17 13:19:43] [DEBUG] extract_transcript.py: \U0001f4c4 \ud14d\uc2a4\ud2b8: \uc2e0\ub77c\uba74 \uba74\uc744 \uc368\uc11c \uc5b4\ubb35\ucc28\ub791 \ud325\ucc28\ub791 \ud574\uac00\uc9c0\uace0
[2026-01-17 13:19:43] [DEBUG] extract_transcript.py: \U0001f4ca \ubb38\uc790\uc218: 23 chars
[2026-01-17 13:19:43] [DEBUG] extract_transcript.py: \U0001f3af \ud3c9\uade0 \ud655\ub960: -0.2132
[2026-01-17 13:19:43] [DEBUG] extract_transcript.py: \U0001f507 No-speech \ud655\ub960: 0.0000
[2026-01-17 13:19:43] [DEBUG] extract_transcript.py: --------------------------------------------------------------------------------
[2026-01-17 13:19:43] [DEBUG] extract_transcript.py: [WHISPER] Segment #012
[2026-01-17 13:19:43] [INFO] [63%] Processing segment #12...
[2026-01-17 13:19:43] [DEBUG] extract_transcript.py: \u23f1\ufe0f  \uc2dc\uac04: 16.40s ~ 19.00s (\uae38\uc774: 2.60s)
[2026-01-17 13:19:43] [DEBUG] extract_transcript.py: \U0001f4c4 \ud14d\uc2a4\ud2b8: \uc774\uac83\uc800\uac83 \ub123\uace0 \ube44\ube54\ub77c\uba74\uc73c\ub85c \uba39\uc73c\uba74 \uc5c4\uccad\ub098\uac8c \ub9db\uc788\ub514\uc57c.
[2026-01-17 13:19:43] [DEBUG] extract_transcript.py: \U0001f4ca \ubb38\uc790\uc218: 29 chars
[2026-01-17 13:19:43] [DEBUG] extract_transcript.py: \U0001f3af \ud3c9\uade0 \ud655\ub960: -0.2132
[2026-01-17 13:19:43] [DEBUG] extract_transcript.py: \U0001f507 No-speech \ud655\ub960: 0.0000
[2026-01-17 13:19:43] [DEBUG] extract_transcript.py: --------------------------------------------------------------------------------
[2026-01-17 13:19:43] [DEBUG] extract_transcript.py: [WHISPER] Segment #013
[2026-01-17 13:19:43] [INFO] [63%] Processing segment #13...
[2026-01-17 13:19:43] [DEBUG] extract_transcript.py: \u23f1\ufe0f  \uc2dc\uac04: 19.00s ~ 21.50s (\uae38\uc774: 2.50s)
[2026-01-17 13:19:43] [DEBUG] extract_transcript.py: \U0001f4c4 \ud14d\uc2a4\ud2b8: \uc2e0\ub77c\uba74\uc740 \uc2e0\ub77c\uba74 \ubcf6\uc74c\uba74\uc73c\ub85c \ucc28\uac11\uac8c \uba39\uc73c\uba74 \ub418\ub294 \uac70 \uc544\ub0d0?
[2026-01-17 13:19:43] [DEBUG] extract_transcript.py: \U0001f4ca \ubb38\uc790\uc218: 31 chars
[2026-01-17 13:19:43] [DEBUG] extract_transcript.py: \U0001f3af \ud3c9\uade0 \ud655\ub960: -0.2132
[2026-01-17 13:19:43] [DEBUG] extract_transcript.py: \U0001f507 No-speech \ud655\ub960: 0.0000
[2026-01-17 13:19:43] [DEBUG] extract_transcript.py: --------------------------------------------------------------------------------
[2026-01-17 13:19:43] [DEBUG] extract_transcript.py: [WHISPER] Segment #014
[2026-01-17 13:19:43] [INFO] [63%] Processing segment #14...
[2026-01-17 13:19:43] [DEBUG] extract_transcript.py: \u23f1\ufe0f  \uc2dc\uac04: 21.50s ~ 24.20s (\uae38\uc774: 2.70s)
[2026-01-17 13:19:43] [DEBUG] extract_transcript.py: \U0001f4c4 \ud14d\uc2a4\ud2b8: \uc5d0\uc774, \uc784\uc7a5 \ucd94\ucc9c \ub808\uc2dc\ud53c\uba74 \uc644\uc804 \ub2e4\ub978 \ub9db\uc774 \ub098\uc796\uc544.
[2026-01-17 13:19:43] [DEBUG] extract_transcript.py: \U0001f4ca \ubb38\uc790\uc218: 28 chars
[2026-01-17 13:19:43] [DEBUG] extract_transcript.py: \U0001f3af \ud3c9\uade0 \ud655\ub960: -0.2132
[2026-01-17 13:19:43] [DEBUG] extract_transcript.py: \U0001f507 No-speech \ud655\ub960: 0.0000
[2026-01-17 13:19:43] [DEBUG] extract_transcript.py: --------------------------------------------------------------------------------
[2026-01-17 13:20:15] [DEBUG] extract_transcript.py: [WHISPER] Segment #015
[2026-01-17 13:20:15] [INFO] [63%] Processing segment #15...
[2026-01-17 13:20:15] [DEBUG] extract_transcript.py: \u23f1\ufe0f  \uc2dc\uac04: 24.20s ~ 26.60s (\uae38\uc774: 2.40s)
[2026-01-17 13:20:15] [DEBUG] extract_transcript.py: \U0001f4c4 \ud14d\uc2a4\ud2b8: \uc774 \ub808\uc2dc\ud53c\ub3c4 \uc624\uc774\ub77c\uba74\ucc98\ub7fc \ub9db\uc788\ub2e4\ub294 \ubcf4\uc7a5\uc774 \uc5b4\ub514 \uc788\uc5b4?
[2026-01-17 13:20:15] [DEBUG] extract_transcript.py: \U0001f4ca \ubb38\uc790\uc218: 29 chars
[2026-01-17 13:20:15] [DEBUG] extract_transcript.py: \U0001f3af \ud3c9\uade0 \ud655\ub960: -0.1293
[2026-01-17 13:20:15] [DEBUG] extract_transcript.py: \U0001f507 No-speech \ud655\ub960: 0.0000
[2026-01-17 13:20:15] [DEBUG] extract_transcript.py: --------------------------------------------------------------------------------
[2026-01-17 13:20:15] [DEBUG] extract_transcript.py: [WHISPER] Segment #016
[2026-01-17 13:20:15] [INFO] [64%] Processing segment #16...
[2026-01-17 13:20:15] [DEBUG] extract_transcript.py: \u23f1\ufe0f  \uc2dc\uac04: 26.60s ~ 28.30s (\uae38\uc774: 1.70s)
[2026-01-17 13:20:15] [DEBUG] extract_transcript.py: \U0001f4c4 \ud14d\uc2a4\ud2b8: \uc544, \uadf8\ub7ec\ub2c8\uae4c \ub9cc\ub4e4\uc5b4\uc11c \uba39\uc5b4\ubd10\uc57c\uc9c0.
[2026-01-17 13:20:15] [DEBUG] extract_transcript.py: \U0001f4ca \ubb38\uc790\uc218: 19 chars
[2026-01-17 13:20:15] [DEBUG] extract_transcript.py: \U0001f3af \ud3c9\uade0 \ud655\ub960: -0.1293
[2026-01-17 13:20:15] [DEBUG] extract_transcript.py: \U0001f507 No-speech \ud655\ub960: 0.0000
[2026-01-17 13:20:15] [DEBUG] extract_transcript.py: --------------------------------------------------------------------------------
[2026-01-17 13:20:15] [DEBUG] extract_transcript.py: [WHISPER] Segment #017
[2026-01-17 13:20:15] [INFO] [64%] Processing segment #17...
[2026-01-17 13:20:15] [DEBUG] extract_transcript.py: \u23f1\ufe0f  \uc2dc\uac04: 29.30s ~ 30.70s (\uae38\uc774: 1.40s)
[2026-01-17 13:20:15] [DEBUG] extract_transcript.py: \U0001f4c4 \ud14d\uc2a4\ud2b8: \uadf8\ub807\ubfd0. \uc5b4\ub5bb\uac8c \ub9cc\ub4dc\ub294 \uac74\ub370?
[2026-01-17 13:20:15] [DEBUG] extract_transcript.py: \U0001f4ca \ubb38\uc790\uc218: 16 chars
[2026-01-17 13:20:15] [DEBUG] extract_transcript.py: \U0001f3af \ud3c9\uade0 \ud655\ub960: -0.1293
[2026-01-17 13:20:15] [DEBUG] extract_transcript.py: \U0001f507 No-speech \ud655\ub960: 0.0000
[2026-01-17 13:20:15] [DEBUG] extract_transcript.py: --------------------------------------------------------------------------------
[2026-01-17 13:20:15] [DEBUG] extract_transcript.py: [WHISPER] Segment #018
[2026-01-17 13:20:15] [INFO] [64%] Processing segment #18...
[2026-01-17 13:20:15] [DEBUG] extract_transcript.py: \u23f1\ufe0f  \uc2dc\uac04: 30.70s ~ 32.90s (\uae38\uc774: 2.20s)
[2026-01-17 13:20:15] [DEBUG] extract_transcript.py: \U0001f4c4 \ud14d\uc2a4\ud2b8: \uc774 \uc5b4\ubb35 \ub450 \uc7a5\uc744 \ub77c\uba74 \uba74\ucc98\ub7fc \uc587\uac8c \ucc44\uc370\uc5b4\uc8fc\uace0
[2026-01-17 13:20:15] [DEBUG] extract_transcript.py: \U0001f4ca \ubb38\uc790\uc218: 25 chars
[2026-01-17 13:20:15] [DEBUG] extract_transcript.py: \U0001f3af \ud3c9\uade0 \ud655\ub960: -0.1293
[2026-01-17 13:20:15] [DEBUG] extract_transcript.py: \U0001f507 No-speech \ud655\ub960: 0.0000
[2026-01-17 13:20:15] [DEBUG] extract_transcript.py: --------------------------------------------------------------------------------
[2026-01-17 13:20:15] [DEBUG] extract_transcript.py: [WHISPER] Segment #019
[2026-01-17 13:20:15] [INFO] [64%] Processing segment #19...
[2026-01-17 13:20:15] [DEBUG] extract_transcript.py: \u23f1\ufe0f  \uc2dc\uac04: 32.90s ~ 34.70s (\uae38\uc774: 1.80s)
[2026-01-17 13:20:15] [DEBUG] extract_transcript.py: \U0001f4c4 \ud14d\uc2a4\ud2b8: \ub300\ud30c \ud30c\ub780 \ubd80\ubd84\uc744 \ud3ec\ud06c \uae01\uc5b4\uc8fc\uace0
[2026-01-17 13:20:15] [DEBUG] extract_transcript.py: \U0001f4ca \ubb38\uc790\uc218: 17 chars
[2026-01-17 13:20:15] [DEBUG] extract_transcript.py: \U0001f3af \ud3c9\uade0 \ud655\ub960: -0.1293
[2026-01-17 13:20:15] [DEBUG] extract_transcript.py: \U0001f507 No-speech \ud655\ub960: 0.0000
[2026-01-17 13:20:15] [DEBUG] extract_transcript.py: --------------------------------------------------------------------------------
[2026-01-17 13:20:15] [DEBUG] extract_transcript.py: [WHISPER] Segment #020
[2026-01-17 13:20:15] [INFO] [65%] Processing segment #20...
[2026-01-17 13:20:15] [DEBUG] extract_transcript.py: \u23f1\ufe0f  \uc2dc\uac04: 34.70s ~ 36.80s (\uae38\uc774: 2.10s)
[2026-01-17 13:20:15] [DEBUG] extract_transcript.py: \U0001f4c4 \ud14d\uc2a4\ud2b8: \ud770 \ubd80\ubd84\uc740 \uac08\ub77c\uc11c \uac00\uc6b4\ub370 \ub531\ub531\ud55c \ubd80\ubd84 \uc81c\uac70\ud558\uace0
[2026-01-17 13:20:15] [DEBUG] extract_transcript.py: \U0001f4ca \ubb38\uc790\uc218: 25 chars
[2026-01-17 13:20:15] [DEBUG] extract_transcript.py: \U0001f3af \ud3c9\uade0 \ud655\ub960: -0.1293
[2026-01-17 13:20:15] [DEBUG] extract_transcript.py: \U0001f507 No-speech \ud655\ub960: 0.0000
[2026-01-17 13:20:15] [DEBUG] extract_transcript.py: --------------------------------------------------------------------------------
[2026-01-17 13:20:15] [DEBUG] extract_transcript.py: [WHISPER] Segment #021
[2026-01-17 13:20:15] [INFO] [65%] Processing segment #21...
[2026-01-17 13:20:15] [DEBUG] extract_transcript.py: \u23f1\ufe0f  \uc2dc\uac04: 36.80s ~ 38.00s (\uae38\uc774: 1.20s)
[2026-01-17 13:20:15] [DEBUG] extract_transcript.py: \U0001f4c4 \ud14d\uc2a4\ud2b8: \uae38\uac8c \uba74\ucc98\ub7fc \uc798\ub77c\uc8fc\uace0
[2026-01-17 13:20:15] [DEBUG] extract_transcript.py: \U0001f4ca \ubb38\uc790\uc218: 11 chars
[2026-01-17 13:20:15] [DEBUG] extract_transcript.py: \U0001f3af \ud3c9\uade0 \ud655\ub960: -0.1293
[2026-01-17 13:20:15] [DEBUG] extract_transcript.py: \U0001f507 No-speech \ud655\ub960: 0.0000
[2026-01-17 13:20:15] [DEBUG] extract_transcript.py: --------------------------------------------------------------------------------
[2026-01-17 13:20:15] [DEBUG] extract_transcript.py: [WHISPER] Segment #022
[2026-01-17 13:20:15] [INFO] [65%] Processing segment #22...
[2026-01-17 13:20:15] [DEBUG] extract_transcript.py: \u23f1\ufe0f  \uc2dc\uac04: 38.00s ~ 39.90s (\uae38\uc774: 1.90s)
[2026-01-17 13:20:15] [DEBUG] extract_transcript.py: \U0001f4c4 \ud14d\uc2a4\ud2b8: \uc2e0\ub77c\uba74 \uba74\uc744 4\ubd84 30\ucd08 \ub053\uc5ec\uc8fc\ub294 \ub4a4
[2026-01-17 13:20:15] [DEBUG] extract_transcript.py: \U0001f4ca \ubb38\uc790\uc218: 20 chars
[2026-01-17 13:20:15] [DEBUG] extract_transcript.py: \U0001f3af \ud3c9\uade0 \ud655\ub960: -0.1293
[2026-01-17 13:20:15] [DEBUG] extract_transcript.py: \U0001f507 No-speech \ud655\ub960: 0.0000
[2026-01-17 13:20:15] [DEBUG] extract_transcript.py: --------------------------------------------------------------------------------
[2026-01-17 13:20:15] [DEBUG] extract_transcript.py: [WHISPER] Segment #023
[2026-01-17 13:20:15] [INFO] [65%] Processing segment #23...
[2026-01-17 13:20:15] [DEBUG] extract_transcript.py: \u23f1\ufe0f  \uc2dc\uac04: 39.90s ~ 43.50s (\uae38\uc774: 3.60s)
[2026-01-17 13:20:15] [DEBUG] extract_transcript.py: \U0001f4c4 \ud14d\uc2a4\ud2b8: 2\ubd84 30\ucd08\uc640 3\ubd84 \uc0ac\uc774\uc5d0 \ub300\ud30c \ud55c \ub300 \uc804\ubd80\ub791 \uc5b4\ubb35\uc744 \ub123\uc5b4\uc8fc\uace0
[2026-01-17 13:20:15] [DEBUG] extract_transcript.py: \U0001f4ca \ubb38\uc790\uc218: 34 chars
[2026-01-17 13:20:15] [DEBUG] extract_transcript.py: \U0001f3af \ud3c9\uade0 \ud655\ub960: -0.1293
[2026-01-17 13:20:15] [DEBUG] extract_transcript.py: \U0001f507 No-speech \ud655\ub960: 0.0000
[2026-01-17 13:20:15] [DEBUG] extract_transcript.py: --------------------------------------------------------------------------------
[2026-01-17 13:20:15] [DEBUG] extract_transcript.py: [WHISPER] Segment #024
[2026-01-17 13:20:15] [INFO] [66%] Processing segment #24...
[2026-01-17 13:20:15] [DEBUG] extract_transcript.py: \u23f1\ufe0f  \uc2dc\uac04: 43.50s ~ 47.50s (\uae38\uc774: 4.00s)
[2026-01-17 13:20:15] [DEBUG] extract_transcript.py: \U0001f4c4 \ud14d\uc2a4\ud2b8: 1\ubd84 30\ucd08 \ub053\uc5ec\uc900 \ub2e4\uc74c\uc5d0 \uc2dd\ucd08 2, 3\ud070\uc220 \ub123\uc740 \ucc28\uac00\uc6b4 \ubb3c\uc5d0 \uc81c\ub300\ub85c \uc53b\uc5b4\uc11c \ud5f9\uad88\uc8fc\uace0
[2026-01-17 13:20:15] [DEBUG] extract_transcript.py: \U0001f4ca \ubb38\uc790\uc218: 47 chars
[2026-01-17 13:20:15] [DEBUG] extract_transcript.py: \U0001f3af \ud3c9\uade0 \ud655\ub960: -0.1293
[2026-01-17 13:20:15] [DEBUG] extract_transcript.py: \U0001f507 No-speech \ud655\ub960: 0.0000
[2026-01-17 13:20:15] [DEBUG] extract_transcript.py: --------------------------------------------------------------------------------
[2026-01-17 13:20:15] [DEBUG] extract_transcript.py: [WHISPER] Segment #025
[2026-01-17 13:20:15] [INFO] [66%] Processing segment #25...
[2026-01-17 13:20:15] [DEBUG] extract_transcript.py: \u23f1\ufe0f  \uc2dc\uac04: 47.50s ~ 49.00s (\uae38\uc774: 1.50s)
[2026-01-17 13:20:15] [DEBUG] extract_transcript.py: \U0001f4c4 \ud14d\uc2a4\ud2b8: \uc57c, \uc2dd\ucd08 \ubb3c\uc5d0 \uc65c \ud5f9\uad6c\ub294 \uac70\uc57c?
[2026-01-17 13:20:15] [DEBUG] extract_transcript.py: \U0001f4ca \ubb38\uc790\uc218: 18 chars
[2026-01-17 13:20:15] [DEBUG] extract_transcript.py: \U0001f3af \ud3c9\uade0 \ud655\ub960: -0.1293
[2026-01-17 13:20:15] [DEBUG] extract_transcript.py: \U0001f507 No-speech \ud655\ub960: 0.0000
[2026-01-17 13:20:15] [DEBUG] extract_transcript.py: --------------------------------------------------------------------------------
[2026-01-17 13:20:47] [DEBUG] extract_transcript.py: [WHISPER] Segment #026
[2026-01-17 13:20:47] [INFO] [66%] Processing segment #26...
[2026-01-17 13:20:47] [DEBUG] extract_transcript.py: \u23f1\ufe0f  \uc2dc\uac04: 49.00s ~ 51.00s (\uae38\uc774: 2.00s)
[2026-01-17 13:20:47] [DEBUG] extract_transcript.py: \U0001f4c4 \ud14d\uc2a4\ud2b8: \uc774, \uc774\uac70 \uc548 \uc88b\uc740 \ubc00\uac00\ub8e8 \ub0c4\uc0c8\uac00 \ub2e4 \ube60\uc9c4\ub514\uc57c.
[2026-01-17 13:20:47] [DEBUG] extract_transcript.py: \U0001f4ca \ubb38\uc790\uc218: 26 chars
[2026-01-17 13:20:47] [DEBUG] extract_transcript.py: \U0001f3af \ud3c9\uade0 \ud655\ub960: -0.1961
[2026-01-17 13:20:47] [DEBUG] extract_transcript.py: \U0001f507 No-speech \ud655\ub960: 0.0000
[2026-01-17 13:20:47] [DEBUG] extract_transcript.py: --------------------------------------------------------------------------------
[2026-01-17 13:20:47] [DEBUG] extract_transcript.py: [WHISPER] Segment #027
[2026-01-17 13:20:47] [INFO] [66%] Processing segment #27...
[2026-01-17 13:20:47] [DEBUG] extract_transcript.py: \u23f1\ufe0f  \uc2dc\uac04: 51.00s ~ 52.80s (\uae38\uc774: 1.80s)
[2026-01-17 13:20:47] [DEBUG] extract_transcript.py: \U0001f4c4 \ud14d\uc2a4\ud2b8: \uadf8 \ub2e4\uc74c\uc5d0 \ubb3c\uc744 \uaf49 \uc9dc\uc11c \uadf8\ub987\uc5d0 \ub123\uc5b4\uc8fc\uace0
[2026-01-17 13:20:47] [DEBUG] extract_transcript.py: \U0001f4ca \ubb38\uc790\uc218: 22 chars
[2026-01-17 13:20:47] [DEBUG] extract_transcript.py: \U0001f3af \ud3c9\uade0 \ud655\ub960: -0.1961
[2026-01-17 13:20:47] [DEBUG] extract_transcript.py: \U0001f507 No-speech \ud655\ub960: 0.0000
[2026-01-17 13:20:47] [DEBUG] extract_transcript.py: --------------------------------------------------------------------------------
[2026-01-17 13:20:47] [DEBUG] extract_transcript.py: [WHISPER] Segment #028
[2026-01-17 13:20:47] [INFO] [67%] Processing segment #28...
[2026-01-17 13:20:47] [DEBUG] extract_transcript.py: \u23f1\ufe0f  \uc2dc\uac04: 52.80s ~ 54.60s (\uae38\uc774: 1.80s)
[2026-01-17 13:20:47] [DEBUG] extract_transcript.py: \U0001f4c4 \ud14d\uc2a4\ud2b8: \ucc38\uae30\ub984 1\ud070\uc220, \uace0\ucd94\uae30\ub984 1\ud070\uc220 \ub123\uace0
[2026-01-17 13:20:47] [DEBUG] extract_transcript.py: \U0001f4ca \ubb38\uc790\uc218: 20 chars
[2026-01-17 13:20:47] [DEBUG] extract_transcript.py: \U0001f3af \ud3c9\uade0 \ud655\ub960: -0.1961
[2026-01-17 13:20:47] [DEBUG] extract_transcript.py: \U0001f507 No-speech \ud655\ub960: 0.0000
[2026-01-17 13:20:47] [DEBUG] extract_transcript.py: --------------------------------------------------------------------------------
[2026-01-17 13:20:47] [DEBUG] extract_transcript.py: [WHISPER] Segment #029
[2026-01-17 13:20:47] [INFO] [67%] Processing segment #29...
[2026-01-17 13:20:47] [DEBUG] extract_transcript.py: \u23f1\ufe0f  \uc2dc\uac04: 54.60s ~ 56.20s (\uae38\uc774: 1.60s)
[2026-01-17 13:20:47] [DEBUG] extract_transcript.py: \U0001f4c4 \ud14d\uc2a4\ud2b8: \uc57c, \ub10c 1\ud070\uc220\uc774 \uc65c \uadf8\ub807\uac8c \ub9ce\uc544?
[2026-01-17 13:20:47] [DEBUG] extract_transcript.py: \U0001f4ca \ubb38\uc790\uc218: 19 chars
[2026-01-17 13:20:47] [DEBUG] extract_transcript.py: \U0001f3af \ud3c9\uade0 \ud655\ub960: -0.1961
[2026-01-17 13:20:47] [DEBUG] extract_transcript.py: \U0001f507 No-speech \ud655\ub960: 0.0000
[2026-01-17 13:20:47] [DEBUG] extract_transcript.py: --------------------------------------------------------------------------------
[2026-01-17 13:20:47] [DEBUG] extract_transcript.py: [WHISPER] Segment #030
[2026-01-17 13:20:47] [INFO] [67%] Processing segment #30...
[2026-01-17 13:20:47] [DEBUG] extract_transcript.py: \u23f1\ufe0f  \uc2dc\uac04: 56.20s ~ 56.50s (\uae38\uc774: 0.30s)
[2026-01-17 13:20:47] [DEBUG] extract_transcript.py: \U0001f4c4 \ud14d\uc2a4\ud2b8: \uc789?
[2026-01-17 13:20:47] [DEBUG] extract_transcript.py: \U0001f4ca \ubb38\uc790\uc218: 2 chars
[2026-01-17 13:20:47] [DEBUG] extract_transcript.py: \U0001f3af \ud3c9\uade0 \ud655\ub960: -0.1961
[2026-01-17 13:20:47] [DEBUG] extract_transcript.py: \U0001f507 No-speech \ud655\ub960: 0.0000
[2026-01-17 13:20:47] [DEBUG] extract_transcript.py: --------------------------------------------------------------------------------
[2026-01-17 13:20:47] [DEBUG] extract_transcript.py: [WHISPER] Segment #031
[2026-01-17 13:20:47] [INFO] [67%] Processing segment #31...
[2026-01-17 13:20:47] [DEBUG] extract_transcript.py: \u23f1\ufe0f  \uc2dc\uac04: 56.50s ~ 58.00s (\uae38\uc774: 1.50s)
[2026-01-17 13:20:47] [DEBUG] extract_transcript.py: \U0001f4c4 \ud14d\uc2a4\ud2b8: \uc544, \uc784\uc7a5\uce58 \ube44\ube44\uba74 \uc5c4\uccad \ub123\uc5b4.
[2026-01-17 13:20:47] [DEBUG] extract_transcript.py: \U0001f4ca \ubb38\uc790\uc218: 17 chars
[2026-01-17 13:20:47] [DEBUG] extract_transcript.py: \U0001f3af \ud3c9\uade0 \ud655\ub960: -0.1961
[2026-01-17 13:20:47] [DEBUG] extract_transcript.py: \U0001f507 No-speech \ud655\ub960: 0.0000
[2026-01-17 13:20:47] [DEBUG] extract_transcript.py: --------------------------------------------------------------------------------
[2026-01-17 13:20:47] [DEBUG] extract_transcript.py: [WHISPER] Segment #032
[2026-01-17 13:20:47] [INFO] [68%] Processing segment #32...
[2026-01-17 13:20:47] [DEBUG] extract_transcript.py: \u23f1\ufe0f  \uc2dc\uac04: 58.00s ~ 59.50s (\uae38\uc774: 1.50s)
[2026-01-17 13:20:47] [DEBUG] extract_transcript.py: \U0001f4c4 \ud14d\uc2a4\ud2b8: \uc554\ud2bc \uae30\ub984 \ub123\uc740 \ub2e4\uc74c\uc5d0 \ud55c \ubc88 \ube44\ubcbc\uc8fc\uace0
[2026-01-17 13:20:47] [DEBUG] extract_transcript.py: \U0001f4ca \ubb38\uc790\uc218: 21 chars
[2026-01-17 13:20:47] [DEBUG] extract_transcript.py: \U0001f3af \ud3c9\uade0 \ud655\ub960: -0.1961
[2026-01-17 13:20:47] [DEBUG] extract_transcript.py: \U0001f507 No-speech \ud655\ub960: 0.0000
[2026-01-17 13:20:47] [DEBUG] extract_transcript.py: --------------------------------------------------------------------------------
[2026-01-17 13:20:47] [DEBUG] extract_transcript.py: [WHISPER] Segment #033
[2026-01-17 13:20:47] [INFO] [68%] Processing segment #33...
[2026-01-17 13:20:47] [DEBUG] extract_transcript.py: \u23f1\ufe0f  \uc2dc\uac04: 59.50s ~ 63.00s (\uae38\uc774: 3.50s)
[2026-01-17 13:20:47] [DEBUG] extract_transcript.py: \U0001f4c4 \ud14d\uc2a4\ud2b8: \uace0\uc6b4 \uace0\ucda7\uac00\ub8e8 1\ud070\uc220, \uc124\ud0d5 2\ud070\uc220, \uc2dd\ucd08 1, 2\ud070\uc220, \ub2e4\uc9c4 \ub9c8\ub298 1\ud070\uc220
[2026-01-17 13:20:47] [DEBUG] extract_transcript.py: \U0001f4ca \ubb38\uc790\uc218: 41 chars
[2026-01-17 13:20:47] [DEBUG] extract_transcript.py: \U0001f3af \ud3c9\uade0 \ud655\ub960: -0.1961
[2026-01-17 13:20:47] [DEBUG] extract_transcript.py: \U0001f507 No-speech \ud655\ub960: 0.0000
[2026-01-17 13:20:47] [DEBUG] extract_transcript.py: --------------------------------------------------------------------------------
[2026-01-17 13:20:47] [DEBUG] extract_transcript.py: [WHISPER] Segment #034
[2026-01-17 13:20:47] [INFO] [68%] Processing segment #34...
[2026-01-17 13:20:47] [DEBUG] extract_transcript.py: \u23f1\ufe0f  \uc2dc\uac04: 63.00s ~ 64.70s (\uae38\uc774: 1.70s)
[2026-01-17 13:20:47] [DEBUG] extract_transcript.py: \U0001f4c4 \ud14d\uc2a4\ud2b8: \ub77c\uba74 \uc2a4\ud504\ub294 \ubc18\ubcf4\ub2e4 \uc870\uae08 \ub354 \ub123\uace0
[2026-01-17 13:20:47] [DEBUG] extract_transcript.py: \U0001f4ca \ubb38\uc790\uc218: 18 chars
[2026-01-17 13:20:47] [DEBUG] extract_transcript.py: \U0001f3af \ud3c9\uade0 \ud655\ub960: -0.1961
[2026-01-17 13:20:47] [DEBUG] extract_transcript.py: \U0001f507 No-speech \ud655\ub960: 0.0000
[2026-01-17 13:20:47] [DEBUG] extract_transcript.py: --------------------------------------------------------------------------------
[2026-01-17 13:20:47] [DEBUG] extract_transcript.py: [WHISPER] Segment #035
[2026-01-17 13:20:47] [INFO] [68%] Processing segment #35...
[2026-01-17 13:20:47] [DEBUG] extract_transcript.py: \u23f1\ufe0f  \uc2dc\uac04: 64.70s ~ 65.80s (\uae38\uc774: 1.10s)
[2026-01-17 13:20:47] [DEBUG] extract_transcript.py: \U0001f4c4 \ud14d\uc2a4\ud2b8: \uc57c, \uadf8 \uc911\uac04\uc5d0 \uac04\uc744 \uc548 \ubd10\ub3c4 \ub3fc?
[2026-01-17 13:20:47] [DEBUG] extract_transcript.py: \U0001f4ca \ubb38\uc790\uc218: 19 chars
[2026-01-17 13:20:47] [DEBUG] extract_transcript.py: \U0001f3af \ud3c9\uade0 \ud655\ub960: -0.1961
[2026-01-17 13:20:47] [DEBUG] extract_transcript.py: \U0001f507 No-speech \ud655\ub960: 0.0000
[2026-01-17 13:20:47] [DEBUG] extract_transcript.py: --------------------------------------------------------------------------------
[2026-01-17 13:20:47] [DEBUG] extract_transcript.py: [WHISPER] Segment #036
[2026-01-17 13:20:47] [INFO] [69%] Processing segment #36...
[2026-01-17 13:20:47] [DEBUG] extract_transcript.py: \u23f1\ufe0f  \uc2dc\uac04: 65.80s ~ 67.30s (\uae38\uc774: 1.50s)
[2026-01-17 13:20:47] [DEBUG] extract_transcript.py: \U0001f4c4 \ud14d\uc2a4\ud2b8: \uc544\uc774, \uac04\uc740 \ubb34\uc870\uac74 \ub9de\uc544.
[2026-01-17 13:20:47] [DEBUG] extract_transcript.py: \U0001f4ca \ubb38\uc790\uc218: 14 chars
[2026-01-17 13:20:47] [DEBUG] extract_transcript.py: \U0001f3af \ud3c9\uade0 \ud655\ub960: -0.1961
[2026-01-17 13:20:47] [DEBUG] extract_transcript.py: \U0001f507 No-speech \ud655\ub960: 0.0000
[2026-01-17 13:20:47] [DEBUG] extract_transcript.py: --------------------------------------------------------------------------------
[2026-01-17 13:20:47] [DEBUG] extract_transcript.py: [WHISPER] Segment #037
[2026-01-17 13:20:47] [INFO] [69%] Processing segment #37...
[2026-01-17 13:20:47] [DEBUG] extract_transcript.py: \u23f1\ufe0f  \uc2dc\uac04: 67.30s ~ 69.80s (\uae38\uc774: 2.50s)
[2026-01-17 13:20:47] [DEBUG] extract_transcript.py: \U0001f4c4 \ud14d\uc2a4\ud2b8: \uae40\uac00\ub8e8 \ub123\uace0 \ube44\ubcbc\uc8fc\uace0 \ub9c8\uc9c0\ub9c9\uc5d0 \uae68\uc6b0\ub294 \ud798\uc740 \ub05d.
[2026-01-17 13:20:47] [DEBUG] extract_transcript.py: \U0001f4ca \ubb38\uc790\uc218: 26 chars
[2026-01-17 13:20:47] [DEBUG] extract_transcript.py: \U0001f3af \ud3c9\uade0 \ud655\ub960: -0.1961
[2026-01-17 13:20:47] [DEBUG] extract_transcript.py: \U0001f507 No-speech \ud655\ub960: 0.0000
[2026-01-17 13:20:47] [DEBUG] extract_transcript.py: --------------------------------------------------------------------------------
[2026-01-17 13:20:47] [DEBUG] extract_transcript.py: [WHISPER] Segment #038
[2026-01-17 13:20:47] [INFO] [69%] Processing segment #38...
[2026-01-17 13:20:47] [DEBUG] extract_transcript.py: \u23f1\ufe0f  \uc2dc\uac04: 69.80s ~ 70.50s (\uae38\uc774: 0.70s)
[2026-01-17 13:20:47] [DEBUG] extract_transcript.py: \U0001f4c4 \ud14d\uc2a4\ud2b8: \ub05d \ub05d.
[2026-01-17 13:20:47] [DEBUG] extract_transcript.py: \U0001f4ca \ubb38\uc790\uc218: 4 chars
[2026-01-17 13:20:47] [DEBUG] extract_transcript.py: \U0001f3af \ud3c9\uade0 \ud655\ub960: -0.1961
[2026-01-17 13:20:47] [DEBUG] extract_transcript.py: \U0001f507 No-speech \ud655\ub960: 0.0000
[2026-01-17 13:20:47] [DEBUG] extract_transcript.py: --------------------------------------------------------------------------------
[2026-01-17 13:21:17] [DEBUG] extract_transcript.py: [WHISPER] Segment #039
[2026-01-17 13:21:17] [INFO] [69%] Processing segment #39...
[2026-01-17 13:21:17] [DEBUG] extract_transcript.py: \u23f1\ufe0f  \uc2dc\uac04: 70.50s ~ 72.50s (\uae38\uc774: 2.00s)
[2026-01-17 13:21:17] [DEBUG] extract_transcript.py: \U0001f4c4 \ud14d\uc2a4\ud2b8: \ubb50\uc57c, \ub808\uc2dc\ud53c \ubcf4\ub2c8\uae4c \ub300\ud30c \ube44\ube54 \ub0c9\ub77c\uba74\uc774\ub124.
[2026-01-17 13:21:17] [DEBUG] extract_transcript.py: \U0001f4ca \ubb38\uc790\uc218: 24 chars
[2026-01-17 13:21:17] [DEBUG] extract_transcript.py: \U0001f3af \ud3c9\uade0 \ud655\ub960: -0.2359
[2026-01-17 13:21:17] [DEBUG] extract_transcript.py: \U0001f507 No-speech \ud655\ub960: 0.0000
[2026-01-17 13:21:17] [DEBUG] extract_transcript.py: --------------------------------------------------------------------------------
[2026-01-17 13:21:17] [DEBUG] extract_transcript.py: [WHISPER] Segment #040
[2026-01-17 13:21:17] [INFO] [70%] Processing segment #40...
[2026-01-17 13:21:17] [DEBUG] extract_transcript.py: \u23f1\ufe0f  \uc2dc\uac04: 72.50s ~ 73.30s (\uae38\uc774: 0.80s)
[2026-01-17 13:21:17] [DEBUG] extract_transcript.py: \U0001f4c4 \ud14d\uc2a4\ud2b8: \uc5b4\ubb35\ub77c\uba74 \uc544\ub2c8\uc796\uc544.
[2026-01-17 13:21:17] [DEBUG] extract_transcript.py: \U0001f4ca \ubb38\uc790\uc218: 10 chars
[2026-01-17 13:21:17] [DEBUG] extract_transcript.py: \U0001f3af \ud3c9\uade0 \ud655\ub960: -0.2359
[2026-01-17 13:21:17] [DEBUG] extract_transcript.py: \U0001f507 No-speech \ud655\ub960: 0.0000
[2026-01-17 13:21:17] [DEBUG] extract_transcript.py: --------------------------------------------------------------------------------
[2026-01-17 13:21:17] [DEBUG] extract_transcript.py: [WHISPER] Segment #041
[2026-01-17 13:21:17] [INFO] [70%] Processing segment #41...
[2026-01-17 13:21:17] [DEBUG] extract_transcript.py: \u23f1\ufe0f  \uc2dc\uac04: 73.30s ~ 73.80s (\uae38\uc774: 0.50s)
[2026-01-17 13:21:17] [DEBUG] extract_transcript.py: \U0001f4c4 \ud14d\uc2a4\ud2b8: \uc789?
[2026-01-17 13:21:17] [DEBUG] extract_transcript.py: \U0001f4ca \ubb38\uc790\uc218: 2 chars
[2026-01-17 13:21:17] [DEBUG] extract_transcript.py: \U0001f3af \ud3c9\uade0 \ud655\ub960: -0.2359
[2026-01-17 13:21:17] [DEBUG] extract_transcript.py: \U0001f507 No-speech \ud655\ub960: 0.0000
[2026-01-17 13:21:17] [DEBUG] extract_transcript.py: --------------------------------------------------------------------------------
[2026-01-17 13:21:17] [DEBUG] extract_transcript.py: [WHISPER] Segment #042
[2026-01-17 13:21:17] [INFO] [70%] Processing segment #42...
[2026-01-17 13:21:17] [DEBUG] extract_transcript.py: \u23f1\ufe0f  \uc2dc\uac04: 73.80s ~ 75.50s (\uae38\uc774: 1.70s)
[2026-01-17 13:21:17] [DEBUG] extract_transcript.py: \U0001f4c4 \ud14d\uc2a4\ud2b8: \uc5b4\ubb35\ub77c\uba74\uc774 \ubd80\ub974\uae30 \ud3b8\ud558\ub2c8\uae4c.
[2026-01-17 13:21:17] [DEBUG] extract_transcript.py: \U0001f4ca \ubb38\uc790\uc218: 15 chars
[2026-01-17 13:21:17] [DEBUG] extract_transcript.py: \U0001f3af \ud3c9\uade0 \ud655\ub960: -0.2359
[2026-01-17 13:21:17] [DEBUG] extract_transcript.py: \U0001f507 No-speech \ud655\ub960: 0.0000
[2026-01-17 13:21:17] [DEBUG] extract_transcript.py: --------------------------------------------------------------------------------
[2026-01-17 13:21:17] [DEBUG] extract_transcript.py: [WHISPER] Segment #043
[2026-01-17 13:21:17] [INFO] [70%] Processing segment #43...
[2026-01-17 13:21:17] [DEBUG] extract_transcript.py: \u23f1\ufe0f  \uc2dc\uac04: 75.50s ~ 76.80s (\uae38\uc774: 1.30s)
[2026-01-17 13:21:17] [DEBUG] extract_transcript.py: \U0001f4c4 \ud14d\uc2a4\ud2b8: \ubd88\uae30 \uc804\uc5d0 \uba39\uc5b4\ubd10.
[2026-01-17 13:21:17] [DEBUG] extract_transcript.py: \U0001f4ca \ubb38\uc790\uc218: 10 chars
[2026-01-17 13:21:17] [DEBUG] extract_transcript.py: \U0001f3af \ud3c9\uade0 \ud655\ub960: -0.2359
[2026-01-17 13:21:17] [DEBUG] extract_transcript.py: \U0001f507 No-speech \ud655\ub960: 0.0000
[2026-01-17 13:21:17] [DEBUG] extract_transcript.py: --------------------------------------------------------------------------------
[2026-01-17 13:21:17] [DEBUG] extract_transcript.py: [WHISPER] Segment #044
[2026-01-17 13:21:17] [INFO] [71%] Processing segment #44...
[2026-01-17 13:21:17] [DEBUG] extract_transcript.py: \u23f1\ufe0f  \uc2dc\uac04: 77.70s ~ 78.10s (\uae38\uc774: 0.40s)
[2026-01-17 13:21:17] [DEBUG] extract_transcript.py: \U0001f4c4 \ud14d\uc2a4\ud2b8: \uadf8\ub824.
[2026-01-17 13:21:17] [DEBUG] extract_transcript.py: \U0001f4ca \ubb38\uc790\uc218: 3 chars
[2026-01-17 13:21:17] [DEBUG] extract_transcript.py: \U0001f3af \ud3c9\uade0 \ud655\ub960: -0.2359
[2026-01-17 13:21:17] [DEBUG] extract_transcript.py: \U0001f507 No-speech \ud655\ub960: 0.0000
[2026-01-17 13:21:17] [DEBUG] extract_transcript.py: --------------------------------------------------------------------------------
[2026-01-17 13:21:17] [DEBUG] extract_transcript.py: [WHISPER] Segment #045
[2026-01-17 13:21:17] [INFO] [71%] Processing segment #45...
[2026-01-17 13:21:17] [DEBUG] extract_transcript.py: \u23f1\ufe0f  \uc2dc\uac04: 78.10s ~ 79.50s (\uae38\uc774: 1.40s)
[2026-01-17 13:21:17] [DEBUG] extract_transcript.py: \U0001f4c4 \ud14d\uc2a4\ud2b8: \ub300\uccb4 \ubb50 \ub9db\uc744 \ub098\ub098?
[2026-01-17 13:21:17] [DEBUG] extract_transcript.py: \U0001f4ca \ubb38\uc790\uc218: 11 chars
[2026-01-17 13:21:17] [DEBUG] extract_transcript.py: \U0001f3af \ud3c9\uade0 \ud655\ub960: -0.2359
[2026-01-17 13:21:17] [DEBUG] extract_transcript.py: \U0001f507 No-speech \ud655\ub960: 0.0000
[2026-01-17 13:21:17] [DEBUG] extract_transcript.py: --------------------------------------------------------------------------------
[2026-01-17 13:21:17] [DEBUG] extract_transcript.py: [WHISPER] Segment #046
[2026-01-17 13:21:17] [INFO] [71%] Processing segment #46...
[2026-01-17 13:21:17] [DEBUG] extract_transcript.py: \u23f1\ufe0f  \uc2dc\uac04: 79.50s ~ 80.50s (\uae38\uc774: 1.00s)
[2026-01-17 13:21:17] [DEBUG] extract_transcript.py: \U0001f4c4 \ud14d\uc2a4\ud2b8: \ud30c\ub791 \uc5b4\ubb35\ub77c\uba74.
[2026-01-17 13:21:17] [DEBUG] extract_transcript.py: \U0001f4ca \ubb38\uc790\uc218: 8 chars
[2026-01-17 13:21:17] [DEBUG] extract_transcript.py: \U0001f3af \ud3c9\uade0 \ud655\ub960: -0.2359
[2026-01-17 13:21:17] [DEBUG] extract_transcript.py: \U0001f507 No-speech \ud655\ub960: 0.0000
[2026-01-17 13:21:17] [DEBUG] extract_transcript.py: --------------------------------------------------------------------------------
[2026-01-17 13:21:17] [DEBUG] extract_transcript.py: [WHISPER] Segment #047
[2026-01-17 13:21:17] [INFO] [71%] Processing segment #47...
[2026-01-17 13:21:17] [DEBUG] extract_transcript.py: \u23f1\ufe0f  \uc2dc\uac04: 86.10s ~ 86.70s (\uae38\uc774: 0.60s)
[2026-01-17 13:21:17] [DEBUG] extract_transcript.py: \U0001f4c4 \ud14d\uc2a4\ud2b8: \ub9db\uc740 \uc5b4\ub54c?
[2026-01-17 13:21:17] [DEBUG] extract_transcript.py: \U0001f4ca \ubb38\uc790\uc218: 6 chars
[2026-01-17 13:21:17] [DEBUG] extract_transcript.py: \U0001f3af \ud3c9\uade0 \ud655\ub960: -0.2359
[2026-01-17 13:21:17] [DEBUG] extract_transcript.py: \U0001f507 No-speech \ud655\ub960: 0.0000
[2026-01-17 13:21:17] [DEBUG] extract_transcript.py: --------------------------------------------------------------------------------
[2026-01-17 13:21:17] [DEBUG] extract_transcript.py: [WHISPER] Segment #048
[2026-01-17 13:21:17] [INFO] [72%] Processing segment #48...
[2026-01-17 13:21:17] [DEBUG] extract_transcript.py: \u23f1\ufe0f  \uc2dc\uac04: 86.70s ~ 87.30s (\uae38\uc774: 0.60s)
[2026-01-17 13:21:17] [DEBUG] extract_transcript.py: \U0001f4c4 \ud14d\uc2a4\ud2b8: \ub05d \ub05d.
[2026-01-17 13:21:17] [DEBUG] extract_transcript.py: \U0001f4ca \ubb38\uc790\uc218: 4 chars
[2026-01-17 13:21:17] [DEBUG] extract_transcript.py: \U0001f3af \ud3c9\uade0 \ud655\ub960: -0.2359
[2026-01-17 13:21:17] [DEBUG] extract_transcript.py: \U0001f507 No-speech \ud655\ub960: 0.0000
[2026-01-17 13:21:17] [DEBUG] extract_transcript.py: --------------------------------------------------------------------------------
[2026-01-17 13:21:17] [DEBUG] extract_transcript.py: [WHISPER] Segment #049
[2026-01-17 13:21:17] [INFO] [72%] Processing segment #49...
[2026-01-17 13:21:17] [DEBUG] extract_transcript.py: \u23f1\ufe0f  \uc2dc\uac04: 87.30s ~ 88.80s (\uae38\uc774: 1.50s)
[2026-01-17 13:21:17] [DEBUG] extract_transcript.py: \U0001f4c4 \ud14d\uc2a4\ud2b8: \uc544, \ub410\uace0 \uc801\ub2f9\ud788 \ud574\ub77c.
[2026-01-17 13:21:17] [DEBUG] extract_transcript.py: \U0001f4ca \ubb38\uc790\uc218: 13 chars
[2026-01-17 13:21:17] [DEBUG] extract_transcript.py: \U0001f3af \ud3c9\uade0 \ud655\ub960: -0.2359
[2026-01-17 13:21:17] [DEBUG] extract_transcript.py: \U0001f507 No-speech \ud655\ub960: 0.0000
[2026-01-17 13:21:17] [DEBUG] extract_transcript.py: --------------------------------------------------------------------------------
[2026-01-17 13:21:17] [DEBUG] extract_transcript.py: [WHISPER] Segment #050
[2026-01-17 13:21:17] [INFO] [72%] Processing segment #50...
[2026-01-17 13:21:17] [DEBUG] extract_transcript.py: \u23f1\ufe0f  \uc2dc\uac04: 88.80s ~ 89.90s (\uae38\uc774: 1.10s)
[2026-01-17 13:21:17] [DEBUG] extract_transcript.py: \U0001f4c4 \ud14d\uc2a4\ud2b8: \ub77c\uba74\uc5d0\uc11c \uc5b4\ub5a4 \ub9db\uc774 \ub098\ub294 \uac70\uc57c?
[2026-01-17 13:21:17] [DEBUG] extract_transcript.py: \U0001f4ca \ubb38\uc790\uc218: 17 chars
[2026-01-17 13:21:17] [DEBUG] extract_transcript.py: \U0001f3af \ud3c9\uade0 \ud655\ub960: -0.2359
[2026-01-17 13:21:17] [DEBUG] extract_transcript.py: \U0001f507 No-speech \ud655\ub960: 0.0000
[2026-01-17 13:21:17] [DEBUG] extract_transcript.py: --------------------------------------------------------------------------------
[2026-01-17 13:21:17] [DEBUG] extract_transcript.py: [WHISPER] Segment #051
[2026-01-17 13:21:17] [INFO] [72%] Processing segment #51...
[2026-01-17 13:21:17] [DEBUG] extract_transcript.py: \u23f1\ufe0f  \uc2dc\uac04: 90.40s ~ 91.90s (\uae38\uc774: 1.50s)
[2026-01-17 13:21:17] [DEBUG] extract_transcript.py: \U0001f4c4 \ud14d\uc2a4\ud2b8: \uc77c\ub2e8 \uac81\ub098 \uace0\uc18c\ud558\uace0
[2026-01-17 13:21:17] [DEBUG] extract_transcript.py: \U0001f4ca \ubb38\uc790\uc218: 10 chars
[2026-01-17 13:21:17] [DEBUG] extract_transcript.py: \U0001f3af \ud3c9\uade0 \ud655\ub960: -0.2359
[2026-01-17 13:21:17] [DEBUG] extract_transcript.py: \U0001f507 No-speech \ud655\ub960: 0.0000
[2026-01-17 13:21:17] [DEBUG] extract_transcript.py: --------------------------------------------------------------------------------
[2026-01-17 13:21:17] [DEBUG] extract_transcript.py: [WHISPER] Segment #052
[2026-01-17 13:21:17] [INFO] [73%] Processing segment #52...
[2026-01-17 13:21:17] [DEBUG] extract_transcript.py: \u23f1\ufe0f  \uc2dc\uac04: 91.90s ~ 93.00s (\uae38\uc774: 1.10s)
[2026-01-17 13:21:17] [DEBUG] extract_transcript.py: \U0001f4c4 \ud14d\uc2a4\ud2b8: \uc5b4\ubb35 \ud5a5\uc774 \ub098\uba74\uc11c
[2026-01-17 13:21:17] [DEBUG] extract_transcript.py: \U0001f4ca \ubb38\uc790\uc218: 9 chars
[2026-01-17 13:21:17] [DEBUG] extract_transcript.py: \U0001f3af \ud3c9\uade0 \ud655\ub960: -0.2359
[2026-01-17 13:21:17] [DEBUG] extract_transcript.py: \U0001f507 No-speech \ud655\ub960: 0.0000
[2026-01-17 13:21:17] [DEBUG] extract_transcript.py: --------------------------------------------------------------------------------
[2026-01-17 13:21:17] [DEBUG] extract_transcript.py: [WHISPER] Segment #053
[2026-01-17 13:21:17] [INFO] [73%] Processing segment #53...
[2026-01-17 13:21:17] [DEBUG] extract_transcript.py: \u23f1\ufe0f  \uc2dc\uac04: 93.00s ~ 93.90s (\uae38\uc774: 0.90s)
[2026-01-17 13:21:17] [DEBUG] extract_transcript.py: \U0001f4c4 \ud14d\uc2a4\ud2b8: \ud30c \ud5a5\ub3c4 \ub098\uba74\uc11c
[2026-01-17 13:21:17] [DEBUG] extract_transcript.py: \U0001f4ca \ubb38\uc790\uc218: 8 chars
[2026-01-17 13:21:17] [DEBUG] extract_transcript.py: \U0001f3af \ud3c9\uade0 \ud655\ub960: -0.2359
[2026-01-17 13:21:17] [DEBUG] extract_transcript.py: \U0001f507 No-speech \ud655\ub960: 0.0000
[2026-01-17 13:21:17] [DEBUG] extract_transcript.py: --------------------------------------------------------------------------------
[2026-01-17 13:21:17] [DEBUG] extract_transcript.py: [WHISPER] Segment #054
[2026-01-17 13:21:17] [INFO] [73%] Processing segment #54...
[2026-01-17 13:21:17] [DEBUG] extract_transcript.py: \u23f1\ufe0f  \uc2dc\uac04: 93.90s ~ 95.10s (\uae38\uc774: 1.20s)
[2026-01-17 13:21:17] [DEBUG] extract_transcript.py: \U0001f4c4 \ud14d\uc2a4\ud2b8: \ud30c\uac00 \uc544\uc791\uc544\uc791 \uc539\ud788\uace0
[2026-01-17 13:21:17] [DEBUG] extract_transcript.py: \U0001f4ca \ubb38\uc790\uc218: 11 chars
[2026-01-17 13:21:17] [DEBUG] extract_transcript.py: \U0001f3af \ud3c9\uade0 \ud655\ub960: -0.2359
[2026-01-17 13:21:17] [DEBUG] extract_transcript.py: \U0001f507 No-speech \ud655\ub960: 0.0000
[2026-01-17 13:21:17] [DEBUG] extract_transcript.py: --------------------------------------------------------------------------------
[2026-01-17 13:21:17] [DEBUG] extract_transcript.py: [WHISPER] Segment #055
[2026-01-17 13:21:17] [INFO] [73%] Processing segment #55...
[2026-01-17 13:21:17] [DEBUG] extract_transcript.py: \u23f1\ufe0f  \uc2dc\uac04: 95.10s ~ 96.00s (\uae38\uc774: 0.90s)
[2026-01-17 13:21:17] [DEBUG] extract_transcript.py: \U0001f4c4 \ud14d\uc2a4\ud2b8: \uae40\uac00\ub8e8 \ud5a5\uc774\ub791
[2026-01-17 13:21:17] [DEBUG] extract_transcript.py: \U0001f4ca \ubb38\uc790\uc218: 7 chars
[2026-01-17 13:21:17] [DEBUG] extract_transcript.py: \U0001f3af \ud3c9\uade0 \ud655\ub960: -0.2359
[2026-01-17 13:21:17] [DEBUG] extract_transcript.py: \U0001f507 No-speech \ud655\ub960: 0.0000
[2026-01-17 13:21:17] [DEBUG] extract_transcript.py: --------------------------------------------------------------------------------
[2026-01-17 13:21:17] [DEBUG] extract_transcript.py: [WHISPER] Segment #056
[2026-01-17 13:21:17] [INFO] [74%] Processing segment #56...
[2026-01-17 13:21:17] [DEBUG] extract_transcript.py: \u23f1\ufe0f  \uc2dc\uac04: 96.00s ~ 96.90s (\uae38\uc774: 0.90s)
[2026-01-17 13:21:17] [DEBUG] extract_transcript.py: \U0001f4c4 \ud14d\uc2a4\ud2b8: \ucc38\uae30\ub984 \ud5a5\uc774\ub791
[2026-01-17 13:21:17] [DEBUG] extract_transcript.py: \U0001f4ca \ubb38\uc790\uc218: 7 chars
[2026-01-17 13:21:17] [DEBUG] extract_transcript.py: \U0001f3af \ud3c9\uade0 \ud655\ub960: -0.2359
[2026-01-17 13:21:17] [DEBUG] extract_transcript.py: \U0001f507 No-speech \ud655\ub960: 0.0000
[2026-01-17 13:21:17] [DEBUG] extract_transcript.py: --------------------------------------------------------------------------------
[2026-01-17 13:21:17] [DEBUG] extract_transcript.py: [WHISPER] Segment #057
[2026-01-17 13:21:17] [INFO] [74%] Processing segment #57...
[2026-01-17 13:21:17] [DEBUG] extract_transcript.py: \u23f1\ufe0f  \uc2dc\uac04: 96.90s ~ 98.00s (\uae38\uc774: 1.10s)
[2026-01-17 13:21:17] [DEBUG] extract_transcript.py: \U0001f4c4 \ud14d\uc2a4\ud2b8: \uc785\uc5d0\uc11c \ub9c9 \ud569\uccd0\uc9c0\uba74\uc11c
[2026-01-17 13:21:17] [DEBUG] extract_transcript.py: \U0001f4ca \ubb38\uc790\uc218: 11 chars
[2026-01-17 13:21:17] [DEBUG] extract_transcript.py: \U0001f3af \ud3c9\uade0 \ud655\ub960: -0.2359
[2026-01-17 13:21:17] [DEBUG] extract_transcript.py: \U0001f507 No-speech \ud655\ub960: 0.0000
[2026-01-17 13:21:17] [DEBUG] extract_transcript.py: --------------------------------------------------------------------------------
[2026-01-17 13:21:17] [DEBUG] extract_transcript.py: [WHISPER] Segment #058
[2026-01-17 13:21:17] [INFO] [74%] Processing segment #58...
[2026-01-17 13:21:17] [DEBUG] extract_transcript.py: \u23f1\ufe0f  \uc2dc\uac04: 98.00s ~ 99.20s (\uae38\uc774: 1.20s)
[2026-01-17 13:21:17] [DEBUG] extract_transcript.py: \U0001f4c4 \ud14d\uc2a4\ud2b8: \uc5b4, \uc0b4\uc9dd \uac04\uac00\ud55c\ub370
[2026-01-17 13:21:17] [DEBUG] extract_transcript.py: \U0001f4ca \ubb38\uc790\uc218: 10 chars
[2026-01-17 13:21:17] [DEBUG] extract_transcript.py: \U0001f3af \ud3c9\uade0 \ud655\ub960: -0.2359
[2026-01-17 13:21:17] [DEBUG] extract_transcript.py: \U0001f507 No-speech \ud655\ub960: 0.0000
[2026-01-17 13:21:17] [DEBUG] extract_transcript.py: --------------------------------------------------------------------------------
[2026-01-17 13:21:50] [DEBUG] extract_transcript.py: [WHISPER] Segment #059
[2026-01-17 13:21:50] [INFO] [74%] Processing segment #59...
[2026-01-17 13:21:50] [DEBUG] extract_transcript.py: \u23f1\ufe0f  \uc2dc\uac04: 99.20s ~ 100.70s (\uae38\uc774: 1.50s)
[2026-01-17 13:21:50] [DEBUG] extract_transcript.py: \U0001f4c4 \ud14d\uc2a4\ud2b8: \uba39\ub2e4\ubcf4\uba74\uc740 \ub4a4\uc5d0\uc11c \ub9e4\uc6b4\ub9db\uc774
[2026-01-17 13:21:50] [DEBUG] extract_transcript.py: \U0001f4ca \ubb38\uc790\uc218: 14 chars
[2026-01-17 13:21:50] [DEBUG] extract_transcript.py: \U0001f3af \ud3c9\uade0 \ud655\ub960: -0.1773
[2026-01-17 13:21:50] [DEBUG] extract_transcript.py: \U0001f507 No-speech \ud655\ub960: 0.0000
[2026-01-17 13:21:50] [DEBUG] extract_transcript.py: --------------------------------------------------------------------------------
[2026-01-17 13:21:50] [DEBUG] extract_transcript.py: [WHISPER] Segment #060
[2026-01-17 13:21:50] [INFO] [75%] Processing segment #60...
[2026-01-17 13:21:50] [DEBUG] extract_transcript.py: \u23f1\ufe0f  \uc2dc\uac04: 100.70s ~ 101.60s (\uae38\uc774: 0.90s)
[2026-01-17 13:21:50] [DEBUG] extract_transcript.py: \U0001f4c4 \ud14d\uc2a4\ud2b8: \ud0c1 \uce58\uace0 \uc62c\ub77c\uc624\uba74\uc11c
[2026-01-17 13:21:50] [DEBUG] extract_transcript.py: \U0001f4ca \ubb38\uc790\uc218: 10 chars
[2026-01-17 13:21:50] [DEBUG] extract_transcript.py: \U0001f3af \ud3c9\uade0 \ud655\ub960: -0.1773
[2026-01-17 13:21:50] [DEBUG] extract_transcript.py: \U0001f507 No-speech \ud655\ub960: 0.0000
[2026-01-17 13:21:50] [DEBUG] extract_transcript.py: --------------------------------------------------------------------------------
[2026-01-17 13:21:50] [DEBUG] extract_transcript.py: [WHISPER] Segment #061
[2026-01-17 13:21:50] [INFO] [75%] Processing segment #61...
[2026-01-17 13:21:50] [DEBUG] extract_transcript.py: \u23f1\ufe0f  \uc2dc\uac04: 101.60s ~ 103.00s (\uae38\uc774: 1.40s)
[2026-01-17 13:21:50] [DEBUG] extract_transcript.py: \U0001f4c4 \ud14d\uc2a4\ud2b8: \uadf8 \ub2e8\ub9db\uc744 \ub2e4 \uc7a1\uc544\uc8fc\uac70\ub4e0?
[2026-01-17 13:21:50] [DEBUG] extract_transcript.py: \U0001f4ca \ubb38\uc790\uc218: 14 chars
[2026-01-17 13:21:50] [DEBUG] extract_transcript.py: \U0001f3af \ud3c9\uade0 \ud655\ub960: -0.1773
[2026-01-17 13:21:50] [DEBUG] extract_transcript.py: \U0001f507 No-speech \ud655\ub960: 0.0000
[2026-01-17 13:21:50] [DEBUG] extract_transcript.py: --------------------------------------------------------------------------------
[2026-01-17 13:21:50] [DEBUG] extract_transcript.py: [WHISPER] Segment #062
[2026-01-17 13:21:50] [INFO] [75%] Processing segment #62...
[2026-01-17 13:21:50] [DEBUG] extract_transcript.py: \u23f1\ufe0f  \uc2dc\uac04: 104.30s ~ 105.10s (\uae38\uc774: 0.80s)
[2026-01-17 13:21:50] [DEBUG] extract_transcript.py: \U0001f4c4 \ud14d\uc2a4\ud2b8: \ub9db\uc788\ub294\ub370?
[2026-01-17 13:21:50] [DEBUG] extract_transcript.py: \U0001f4ca \ubb38\uc790\uc218: 5 chars
[2026-01-17 13:21:50] [DEBUG] extract_transcript.py: \U0001f3af \ud3c9\uade0 \ud655\ub960: -0.1773
[2026-01-17 13:21:50] [DEBUG] extract_transcript.py: \U0001f507 No-speech \ud655\ub960: 0.0000
[2026-01-17 13:21:50] [DEBUG] extract_transcript.py: --------------------------------------------------------------------------------
[2026-01-17 13:21:50] [DEBUG] extract_transcript.py: [WHISPER] Segment #063
[2026-01-17 13:21:50] [INFO] [75%] Processing segment #63...
[2026-01-17 13:21:50] [DEBUG] extract_transcript.py: \u23f1\ufe0f  \uc2dc\uac04: 105.10s ~ 106.40s (\uae38\uc774: 1.30s)
[2026-01-17 13:21:50] [DEBUG] extract_transcript.py: \U0001f4c4 \ud14d\uc2a4\ud2b8: \uc2e0\ub9db\uc774\ub098 \uae30\ub984\ud5a5 \uacfc\ud558\uc9c0 \uc54a\uc544?
[2026-01-17 13:21:50] [DEBUG] extract_transcript.py: \U0001f4ca \ubb38\uc790\uc218: 16 chars
[2026-01-17 13:21:50] [DEBUG] extract_transcript.py: \U0001f3af \ud3c9\uade0 \ud655\ub960: -0.1773
[2026-01-17 13:21:50] [DEBUG] extract_transcript.py: \U0001f507 No-speech \ud655\ub960: 0.0000
[2026-01-17 13:21:50] [DEBUG] extract_transcript.py: --------------------------------------------------------------------------------
[2026-01-17 13:21:50] [DEBUG] extract_transcript.py: [WHISPER] Segment #064
[2026-01-17 13:21:50] [INFO] [76%] Processing segment #64...
[2026-01-17 13:21:50] [DEBUG] extract_transcript.py: \u23f1\ufe0f  \uc2dc\uac04: 106.40s ~ 106.80s (\uae38\uc774: 0.40s)
[2026-01-17 13:21:50] [DEBUG] extract_transcript.py: \U0001f4c4 \ud14d\uc2a4\ud2b8: \uc608.
[2026-01-17 13:21:50] [DEBUG] extract_transcript.py: \U0001f4ca \ubb38\uc790\uc218: 2 chars
[2026-01-17 13:21:50] [DEBUG] extract_transcript.py: \U0001f3af \ud3c9\uade0 \ud655\ub960: -0.1773
[2026-01-17 13:21:50] [DEBUG] extract_transcript.py: \U0001f507 No-speech \ud655\ub960: 0.0000
[2026-01-17 13:21:50] [DEBUG] extract_transcript.py: --------------------------------------------------------------------------------
[2026-01-17 13:21:50] [DEBUG] extract_transcript.py: [WHISPER] Segment #065
[2026-01-17 13:21:50] [INFO] [76%] Processing segment #65...
[2026-01-17 13:21:50] [DEBUG] extract_transcript.py: \u23f1\ufe0f  \uc2dc\uac04: 106.80s ~ 107.90s (\uae38\uc774: 1.10s)
[2026-01-17 13:21:50] [DEBUG] extract_transcript.py: \U0001f4c4 \ud14d\uc2a4\ud2b8: \uae30\ub984 \uc544\uae4c \ub9ce\uc774 \ub4e4\uc5b4\uac14\uc796\uc544.
[2026-01-17 13:21:50] [DEBUG] extract_transcript.py: \U0001f4ca \ubb38\uc790\uc218: 15 chars
[2026-01-17 13:21:50] [DEBUG] extract_transcript.py: \U0001f3af \ud3c9\uade0 \ud655\ub960: -0.1773
[2026-01-17 13:21:50] [DEBUG] extract_transcript.py: \U0001f507 No-speech \ud655\ub960: 0.0000
[2026-01-17 13:21:50] [DEBUG] extract_transcript.py: --------------------------------------------------------------------------------
[2026-01-17 13:21:50] [DEBUG] extract_transcript.py: [WHISPER] Segment #066
[2026-01-17 13:21:50] [INFO] [76%] Processing segment #66...
[2026-01-17 13:21:50] [DEBUG] extract_transcript.py: \u23f1\ufe0f  \uc2dc\uac04: 107.90s ~ 109.00s (\uae38\uc774: 1.10s)
[2026-01-17 13:21:50] [DEBUG] extract_transcript.py: \U0001f4c4 \ud14d\uc2a4\ud2b8: \uae30\ub984\ub9db\uc774 \uacfc\ud558\uc9c0 \uc54a\uace0
[2026-01-17 13:21:50] [DEBUG] extract_transcript.py: \U0001f4ca \ubb38\uc790\uc218: 11 chars
[2026-01-17 13:21:50] [DEBUG] extract_transcript.py: \U0001f3af \ud3c9\uade0 \ud655\ub960: -0.1773
[2026-01-17 13:21:50] [DEBUG] extract_transcript.py: \U0001f507 No-speech \ud655\ub960: 0.0000
[2026-01-17 13:21:50] [DEBUG] extract_transcript.py: --------------------------------------------------------------------------------
[2026-01-17 13:21:50] [DEBUG] extract_transcript.py: [WHISPER] Segment #067
[2026-01-17 13:21:50] [INFO] [76%] Processing segment #67...
[2026-01-17 13:21:50] [DEBUG] extract_transcript.py: \u23f1\ufe0f  \uc2dc\uac04: 109.00s ~ 110.00s (\uae38\uc774: 1.00s)
[2026-01-17 13:21:50] [DEBUG] extract_transcript.py: \U0001f4c4 \ud14d\uc2a4\ud2b8: \uc0b4\uc9dd \uc0c8\ucf64\ud558\uace0
[2026-01-17 13:21:50] [DEBUG] extract_transcript.py: \U0001f4ca \ubb38\uc790\uc218: 7 chars
[2026-01-17 13:21:50] [DEBUG] extract_transcript.py: \U0001f3af \ud3c9\uade0 \ud655\ub960: -0.1773
[2026-01-17 13:21:50] [DEBUG] extract_transcript.py: \U0001f507 No-speech \ud655\ub960: 0.0000
[2026-01-17 13:21:50] [DEBUG] extract_transcript.py: --------------------------------------------------------------------------------
[2026-01-17 13:21:50] [DEBUG] extract_transcript.py: [WHISPER] Segment #068
[2026-01-17 13:21:50] [INFO] [77%] Processing segment #68...
[2026-01-17 13:21:50] [DEBUG] extract_transcript.py: \u23f1\ufe0f  \uc2dc\uac04: 110.00s ~ 111.30s (\uae38\uc774: 1.30s)
[2026-01-17 13:21:50] [DEBUG] extract_transcript.py: \U0001f4c4 \ud14d\uc2a4\ud2b8: \uae30\ub984\uc774 \uacfc\ud558\ub2e4\ub294 \ub290\ub08c\ubcf4\ub2e4
[2026-01-17 13:21:50] [DEBUG] extract_transcript.py: \U0001f4ca \ubb38\uc790\uc218: 13 chars
[2026-01-17 13:21:50] [DEBUG] extract_transcript.py: \U0001f3af \ud3c9\uade0 \ud655\ub960: -0.1773
[2026-01-17 13:21:50] [DEBUG] extract_transcript.py: \U0001f507 No-speech \ud655\ub960: 0.0000
[2026-01-17 13:21:50] [DEBUG] extract_transcript.py: --------------------------------------------------------------------------------
[2026-01-17 13:21:50] [DEBUG] extract_transcript.py: [WHISPER] Segment #069
[2026-01-17 13:21:50] [INFO] [77%] Processing segment #69...
[2026-01-17 13:21:50] [DEBUG] extract_transcript.py: \u23f1\ufe0f  \uc2dc\uac04: 111.30s ~ 112.40s (\uae38\uc774: 1.10s)
[2026-01-17 13:21:50] [DEBUG] extract_transcript.py: \U0001f4c4 \ud14d\uc2a4\ud2b8: \uc57d\uac04 \uc624\uc77c\ub9ac\ud574\uc11c
[2026-01-17 13:21:50] [DEBUG] extract_transcript.py: \U0001f4ca \ubb38\uc790\uc218: 8 chars
[2026-01-17 13:21:50] [DEBUG] extract_transcript.py: \U0001f3af \ud3c9\uade0 \ud655\ub960: -0.1773
[2026-01-17 13:21:50] [DEBUG] extract_transcript.py: \U0001f507 No-speech \ud655\ub960: 0.0000
[2026-01-17 13:21:50] [DEBUG] extract_transcript.py: --------------------------------------------------------------------------------
[2026-01-17 13:21:50] [DEBUG] extract_transcript.py: [WHISPER] Segment #070
[2026-01-17 13:21:50] [INFO] [77%] Processing segment #70...
[2026-01-17 13:21:50] [DEBUG] extract_transcript.py: \u23f1\ufe0f  \uc2dc\uac04: 112.40s ~ 113.80s (\uae38\uc774: 1.40s)
[2026-01-17 13:21:50] [DEBUG] extract_transcript.py: \U0001f4c4 \ud14d\uc2a4\ud2b8: \ub9db\uc788\ub294 \ube44\ube54\uba74\uc778\ub370?
[2026-01-17 13:21:50] [DEBUG] extract_transcript.py: \U0001f4ca \ubb38\uc790\uc218: 10 chars
[2026-01-17 13:21:50] [DEBUG] extract_transcript.py: \U0001f3af \ud3c9\uade0 \ud655\ub960: -0.1773
[2026-01-17 13:21:50] [DEBUG] extract_transcript.py: \U0001f507 No-speech \ud655\ub960: 0.0000
[2026-01-17 13:21:50] [DEBUG] extract_transcript.py: --------------------------------------------------------------------------------
[2026-01-17 13:21:50] [DEBUG] extract_transcript.py: [WHISPER] Segment #071
[2026-01-17 13:21:50] [INFO] [77%] Processing segment #71...
[2026-01-17 13:21:50] [DEBUG] extract_transcript.py: \u23f1\ufe0f  \uc2dc\uac04: 113.80s ~ 114.50s (\uae38\uc774: 0.70s)
[2026-01-17 13:21:50] [DEBUG] extract_transcript.py: \U0001f4c4 \ud14d\uc2a4\ud2b8: \ub9f5\uc9c0\ub294 \uc54a\uace0?
[2026-01-17 13:21:50] [DEBUG] extract_transcript.py: \U0001f4ca \ubb38\uc790\uc218: 7 chars
[2026-01-17 13:21:50] [DEBUG] extract_transcript.py: \U0001f3af \ud3c9\uade0 \ud655\ub960: -0.1773
[2026-01-17 13:21:50] [DEBUG] extract_transcript.py: \U0001f507 No-speech \ud655\ub960: 0.0000
[2026-01-17 13:21:50] [DEBUG] extract_transcript.py: --------------------------------------------------------------------------------
[2026-01-17 13:21:50] [DEBUG] extract_transcript.py: [WHISPER] Segment #072
[2026-01-17 13:21:50] [INFO] [78%] Processing segment #72...
[2026-01-17 13:21:50] [DEBUG] extract_transcript.py: \u23f1\ufe0f  \uc2dc\uac04: 114.50s ~ 115.90s (\uae38\uc774: 1.40s)
[2026-01-17 13:21:50] [DEBUG] extract_transcript.py: \U0001f4c4 \ud14d\uc2a4\ud2b8: \uc57c, \ub9e4\uc6b4 \uac70\ub294 \uc81c\ubc95 \ub9f5\ub2e4.
[2026-01-17 13:21:50] [DEBUG] extract_transcript.py: \U0001f4ca \ubb38\uc790\uc218: 15 chars
[2026-01-17 13:21:50] [DEBUG] extract_transcript.py: \U0001f3af \ud3c9\uade0 \ud655\ub960: -0.1773
[2026-01-17 13:21:50] [DEBUG] extract_transcript.py: \U0001f507 No-speech \ud655\ub960: 0.0000
[2026-01-17 13:21:50] [DEBUG] extract_transcript.py: --------------------------------------------------------------------------------
[2026-01-17 13:21:50] [DEBUG] extract_transcript.py: [WHISPER] Segment #073
[2026-01-17 13:21:50] [INFO] [78%] Processing segment #73...
[2026-01-17 13:21:50] [DEBUG] extract_transcript.py: \u23f1\ufe0f  \uc2dc\uac04: 115.90s ~ 117.20s (\uae38\uc774: 1.30s)
[2026-01-17 13:21:50] [DEBUG] extract_transcript.py: \U0001f4c4 \ud14d\uc2a4\ud2b8: \ub9c8\ub298 \uc54c\uc2f8\ud568\uc774 \uc785\uc548\uc5d0\uc11c \ub3cc\ub2e4\uac00
[2026-01-17 13:21:50] [DEBUG] extract_transcript.py: \U0001f4ca \ubb38\uc790\uc218: 16 chars
[2026-01-17 13:21:50] [DEBUG] extract_transcript.py: \U0001f3af \ud3c9\uade0 \ud655\ub960: -0.1773
[2026-01-17 13:21:50] [DEBUG] extract_transcript.py: \U0001f507 No-speech \ud655\ub960: 0.0000
[2026-01-17 13:21:50] [DEBUG] extract_transcript.py: --------------------------------------------------------------------------------
[2026-01-17 13:21:50] [DEBUG] extract_transcript.py: [WHISPER] Segment #074
[2026-01-17 13:21:50] [INFO] [78%] Processing segment #74...
[2026-01-17 13:21:50] [DEBUG] extract_transcript.py: \u23f1\ufe0f  \uc2dc\uac04: 117.20s ~ 118.00s (\uae38\uc774: 0.80s)
[2026-01-17 13:21:50] [DEBUG] extract_transcript.py: \U0001f4c4 \ud14d\uc2a4\ud2b8: \ub4a4\uc5d0\uc11c \uace0\ucda7\uac00\ub8e8\ub791
[2026-01-17 13:21:50] [DEBUG] extract_transcript.py: \U0001f4ca \ubb38\uc790\uc218: 9 chars
[2026-01-17 13:21:50] [DEBUG] extract_transcript.py: \U0001f3af \ud3c9\uade0 \ud655\ub960: -0.1773
[2026-01-17 13:21:50] [DEBUG] extract_transcript.py: \U0001f507 No-speech \ud655\ub960: 0.0000
[2026-01-17 13:21:50] [DEBUG] extract_transcript.py: --------------------------------------------------------------------------------
[2026-01-17 13:21:50] [DEBUG] extract_transcript.py: [WHISPER] Segment #075
[2026-01-17 13:21:50] [INFO] [78%] Processing segment #75...
[2026-01-17 13:21:50] [DEBUG] extract_transcript.py: \u23f1\ufe0f  \uc2dc\uac04: 118.00s ~ 119.30s (\uae38\uc774: 1.30s)
[2026-01-17 13:21:50] [DEBUG] extract_transcript.py: \U0001f4c4 \ud14d\uc2a4\ud2b8: \uace0\ucda7\uae30\ub984\uc774 \ucad9 \uc62c\ub77c\uc624\uac70\ub4e0?
[2026-01-17 13:21:50] [DEBUG] extract_transcript.py: \U0001f4ca \ubb38\uc790\uc218: 14 chars
[2026-01-17 13:21:50] [DEBUG] extract_transcript.py: \U0001f3af \ud3c9\uade0 \ud655\ub960: -0.1773
[2026-01-17 13:21:50] [DEBUG] extract_transcript.py: \U0001f507 No-speech \ud655\ub960: 0.0000
[2026-01-17 13:21:50] [DEBUG] extract_transcript.py: --------------------------------------------------------------------------------
[2026-01-17 13:21:50] [DEBUG] extract_transcript.py: [WHISPER] Segment #076
[2026-01-17 13:21:50] [INFO] [79%] Processing segment #76...
[2026-01-17 13:21:50] [DEBUG] extract_transcript.py: \u23f1\ufe0f  \uc2dc\uac04: 119.30s ~ 120.40s (\uae38\uc774: 1.10s)
[2026-01-17 13:21:50] [DEBUG] extract_transcript.py: \U0001f4c4 \ud14d\uc2a4\ud2b8: \ub9f5\uae30\ub294
[2026-01-17 13:21:50] [DEBUG] extract_transcript.py: \U0001f4ca \ubb38\uc790\uc218: 3 chars
[2026-01-17 13:21:50] [DEBUG] extract_transcript.py: \U0001f3af \ud3c9\uade0 \ud655\ub960: -0.1773
[2026-01-17 13:21:50] [DEBUG] extract_transcript.py: \U0001f507 No-speech \ud655\ub960: 0.0000
[2026-01-17 13:21:50] [DEBUG] extract_transcript.py: --------------------------------------------------------------------------------
[2026-01-17 13:21:50] [DEBUG] extract_transcript.py: [WHISPER] Segment #077
[2026-01-17 13:21:50] [INFO] [79%] Processing segment #77...
[2026-01-17 13:21:50] [DEBUG] extract_transcript.py: \u23f1\ufe0f  \uc2dc\uac04: 120.40s ~ 122.10s (\uae38\uc774: 1.70s)
[2026-01-17 13:21:50] [DEBUG] extract_transcript.py: \U0001f4c4 \ud14d\uc2a4\ud2b8: \uc2e0\ub780\uba85\ubcf4\ub2e4 \uc880 \ub354 \ub9e4\uc6b4 \uac83 \uac19\uc740\ub370?
[2026-01-17 13:21:50] [DEBUG] extract_transcript.py: \U0001f4ca \ubb38\uc790\uc218: 19 chars
[2026-01-17 13:21:50] [DEBUG] extract_transcript.py: \U0001f3af \ud3c9\uade0 \ud655\ub960: -0.1773
[2026-01-17 13:21:50] [DEBUG] extract_transcript.py: \U0001f507 No-speech \ud655\ub960: 0.0000
[2026-01-17 13:21:50] [DEBUG] extract_transcript.py: --------------------------------------------------------------------------------
[2026-01-17 13:21:50] [DEBUG] extract_transcript.py: [WHISPER] Segment #078
[2026-01-17 13:21:50] [INFO] [79%] Processing segment #78...
[2026-01-17 13:21:50] [DEBUG] extract_transcript.py: \u23f1\ufe0f  \uc2dc\uac04: 122.10s ~ 123.20s (\uae38\uc774: 1.10s)
[2026-01-17 13:21:50] [DEBUG] extract_transcript.py: \U0001f4c4 \ud14d\uc2a4\ud2b8: \ub300\ud30c \ub9c8\uc2dc\ub294 \ud5a5\uc740 \uc5b4\ub54c?
[2026-01-17 13:21:50] [DEBUG] extract_transcript.py: \U0001f4ca \ubb38\uc790\uc218: 13 chars
[2026-01-17 13:21:50] [DEBUG] extract_transcript.py: \U0001f3af \ud3c9\uade0 \ud655\ub960: -0.1773
[2026-01-17 13:21:50] [DEBUG] extract_transcript.py: \U0001f507 No-speech \ud655\ub960: 0.0000
[2026-01-17 13:21:50] [DEBUG] extract_transcript.py: --------------------------------------------------------------------------------
[2026-01-17 13:21:50] [DEBUG] extract_transcript.py: [WHISPER] Segment #079
[2026-01-17 13:21:50] [INFO] [79%] Processing segment #79...
[2026-01-17 13:21:50] [DEBUG] extract_transcript.py: \u23f1\ufe0f  \uc2dc\uac04: 123.20s ~ 125.20s (\uae38\uc774: 2.00s)
[2026-01-17 13:21:50] [DEBUG] extract_transcript.py: \U0001f4c4 \ud14d\uc2a4\ud2b8: \ub300\ud30c \uc2dd\uac10\uc774 1\ubd84 30\ucd08\ub9cc \uc0b6\uc558\uc796\uc544.
[2026-01-17 13:21:50] [DEBUG] extract_transcript.py: \U0001f4ca \ubb38\uc790\uc218: 20 chars
[2026-01-17 13:21:50] [DEBUG] extract_transcript.py: \U0001f3af \ud3c9\uade0 \ud655\ub960: -0.1773
[2026-01-17 13:21:50] [DEBUG] extract_transcript.py: \U0001f507 No-speech \ud655\ub960: 0.0000
[2026-01-17 13:21:50] [DEBUG] extract_transcript.py: --------------------------------------------------------------------------------
[2026-01-17 13:22:26] [DEBUG] extract_transcript.py: [WHISPER] Segment #080
[2026-01-17 13:22:26] [INFO] [80%] Processing segment #80...
[2026-01-17 13:22:26] [DEBUG] extract_transcript.py: \u23f1\ufe0f  \uc2dc\uac04: 125.20s ~ 128.70s (\uae38\uc774: 3.50s)
[2026-01-17 13:22:26] [DEBUG] extract_transcript.py: \U0001f4c4 \ud14d\uc2a4\ud2b8: \uc544\uc0ad\uc544\uc0ad \uc798 \uc539\uc73c\uba74\uc11c
[2026-01-17 13:22:26] [DEBUG] extract_transcript.py: \U0001f4ca \ubb38\uc790\uc218: 11 chars
[2026-01-17 13:22:26] [DEBUG] extract_transcript.py: \U0001f3af \ud3c9\uade0 \ud655\ub960: -0.1908
[2026-01-17 13:22:26] [DEBUG] extract_transcript.py: \U0001f507 No-speech \ud655\ub960: 0.0000
[2026-01-17 13:22:26] [DEBUG] extract_transcript.py: --------------------------------------------------------------------------------
[2026-01-17 13:22:26] [DEBUG] extract_transcript.py: [WHISPER] Segment #081
[2026-01-17 13:22:26] [INFO] [80%] Processing segment #81...
[2026-01-17 13:22:26] [DEBUG] extract_transcript.py: \u23f1\ufe0f  \uc2dc\uac04: 128.70s ~ 130.50s (\uae38\uc774: 1.80s)
[2026-01-17 13:22:26] [DEBUG] extract_transcript.py: \U0001f4c4 \ud14d\uc2a4\ud2b8: \uaf2d\uaf2d \uc539\uc73c\uba74 \ub300\ud30c \ub9db\uc774 \uc88b\uc544.
[2026-01-17 13:22:26] [DEBUG] extract_transcript.py: \U0001f4ca \ubb38\uc790\uc218: 16 chars
[2026-01-17 13:22:26] [DEBUG] extract_transcript.py: \U0001f3af \ud3c9\uade0 \ud655\ub960: -0.1908
[2026-01-17 13:22:26] [DEBUG] extract_transcript.py: \U0001f507 No-speech \ud655\ub960: 0.0000
[2026-01-17 13:22:26] [DEBUG] extract_transcript.py: --------------------------------------------------------------------------------
[2026-01-17 13:22:26] [DEBUG] extract_transcript.py: [WHISPER] Segment #082
[2026-01-17 13:22:26] [INFO] [80%] Processing segment #82...
[2026-01-17 13:22:26] [DEBUG] extract_transcript.py: \u23f1\ufe0f  \uc2dc\uac04: 130.50s ~ 131.50s (\uae38\uc774: 1.00s)
[2026-01-17 13:22:26] [DEBUG] extract_transcript.py: \U0001f4c4 \ud14d\uc2a4\ud2b8: \ub300\ud30c \uc9c8\uae30\uc9c0 \uc54a\uc544?
[2026-01-17 13:22:26] [DEBUG] extract_transcript.py: \U0001f4ca \ubb38\uc790\uc218: 10 chars
[2026-01-17 13:22:26] [DEBUG] extract_transcript.py: \U0001f3af \ud3c9\uade0 \ud655\ub960: -0.1908
[2026-01-17 13:22:26] [DEBUG] extract_transcript.py: \U0001f507 No-speech \ud655\ub960: 0.0000
[2026-01-17 13:22:26] [DEBUG] extract_transcript.py: --------------------------------------------------------------------------------
[2026-01-17 13:22:26] [DEBUG] extract_transcript.py: [WHISPER] Segment #083
[2026-01-17 13:22:26] [INFO] [80%] Processing segment #83...
[2026-01-17 13:22:26] [DEBUG] extract_transcript.py: \u23f1\ufe0f  \uc2dc\uac04: 131.50s ~ 132.20s (\uae38\uc774: 0.70s)
[2026-01-17 13:22:26] [DEBUG] extract_transcript.py: \U0001f4c4 \ud14d\uc2a4\ud2b8: \ub124, \uc548 \uc9c8\uaca8.
[2026-01-17 13:22:26] [DEBUG] extract_transcript.py: \U0001f4ca \ubb38\uc790\uc218: 8 chars
[2026-01-17 13:22:26] [DEBUG] extract_transcript.py: \U0001f3af \ud3c9\uade0 \ud655\ub960: -0.1908
[2026-01-17 13:22:26] [DEBUG] extract_transcript.py: \U0001f507 No-speech \ud655\ub960: 0.0000
[2026-01-17 13:22:26] [DEBUG] extract_transcript.py: --------------------------------------------------------------------------------
[2026-01-17 13:22:26] [DEBUG] extract_transcript.py: [WHISPER] Segment #084
[2026-01-17 13:22:26] [INFO] [81%] Processing segment #84...
[2026-01-17 13:22:26] [DEBUG] extract_transcript.py: \u23f1\ufe0f  \uc2dc\uac04: 132.20s ~ 132.90s (\uae38\uc774: 0.70s)
[2026-01-17 13:22:26] [DEBUG] extract_transcript.py: \U0001f4c4 \ud14d\uc2a4\ud2b8: \uc5b4\ubb35\uc740 \uc870\uae43\ud574?
[2026-01-17 13:22:26] [DEBUG] extract_transcript.py: \U0001f4ca \ubb38\uc790\uc218: 8 chars
[2026-01-17 13:22:26] [DEBUG] extract_transcript.py: \U0001f3af \ud3c9\uade0 \ud655\ub960: -0.1908
[2026-01-17 13:22:26] [DEBUG] extract_transcript.py: \U0001f507 No-speech \ud655\ub960: 0.0000
[2026-01-17 13:22:26] [DEBUG] extract_transcript.py: --------------------------------------------------------------------------------
[2026-01-17 13:22:26] [DEBUG] extract_transcript.py: [WHISPER] Segment #085
[2026-01-17 13:22:26] [INFO] [81%] Processing segment #85...
[2026-01-17 13:22:26] [DEBUG] extract_transcript.py: \u23f1\ufe0f  \uc2dc\uac04: 132.90s ~ 133.70s (\uae38\uc774: 0.80s)
[2026-01-17 13:22:26] [DEBUG] extract_transcript.py: \U0001f4c4 \ud14d\uc2a4\ud2b8: \uc5b4\ubb35\uc740 \ubd80\ub4dc\ub7ec\uc6cc\uc11c
[2026-01-17 13:22:26] [DEBUG] extract_transcript.py: \U0001f4ca \ubb38\uc790\uc218: 9 chars
[2026-01-17 13:22:26] [DEBUG] extract_transcript.py: \U0001f3af \ud3c9\uade0 \ud655\ub960: -0.1908
[2026-01-17 13:22:26] [DEBUG] extract_transcript.py: \U0001f507 No-speech \ud655\ub960: 0.0000
[2026-01-17 13:22:26] [DEBUG] extract_transcript.py: --------------------------------------------------------------------------------
[2026-01-17 13:22:26] [DEBUG] extract_transcript.py: [WHISPER] Segment #086
[2026-01-17 13:22:26] [INFO] [81%] Processing segment #86...
[2026-01-17 13:22:26] [DEBUG] extract_transcript.py: \u23f1\ufe0f  \uc2dc\uac04: 133.70s ~ 134.60s (\uae38\uc774: 0.90s)
[2026-01-17 13:22:26] [DEBUG] extract_transcript.py: \U0001f4c4 \ud14d\uc2a4\ud2b8: \uc5c4\uccad \ud37c\uc9c0\uae30 \uc804
[2026-01-17 13:22:26] [DEBUG] extract_transcript.py: \U0001f4ca \ubb38\uc790\uc218: 8 chars
[2026-01-17 13:22:26] [DEBUG] extract_transcript.py: \U0001f3af \ud3c9\uade0 \ud655\ub960: -0.1908
[2026-01-17 13:22:26] [DEBUG] extract_transcript.py: \U0001f507 No-speech \ud655\ub960: 0.0000
[2026-01-17 13:22:26] [DEBUG] extract_transcript.py: --------------------------------------------------------------------------------
[2026-01-17 13:22:26] [DEBUG] extract_transcript.py: [WHISPER] Segment #087
[2026-01-17 13:22:26] [INFO] [81%] Processing segment #87...
[2026-01-17 13:22:26] [DEBUG] extract_transcript.py: \u23f1\ufe0f  \uc2dc\uac04: 134.60s ~ 135.50s (\uae38\uc774: 0.90s)
[2026-01-17 13:22:26] [DEBUG] extract_transcript.py: \U0001f4c4 \ud14d\uc2a4\ud2b8: \ub531 \uc804\uc2dd\uac10\uc774\uac70\ub4e0?
[2026-01-17 13:22:26] [DEBUG] extract_transcript.py: \U0001f4ca \ubb38\uc790\uc218: 9 chars
[2026-01-17 13:22:26] [DEBUG] extract_transcript.py: \U0001f3af \ud3c9\uade0 \ud655\ub960: -0.1908
[2026-01-17 13:22:26] [DEBUG] extract_transcript.py: \U0001f507 No-speech \ud655\ub960: 0.0000
[2026-01-17 13:22:26] [DEBUG] extract_transcript.py: --------------------------------------------------------------------------------
[2026-01-17 13:22:26] [DEBUG] extract_transcript.py: [WHISPER] Segment #088
[2026-01-17 13:22:26] [INFO] [82%] Processing segment #88...
[2026-01-17 13:22:26] [DEBUG] extract_transcript.py: \u23f1\ufe0f  \uc2dc\uac04: 135.50s ~ 137.00s (\uae38\uc774: 1.50s)
[2026-01-17 13:22:26] [DEBUG] extract_transcript.py: \U0001f4c4 \ud14d\uc2a4\ud2b8: \uc5b4\ubb35\uc591\uae4c\uc9c0 \uac19\uc774 \ub4e4\uc5b4\uac00\ub2c8\uae4c
[2026-01-17 13:22:26] [DEBUG] extract_transcript.py: \U0001f4ca \ubb38\uc790\uc218: 14 chars
[2026-01-17 13:22:26] [DEBUG] extract_transcript.py: \U0001f3af \ud3c9\uade0 \ud655\ub960: -0.1908
[2026-01-17 13:22:26] [DEBUG] extract_transcript.py: \U0001f507 No-speech \ud655\ub960: 0.0000
[2026-01-17 13:22:26] [DEBUG] extract_transcript.py: --------------------------------------------------------------------------------
[2026-01-17 13:22:26] [DEBUG] extract_transcript.py: [WHISPER] Segment #089
[2026-01-17 13:22:26] [INFO] [82%] Processing segment #89...
[2026-01-17 13:22:26] [DEBUG] extract_transcript.py: \u23f1\ufe0f  \uc2dc\uac04: 137.00s ~ 137.80s (\uae38\uc774: 0.80s)
[2026-01-17 13:22:26] [DEBUG] extract_transcript.py: \U0001f4c4 \ud14d\uc2a4\ud2b8: \uc774\uac70 \ub9db\uc788\ub2e4.
[2026-01-17 13:22:26] [DEBUG] extract_transcript.py: \U0001f4ca \ubb38\uc790\uc218: 7 chars
[2026-01-17 13:22:26] [DEBUG] extract_transcript.py: \U0001f3af \ud3c9\uade0 \ud655\ub960: -0.1908
[2026-01-17 13:22:26] [DEBUG] extract_transcript.py: \U0001f507 No-speech \ud655\ub960: 0.0000
[2026-01-17 13:22:26] [DEBUG] extract_transcript.py: --------------------------------------------------------------------------------
[2026-01-17 13:22:26] [DEBUG] extract_transcript.py: [WHISPER] Segment #090
[2026-01-17 13:22:26] [INFO] [82%] Processing segment #90...
[2026-01-17 13:22:26] [DEBUG] extract_transcript.py: \u23f1\ufe0f  \uc2dc\uac04: 137.80s ~ 139.00s (\uae38\uc774: 1.20s)
[2026-01-17 13:22:26] [DEBUG] extract_transcript.py: \U0001f4c4 \ud14d\uc2a4\ud2b8: \uc2dd\ud310 \ube44\ube54\ub77c\uba74\ud558\uace0
[2026-01-17 13:22:26] [DEBUG] extract_transcript.py: \U0001f4ca \ubb38\uc790\uc218: 9 chars
[2026-01-17 13:22:26] [DEBUG] extract_transcript.py: \U0001f3af \ud3c9\uade0 \ud655\ub960: -0.1908
[2026-01-17 13:22:26] [DEBUG] extract_transcript.py: \U0001f507 No-speech \ud655\ub960: 0.0000
[2026-01-17 13:22:26] [DEBUG] extract_transcript.py: --------------------------------------------------------------------------------
[2026-01-17 13:22:26] [DEBUG] extract_transcript.py: [WHISPER] Segment #091
[2026-01-17 13:22:26] [INFO] [82%] Processing segment #91...
[2026-01-17 13:22:26] [DEBUG] extract_transcript.py: \u23f1\ufe0f  \uc2dc\uac04: 139.00s ~ 139.90s (\uae38\uc774: 0.90s)
[2026-01-17 13:22:26] [DEBUG] extract_transcript.py: \U0001f4c4 \ud14d\uc2a4\ud2b8: \ube44\uad50\ud588\uc744 \ub54c\ub294 \uc5b4\ub54c?
[2026-01-17 13:22:26] [DEBUG] extract_transcript.py: \U0001f4ca \ubb38\uc790\uc218: 11 chars
[2026-01-17 13:22:26] [DEBUG] extract_transcript.py: \U0001f3af \ud3c9\uade0 \ud655\ub960: -0.1908
[2026-01-17 13:22:26] [DEBUG] extract_transcript.py: \U0001f507 No-speech \ud655\ub960: 0.0000
[2026-01-17 13:22:26] [DEBUG] extract_transcript.py: --------------------------------------------------------------------------------
[2026-01-17 13:22:26] [DEBUG] extract_transcript.py: [WHISPER] Segment #092
[2026-01-17 13:22:26] [INFO] [83%] Processing segment #92...
[2026-01-17 13:22:26] [DEBUG] extract_transcript.py: \u23f1\ufe0f  \uc2dc\uac04: 139.90s ~ 141.60s (\uae38\uc774: 1.70s)
[2026-01-17 13:22:26] [DEBUG] extract_transcript.py: \U0001f4c4 \ud14d\uc2a4\ud2b8: \uc774\uac70\ub294 \uc77c\ub2e8 \uc2dd\ud310 \ube44\ube54\ub77c\uba74\ud558\uace0
[2026-01-17 13:22:26] [DEBUG] extract_transcript.py: \U0001f4ca \ubb38\uc790\uc218: 16 chars
[2026-01-17 13:22:26] [DEBUG] extract_transcript.py: \U0001f3af \ud3c9\uade0 \ud655\ub960: -0.1908
[2026-01-17 13:22:26] [DEBUG] extract_transcript.py: \U0001f507 No-speech \ud655\ub960: 0.0000
[2026-01-17 13:22:26] [DEBUG] extract_transcript.py: --------------------------------------------------------------------------------
[2026-01-17 13:22:26] [DEBUG] extract_transcript.py: [WHISPER] Segment #093
[2026-01-17 13:22:26] [INFO] [83%] Processing segment #93...
[2026-01-17 13:22:26] [DEBUG] extract_transcript.py: \u23f1\ufe0f  \uc2dc\uac04: 141.60s ~ 142.40s (\uae38\uc774: 0.80s)
[2026-01-17 13:22:26] [DEBUG] extract_transcript.py: \U0001f4c4 \ud14d\uc2a4\ud2b8: \ube44\uad50\ub294 \uc548 \ub3fc\uc694.
[2026-01-17 13:22:26] [DEBUG] extract_transcript.py: \U0001f4ca \ubb38\uc790\uc218: 9 chars
[2026-01-17 13:22:26] [DEBUG] extract_transcript.py: \U0001f3af \ud3c9\uade0 \ud655\ub960: -0.1908
[2026-01-17 13:22:26] [DEBUG] extract_transcript.py: \U0001f507 No-speech \ud655\ub960: 0.0000
[2026-01-17 13:22:26] [DEBUG] extract_transcript.py: --------------------------------------------------------------------------------
[2026-01-17 13:22:26] [DEBUG] extract_transcript.py: [WHISPER] Segment #094
[2026-01-17 13:22:26] [INFO] [83%] Processing segment #94...
[2026-01-17 13:22:26] [DEBUG] extract_transcript.py: \u23f1\ufe0f  \uc2dc\uac04: 142.40s ~ 144.20s (\uae38\uc774: 1.80s)
[2026-01-17 13:22:26] [DEBUG] extract_transcript.py: \U0001f4c4 \ud14d\uc2a4\ud2b8: \uc774\uac70\ub294 \ube44\ube54\uad6d\uc218 \uc798\ud558\ub294 \uc9d1
[2026-01-17 13:22:26] [DEBUG] extract_transcript.py: \U0001f4ca \ubb38\uc790\uc218: 14 chars
[2026-01-17 13:22:26] [DEBUG] extract_transcript.py: \U0001f3af \ud3c9\uade0 \ud655\ub960: -0.1908
[2026-01-17 13:22:26] [DEBUG] extract_transcript.py: \U0001f507 No-speech \ud655\ub960: 0.0000
[2026-01-17 13:22:26] [DEBUG] extract_transcript.py: --------------------------------------------------------------------------------
[2026-01-17 13:22:26] [DEBUG] extract_transcript.py: [WHISPER] Segment #095
[2026-01-17 13:22:26] [INFO] [83%] Processing segment #95...
[2026-01-17 13:22:26] [DEBUG] extract_transcript.py: \u23f1\ufe0f  \uc2dc\uac04: 144.20s ~ 145.50s (\uae38\uc774: 1.30s)
[2026-01-17 13:22:26] [DEBUG] extract_transcript.py: \U0001f4c4 \ud14d\uc2a4\ud2b8: \ube44\ube54\uad6d\uc218\ub791 \ube44\uad50\ub97c \ud574\uc57c \ub3fc.
[2026-01-17 13:22:26] [DEBUG] extract_transcript.py: \U0001f4ca \ubb38\uc790\uc218: 15 chars
[2026-01-17 13:22:26] [DEBUG] extract_transcript.py: \U0001f3af \ud3c9\uade0 \ud655\ub960: -0.1908
[2026-01-17 13:22:26] [DEBUG] extract_transcript.py: \U0001f507 No-speech \ud655\ub960: 0.0000
[2026-01-17 13:22:26] [DEBUG] extract_transcript.py: --------------------------------------------------------------------------------
[2026-01-17 13:22:26] [DEBUG] extract_transcript.py: [WHISPER] Segment #096
[2026-01-17 13:22:26] [INFO] [84%] Processing segment #96...
[2026-01-17 13:22:26] [DEBUG] extract_transcript.py: \u23f1\ufe0f  \uc2dc\uac04: 145.50s ~ 146.50s (\uae38\uc774: 1.00s)
[2026-01-17 13:22:26] [DEBUG] extract_transcript.py: \U0001f4c4 \ud14d\uc2a4\ud2b8: \ub9db\uc9d1 \ube44\ube54\uad6d\uc218.
[2026-01-17 13:22:26] [DEBUG] extract_transcript.py: \U0001f4ca \ubb38\uc790\uc218: 8 chars
[2026-01-17 13:22:26] [DEBUG] extract_transcript.py: \U0001f3af \ud3c9\uade0 \ud655\ub960: -0.1908
[2026-01-17 13:22:26] [DEBUG] extract_transcript.py: \U0001f507 No-speech \ud655\ub960: 0.0000
[2026-01-17 13:22:26] [DEBUG] extract_transcript.py: --------------------------------------------------------------------------------
[2026-01-17 13:22:26] [DEBUG] extract_transcript.py: [WHISPER] Segment #097
[2026-01-17 13:22:26] [INFO] [84%] Processing segment #97...
[2026-01-17 13:22:26] [DEBUG] extract_transcript.py: \u23f1\ufe0f  \uc2dc\uac04: 146.50s ~ 148.90s (\uae38\uc774: 2.40s)
[2026-01-17 13:22:26] [DEBUG] extract_transcript.py: \U0001f4c4 \ud14d\uc2a4\ud2b8: \uadf8\ub798\uc11c \ub610 \ud574 \uba39\uc5b4, \uc548 \uba39\uc5b4?
[2026-01-17 13:22:26] [DEBUG] extract_transcript.py: \U0001f4ca \ubb38\uc790\uc218: 17 chars
[2026-01-17 13:22:26] [DEBUG] extract_transcript.py: \U0001f3af \ud3c9\uade0 \ud655\ub960: -0.1908
[2026-01-17 13:22:26] [DEBUG] extract_transcript.py: \U0001f507 No-speech \ud655\ub960: 0.0000
[2026-01-17 13:22:26] [DEBUG] extract_transcript.py: --------------------------------------------------------------------------------
[2026-01-17 13:22:26] [DEBUG] extract_transcript.py: [WHISPER] Segment #098
[2026-01-17 13:22:26] [INFO] [84%] Processing segment #98...
[2026-01-17 13:22:26] [DEBUG] extract_transcript.py: \u23f1\ufe0f  \uc2dc\uac04: 148.90s ~ 149.40s (\uae38\uc774: 0.50s)
[2026-01-17 13:22:26] [DEBUG] extract_transcript.py: \U0001f4c4 \ud14d\uc2a4\ud2b8: \uc774...
[2026-01-17 13:22:26] [DEBUG] extract_transcript.py: \U0001f4ca \ubb38\uc790\uc218: 4 chars
[2026-01-17 13:22:26] [DEBUG] extract_transcript.py: \U0001f3af \ud3c9\uade0 \ud655\ub960: -0.1908
[2026-01-17 13:22:26] [DEBUG] extract_transcript.py: \U0001f507 No-speech \ud655\ub960: 0.0000
[2026-01-17 13:22:26] [DEBUG] extract_transcript.py: --------------------------------------------------------------------------------
[2026-01-17 13:22:26] [DEBUG] extract_transcript.py: [WHISPER] Segment #099
[2026-01-17 13:22:26] [INFO] [84%] Processing segment #99...
[2026-01-17 13:22:26] [DEBUG] extract_transcript.py: \u23f1\ufe0f  \uc2dc\uac04: 150.40s ~ 151.90s (\uae38\uc774: 1.50s)
[2026-01-17 13:22:26] [DEBUG] extract_transcript.py: \U0001f4c4 \ud14d\uc2a4\ud2b8: \uc57c, \uc774\uac70 \ube44\ube54\uad6d\uc218 \uc88b\uc544\ud558\ub294 \uc0ac\ub78c\ub4e4\uc774
[2026-01-17 13:22:26] [DEBUG] extract_transcript.py: \U0001f4ca \ubb38\uc790\uc218: 20 chars
[2026-01-17 13:22:26] [DEBUG] extract_transcript.py: \U0001f3af \ud3c9\uade0 \ud655\ub960: -0.1908
[2026-01-17 13:22:26] [DEBUG] extract_transcript.py: \U0001f507 No-speech \ud655\ub960: 0.0000
[2026-01-17 13:22:26] [DEBUG] extract_transcript.py: --------------------------------------------------------------------------------
[2026-01-17 13:22:26] [DEBUG] extract_transcript.py: [WHISPER] Segment #100
[2026-01-17 13:22:26] [INFO] [85%] Processing segment #100...
[2026-01-17 13:22:26] [DEBUG] extract_transcript.py: \u23f1\ufe0f  \uc2dc\uac04: 151.90s ~ 153.10s (\uae38\uc774: 1.20s)
[2026-01-17 13:22:26] [DEBUG] extract_transcript.py: \U0001f4c4 \ud14d\uc2a4\ud2b8: \uc774\uac70 \ub2e4 \ud574 \uba39\uc5b4 \ubd24\uc73c\uba74 \uc88b\uac84\ub2e4.
[2026-01-17 13:22:26] [DEBUG] extract_transcript.py: \U0001f4ca \ubb38\uc790\uc218: 18 chars
[2026-01-17 13:22:26] [DEBUG] extract_transcript.py: \U0001f3af \ud3c9\uade0 \ud655\ub960: -0.1908
[2026-01-17 13:22:26] [DEBUG] extract_transcript.py: \U0001f507 No-speech \ud655\ub960: 0.0000
[2026-01-17 13:22:26] [DEBUG] extract_transcript.py: --------------------------------------------------------------------------------
[2026-01-17 13:22:53] [DEBUG] extract_transcript.py: [WHISPER] Segment #101
[2026-01-17 13:22:53] [INFO] [85%] Processing segment #101...
[2026-01-17 13:22:53] [DEBUG] extract_transcript.py: \u23f1\ufe0f  \uc2dc\uac04: 155.20s ~ 157.60s (\uae38\uc774: 2.40s)
[2026-01-17 13:22:53] [DEBUG] extract_transcript.py: \U0001f4c4 \ud14d\uc2a4\ud2b8: \uc8fc\ub9d0\uc5d0 \uc640\uc774\ud504\ub3c4 \ud55c\ubc88 \ud574\uc918 \ubd10\uc57c\uaca0\uc5b4\uc694.
[2026-01-17 13:22:53] [DEBUG] extract_transcript.py: \U0001f4ca \ubb38\uc790\uc218: 21 chars
[2026-01-17 13:22:53] [DEBUG] extract_transcript.py: \U0001f3af \ud3c9\uade0 \ud655\ub960: -0.3328
[2026-01-17 13:22:53] [DEBUG] extract_transcript.py: \U0001f507 No-speech \ud655\ub960: 0.0000
[2026-01-17 13:22:53] [DEBUG] extract_transcript.py: --------------------------------------------------------------------------------
[2026-01-17 13:22:53] [DEBUG] extract_transcript.py: [WHISPER] Segment #102
[2026-01-17 13:22:53] [INFO] [85%] Processing segment #102...
[2026-01-17 13:22:53] [DEBUG] extract_transcript.py: \u23f1\ufe0f  \uc2dc\uac04: 157.60s ~ 159.20s (\uae38\uc774: 1.60s)
[2026-01-17 13:22:53] [DEBUG] extract_transcript.py: \U0001f4c4 \ud14d\uc2a4\ud2b8: \ub9db\uc774 \uc9c4\uc9dc \uad1c\ucc2e\ub124.
[2026-01-17 13:22:53] [DEBUG] extract_transcript.py: \U0001f4ca \ubb38\uc790\uc218: 10 chars
[2026-01-17 13:22:53] [DEBUG] extract_transcript.py: \U0001f3af \ud3c9\uade0 \ud655\ub960: -0.3328
[2026-01-17 13:22:53] [DEBUG] extract_transcript.py: \U0001f507 No-speech \ud655\ub960: 0.0000
[2026-01-17 13:22:53] [DEBUG] extract_transcript.py: --------------------------------------------------------------------------------
[2026-01-17 13:22:53] [DEBUG] extract_transcript.py: [WHISPER] Segment #103
[2026-01-17 13:22:53] [INFO] [85%] Processing segment #103...
[2026-01-17 13:22:53] [DEBUG] extract_transcript.py: \u23f1\ufe0f  \uc2dc\uac04: 161.20s ~ 162.20s (\uae38\uc774: 1.00s)
[2026-01-17 13:22:53] [DEBUG] extract_transcript.py: \U0001f4c4 \ud14d\uc2a4\ud2b8: \ucc44\ub110 \uace0\uc815.
[2026-01-17 13:22:53] [DEBUG] extract_transcript.py: \U0001f4ca \ubb38\uc790\uc218: 6 chars
[2026-01-17 13:22:53] [DEBUG] extract_transcript.py: \U0001f3af \ud3c9\uade0 \ud655\ub960: -0.3328
[2026-01-17 13:22:53] [DEBUG] extract_transcript.py: \U0001f507 No-speech \ud655\ub960: 0.0000
[2026-01-17 13:22:53] [DEBUG] extract_transcript.py: --------------------------------------------------------------------------------
[2026-01-17 13:22:53] [DEBUG] extract_transcript.py: ================================================================================
[2026-01-17 13:22:53] [DEBUG] extract_transcript.py: \u2705 WHISPER \ucc98\ub9ac \uc644\ub8cc!
[2026-01-17 13:22:53] [DEBUG] extract_transcript.py: ================================================================================
[2026-01-17 13:22:53] [DEBUG] extract_transcript.py: \U0001f4ca \ucc98\ub9ac \ud1b5\uacc4:
[2026-01-17 13:22:53] [DEBUG] extract_transcript.py: - \ucd1d \uc138\uadf8\uba3c\ud2b8 \uc218: 103
[2026-01-17 13:22:53] [DEBUG] extract_transcript.py: - \ucd1d \ubb38\uc790 \uc218: 1,483 chars
[2026-01-17 13:22:53] [DEBUG] extract_transcript.py: - \ubaa8\ub378 \ub85c\ub529 \uc2dc\uac04: 5.79\ucd08
[2026-01-17 13:22:53] [DEBUG] extract_transcript.py: - \uc74c\uc131 \uc778\uc2dd \uc2dc\uac04: 243.23\ucd08
[2026-01-17 13:22:53] [DEBUG] extract_transcript.py: - \uc804\uccb4 \ucc98\ub9ac \uc2dc\uac04: 249.01\ucd08
[2026-01-17 13:22:53] [DEBUG] extract_transcript.py: - \ucc98\ub9ac \uc18d\ub3c4: 0.67x \uc2e4\uc2dc\uac04
[2026-01-17 13:22:53] [DEBUG] extract_transcript.py: ================================================================================
[2026-01-17 13:22:53] [DEBUG] extract_transcript.py: [MAIN] extract_transcript_whisper returned. HTML length: 5021
[2026-01-17 13:22:53] [DEBUG] extract_transcript.py: [MAIN] Creating JSON result...
[2026-01-17 13:22:53] [DEBUG] extract_transcript.py: [MAIN] Writing result to file: Temp_Audio\pwhJb39ttMc_result.json
[2026-01-17 13:22:53] [DEBUG] extract_transcript.py: [MAIN] Result file written successfully
[2026-01-17 13:22:53] [DEBUG] extract_transcript.py: [MAIN] Calling sys.exit(0)...
[2026-01-17 13:22:53] [INFO] extract_transcript.py completed. Total debug lines: 803
[2026-01-17 13:22:53] [DEBUG] Process return code: 0
[2026-01-17 13:22:53] [INFO] [90%] Processing transcript...
[2026-01-17 13:22:53] [DEBUG] Reading result from file: C:\Users\guma3\OneDrive\Documents\AI_Study\AWS_LAMP_ImageCheck\Temp_Audio\pwhJb39ttMc_result.json
[2026-01-17 13:22:53] [DEBUG] Result file loaded successfully
[2026-01-17 13:22:53] [DEBUG] Result file removed
[2026-01-17 13:22:53] [INFO] Transcript extraction successful
[2026-01-17 13:22:53] [INFO] [95%] Generating HTML file...
[2026-01-17 13:22:53] [DEBUG] Saving HTML to: C:\Users\guma3\OneDrive\Documents\AI_Study\AWS_LAMP_ImageCheck\Scripts\yt_pwhJb39ttMc.html
[2026-01-17 13:22:53] [INFO] HTML file saved: C:\Users\guma3\OneDrive\Documents\AI_Study\AWS_LAMP_ImageCheck\Scripts\yt_pwhJb39ttMc.html
[2026-01-17 13:22:53] [INFO] [100%] Completed!
[2026-01-17 13:22:53] [INFO] ✓ Extraction completed successfully for: ... (pwhJb39ttMc)
