[2026-01-22 11:21:48] [INFO] ================================================================================
[2026-01-22 11:21:48] [INFO] YouTube Script Extractor Server Started
[2026-01-22 11:21:48] [INFO] Log file: /app/Logs/Server_20260122_112148.log
[2026-01-22 11:21:48] [INFO] ================================================================================
[2026-01-22 11:22:46] [INFO] New extraction request: https://youtu.be/xsDC2HFS-L4?si=WJaIiOjuCA7SFB7D
[2026-01-22 11:22:46] [INFO] Extracted video ID: xsDC2HFS-L4
[2026-01-22 11:22:46] [INFO] Starting extraction for video: xsDC2HFS-L4
[2026-01-22 11:22:46] [INFO] Background extraction thread started for video: xsDC2HFS-L4
[2026-01-22 11:22:46] [INFO] [5%] Extracting video information...
[2026-01-22 11:22:46] [DEBUG] Getting video title for: xsDC2HFS-L4
[2026-01-22 11:22:56] [INFO] Video title: [오늘 이 뉴스] "우리 국민 건드리면 패가망신".. '가만 놔두지 마' 엄명 (2026.01.22/MBC뉴스)
[2026-01-22 11:22:56] [INFO] [10%] Downloading audio: [오늘 이 뉴스] "우리 국민 건드리면 패가망신".. '가만 놔두지 마' 엄명 (2026.01.22/MBC뉴스)...
[2026-01-22 11:22:56] [DEBUG] Starting extract_transcript.py subprocess for: xsDC2HFS-L4
[2026-01-22 11:22:56] [DEBUG] extract_transcript.py: [MAIN] Calling extract_transcript_whisper for video: xsDC2HFS-L4
[2026-01-22 11:22:56] [DEBUG] extract_transcript.py: ================================================================================
[2026-01-22 11:22:56] [DEBUG] extract_transcript.py: 📹 YT-DLP 오디오 다운로드 시작
[2026-01-22 11:22:56] [INFO] [15%] Downloading audio from YouTube...
[2026-01-22 11:22:56] [DEBUG] extract_transcript.py: ================================================================================
[2026-01-22 11:22:56] [DEBUG] extract_transcript.py: [YT-DLP] URL: https://www.youtube.com/watch?v=xsDC2HFS-L4
[2026-01-22 11:22:56] [DEBUG] extract_transcript.py: [YT-DLP WARNING] ⚠️  Deprecated Feature: Support for Python version 3.9 has been deprecated. Please update to Python 3.10 or above
[2026-01-22 11:22:56] [DEBUG] extract_transcript.py: [YT-DLP ERROR] ❌ Deprecated Feature: Support for Python version 3.9 has been deprecated. Please update to Python 3.10 or above
[2026-01-22 11:22:56] [DEBUG] extract_transcript.py: [YT-DLP DEBUG] [youtube] Extracting URL: https://www.youtube.com/watch?v=xsDC2HFS-L4
[2026-01-22 11:22:56] [DEBUG] extract_transcript.py: [YT-DLP DEBUG] [youtube] xsDC2HFS-L4: Downloading webpage
[2026-01-22 11:22:57] [DEBUG] extract_transcript.py: [YT-DLP DEBUG] [youtube] xsDC2HFS-L4: Downloading android player API JSON
[2026-01-22 11:22:58] [DEBUG] extract_transcript.py: [YT-DLP WARNING] ⚠️  [youtube] xsDC2HFS-L4: android client https formats require a GVS PO Token which was not provided. They will be skipped as they may yield HTTP Error 403. You can manually pass a GVS PO Token for this client with --extractor-args "youtube:po_token=android.gvs+XXX". For more information, refer to  https://github.com/yt-dlp/yt-dlp/wiki/PO-Token-Guide
[2026-01-22 11:22:58] [DEBUG] extract_transcript.py: [YT-DLP WARNING] ⚠️  [youtube] xsDC2HFS-L4: Some web client https formats have been skipped as they are missing a url. YouTube is forcing SABR streaming for this client. See  https://github.com/yt-dlp/yt-dlp/issues/12482  for more details
[2026-01-22 11:22:58] [DEBUG] extract_transcript.py: [YT-DLP DEBUG] [info] xsDC2HFS-L4: Downloading 1 format(s): 18
[2026-01-22 11:22:58] [DEBUG] extract_transcript.py: [YT-DLP DEBUG] [download] Sleeping 6.00 seconds as required by the site...
[2026-01-22 11:23:04] [DEBUG] extract_transcript.py: [YT-DLP DEBUG] [download] Destination: Temp_Audio/xsDC2HFS-L4.m4a
[2026-01-22 11:23:04] [DEBUG] extract_transcript.py: [YT-DLP DEBUG] [download]   0.0% of    6.76MiB at  130.10KiB/s ETA 00:53
[2026-01-22 11:23:04] [DEBUG] extract_transcript.py: [YT-DLP DOWNLOAD] 진행률: 0.0% | 다운로드: 1,024/7,087,114 bytes | 속도: 130.1 KB/s | 남은시간: 53초
[2026-01-22 11:23:04] [INFO] [15%] Downloading: 0.0%...
[2026-01-22 11:23:04] [DEBUG] extract_transcript.py: [YT-DLP DEBUG] [download]   0.0% of    6.76MiB at  348.50KiB/s ETA 00:19
[2026-01-22 11:23:04] [DEBUG] extract_transcript.py: [YT-DLP DOWNLOAD] 진행률: 0.0% | 다운로드: 3,072/7,087,114 bytes | 속도: 348.5 KB/s | 남은시간: 19초
[2026-01-22 11:23:04] [INFO] [15%] Downloading: 0.0%...
[2026-01-22 11:23:04] [DEBUG] extract_transcript.py: [YT-DLP DEBUG] [download]   0.1% of    6.76MiB at  690.70KiB/s ETA 00:10
[2026-01-22 11:23:04] [DEBUG] extract_transcript.py: [YT-DLP DOWNLOAD] 진행률: 0.1% | 다운로드: 7,168/7,087,114 bytes | 속도: 690.7 KB/s | 남은시간: 10초
[2026-01-22 11:23:04] [INFO] [15%] Downloading: 0.1%...
[2026-01-22 11:23:04] [DEBUG] extract_transcript.py: [YT-DLP DEBUG] [download]   0.2% of    6.76MiB at    1.16MiB/s ETA 00:05
[2026-01-22 11:23:04] [DEBUG] extract_transcript.py: [YT-DLP DOWNLOAD] 진행률: 0.2% | 다운로드: 15,360/7,087,114 bytes | 속도: 1188.6 KB/s | 남은시간: 5초
[2026-01-22 11:23:04] [INFO] [15%] Downloading: 0.2%...
[2026-01-22 11:23:04] [DEBUG] extract_transcript.py: [YT-DLP DEBUG] [download]   0.4% of    6.76MiB at    2.04MiB/s ETA 00:03
[2026-01-22 11:23:04] [DEBUG] extract_transcript.py: [YT-DLP DOWNLOAD] 진행률: 0.4% | 다운로드: 31,744/7,087,114 bytes | 속도: 2090.4 KB/s | 남은시간: 3초
[2026-01-22 11:23:04] [INFO] [15%] Downloading: 0.4%...
[2026-01-22 11:23:04] [DEBUG] extract_transcript.py: [YT-DLP DEBUG] [download]   0.9% of    6.76MiB at    3.79MiB/s ETA 00:01
[2026-01-22 11:23:04] [DEBUG] extract_transcript.py: [YT-DLP DOWNLOAD] 진행률: 0.9% | 다운로드: 64,512/7,087,114 bytes | 속도: 3877.6 KB/s | 남은시간: 1초
[2026-01-22 11:23:04] [INFO] [15%] Downloading: 0.9%...
[2026-01-22 11:23:04] [DEBUG] extract_transcript.py: [YT-DLP DEBUG] [download]   1.8% of    6.76MiB at    6.01MiB/s ETA 00:01
[2026-01-22 11:23:04] [DEBUG] extract_transcript.py: [YT-DLP DOWNLOAD] 진행률: 1.8% | 다운로드: 130,048/7,087,114 bytes | 속도: 6150.7 KB/s | 남은시간: 1초
[2026-01-22 11:23:04] [INFO] [15%] Downloading: 1.8%...
[2026-01-22 11:23:04] [DEBUG] extract_transcript.py: [YT-DLP DEBUG] [download]   3.7% of    6.76MiB at    9.49MiB/s ETA 00:00
[2026-01-22 11:23:04] [DEBUG] extract_transcript.py: [YT-DLP DOWNLOAD] 진행률: 3.7% | 다운로드: 261,120/7,087,114 bytes | 속도: 9713.9 KB/s
[2026-01-22 11:23:04] [INFO] [15%] Downloading: 3.7%...
[2026-01-22 11:23:04] [DEBUG] extract_transcript.py: [YT-DLP DEBUG] [download]   7.4% of    6.76MiB at   13.46MiB/s ETA 00:00
[2026-01-22 11:23:04] [DEBUG] extract_transcript.py: [YT-DLP DOWNLOAD] 진행률: 7.4% | 다운로드: 523,264/7,087,114 bytes | 속도: 13786.9 KB/s
[2026-01-22 11:23:04] [INFO] [16%] Downloading: 7.4%...
[2026-01-22 11:23:04] [DEBUG] extract_transcript.py: [YT-DLP DEBUG] [download]  14.8% of    6.76MiB at    2.59MiB/s ETA 00:02
[2026-01-22 11:23:04] [DEBUG] extract_transcript.py: [YT-DLP DOWNLOAD] 진행률: 14.8% | 다운로드: 1,047,552/7,087,114 bytes | 속도: 2651.5 KB/s | 남은시간: 2초
[2026-01-22 11:23:04] [INFO] [17%] Downloading: 14.8%...
[2026-01-22 11:23:04] [DEBUG] extract_transcript.py: [YT-DLP DEBUG] [download]  29.6% of    6.76MiB at    4.62MiB/s ETA 00:01
[2026-01-22 11:23:04] [DEBUG] extract_transcript.py: [YT-DLP DOWNLOAD] 진행률: 29.6% | 다운로드: 2,096,128/7,087,114 bytes | 속도: 4727.2 KB/s | 남은시간: 1초
[2026-01-22 11:23:04] [INFO] [20%] Downloading: 29.6%...
[2026-01-22 11:23:04] [DEBUG] extract_transcript.py: [YT-DLP DEBUG] [download]  59.2% of    6.76MiB at    6.68MiB/s ETA 00:00
[2026-01-22 11:23:04] [DEBUG] extract_transcript.py: [YT-DLP DOWNLOAD] 진행률: 59.2% | 다운로드: 4,193,280/7,087,114 bytes | 속도: 6840.1 KB/s
[2026-01-22 11:23:04] [INFO] [26%] Downloading: 59.2%...
[2026-01-22 11:23:05] [DEBUG] extract_transcript.py: [YT-DLP DEBUG] [download] 100.0% of    6.76MiB at    8.56MiB/s ETA 00:00
[2026-01-22 11:23:05] [DEBUG] extract_transcript.py: [YT-DLP DOWNLOAD] 진행률: 100.0% | 다운로드: 7,087,114/7,087,114 bytes | 속도: 8768.6 KB/s
[2026-01-22 11:23:05] [INFO] [35%] Downloading: 100.0%...
[2026-01-22 11:23:05] [DEBUG] extract_transcript.py: [YT-DLP DEBUG] [download] 100% of    6.76MiB in 00:00:00 at 7.91MiB/s
[2026-01-22 11:23:05] [DEBUG] extract_transcript.py: [YT-DLP DOWNLOAD] ✓ 다운로드 완료!
[2026-01-22 11:23:05] [DEBUG] extract_transcript.py: [YT-DLP DOWNLOAD]    - 파일: Temp_Audio/xsDC2HFS-L4.m4a
[2026-01-22 11:23:05] [DEBUG] extract_transcript.py: [YT-DLP DOWNLOAD]    - 크기: 7,087,114 bytes
[2026-01-22 11:23:05] [DEBUG] extract_transcript.py: [YT-DLP DOWNLOAD]    - 소요시간: 0.85초
[2026-01-22 11:23:05] [DEBUG] extract_transcript.py: [YT-DLP DOWNLOAD]    - 평균 속도: 8104.3 KB/s
[2026-01-22 11:23:05] [DEBUG] extract_transcript.py: ================================================================================
[2026-01-22 11:23:05] [DEBUG] extract_transcript.py: ✅ YT-DLP 다운로드 완료
[2026-01-22 11:23:05] [INFO] [35%] Audio download completed!
[2026-01-22 11:23:05] [DEBUG] extract_transcript.py: ================================================================================
[2026-01-22 11:23:05] [DEBUG] extract_transcript.py: ================================================================================
[2026-01-22 11:23:05] [DEBUG] extract_transcript.py: 🎤 WHISPER AI 음성 인식 상세 로그
[2026-01-22 11:23:05] [DEBUG] extract_transcript.py: ================================================================================
[2026-01-22 11:23:05] [DEBUG] extract_transcript.py: [WHISPER] 📥 모델 로딩 중...
[2026-01-22 11:23:05] [DEBUG] extract_transcript.py: [WHISPER]    - 모델: turbo
[2026-01-22 11:23:05] [DEBUG] extract_transcript.py: [WHISPER]    - 디바이스: CPU
[2026-01-22 11:23:05] [DEBUG] extract_transcript.py: [WHISPER]    - 연산 타입: int8
[2026-01-22 11:23:09] [INFO] Listed 4 scripts
[2026-01-22 11:23:29] [INFO] Listed 4 scripts
[2026-01-22 11:24:15] [INFO] Listed 4 scripts
[2026-01-22 11:24:24] [DEBUG] extract_transcript.py: [WHISPER] ✓ 모델 로딩 완료 (소요시간: 79.59초)
[2026-01-22 11:24:24] [DEBUG] extract_transcript.py: [WHISPER] 🔍 오디오 파일 분석 중...
[2026-01-22 11:24:24] [DEBUG] extract_transcript.py: [WHISPER]    - 파일: Temp_Audio/xsDC2HFS-L4.m4a
[2026-01-22 11:24:24] [DEBUG] extract_transcript.py: [WHISPER]    - Beam size: 5
[2026-01-22 11:24:29] [DEBUG] extract_transcript.py: [WHISPER] ✓ 오디오 분석 완료
[2026-01-22 11:24:29] [DEBUG] extract_transcript.py: [WHISPER]    - 감지된 언어: ko
[2026-01-22 11:24:29] [DEBUG] extract_transcript.py: [WHISPER]    - 언어 확률: 0.9983 (99.83%)
[2026-01-22 11:24:29] [DEBUG] extract_transcript.py: [WHISPER]    - 예상 총 길이: 170.81초
[2026-01-22 11:24:29] [DEBUG] extract_transcript.py: [WHISPER] 📝 세그먼트 처리 시작...
[2026-01-22 11:24:29] [DEBUG] extract_transcript.py: --------------------------------------------------------------------------------
[2026-01-22 11:24:33] [DEBUG] extract_transcript.py: [WHISPER] Segment #001
[2026-01-22 11:24:33] [INFO] [60%] Processing segment #1...
[2026-01-22 11:24:33] [DEBUG] extract_transcript.py: ⏱️  시간: 0.00s ~ 2.00s (길이: 2.00s)
[2026-01-22 11:24:33] [DEBUG] extract_transcript.py: 📄 텍스트: 한국국토정보공사
[2026-01-22 11:24:33] [DEBUG] extract_transcript.py: 📊 문자수: 8 chars
[2026-01-22 11:24:33] [DEBUG] extract_transcript.py: 🎯 평균 확률: -0.4154
[2026-01-22 11:24:33] [DEBUG] extract_transcript.py: 🔇 No-speech 확률: 0.0000
[2026-01-22 11:24:33] [DEBUG] extract_transcript.py: --------------------------------------------------------------------------------
[2026-01-22 11:24:38] [DEBUG] extract_transcript.py: [WHISPER] Segment #002
[2026-01-22 11:24:38] [INFO] [60%] Processing segment #2...
[2026-01-22 11:24:38] [DEBUG] extract_transcript.py: ⏱️  시간: 30.00s ~ 35.00s (길이: 5.00s)
[2026-01-22 11:24:38] [DEBUG] extract_transcript.py: 📄 텍스트: 이 문제는 우리 국민들의 개인적 삶을 파괴할 뿐만 아니라
[2026-01-22 11:24:38] [DEBUG] extract_transcript.py: 📊 문자수: 31 chars
[2026-01-22 11:24:38] [DEBUG] extract_transcript.py: 🎯 평균 확률: -0.1372
[2026-01-22 11:24:38] [DEBUG] extract_transcript.py: 🔇 No-speech 확률: 0.0000
[2026-01-22 11:24:38] [DEBUG] extract_transcript.py: --------------------------------------------------------------------------------
[2026-01-22 11:24:38] [DEBUG] extract_transcript.py: [WHISPER] Segment #003
[2026-01-22 11:24:38] [INFO] [60%] Processing segment #3...
[2026-01-22 11:24:38] [DEBUG] extract_transcript.py: ⏱️  시간: 35.00s ~ 39.00s (길이: 4.00s)
[2026-01-22 11:24:38] [DEBUG] extract_transcript.py: 📄 텍스트: 우리 공동체의 신뢰기반을 훼손하는 것이고
[2026-01-22 11:24:38] [DEBUG] extract_transcript.py: 📊 문자수: 22 chars
[2026-01-22 11:24:38] [DEBUG] extract_transcript.py: 🎯 평균 확률: -0.1372
[2026-01-22 11:24:38] [DEBUG] extract_transcript.py: 🔇 No-speech 확률: 0.0000
[2026-01-22 11:24:38] [DEBUG] extract_transcript.py: --------------------------------------------------------------------------------
[2026-01-22 11:24:38] [DEBUG] extract_transcript.py: [WHISPER] Segment #004
[2026-01-22 11:24:38] [INFO] [61%] Processing segment #4...
[2026-01-22 11:24:38] [DEBUG] extract_transcript.py: ⏱️  시간: 39.00s ~ 43.00s (길이: 4.00s)
[2026-01-22 11:24:38] [DEBUG] extract_transcript.py: 📄 텍스트: 나아가 외교 분쟁까지도 이야기하는
[2026-01-22 11:24:38] [DEBUG] extract_transcript.py: 📊 문자수: 18 chars
[2026-01-22 11:24:38] [DEBUG] extract_transcript.py: 🎯 평균 확률: -0.1372
[2026-01-22 11:24:38] [DEBUG] extract_transcript.py: 🔇 No-speech 확률: 0.0000
[2026-01-22 11:24:38] [DEBUG] extract_transcript.py: --------------------------------------------------------------------------------
[2026-01-22 11:24:38] [DEBUG] extract_transcript.py: [WHISPER] Segment #005
[2026-01-22 11:24:38] [INFO] [61%] Processing segment #5...
[2026-01-22 11:24:38] [DEBUG] extract_transcript.py: ⏱️  시간: 43.00s ~ 48.00s (길이: 5.00s)
[2026-01-22 11:24:38] [DEBUG] extract_transcript.py: 📄 텍스트: 아주 악질적인 그리고 위협적인 범죄입니다
[2026-01-22 11:24:38] [DEBUG] extract_transcript.py: 📊 문자수: 22 chars
[2026-01-22 11:24:38] [DEBUG] extract_transcript.py: 🎯 평균 확률: -0.1372
[2026-01-22 11:24:38] [DEBUG] extract_transcript.py: 🔇 No-speech 확률: 0.0000
[2026-01-22 11:24:38] [DEBUG] extract_transcript.py: --------------------------------------------------------------------------------
[2026-01-22 11:24:38] [DEBUG] extract_transcript.py: [WHISPER] Segment #006
[2026-01-22 11:24:38] [INFO] [61%] Processing segment #6...
[2026-01-22 11:24:38] [DEBUG] extract_transcript.py: ⏱️  시간: 48.00s ~ 55.00s (길이: 7.00s)
[2026-01-22 11:24:38] [DEBUG] extract_transcript.py: 📄 텍스트: 끝까지 추적해서 그 뿌리를 완전히 뽑아야 되겠습니다
[2026-01-22 11:24:38] [DEBUG] extract_transcript.py: 📊 문자수: 28 chars
[2026-01-22 11:24:38] [DEBUG] extract_transcript.py: 🎯 평균 확률: -0.1372
[2026-01-22 11:24:38] [DEBUG] extract_transcript.py: 🔇 No-speech 확률: 0.0000
[2026-01-22 11:24:38] [DEBUG] extract_transcript.py: --------------------------------------------------------------------------------
[2026-01-22 11:24:44] [DEBUG] extract_transcript.py: [WHISPER] Segment #007
[2026-01-22 11:24:44] [INFO] [61%] Processing segment #7...
[2026-01-22 11:24:44] [DEBUG] extract_transcript.py: ⏱️  시간: 55.00s ~ 60.00s (길이: 5.00s)
[2026-01-22 11:24:44] [DEBUG] extract_transcript.py: 📄 텍스트: 관계 부처들로 하여금 국민의 안전을 위협하고
[2026-01-22 11:24:44] [DEBUG] extract_transcript.py: 📊 문자수: 24 chars
[2026-01-22 11:24:44] [DEBUG] extract_transcript.py: 🎯 평균 확률: -0.1107
[2026-01-22 11:24:44] [DEBUG] extract_transcript.py: 🔇 No-speech 확률: 0.0000
[2026-01-22 11:24:44] [DEBUG] extract_transcript.py: --------------------------------------------------------------------------------
[2026-01-22 11:24:44] [DEBUG] extract_transcript.py: [WHISPER] Segment #008
[2026-01-22 11:24:44] [INFO] [62%] Processing segment #8...
[2026-01-22 11:24:44] [DEBUG] extract_transcript.py: ⏱️  시간: 60.00s ~ 65.00s (길이: 5.00s)
[2026-01-22 11:24:44] [DEBUG] extract_transcript.py: 📄 텍스트: 민생을 파괴하는 초국가 범죄를 국내외를 불문하고
[2026-01-22 11:24:44] [DEBUG] extract_transcript.py: 📊 문자수: 26 chars
[2026-01-22 11:24:44] [DEBUG] extract_transcript.py: 🎯 평균 확률: -0.1107
[2026-01-22 11:24:44] [DEBUG] extract_transcript.py: 🔇 No-speech 확률: 0.0000
[2026-01-22 11:24:44] [DEBUG] extract_transcript.py: --------------------------------------------------------------------------------
[2026-01-22 11:24:44] [DEBUG] extract_transcript.py: [WHISPER] Segment #009
[2026-01-22 11:24:44] [INFO] [62%] Processing segment #9...
[2026-01-22 11:24:44] [DEBUG] extract_transcript.py: ⏱️  시간: 65.00s ~ 72.00s (길이: 7.00s)
[2026-01-22 11:24:44] [DEBUG] extract_transcript.py: 📄 텍스트: 반드시 처벌된다는 점을 확실히 보여줄 수 있게 조치해 주시기 바랍니다
[2026-01-22 11:24:44] [DEBUG] extract_transcript.py: 📊 문자수: 38 chars
[2026-01-22 11:24:44] [DEBUG] extract_transcript.py: 🎯 평균 확률: -0.1107
[2026-01-22 11:24:44] [DEBUG] extract_transcript.py: 🔇 No-speech 확률: 0.0000
[2026-01-22 11:24:44] [DEBUG] extract_transcript.py: --------------------------------------------------------------------------------
[2026-01-22 11:24:44] [DEBUG] extract_transcript.py: [WHISPER] Segment #010
[2026-01-22 11:24:44] [INFO] [62%] Processing segment #10...
[2026-01-22 11:24:44] [DEBUG] extract_transcript.py: ⏱️  시간: 72.00s ~ 78.00s (길이: 6.00s)
[2026-01-22 11:24:44] [DEBUG] extract_transcript.py: 📄 텍스트: 지금 대책본부가 어디 구성이 되어 있죠?
[2026-01-22 11:24:44] [DEBUG] extract_transcript.py: 📊 문자수: 22 chars
[2026-01-22 11:24:44] [DEBUG] extract_transcript.py: 🎯 평균 확률: -0.1107
[2026-01-22 11:24:44] [DEBUG] extract_transcript.py: 🔇 No-speech 확률: 0.0000
[2026-01-22 11:24:44] [DEBUG] extract_transcript.py: --------------------------------------------------------------------------------
[2026-01-22 11:24:44] [DEBUG] extract_transcript.py: [WHISPER] Segment #011
[2026-01-22 11:24:44] [INFO] [62%] Processing segment #11...
[2026-01-22 11:24:44] [DEBUG] extract_transcript.py: ⏱️  시간: 78.00s ~ 83.00s (길이: 5.00s)
[2026-01-22 11:24:44] [DEBUG] extract_transcript.py: 📄 텍스트: 네, 지금 특별 대응본부가 대통령실 직속으로 운영 중에 있습니다
[2026-01-22 11:24:44] [DEBUG] extract_transcript.py: 📊 문자수: 35 chars
[2026-01-22 11:24:44] [DEBUG] extract_transcript.py: 🎯 평균 확률: -0.1107
[2026-01-22 11:24:44] [DEBUG] extract_transcript.py: 🔇 No-speech 확률: 0.0000
[2026-01-22 11:24:44] [DEBUG] extract_transcript.py: --------------------------------------------------------------------------------
[2026-01-22 11:24:49] [DEBUG] extract_transcript.py: [WHISPER] Segment #012
[2026-01-22 11:24:49] [INFO] [63%] Processing segment #12...
[2026-01-22 11:24:49] [DEBUG] extract_transcript.py: ⏱️  시간: 83.00s ~ 88.00s (길이: 5.00s)
[2026-01-22 11:24:49] [DEBUG] extract_transcript.py: 📄 텍스트: 민정비서실이 직할하고 있는 건가요?
[2026-01-22 11:24:49] [DEBUG] extract_transcript.py: 📊 문자수: 19 chars
[2026-01-22 11:24:49] [DEBUG] extract_transcript.py: 🎯 평균 확률: -0.1425
[2026-01-22 11:24:49] [DEBUG] extract_transcript.py: 🔇 No-speech 확률: 0.0000
[2026-01-22 11:24:49] [DEBUG] extract_transcript.py: --------------------------------------------------------------------------------
[2026-01-22 11:24:49] [DEBUG] extract_transcript.py: [WHISPER] Segment #013
[2026-01-22 11:24:49] [INFO] [63%] Processing segment #13...
[2026-01-22 11:24:49] [DEBUG] extract_transcript.py: ⏱️  시간: 88.00s ~ 93.00s (길이: 5.00s)
[2026-01-22 11:24:49] [DEBUG] extract_transcript.py: 📄 텍스트: 네, 민정비서관이 직할하고 있습니다
[2026-01-22 11:24:49] [DEBUG] extract_transcript.py: 📊 문자수: 19 chars
[2026-01-22 11:24:49] [DEBUG] extract_transcript.py: 🎯 평균 확률: -0.1425
[2026-01-22 11:24:49] [DEBUG] extract_transcript.py: 🔇 No-speech 확률: 0.0000
[2026-01-22 11:24:49] [DEBUG] extract_transcript.py: --------------------------------------------------------------------------------
[2026-01-22 11:24:49] [DEBUG] extract_transcript.py: [WHISPER] Segment #014
[2026-01-22 11:24:49] [INFO] [63%] Processing segment #14...
[2026-01-22 11:24:49] [DEBUG] extract_transcript.py: ⏱️  시간: 93.00s ~ 104.00s (길이: 11.00s)
[2026-01-22 11:24:49] [DEBUG] extract_transcript.py: 📄 텍스트: 여하튼 대한민국 국민들을 가해하면 국내든 국외든 패가 망신한다
[2026-01-22 11:24:49] [DEBUG] extract_transcript.py: 📊 문자수: 34 chars
[2026-01-22 11:24:49] [DEBUG] extract_transcript.py: 🎯 평균 확률: -0.1425
[2026-01-22 11:24:49] [DEBUG] extract_transcript.py: 🔇 No-speech 확률: 0.0000
[2026-01-22 11:24:49] [DEBUG] extract_transcript.py: --------------------------------------------------------------------------------
[2026-01-22 11:24:54] [DEBUG] extract_transcript.py: [WHISPER] Segment #015
[2026-01-22 11:24:54] [INFO] [63%] Processing segment #15...
[2026-01-22 11:24:54] [DEBUG] extract_transcript.py: ⏱️  시간: 104.00s ~ 108.00s (길이: 4.00s)
[2026-01-22 11:24:54] [DEBUG] extract_transcript.py: 📄 텍스트: 특히 대한민국 국민을 상대로 범죄 행위를 하면
[2026-01-22 11:24:54] [DEBUG] extract_transcript.py: 📊 문자수: 25 chars
[2026-01-22 11:24:54] [DEBUG] extract_transcript.py: 🎯 평균 확률: -0.1267
[2026-01-22 11:24:54] [DEBUG] extract_transcript.py: 🔇 No-speech 확률: 0.0000
[2026-01-22 11:24:54] [DEBUG] extract_transcript.py: --------------------------------------------------------------------------------
[2026-01-22 11:24:54] [DEBUG] extract_transcript.py: [WHISPER] Segment #016
[2026-01-22 11:24:54] [INFO] [64%] Processing segment #16...
[2026-01-22 11:24:54] [DEBUG] extract_transcript.py: ⏱️  시간: 108.00s ~ 115.00s (길이: 7.00s)
[2026-01-22 11:24:54] [DEBUG] extract_transcript.py: 📄 텍스트: 이익은커녕 더 큰 손해를 본다는 점을 확실하게 보여주시기 바랍니다
[2026-01-22 11:24:54] [DEBUG] extract_transcript.py: 📊 문자수: 36 chars
[2026-01-22 11:24:54] [DEBUG] extract_transcript.py: 🎯 평균 확률: -0.1267
[2026-01-22 11:24:54] [DEBUG] extract_transcript.py: 🔇 No-speech 확률: 0.0000
[2026-01-22 11:24:54] [DEBUG] extract_transcript.py: --------------------------------------------------------------------------------
[2026-01-22 11:24:54] [DEBUG] extract_transcript.py: [WHISPER] Segment #017
[2026-01-22 11:24:54] [INFO] [64%] Processing segment #17...
[2026-01-22 11:24:54] [DEBUG] extract_transcript.py: ⏱️  시간: 115.00s ~ 120.00s (길이: 5.00s)
[2026-01-22 11:24:54] [DEBUG] extract_transcript.py: 📄 텍스트: 각 부처들에서 지금 상당히 많이 합동작전을 하고 있는 중이죠?
[2026-01-22 11:24:54] [DEBUG] extract_transcript.py: 📊 문자수: 34 chars
[2026-01-22 11:24:54] [DEBUG] extract_transcript.py: 🎯 평균 확률: -0.1267
[2026-01-22 11:24:54] [DEBUG] extract_transcript.py: 🔇 No-speech 확률: 0.0000
[2026-01-22 11:24:54] [DEBUG] extract_transcript.py: --------------------------------------------------------------------------------
[2026-01-22 11:24:54] [DEBUG] extract_transcript.py: [WHISPER] Segment #018
[2026-01-22 11:24:54] [INFO] [64%] Processing segment #18...
[2026-01-22 11:24:54] [DEBUG] extract_transcript.py: ⏱️  시간: 120.00s ~ 121.00s (길이: 1.00s)
[2026-01-22 11:24:54] [DEBUG] extract_transcript.py: 📄 텍스트: 네, 그렇습니다.
[2026-01-22 11:24:54] [DEBUG] extract_transcript.py: 📊 문자수: 9 chars
[2026-01-22 11:24:54] [DEBUG] extract_transcript.py: 🎯 평균 확률: -0.1267
[2026-01-22 11:24:54] [DEBUG] extract_transcript.py: 🔇 No-speech 확률: 0.0000
[2026-01-22 11:24:54] [DEBUG] extract_transcript.py: --------------------------------------------------------------------------------
[2026-01-22 11:24:59] [DEBUG] extract_transcript.py: [WHISPER] Segment #019
[2026-01-22 11:24:59] [INFO] [64%] Processing segment #19...
[2026-01-22 11:24:59] [DEBUG] extract_transcript.py: ⏱️  시간: 121.00s ~ 124.00s (길이: 3.00s)
[2026-01-22 11:24:59] [DEBUG] extract_transcript.py: 📄 텍스트: 여덟 개 부처에서 다 노력 같이 하고 있습니다
[2026-01-22 11:24:59] [DEBUG] extract_transcript.py: 📊 문자수: 25 chars
[2026-01-22 11:24:59] [DEBUG] extract_transcript.py: 🎯 평균 확률: -0.1113
[2026-01-22 11:24:59] [DEBUG] extract_transcript.py: 🔇 No-speech 확률: 0.0000
[2026-01-22 11:24:59] [DEBUG] extract_transcript.py: --------------------------------------------------------------------------------
[2026-01-22 11:24:59] [DEBUG] extract_transcript.py: [WHISPER] Segment #020
[2026-01-22 11:24:59] [INFO] [65%] Processing segment #20...
[2026-01-22 11:24:59] [DEBUG] extract_transcript.py: ⏱️  시간: 124.00s ~ 130.00s (길이: 6.00s)
[2026-01-22 11:24:59] [DEBUG] extract_transcript.py: 📄 텍스트: 어쨌든 상당히 성과가 더 나고 체포도 많이 되고 또 송환도 많이 하고
[2026-01-22 11:24:59] [DEBUG] extract_transcript.py: 📊 문자수: 38 chars
[2026-01-22 11:24:59] [DEBUG] extract_transcript.py: 🎯 평균 확률: -0.1113
[2026-01-22 11:24:59] [DEBUG] extract_transcript.py: 🔇 No-speech 확률: 0.0000
[2026-01-22 11:24:59] [DEBUG] extract_transcript.py: --------------------------------------------------------------------------------
[2026-01-22 11:24:59] [DEBUG] extract_transcript.py: [WHISPER] Segment #021
[2026-01-22 11:24:59] [INFO] [65%] Processing segment #21...
[2026-01-22 11:24:59] [DEBUG] extract_transcript.py: ⏱️  시간: 130.00s ~ 136.00s (길이: 6.00s)
[2026-01-22 11:24:59] [DEBUG] extract_transcript.py: 📄 텍스트: 피해 건수도 많이 줄어들고 피해 액수도 많이 줄어들고 있는 성과가 있는 것 같습니다
[2026-01-22 11:24:59] [DEBUG] extract_transcript.py: 📊 문자수: 46 chars
[2026-01-22 11:24:59] [DEBUG] extract_transcript.py: 🎯 평균 확률: -0.1113
[2026-01-22 11:24:59] [DEBUG] extract_transcript.py: 🔇 No-speech 확률: 0.0000
[2026-01-22 11:24:59] [DEBUG] extract_transcript.py: --------------------------------------------------------------------------------
[2026-01-22 11:24:59] [DEBUG] extract_transcript.py: [WHISPER] Segment #022
[2026-01-22 11:24:59] [INFO] [65%] Processing segment #22...
[2026-01-22 11:24:59] [DEBUG] extract_transcript.py: ⏱️  시간: 136.00s ~ 141.00s (길이: 5.00s)
[2026-01-22 11:24:59] [DEBUG] extract_transcript.py: 📄 텍스트: 앞으로도 계속 노력해서 아예 뿌리를 뽑아서
[2026-01-22 11:24:59] [DEBUG] extract_transcript.py: 📊 문자수: 23 chars
[2026-01-22 11:24:59] [DEBUG] extract_transcript.py: 🎯 평균 확률: -0.1113
[2026-01-22 11:24:59] [DEBUG] extract_transcript.py: 🔇 No-speech 확률: 0.0000
[2026-01-22 11:24:59] [DEBUG] extract_transcript.py: --------------------------------------------------------------------------------
[2026-01-22 11:25:01] [INFO] Listed 4 scripts
[2026-01-22 11:25:05] [DEBUG] extract_transcript.py: [WHISPER] Segment #023
[2026-01-22 11:25:05] [INFO] [65%] Processing segment #23...
[2026-01-22 11:25:05] [DEBUG] extract_transcript.py: ⏱️  시간: 141.00s ~ 145.00s (길이: 4.00s)
[2026-01-22 11:25:05] [DEBUG] extract_transcript.py: 📄 텍스트: 그야말로 발본색을 할 수 있도록 해 주시기 바랍니다
[2026-01-22 11:25:05] [DEBUG] extract_transcript.py: 📊 문자수: 28 chars
[2026-01-22 11:25:05] [DEBUG] extract_transcript.py: 🎯 평균 확률: -0.1257
[2026-01-22 11:25:05] [DEBUG] extract_transcript.py: 🔇 No-speech 확률: 0.0000
[2026-01-22 11:25:05] [DEBUG] extract_transcript.py: --------------------------------------------------------------------------------
[2026-01-22 11:25:05] [DEBUG] extract_transcript.py: [WHISPER] Segment #024
[2026-01-22 11:25:05] [INFO] [66%] Processing segment #24...
[2026-01-22 11:25:05] [DEBUG] extract_transcript.py: ⏱️  시간: 145.00s ~ 150.00s (길이: 5.00s)
[2026-01-22 11:25:05] [DEBUG] extract_transcript.py: 📄 텍스트: 특히 외국 정부와의 물셀트법 없는 공조를 바탕으로
[2026-01-22 11:25:05] [DEBUG] extract_transcript.py: 📊 문자수: 27 chars
[2026-01-22 11:25:05] [DEBUG] extract_transcript.py: 🎯 평균 확률: -0.1257
[2026-01-22 11:25:05] [DEBUG] extract_transcript.py: 🔇 No-speech 확률: 0.0000
[2026-01-22 11:25:05] [DEBUG] extract_transcript.py: --------------------------------------------------------------------------------
[2026-01-22 11:25:05] [DEBUG] extract_transcript.py: [WHISPER] Segment #025
[2026-01-22 11:25:05] [INFO] [66%] Processing segment #25...
[2026-01-22 11:25:05] [DEBUG] extract_transcript.py: ⏱️  시간: 150.00s ~ 155.00s (길이: 5.00s)
[2026-01-22 11:25:05] [DEBUG] extract_transcript.py: 📄 텍스트: 범죄 수익도 한 푼도 빠짐없이 반수해서
[2026-01-22 11:25:05] [DEBUG] extract_transcript.py: 📊 문자수: 21 chars
[2026-01-22 11:25:05] [DEBUG] extract_transcript.py: 🎯 평균 확률: -0.1257
[2026-01-22 11:25:05] [DEBUG] extract_transcript.py: 🔇 No-speech 확률: 0.0000
[2026-01-22 11:25:05] [DEBUG] extract_transcript.py: --------------------------------------------------------------------------------
[2026-01-22 11:25:05] [DEBUG] extract_transcript.py: [WHISPER] Segment #026
[2026-01-22 11:25:05] [INFO] [66%] Processing segment #26...
[2026-01-22 11:25:05] [DEBUG] extract_transcript.py: ⏱️  시간: 155.00s ~ 160.00s (길이: 5.00s)
[2026-01-22 11:25:05] [DEBUG] extract_transcript.py: 📄 텍스트: 우리 국민들의 피해도 회복될 수 있도록 최선을 다해 주시기 바랍니다
[2026-01-22 11:25:05] [DEBUG] extract_transcript.py: 📊 문자수: 37 chars
[2026-01-22 11:25:05] [DEBUG] extract_transcript.py: 🎯 평균 확률: -0.1257
[2026-01-22 11:25:05] [DEBUG] extract_transcript.py: 🔇 No-speech 확률: 0.0000
[2026-01-22 11:25:05] [DEBUG] extract_transcript.py: --------------------------------------------------------------------------------
[2026-01-22 11:25:10] [DEBUG] extract_transcript.py: [WHISPER] Segment #027
[2026-01-22 11:25:10] [INFO] [66%] Processing segment #27...
[2026-01-22 11:25:10] [DEBUG] extract_transcript.py: ⏱️  시간: 160.00s ~ 162.00s (길이: 2.00s)
[2026-01-22 11:25:10] [DEBUG] extract_transcript.py: 📄 텍스트: 감사합니다
[2026-01-22 11:25:10] [DEBUG] extract_transcript.py: 📊 문자수: 5 chars
[2026-01-22 11:25:10] [DEBUG] extract_transcript.py: 🎯 평균 확률: -0.9487
[2026-01-22 11:25:10] [DEBUG] extract_transcript.py: 🔇 No-speech 확률: 0.0000
[2026-01-22 11:25:10] [DEBUG] extract_transcript.py: --------------------------------------------------------------------------------
[2026-01-22 11:25:10] [DEBUG] extract_transcript.py: ================================================================================
[2026-01-22 11:25:10] [DEBUG] extract_transcript.py: ✅ WHISPER 처리 완료!
[2026-01-22 11:25:10] [INFO] [90%] Whisper transcription completed!
[2026-01-22 11:25:10] [DEBUG] extract_transcript.py: ================================================================================
[2026-01-22 11:25:10] [DEBUG] extract_transcript.py: 📊 처리 통계:
[2026-01-22 11:25:10] [DEBUG] extract_transcript.py: - 총 세그먼트 수: 27
[2026-01-22 11:25:10] [DEBUG] extract_transcript.py: - 총 문자 수: 700 chars
[2026-01-22 11:25:10] [DEBUG] extract_transcript.py: - 모델 로딩 시간: 79.59초
[2026-01-22 11:25:10] [DEBUG] extract_transcript.py: - 음성 인식 시간: 45.45초
[2026-01-22 11:25:10] [DEBUG] extract_transcript.py: - 전체 처리 시간: 125.05초
[2026-01-22 11:25:10] [DEBUG] extract_transcript.py: - 처리 속도: 3.76x 실시간
[2026-01-22 11:25:10] [DEBUG] extract_transcript.py: ================================================================================
[2026-01-22 11:25:10] [DEBUG] extract_transcript.py: [MAIN] extract_transcript_whisper returned. HTML length: 1630
[2026-01-22 11:25:10] [DEBUG] extract_transcript.py: [MAIN] Creating JSON result...
[2026-01-22 11:25:10] [DEBUG] extract_transcript.py: [MAIN] Writing result to file: Temp_Audio/xsDC2HFS-L4_result.json
[2026-01-22 11:25:10] [DEBUG] extract_transcript.py: [MAIN] Result file written successfully
[2026-01-22 11:25:10] [DEBUG] extract_transcript.py: [MAIN] Calling sys.exit(0)...
[2026-01-22 11:25:10] [INFO] extract_transcript.py completed. Total debug lines: 272
[2026-01-22 11:25:10] [DEBUG] Process return code: 0
[2026-01-22 11:25:10] [INFO] [90%] Processing transcript...
[2026-01-22 11:25:10] [DEBUG] Reading result from file: /app/Temp_Audio/xsDC2HFS-L4_result.json
[2026-01-22 11:25:10] [DEBUG] Result file loaded successfully
[2026-01-22 11:25:10] [DEBUG] Result file removed
[2026-01-22 11:25:10] [INFO] Transcript extraction successful
[2026-01-22 11:25:10] [INFO] [95%] Generating HTML file...
[2026-01-22 11:25:10] [DEBUG] Saving HTML to: /app/Scripts/yt_xsDC2HFS-L4.html
[2026-01-22 11:25:10] [INFO] HTML file saved: /app/Scripts/yt_xsDC2HFS-L4.html
[2026-01-22 11:25:10] [INFO] [100%] Completed!
[2026-01-22 11:25:10] [INFO] ✓ Extraction completed successfully for: [오늘 이 뉴스] "우리 국민 건드리면 패가망신".. '가만 놔두지 마' 엄명 (2026.01.22/MBC뉴스) (xsDC2HFS-L4)
[2026-01-22 11:25:11] [INFO] Listed 5 scripts
