[2026-02-19 12:12:00] [INFO] ================================================================================
[2026-02-19 12:12:00] [INFO] YouTube Script Extractor Server Started
[2026-02-19 12:12:00] [INFO] Log file: /app/Logs/Server_20260219_121200.log
[2026-02-19 12:12:00] [INFO] ================================================================================
[2026-02-19 12:12:00] [INFO] ================================================================================
[2026-02-19 12:12:00] [INFO] YouTube Script Extractor Server Started
[2026-02-19 12:12:00] [INFO] Log file: /app/Logs/Server_20260219_121200.log
[2026-02-19 12:12:00] [INFO] ================================================================================
[2026-02-19 12:13:43] [INFO] Listed 14 scripts
[2026-02-19 12:13:46] [INFO] New extraction request: https://youtu.be/Gwz82XUqJQU?si=7pOQVbjRqPeU07oz
[2026-02-19 12:13:46] [INFO] Extracted video ID: Gwz82XUqJQU
[2026-02-19 12:13:46] [INFO] Starting extraction for video: Gwz82XUqJQU
[2026-02-19 12:13:46] [INFO] Background extraction thread started for video: Gwz82XUqJQU
[2026-02-19 12:13:46] [INFO] [5%] 비디오 정보 추출 중...
[2026-02-19 12:13:46] [DEBUG] Getting video title for: Gwz82XUqJQU
[2026-02-19 12:13:50] [INFO] Video title: [오늘 이 뉴스] '무기징역' 두 번 말해줘도 尹 선 채로 넋 나간 듯.. (2026.02.19/MBC뉴스)
[2026-02-19 12:13:50] [INFO] [10%] 오디오 다운로드: [오늘 이 뉴스] '무기징역' 두 번 말해줘도 尹 선 채로 넋 나간 듯.. (2026.02.19/MBC뉴스)...
[2026-02-19 12:13:50] [DEBUG] Starting extract_transcript.py subprocess for: Gwz82XUqJQU
[2026-02-19 12:13:50] [DEBUG] extract_transcript.py: [MAIN] Calling extract_transcript_whisper for video: Gwz82XUqJQU
[2026-02-19 12:13:50] [DEBUG] extract_transcript.py: ================================================================================
[2026-02-19 12:13:50] [DEBUG] extract_transcript.py: 📹 YT-DLP 오디오 다운로드 시작
[2026-02-19 12:13:50] [INFO] [15%] YouTube에서 오디오 다운로드 중...
[2026-02-19 12:13:50] [DEBUG] extract_transcript.py: ================================================================================
[2026-02-19 12:13:50] [DEBUG] extract_transcript.py: [YT-DLP] URL: https://www.youtube.com/watch?v=Gwz82XUqJQU
[2026-02-19 12:13:50] [DEBUG] extract_transcript.py: [YT-DLP WARNING] ⚠️  Deprecated Feature: Support for Python version 3.9 has been deprecated. Please update to Python 3.10 or above
[2026-02-19 12:13:50] [DEBUG] extract_transcript.py: [YT-DLP ERROR] ❌ Deprecated Feature: Support for Python version 3.9 has been deprecated. Please update to Python 3.10 or above
[2026-02-19 12:13:51] [DEBUG] extract_transcript.py: [YT-DLP DEBUG] [youtube] Extracting URL: https://www.youtube.com/watch?v=Gwz82XUqJQU
[2026-02-19 12:13:51] [DEBUG] extract_transcript.py: [YT-DLP DEBUG] [youtube] Gwz82XUqJQU: Downloading webpage
[2026-02-19 12:13:52] [DEBUG] extract_transcript.py: [YT-DLP DEBUG] [youtube] Gwz82XUqJQU: Downloading android player API JSON
[2026-02-19 12:13:52] [DEBUG] extract_transcript.py: [YT-DLP WARNING] ⚠️  [youtube] Gwz82XUqJQU: android client https formats require a GVS PO Token which was not provided. They will be skipped as they may yield HTTP Error 403. You can manually pass a GVS PO Token for this client with --extractor-args "youtube:po_token=android.gvs+XXX". For more information, refer to  https://github.com/yt-dlp/yt-dlp/wiki/PO-Token-Guide
[2026-02-19 12:13:52] [DEBUG] extract_transcript.py: [YT-DLP WARNING] ⚠️  [youtube] Gwz82XUqJQU: Some web client https formats have been skipped as they are missing a url. YouTube is forcing SABR streaming for this client. See  https://github.com/yt-dlp/yt-dlp/issues/12482  for more details
[2026-02-19 12:13:52] [DEBUG] extract_transcript.py: [YT-DLP DEBUG] [info] Gwz82XUqJQU: Downloading 1 format(s): 18
[2026-02-19 12:13:52] [DEBUG] extract_transcript.py: [YT-DLP DEBUG] [download] Sleeping 6.00 seconds as required by the site...
[2026-02-19 12:13:59] [DEBUG] extract_transcript.py: [YT-DLP DEBUG] [download] Destination: Temp_Audio/Gwz82XUqJQU.m4a
[2026-02-19 12:13:59] [DEBUG] extract_transcript.py: [YT-DLP DEBUG] [download]   0.0% of    3.20MiB at   62.73KiB/s ETA 00:52
[2026-02-19 12:13:59] [DEBUG] extract_transcript.py: [YT-DLP DOWNLOAD] 진행률: 0.0% | 다운로드: 1,024/3,351,140 bytes | 속도: 62.7 KB/s | 남은시간: 52초
[2026-02-19 12:13:59] [INFO] [15%] 다운로드 중: 0.0%...
[2026-02-19 12:13:59] [DEBUG] extract_transcript.py: [YT-DLP DEBUG] [download]   0.1% of    3.20MiB at  174.21KiB/s ETA 00:18
[2026-02-19 12:13:59] [DEBUG] extract_transcript.py: [YT-DLP DOWNLOAD] 진행률: 0.1% | 다운로드: 3,072/3,351,140 bytes | 속도: 174.2 KB/s | 남은시간: 18초
[2026-02-19 12:13:59] [INFO] [15%] 다운로드 중: 0.1%...
[2026-02-19 12:13:59] [DEBUG] extract_transcript.py: [YT-DLP DEBUG] [download]   0.2% of    3.20MiB at  379.75KiB/s ETA 00:08
[2026-02-19 12:13:59] [DEBUG] extract_transcript.py: [YT-DLP DOWNLOAD] 진행률: 0.2% | 다운로드: 7,168/3,351,140 bytes | 속도: 379.7 KB/s | 남은시간: 8초
[2026-02-19 12:13:59] [INFO] [15%] 다운로드 중: 0.2%...
[2026-02-19 12:13:59] [DEBUG] extract_transcript.py: [YT-DLP DEBUG] [download]   0.5% of    3.20MiB at  730.66KiB/s ETA 00:04
[2026-02-19 12:13:59] [DEBUG] extract_transcript.py: [YT-DLP DOWNLOAD] 진행률: 0.5% | 다운로드: 15,360/3,351,140 bytes | 속도: 730.7 KB/s | 남은시간: 4초
[2026-02-19 12:13:59] [INFO] [15%] 다운로드 중: 0.5%...
[2026-02-19 12:13:59] [DEBUG] extract_transcript.py: [YT-DLP DEBUG] [download]   0.9% of    3.20MiB at    1.37MiB/s ETA 00:02
[2026-02-19 12:13:59] [DEBUG] extract_transcript.py: [YT-DLP DOWNLOAD] 진행률: 0.9% | 다운로드: 31,744/3,351,140 bytes | 속도: 1400.6 KB/s | 남은시간: 2초
[2026-02-19 12:13:59] [INFO] [15%] 다운로드 중: 0.9%...
[2026-02-19 12:13:59] [DEBUG] extract_transcript.py: [YT-DLP DEBUG] [download]   1.9% of    3.20MiB at  419.12KiB/s ETA 00:07
[2026-02-19 12:13:59] [DEBUG] extract_transcript.py: [YT-DLP DOWNLOAD] 진행률: 1.9% | 다운로드: 64,512/3,351,140 bytes | 속도: 419.1 KB/s | 남은시간: 7초
[2026-02-19 12:13:59] [INFO] [15%] 다운로드 중: 1.9%...
[2026-02-19 12:13:59] [DEBUG] extract_transcript.py: [YT-DLP DEBUG] [download]   3.9% of    3.20MiB at  298.06KiB/s ETA 00:10
[2026-02-19 12:13:59] [DEBUG] extract_transcript.py: [YT-DLP DOWNLOAD] 진행률: 3.9% | 다운로드: 130,048/3,351,140 bytes | 속도: 298.1 KB/s | 남은시간: 10초
[2026-02-19 12:13:59] [INFO] [15%] 다운로드 중: 3.9%...
[2026-02-19 12:13:59] [DEBUG] extract_transcript.py: [YT-DLP DEBUG] [download]   7.8% of    3.20MiB at  572.18KiB/s ETA 00:05
[2026-02-19 12:13:59] [DEBUG] extract_transcript.py: [YT-DLP DOWNLOAD] 진행률: 7.8% | 다운로드: 261,120/3,351,140 bytes | 속도: 572.2 KB/s | 남은시간: 5초
[2026-02-19 12:13:59] [INFO] [16%] 다운로드 중: 7.8%...
[2026-02-19 12:13:59] [DEBUG] extract_transcript.py: [YT-DLP DEBUG] [download]  15.6% of    3.20MiB at    1.05MiB/s ETA 00:02
[2026-02-19 12:13:59] [DEBUG] extract_transcript.py: [YT-DLP DOWNLOAD] 진행률: 15.6% | 다운로드: 523,264/3,351,140 bytes | 속도: 1071.7 KB/s | 남은시간: 2초
[2026-02-19 12:13:59] [INFO] [18%] 다운로드 중: 15.6%...
[2026-02-19 12:13:59] [DEBUG] extract_transcript.py: [YT-DLP DEBUG] [download]  31.3% of    3.20MiB at    1.80MiB/s ETA 00:01
[2026-02-19 12:13:59] [DEBUG] extract_transcript.py: [YT-DLP DOWNLOAD] 진행률: 31.3% | 다운로드: 1,047,552/3,351,140 bytes | 속도: 1839.0 KB/s | 남은시간: 1초
[2026-02-19 12:13:59] [INFO] [21%] 다운로드 중: 31.3%...
[2026-02-19 12:13:59] [DEBUG] extract_transcript.py: [YT-DLP DEBUG] [download]  62.5% of    3.20MiB at    2.59MiB/s ETA 00:00
[2026-02-19 12:13:59] [DEBUG] extract_transcript.py: [YT-DLP DOWNLOAD] 진행률: 62.5% | 다운로드: 2,096,128/3,351,140 bytes | 속도: 2647.1 KB/s
[2026-02-19 12:13:59] [INFO] [27%] 다운로드 중: 62.5%...
[2026-02-19 12:13:59] [DEBUG] extract_transcript.py: [YT-DLP DEBUG] [download] 100.0% of    3.20MiB at    3.66MiB/s ETA 00:00
[2026-02-19 12:13:59] [DEBUG] extract_transcript.py: [YT-DLP DOWNLOAD] 진행률: 100.0% | 다운로드: 3,351,140/3,351,140 bytes | 속도: 3748.3 KB/s
[2026-02-19 12:13:59] [INFO] [35%] 다운로드 중: 100.0%...
[2026-02-19 12:13:59] [DEBUG] extract_transcript.py: [YT-DLP DEBUG] [download] 100% of    3.20MiB in 00:00:00 at 3.34MiB/s
[2026-02-19 12:13:59] [DEBUG] extract_transcript.py: [YT-DLP DOWNLOAD] ✓ 다운로드 완료!
[2026-02-19 12:13:59] [DEBUG] extract_transcript.py: [YT-DLP DOWNLOAD]    - 파일: Temp_Audio/Gwz82XUqJQU.m4a
[2026-02-19 12:13:59] [DEBUG] extract_transcript.py: [YT-DLP DOWNLOAD]    - 크기: 3,351,140 bytes
[2026-02-19 12:13:59] [DEBUG] extract_transcript.py: [YT-DLP DOWNLOAD]    - 소요시간: 0.96초
[2026-02-19 12:13:59] [DEBUG] extract_transcript.py: [YT-DLP DOWNLOAD]    - 평균 속도: 3418.1 KB/s
[2026-02-19 12:13:59] [DEBUG] extract_transcript.py: ================================================================================
[2026-02-19 12:13:59] [DEBUG] extract_transcript.py: ✅ YT-DLP 다운로드 완료
[2026-02-19 12:13:59] [INFO] [35%] 오디오 다운로드 완료!
[2026-02-19 12:13:59] [DEBUG] extract_transcript.py: ================================================================================
[2026-02-19 12:13:59] [DEBUG] extract_transcript.py: ================================================================================
[2026-02-19 12:13:59] [DEBUG] extract_transcript.py: 🎤 WHISPER AI 음성 인식 상세 로그
[2026-02-19 12:13:59] [DEBUG] extract_transcript.py: ================================================================================
[2026-02-19 12:13:59] [DEBUG] extract_transcript.py: [WHISPER] 📥 모델 로딩 중...
[2026-02-19 12:13:59] [DEBUG] extract_transcript.py: [WHISPER]    - 모델: turbo
[2026-02-19 12:13:59] [DEBUG] extract_transcript.py: [WHISPER]    - 디바이스: CUDA (GPU)
[2026-02-19 12:13:59] [DEBUG] extract_transcript.py: [WHISPER]    - 연산 타입: float16
[2026-02-19 12:13:59] [DEBUG] extract_transcript.py: [WHISPER] ⚙️  Whisper 모델 초기화 중...
[2026-02-19 12:13:59] [DEBUG] extract_transcript.py: [WHISPER] 💾 메모리에 모델 적재 중...
[2026-02-19 12:13:59] [DEBUG] extract_transcript.py: [WHISPER] ⚠️ CUDA 라이브러리 미검출 예상으로 CPU 모드 강제 사용
[2026-02-19 12:14:01] [DEBUG] extract_transcript.py: [WHISPER] ⏳ 모델 로딩 진행 중 (2s...)
[2026-02-19 12:14:01] [INFO] [43%] 모델 로딩 중... 2s...
[2026-02-19 12:14:03] [DEBUG] extract_transcript.py: [WHISPER] ⏳ 모델 로딩 진행 중 (4s...)
[2026-02-19 12:14:03] [INFO] [43%] 모델 로딩 중... 4s...
[2026-02-19 12:14:05] [DEBUG] extract_transcript.py: [WHISPER] ⏳ 모델 로딩 진행 중 (6s...)
[2026-02-19 12:14:05] [INFO] [43%] 모델 로딩 중... 6s...
[2026-02-19 12:14:07] [DEBUG] extract_transcript.py: [WHISPER] ⏳ 모델 로딩 진행 중 (8s...)
[2026-02-19 12:14:07] [INFO] [43%] 모델 로딩 중... 8s...
[2026-02-19 12:14:09] [DEBUG] extract_transcript.py: [WHISPER] ⏳ 모델 로딩 진행 중 (10s...)
[2026-02-19 12:14:09] [INFO] [43%] 모델 로딩 중... 10s...
[2026-02-19 12:14:11] [DEBUG] extract_transcript.py: [WHISPER] ⏳ 모델 로딩 진행 중 (12s...)
[2026-02-19 12:14:11] [INFO] [43%] 모델 로딩 중... 12s...
[2026-02-19 12:14:13] [DEBUG] extract_transcript.py: [WHISPER] ⏳ 모델 로딩 진행 중 (14s...)
[2026-02-19 12:14:13] [INFO] [43%] 모델 로딩 중... 14s...
[2026-02-19 12:14:15] [DEBUG] extract_transcript.py: [WHISPER] ⏳ 모델 로딩 진행 중 (16s...)
[2026-02-19 12:14:15] [INFO] [43%] 모델 로딩 중... 16s...
[2026-02-19 12:14:17] [DEBUG] extract_transcript.py: [WHISPER] ⏳ 모델 로딩 진행 중 (18s...)
[2026-02-19 12:14:17] [INFO] [43%] 모델 로딩 중... 18s...
[2026-02-19 12:14:19] [DEBUG] extract_transcript.py: [WHISPER] ⏳ 모델 로딩 진행 중 (20s...)
[2026-02-19 12:14:19] [INFO] [43%] 모델 로딩 중... 20s...
[2026-02-19 12:14:21] [DEBUG] extract_transcript.py: [WHISPER] ⏳ 모델 로딩 진행 중 (22s...)
[2026-02-19 12:14:21] [INFO] [43%] 모델 로딩 중... 22s...
[2026-02-19 12:14:23] [DEBUG] extract_transcript.py: [WHISPER] ⏳ 모델 로딩 진행 중 (24s...)
[2026-02-19 12:14:23] [INFO] [43%] 모델 로딩 중... 24s...
[2026-02-19 12:14:25] [DEBUG] extract_transcript.py: [WHISPER] ⏳ 모델 로딩 진행 중 (26s...)
[2026-02-19 12:14:26] [INFO] [43%] 모델 로딩 중... 26s...
[2026-02-19 12:14:28] [DEBUG] extract_transcript.py: [WHISPER] ⏳ 모델 로딩 진행 중 (28s...)
[2026-02-19 12:14:28] [INFO] [43%] 모델 로딩 중... 28s...
[2026-02-19 12:14:30] [DEBUG] extract_transcript.py: [WHISPER] ⏳ 모델 로딩 진행 중 (30s...)
[2026-02-19 12:14:30] [INFO] [43%] 모델 로딩 중... 30s...
[2026-02-19 12:14:32] [DEBUG] extract_transcript.py: [WHISPER] ⏳ 모델 로딩 진행 중 (32s...)
[2026-02-19 12:14:32] [INFO] [43%] 모델 로딩 중... 32s...
[2026-02-19 12:14:34] [DEBUG] extract_transcript.py: [WHISPER] ⏳ 모델 로딩 진행 중 (34s...)
[2026-02-19 12:14:34] [INFO] [43%] 모델 로딩 중... 34s...
[2026-02-19 12:14:36] [DEBUG] extract_transcript.py: [WHISPER] ⏳ 모델 로딩 진행 중 (36s...)
[2026-02-19 12:14:36] [INFO] [43%] 모델 로딩 중... 36s...
[2026-02-19 12:14:38] [DEBUG] extract_transcript.py: [WHISPER] ⏳ 모델 로딩 진행 중 (38s...)
[2026-02-19 12:14:38] [INFO] [43%] 모델 로딩 중... 38s...
[2026-02-19 12:14:40] [DEBUG] extract_transcript.py: [WHISPER] ⏳ 모델 로딩 진행 중 (40s...)
[2026-02-19 12:14:40] [INFO] [43%] 모델 로딩 중... 40s...
[2026-02-19 12:14:42] [DEBUG] extract_transcript.py: [WHISPER] ⏳ 모델 로딩 진행 중 (42s...)
[2026-02-19 12:14:42] [INFO] [43%] 모델 로딩 중... 42s...
[2026-02-19 12:14:44] [DEBUG] extract_transcript.py: [WHISPER] ⏳ 모델 로딩 진행 중 (44s...)
[2026-02-19 12:14:44] [INFO] [43%] 모델 로딩 중... 44s...
[2026-02-19 12:14:46] [DEBUG] extract_transcript.py: [WHISPER] ⏳ 모델 로딩 진행 중 (46s...)
[2026-02-19 12:14:46] [INFO] [43%] 모델 로딩 중... 46s...
[2026-02-19 12:14:48] [DEBUG] extract_transcript.py: [WHISPER] ⏳ 모델 로딩 진행 중 (48s...)
[2026-02-19 12:14:48] [INFO] [43%] 모델 로딩 중... 48s...
[2026-02-19 12:14:50] [DEBUG] extract_transcript.py: [WHISPER] ⏳ 모델 로딩 진행 중 (50s...)
[2026-02-19 12:14:50] [INFO] [43%] 모델 로딩 중... 50s...
[2026-02-19 12:14:52] [DEBUG] extract_transcript.py: [WHISPER] ⏳ 모델 로딩 진행 중 (52s...)
[2026-02-19 12:14:52] [INFO] [43%] 모델 로딩 중... 52s...
[2026-02-19 12:14:54] [DEBUG] extract_transcript.py: [WHISPER] ⏳ 모델 로딩 진행 중 (54s...)
[2026-02-19 12:14:54] [INFO] [43%] 모델 로딩 중... 54s...
[2026-02-19 12:14:56] [DEBUG] extract_transcript.py: [WHISPER] ⏳ 모델 로딩 진행 중 (56s...)
[2026-02-19 12:14:56] [INFO] [43%] 모델 로딩 중... 56s...
[2026-02-19 12:14:58] [DEBUG] extract_transcript.py: [WHISPER] ⏳ 모델 로딩 진행 중 (58s...)
[2026-02-19 12:14:58] [INFO] [43%] 모델 로딩 중... 58s...
[2026-02-19 12:15:00] [DEBUG] extract_transcript.py: [WHISPER] ⏳ 모델 로딩 진행 중 (60s...)
[2026-02-19 12:15:00] [INFO] [43%] 모델 로딩 중... 60s...
[2026-02-19 12:15:02] [DEBUG] extract_transcript.py: [WHISPER] ⏳ 모델 로딩 진행 중 (62s...)
[2026-02-19 12:15:02] [INFO] [43%] 모델 로딩 중... 62s...
[2026-02-19 12:15:04] [DEBUG] extract_transcript.py: [WHISPER] ⏳ 모델 로딩 진행 중 (64s...)
[2026-02-19 12:15:04] [INFO] [43%] 모델 로딩 중... 64s...
[2026-02-19 12:15:06] [DEBUG] extract_transcript.py: [WHISPER] ⏳ 모델 로딩 진행 중 (66s...)
[2026-02-19 12:15:06] [INFO] [43%] 모델 로딩 중... 66s...
[2026-02-19 12:15:08] [DEBUG] extract_transcript.py: [WHISPER] ⏳ 모델 로딩 진행 중 (68s...)
[2026-02-19 12:15:08] [INFO] [43%] 모델 로딩 중... 68s...
[2026-02-19 12:15:10] [DEBUG] extract_transcript.py: [WHISPER] ⏳ 모델 로딩 진행 중 (70s...)
[2026-02-19 12:15:10] [INFO] [43%] 모델 로딩 중... 70s...
[2026-02-19 12:15:12] [DEBUG] extract_transcript.py: [WHISPER] ⏳ 모델 로딩 진행 중 (72s...)
[2026-02-19 12:15:12] [INFO] [43%] 모델 로딩 중... 72s...
[2026-02-19 12:15:14] [DEBUG] extract_transcript.py: [WHISPER] ⏳ 모델 로딩 진행 중 (74s...)
[2026-02-19 12:15:14] [INFO] [43%] 모델 로딩 중... 74s...
[2026-02-19 12:15:16] [DEBUG] extract_transcript.py: [WHISPER] ⏳ 모델 로딩 진행 중 (76s...)
[2026-02-19 12:15:16] [INFO] [43%] 모델 로딩 중... 76s...
[2026-02-19 12:15:18] [DEBUG] extract_transcript.py: [WHISPER] ⏳ 모델 로딩 진행 중 (78s...)
[2026-02-19 12:15:18] [INFO] [43%] 모델 로딩 중... 78s...
[2026-02-19 12:15:20] [DEBUG] extract_transcript.py: [WHISPER] ⏳ 모델 로딩 진행 중 (80s...)
[2026-02-19 12:15:20] [INFO] [43%] 모델 로딩 중... 80s...
[2026-02-19 12:15:22] [DEBUG] extract_transcript.py: [WHISPER] ⏳ 모델 로딩 진행 중 (82s...)
[2026-02-19 12:15:22] [INFO] [43%] 모델 로딩 중... 82s...
[2026-02-19 12:15:24] [DEBUG] extract_transcript.py: [WHISPER] ⏳ 모델 로딩 진행 중 (84s...)
[2026-02-19 12:15:24] [INFO] [43%] 모델 로딩 중... 84s...
[2026-02-19 12:15:26] [DEBUG] extract_transcript.py: [WHISPER] ⏳ 모델 로딩 진행 중 (86s...)
[2026-02-19 12:15:26] [INFO] [43%] 모델 로딩 중... 86s...
[2026-02-19 12:15:28] [DEBUG] extract_transcript.py: [WHISPER] ⏳ 모델 로딩 진행 중 (88s...)
[2026-02-19 12:15:28] [INFO] [43%] 모델 로딩 중... 88s...
[2026-02-19 12:15:30] [DEBUG] extract_transcript.py: [WHISPER] ⏳ 모델 로딩 진행 중 (90s...)
[2026-02-19 12:15:30] [INFO] [43%] 모델 로딩 중... 90s...
[2026-02-19 12:15:32] [DEBUG] extract_transcript.py: [WHISPER] ⏳ 모델 로딩 진행 중 (92s...)
[2026-02-19 12:15:32] [INFO] [43%] 모델 로딩 중... 92s...
[2026-02-19 12:15:34] [DEBUG] extract_transcript.py: [WHISPER] ⏳ 모델 로딩 진행 중 (94s...)
[2026-02-19 12:15:34] [INFO] [43%] 모델 로딩 중... 94s...
[2026-02-19 12:15:36] [DEBUG] extract_transcript.py: [WHISPER] ⏳ 모델 로딩 진행 중 (96s...)
[2026-02-19 12:15:36] [INFO] [43%] 모델 로딩 중... 96s...
[2026-02-19 12:15:38] [DEBUG] extract_transcript.py: [WHISPER] ⏳ 모델 로딩 진행 중 (98s...)
[2026-02-19 12:15:38] [INFO] [43%] 모델 로딩 중... 98s...
[2026-02-19 12:15:40] [DEBUG] extract_transcript.py: [WHISPER] ⏳ 모델 로딩 진행 중 (100s...)
[2026-02-19 12:15:40] [INFO] [43%] 모델 로딩 중... 100s...
[2026-02-19 12:15:42] [DEBUG] extract_transcript.py: [WHISPER] ⏳ 모델 로딩 진행 중 (102s...)
[2026-02-19 12:15:42] [INFO] [43%] 모델 로딩 중... 102s...
[2026-02-19 12:15:44] [DEBUG] extract_transcript.py: [WHISPER] ⏳ 모델 로딩 진행 중 (104s...)
[2026-02-19 12:15:44] [INFO] [43%] 모델 로딩 중... 104s...
[2026-02-19 12:15:46] [DEBUG] extract_transcript.py: [WHISPER] ⏳ 모델 로딩 진행 중 (106s...)
[2026-02-19 12:15:46] [INFO] [43%] 모델 로딩 중... 106s...
[2026-02-19 12:15:48] [DEBUG] extract_transcript.py: [WHISPER] ⏳ 모델 로딩 진행 중 (108s...)
[2026-02-19 12:15:48] [INFO] [43%] 모델 로딩 중... 108s...
[2026-02-19 12:15:50] [DEBUG] extract_transcript.py: [WHISPER] ⏳ 모델 로딩 진행 중 (110s...)
[2026-02-19 12:15:50] [INFO] [43%] 모델 로딩 중... 110s...
[2026-02-19 12:15:52] [DEBUG] extract_transcript.py: [WHISPER] ⏳ 모델 로딩 진행 중 (112s...)
[2026-02-19 12:15:52] [INFO] [43%] 모델 로딩 중... 112s...
[2026-02-19 12:15:54] [DEBUG] extract_transcript.py: [WHISPER] ⏳ 모델 로딩 진행 중 (114s...)
[2026-02-19 12:15:54] [INFO] [43%] 모델 로딩 중... 114s...
[2026-02-19 12:15:56] [DEBUG] extract_transcript.py: [WHISPER] ⏳ 모델 로딩 진행 중 (116s...)
[2026-02-19 12:15:56] [INFO] [43%] 모델 로딩 중... 116s...
[2026-02-19 12:15:58] [DEBUG] extract_transcript.py: [WHISPER] ⏳ 모델 로딩 진행 중 (118s...)
[2026-02-19 12:15:58] [INFO] [43%] 모델 로딩 중... 118s...
[2026-02-19 12:16:00] [DEBUG] extract_transcript.py: [WHISPER] ⏳ 모델 로딩 진행 중 (120s...)
[2026-02-19 12:16:00] [INFO] [43%] 모델 로딩 중... 120s...
[2026-02-19 12:16:02] [DEBUG] extract_transcript.py: [WHISPER] ⏳ 모델 로딩 진행 중 (122s...)
[2026-02-19 12:16:02] [INFO] [43%] 모델 로딩 중... 122s...
[2026-02-19 12:16:04] [DEBUG] extract_transcript.py: [WHISPER] ⏳ 모델 로딩 진행 중 (124s...)
[2026-02-19 12:16:04] [INFO] [43%] 모델 로딩 중... 124s...
[2026-02-19 12:16:06] [DEBUG] extract_transcript.py: [WHISPER] ⏳ 모델 로딩 진행 중 (126s...)
[2026-02-19 12:16:06] [INFO] [43%] 모델 로딩 중... 126s...
[2026-02-19 12:16:08] [DEBUG] extract_transcript.py: [WHISPER] ⏳ 모델 로딩 진행 중 (128s...)
[2026-02-19 12:16:08] [INFO] [43%] 모델 로딩 중... 128s...
[2026-02-19 12:16:10] [DEBUG] extract_transcript.py: [WHISPER] ⏳ 모델 로딩 진행 중 (130s...)
[2026-02-19 12:16:10] [INFO] [43%] 모델 로딩 중... 130s...
[2026-02-19 12:16:12] [DEBUG] extract_transcript.py: [WHISPER] ⏳ 모델 로딩 진행 중 (132s...)
[2026-02-19 12:16:12] [INFO] [43%] 모델 로딩 중... 132s...
[2026-02-19 12:16:14] [DEBUG] extract_transcript.py: [WHISPER] ⏳ 모델 로딩 진행 중 (134s...)
[2026-02-19 12:16:14] [INFO] [43%] 모델 로딩 중... 134s...
[2026-02-19 12:16:16] [DEBUG] extract_transcript.py: [WHISPER] ⏳ 모델 로딩 진행 중 (136s...)
[2026-02-19 12:16:16] [INFO] [43%] 모델 로딩 중... 136s...
[2026-02-19 12:16:18] [DEBUG] extract_transcript.py: [WHISPER] ⏳ 모델 로딩 진행 중 (138s...)
[2026-02-19 12:16:18] [INFO] [43%] 모델 로딩 중... 138s...
[2026-02-19 12:16:20] [DEBUG] extract_transcript.py: [WHISPER] ⏳ 모델 로딩 진행 중 (140s...)
[2026-02-19 12:16:20] [INFO] [43%] 모델 로딩 중... 140s...
[2026-02-19 12:16:22] [DEBUG] extract_transcript.py: [WHISPER] ⏳ 모델 로딩 진행 중 (142s...)
[2026-02-19 12:16:22] [INFO] [43%] 모델 로딩 중... 142s...
[2026-02-19 12:16:24] [DEBUG] extract_transcript.py: [WHISPER] ⏳ 모델 로딩 진행 중 (144s...)
[2026-02-19 12:16:24] [INFO] [43%] 모델 로딩 중... 144s...
[2026-02-19 12:16:26] [DEBUG] extract_transcript.py: [WHISPER] ⏳ 모델 로딩 진행 중 (146s...)
[2026-02-19 12:16:26] [INFO] [43%] 모델 로딩 중... 146s...
[2026-02-19 12:16:28] [DEBUG] extract_transcript.py: [WHISPER] ⏳ 모델 로딩 진행 중 (148s...)
[2026-02-19 12:16:28] [INFO] [43%] 모델 로딩 중... 148s...
[2026-02-19 12:16:30] [DEBUG] extract_transcript.py: [WHISPER] ⏳ 모델 로딩 진행 중 (150s...)
[2026-02-19 12:16:30] [INFO] [43%] 모델 로딩 중... 150s...
[2026-02-19 12:16:32] [DEBUG] extract_transcript.py: [WHISPER] ⏳ 모델 로딩 진행 중 (152s...)
[2026-02-19 12:16:32] [INFO] [43%] 모델 로딩 중... 152s...
[2026-02-19 12:16:34] [DEBUG] extract_transcript.py: [WHISPER] ⏳ 모델 로딩 진행 중 (154s...)
[2026-02-19 12:16:34] [INFO] [43%] 모델 로딩 중... 154s...
[2026-02-19 12:16:36] [DEBUG] extract_transcript.py: [WHISPER] ⏳ 모델 로딩 진행 중 (156s...)
[2026-02-19 12:16:36] [INFO] [43%] 모델 로딩 중... 156s...
[2026-02-19 12:16:38] [DEBUG] extract_transcript.py: [WHISPER] ⏳ 모델 로딩 진행 중 (158s...)
[2026-02-19 12:16:38] [INFO] [43%] 모델 로딩 중... 158s...
[2026-02-19 12:16:40] [DEBUG] extract_transcript.py: [WHISPER] ⏳ 모델 로딩 진행 중 (160s...)
[2026-02-19 12:16:40] [INFO] [43%] 모델 로딩 중... 160s...
[2026-02-19 12:16:42] [DEBUG] extract_transcript.py: [WHISPER] ⏳ 모델 로딩 진행 중 (162s...)
[2026-02-19 12:16:42] [INFO] [43%] 모델 로딩 중... 162s...
[2026-02-19 12:16:44] [DEBUG] extract_transcript.py: [WHISPER] ⏳ 모델 로딩 진행 중 (164s...)
[2026-02-19 12:16:44] [INFO] [43%] 모델 로딩 중... 164s...
[2026-02-19 12:16:46] [DEBUG] extract_transcript.py: [WHISPER] ⏳ 모델 로딩 진행 중 (166s...)
[2026-02-19 12:16:46] [INFO] [43%] 모델 로딩 중... 166s...
[2026-02-19 12:16:48] [DEBUG] extract_transcript.py: [WHISPER] ⏳ 모델 로딩 진행 중 (168s...)
[2026-02-19 12:16:48] [INFO] [43%] 모델 로딩 중... 168s...
[2026-02-19 12:16:50] [DEBUG] extract_transcript.py: [WHISPER] ⏳ 모델 로딩 진행 중 (170s...)
[2026-02-19 12:16:50] [INFO] [43%] 모델 로딩 중... 170s...
[2026-02-19 12:16:52] [DEBUG] extract_transcript.py: [WHISPER] ⏳ 모델 로딩 진행 중 (172s...)
[2026-02-19 12:16:52] [INFO] [43%] 모델 로딩 중... 172s...
[2026-02-19 12:16:54] [DEBUG] extract_transcript.py: [WHISPER] ⏳ 모델 로딩 진행 중 (174s...)
[2026-02-19 12:16:54] [INFO] [43%] 모델 로딩 중... 174s...
[2026-02-19 12:16:56] [DEBUG] extract_transcript.py: [WHISPER] ⏳ 모델 로딩 진행 중 (176s...)
[2026-02-19 12:16:56] [INFO] [43%] 모델 로딩 중... 176s...
[2026-02-19 12:16:58] [DEBUG] extract_transcript.py: [WHISPER] ⏳ 모델 로딩 진행 중 (178s...)
[2026-02-19 12:16:58] [INFO] [43%] 모델 로딩 중... 178s...
[2026-02-19 12:17:00] [DEBUG] extract_transcript.py: [WHISPER] ⏳ 모델 로딩 진행 중 (180s...)
[2026-02-19 12:17:00] [INFO] [43%] 모델 로딩 중... 180s...
[2026-02-19 12:17:02] [DEBUG] extract_transcript.py: [WHISPER] ⏳ 모델 로딩 진행 중 (182s...)
[2026-02-19 12:17:02] [INFO] [43%] 모델 로딩 중... 182s...
[2026-02-19 12:17:04] [DEBUG] extract_transcript.py: [WHISPER] ⏳ 모델 로딩 진행 중 (184s...)
[2026-02-19 12:17:04] [INFO] [43%] 모델 로딩 중... 184s...
[2026-02-19 12:17:06] [DEBUG] extract_transcript.py: [WHISPER] ⏳ 모델 로딩 진행 중 (186s...)
[2026-02-19 12:17:06] [INFO] [43%] 모델 로딩 중... 186s...
[2026-02-19 12:17:08] [DEBUG] extract_transcript.py: [WHISPER] ⏳ 모델 로딩 진행 중 (188s...)
[2026-02-19 12:17:08] [INFO] [43%] 모델 로딩 중... 188s...
[2026-02-19 12:17:10] [DEBUG] extract_transcript.py: [WHISPER] ⏳ 모델 로딩 진행 중 (190s...)
[2026-02-19 12:17:10] [INFO] [43%] 모델 로딩 중... 190s...
[2026-02-19 12:17:12] [DEBUG] extract_transcript.py: [WHISPER] ⏳ 모델 로딩 진행 중 (192s...)
[2026-02-19 12:17:12] [INFO] [43%] 모델 로딩 중... 192s...
[2026-02-19 12:17:14] [DEBUG] extract_transcript.py: [WHISPER] ⏳ 모델 로딩 진행 중 (194s...)
[2026-02-19 12:17:14] [INFO] [43%] 모델 로딩 중... 194s...
[2026-02-19 12:17:16] [DEBUG] extract_transcript.py: [WHISPER] ⏳ 모델 로딩 진행 중 (196s...)
[2026-02-19 12:17:16] [INFO] [43%] 모델 로딩 중... 196s...
[2026-02-19 12:17:18] [DEBUG] extract_transcript.py: [WHISPER] ⏳ 모델 로딩 진행 중 (198s...)
[2026-02-19 12:17:18] [INFO] [43%] 모델 로딩 중... 198s...
[2026-02-19 12:17:20] [DEBUG] extract_transcript.py: [WHISPER] ⏳ 모델 로딩 진행 중 (200s...)
[2026-02-19 12:17:20] [INFO] [43%] 모델 로딩 중... 200s...
[2026-02-19 12:17:22] [DEBUG] extract_transcript.py: [WHISPER] ⏳ 모델 로딩 진행 중 (202s...)
[2026-02-19 12:17:22] [INFO] [43%] 모델 로딩 중... 202s...
[2026-02-19 12:17:24] [DEBUG] extract_transcript.py: [WHISPER] ⏳ 모델 로딩 진행 중 (204s...)
[2026-02-19 12:17:24] [INFO] [43%] 모델 로딩 중... 204s...
[2026-02-19 12:17:26] [DEBUG] extract_transcript.py: [WHISPER] ⏳ 모델 로딩 진행 중 (206s...)
[2026-02-19 12:17:26] [INFO] [43%] 모델 로딩 중... 206s...
[2026-02-19 12:17:28] [DEBUG] extract_transcript.py: [WHISPER] ⏳ 모델 로딩 진행 중 (208s...)
[2026-02-19 12:17:28] [INFO] [43%] 모델 로딩 중... 208s...
[2026-02-19 12:17:30] [DEBUG] extract_transcript.py: [WHISPER] ⏳ 모델 로딩 진행 중 (210s...)
[2026-02-19 12:17:30] [INFO] [43%] 모델 로딩 중... 210s...
[2026-02-19 12:17:32] [DEBUG] extract_transcript.py: [WHISPER] ⏳ 모델 로딩 진행 중 (212s...)
[2026-02-19 12:17:32] [INFO] [43%] 모델 로딩 중... 212s...
[2026-02-19 12:17:34] [DEBUG] extract_transcript.py: [WHISPER] ⏳ 모델 로딩 진행 중 (214s...)
[2026-02-19 12:17:34] [INFO] [43%] 모델 로딩 중... 214s...
[2026-02-19 12:17:36] [DEBUG] extract_transcript.py: [WHISPER] ⏳ 모델 로딩 진행 중 (216s...)
[2026-02-19 12:17:36] [INFO] [43%] 모델 로딩 중... 216s...
[2026-02-19 12:17:38] [DEBUG] extract_transcript.py: [WHISPER] ⏳ 모델 로딩 진행 중 (218s...)
[2026-02-19 12:17:38] [INFO] [43%] 모델 로딩 중... 218s...
[2026-02-19 12:17:40] [DEBUG] extract_transcript.py: [WHISPER] ⏳ 모델 로딩 진행 중 (220s...)
[2026-02-19 12:17:40] [INFO] [43%] 모델 로딩 중... 220s...
[2026-02-19 12:17:42] [DEBUG] extract_transcript.py: [WHISPER] ⏳ 모델 로딩 진행 중 (222s...)
[2026-02-19 12:17:42] [INFO] [43%] 모델 로딩 중... 222s...
[2026-02-19 12:17:44] [DEBUG] extract_transcript.py: [WHISPER] ⏳ 모델 로딩 진행 중 (224s...)
[2026-02-19 12:17:44] [INFO] [43%] 모델 로딩 중... 224s...
[2026-02-19 12:17:46] [DEBUG] extract_transcript.py: [WHISPER] ⏳ 모델 로딩 진행 중 (226s...)
[2026-02-19 12:17:46] [INFO] [43%] 모델 로딩 중... 226s...
[2026-02-19 12:17:48] [DEBUG] extract_transcript.py: [WHISPER] ⏳ 모델 로딩 진행 중 (228s...)
[2026-02-19 12:17:48] [INFO] [43%] 모델 로딩 중... 228s...
[2026-02-19 12:17:50] [DEBUG] extract_transcript.py: [WHISPER] ⏳ 모델 로딩 진행 중 (230s...)
[2026-02-19 12:17:50] [INFO] [43%] 모델 로딩 중... 230s...
[2026-02-19 12:17:52] [DEBUG] extract_transcript.py: [WHISPER] ⏳ 모델 로딩 진행 중 (232s...)
[2026-02-19 12:17:52] [INFO] [43%] 모델 로딩 중... 232s...
[2026-02-19 12:17:54] [DEBUG] extract_transcript.py: [WHISPER] ⏳ 모델 로딩 진행 중 (234s...)
[2026-02-19 12:17:54] [INFO] [43%] 모델 로딩 중... 234s...
[2026-02-19 12:17:56] [DEBUG] extract_transcript.py: [WHISPER] ⏳ 모델 로딩 진행 중 (236s...)
[2026-02-19 12:17:56] [INFO] [43%] 모델 로딩 중... 236s...
[2026-02-19 12:17:58] [DEBUG] extract_transcript.py: [WHISPER] ⏳ 모델 로딩 진행 중 (238s...)
[2026-02-19 12:17:58] [INFO] [43%] 모델 로딩 중... 238s...
[2026-02-19 12:18:00] [DEBUG] extract_transcript.py: [WHISPER] ⏳ 모델 로딩 진행 중 (240s...)
[2026-02-19 12:18:00] [INFO] [43%] 모델 로딩 중... 240s...
[2026-02-19 12:18:02] [DEBUG] extract_transcript.py: [WHISPER] ⏳ 모델 로딩 진행 중 (242s...)
[2026-02-19 12:18:02] [INFO] [43%] 모델 로딩 중... 242s...
[2026-02-19 12:18:02] [INFO] Listed 14 scripts
[2026-02-19 12:18:04] [DEBUG] extract_transcript.py: [WHISPER] ⏳ 모델 로딩 진행 중 (244s...)
[2026-02-19 12:18:04] [INFO] [43%] 모델 로딩 중... 244s...
[2026-02-19 12:18:06] [DEBUG] extract_transcript.py: [WHISPER] ⏳ 모델 로딩 진행 중 (246s...)
[2026-02-19 12:18:06] [INFO] [43%] 모델 로딩 중... 246s...
[2026-02-19 12:18:08] [DEBUG] extract_transcript.py: [WHISPER] ⏳ 모델 로딩 진행 중 (248s...)
[2026-02-19 12:18:08] [INFO] [43%] 모델 로딩 중... 248s...
[2026-02-19 12:18:10] [DEBUG] extract_transcript.py: [WHISPER] ⏳ 모델 로딩 진행 중 (250s...)
[2026-02-19 12:18:10] [INFO] [43%] 모델 로딩 중... 250s...
[2026-02-19 12:18:12] [DEBUG] extract_transcript.py: [WHISPER] ⏳ 모델 로딩 진행 중 (252s...)
[2026-02-19 12:18:12] [INFO] [43%] 모델 로딩 중... 252s...
[2026-02-19 12:18:14] [DEBUG] extract_transcript.py: [WHISPER] ⏳ 모델 로딩 진행 중 (254s...)
[2026-02-19 12:18:14] [INFO] [43%] 모델 로딩 중... 254s...
[2026-02-19 12:18:16] [DEBUG] extract_transcript.py: [WHISPER] ⏳ 모델 로딩 진행 중 (256s...)
[2026-02-19 12:18:16] [INFO] [43%] 모델 로딩 중... 256s...
[2026-02-19 12:18:18] [DEBUG] extract_transcript.py: [WHISPER] ⏳ 모델 로딩 진행 중 (258s...)
[2026-02-19 12:18:18] [INFO] [43%] 모델 로딩 중... 258s...
[2026-02-19 12:18:20] [DEBUG] extract_transcript.py: [WHISPER] ⏳ 모델 로딩 진행 중 (260s...)
[2026-02-19 12:18:20] [INFO] [43%] 모델 로딩 중... 260s...
[2026-02-19 12:18:22] [DEBUG] extract_transcript.py: [WHISPER] ⏳ 모델 로딩 진행 중 (262s...)
[2026-02-19 12:18:22] [INFO] [43%] 모델 로딩 중... 262s...
[2026-02-19 12:18:24] [DEBUG] extract_transcript.py: [WHISPER] ⏳ 모델 로딩 진행 중 (264s...)
[2026-02-19 12:18:24] [INFO] [43%] 모델 로딩 중... 264s...
[2026-02-19 12:18:26] [DEBUG] extract_transcript.py: [WHISPER] ⏳ 모델 로딩 진행 중 (266s...)
[2026-02-19 12:18:26] [INFO] [43%] 모델 로딩 중... 266s...
[2026-02-19 12:18:28] [DEBUG] extract_transcript.py: [WHISPER] ⏳ 모델 로딩 진행 중 (268s...)
[2026-02-19 12:18:28] [INFO] [43%] 모델 로딩 중... 268s...
[2026-02-19 12:18:30] [DEBUG] extract_transcript.py: [WHISPER] ⏳ 모델 로딩 진행 중 (270s...)
[2026-02-19 12:18:30] [INFO] [43%] 모델 로딩 중... 270s...
[2026-02-19 12:18:32] [DEBUG] extract_transcript.py: [WHISPER] ⏳ 모델 로딩 진행 중 (272s...)
[2026-02-19 12:18:32] [INFO] [43%] 모델 로딩 중... 272s...
[2026-02-19 12:18:34] [DEBUG] extract_transcript.py: [WHISPER] ⏳ 모델 로딩 진행 중 (274s...)
[2026-02-19 12:18:34] [INFO] [43%] 모델 로딩 중... 274s...
[2026-02-19 12:18:36] [DEBUG] extract_transcript.py: [WHISPER] ⏳ 모델 로딩 진행 중 (276s...)
[2026-02-19 12:18:36] [INFO] [43%] 모델 로딩 중... 276s...
[2026-02-19 12:18:38] [DEBUG] extract_transcript.py: [WHISPER] ⏳ 모델 로딩 진행 중 (278s...)
[2026-02-19 12:18:38] [INFO] [43%] 모델 로딩 중... 278s...
[2026-02-19 12:18:40] [DEBUG] extract_transcript.py: [WHISPER] ⏳ 모델 로딩 진행 중 (280s...)
[2026-02-19 12:18:40] [INFO] [43%] 모델 로딩 중... 280s...
[2026-02-19 12:18:42] [DEBUG] extract_transcript.py: [WHISPER] ⏳ 모델 로딩 진행 중 (282s...)
[2026-02-19 12:18:42] [INFO] [43%] 모델 로딩 중... 282s...
[2026-02-19 12:18:44] [DEBUG] extract_transcript.py: [WHISPER] ⏳ 모델 로딩 진행 중 (284s...)
[2026-02-19 12:18:44] [INFO] [43%] 모델 로딩 중... 284s...
[2026-02-19 12:18:46] [DEBUG] extract_transcript.py: [WHISPER] ⏳ 모델 로딩 진행 중 (286s...)
[2026-02-19 12:18:46] [INFO] [43%] 모델 로딩 중... 286s...
[2026-02-19 12:18:48] [DEBUG] extract_transcript.py: [WHISPER] ⏳ 모델 로딩 진행 중 (288s...)
[2026-02-19 12:18:48] [INFO] [43%] 모델 로딩 중... 288s...
[2026-02-19 12:18:50] [DEBUG] extract_transcript.py: [WHISPER] ⏳ 모델 로딩 진행 중 (290s...)
[2026-02-19 12:18:50] [INFO] [43%] 모델 로딩 중... 290s...
[2026-02-19 12:18:52] [DEBUG] extract_transcript.py: [WHISPER] ⏳ 모델 로딩 진행 중 (292s...)
[2026-02-19 12:18:52] [INFO] [43%] 모델 로딩 중... 292s...
[2026-02-19 12:18:54] [DEBUG] extract_transcript.py: [WHISPER] ⏳ 모델 로딩 진행 중 (294s...)
[2026-02-19 12:18:54] [INFO] [43%] 모델 로딩 중... 294s...
[2026-02-19 12:18:56] [DEBUG] extract_transcript.py: [WHISPER] ⏳ 모델 로딩 진행 중 (296s...)
[2026-02-19 12:18:56] [INFO] [43%] 모델 로딩 중... 296s...
[2026-02-19 12:18:58] [DEBUG] extract_transcript.py: [WHISPER] ⏳ 모델 로딩 진행 중 (298s...)
[2026-02-19 12:18:58] [INFO] [43%] 모델 로딩 중... 298s...
[2026-02-19 12:19:00] [DEBUG] extract_transcript.py: [WHISPER] ⏳ 모델 로딩 진행 중 (300s...)
[2026-02-19 12:19:00] [INFO] [43%] 모델 로딩 중... 300s...
[2026-02-19 12:19:02] [DEBUG] extract_transcript.py: [WHISPER] ⏳ 모델 로딩 진행 중 (302s...)
[2026-02-19 12:19:02] [INFO] [43%] 모델 로딩 중... 302s...
[2026-02-19 12:19:04] [DEBUG] extract_transcript.py: [WHISPER] ⏳ 모델 로딩 진행 중 (304s...)
[2026-02-19 12:19:04] [INFO] [43%] 모델 로딩 중... 304s...
[2026-02-19 12:19:06] [DEBUG] extract_transcript.py: [WHISPER] ⏳ 모델 로딩 진행 중 (306s...)
[2026-02-19 12:19:06] [INFO] [43%] 모델 로딩 중... 306s...
[2026-02-19 12:19:08] [DEBUG] extract_transcript.py: [WHISPER] ⏳ 모델 로딩 진행 중 (308s...)
[2026-02-19 12:19:08] [INFO] [43%] 모델 로딩 중... 308s...
[2026-02-19 12:19:10] [DEBUG] extract_transcript.py: [WHISPER] ⏳ 모델 로딩 진행 중 (310s...)
[2026-02-19 12:19:10] [INFO] [43%] 모델 로딩 중... 310s...
[2026-02-19 12:19:12] [DEBUG] extract_transcript.py: [WHISPER] ⏳ 모델 로딩 진행 중 (312s...)
[2026-02-19 12:19:12] [INFO] [43%] 모델 로딩 중... 312s...
[2026-02-19 12:19:14] [DEBUG] extract_transcript.py: [WHISPER] ⏳ 모델 로딩 진행 중 (314s...)
[2026-02-19 12:19:14] [INFO] [43%] 모델 로딩 중... 314s...
[2026-02-19 12:19:16] [DEBUG] extract_transcript.py: [WHISPER] ⏳ 모델 로딩 진행 중 (316s...)
[2026-02-19 12:19:16] [INFO] [43%] 모델 로딩 중... 316s...
[2026-02-19 12:19:18] [DEBUG] extract_transcript.py: [WHISPER] ⏳ 모델 로딩 진행 중 (318s...)
[2026-02-19 12:19:18] [INFO] [43%] 모델 로딩 중... 318s...
[2026-02-19 12:19:20] [DEBUG] extract_transcript.py: [WHISPER] ⏳ 모델 로딩 진행 중 (320s...)
[2026-02-19 12:19:20] [INFO] [43%] 모델 로딩 중... 320s...
[2026-02-19 12:19:22] [DEBUG] extract_transcript.py: [WHISPER] ⏳ 모델 로딩 진행 중 (322s...)
[2026-02-19 12:19:22] [INFO] [43%] 모델 로딩 중... 322s...
[2026-02-19 12:19:24] [DEBUG] extract_transcript.py: [WHISPER] ⏳ 모델 로딩 진행 중 (324s...)
[2026-02-19 12:19:24] [INFO] [43%] 모델 로딩 중... 324s...
[2026-02-19 12:19:26] [DEBUG] extract_transcript.py: [WHISPER] ⏳ 모델 로딩 진행 중 (326s...)
[2026-02-19 12:19:26] [INFO] [43%] 모델 로딩 중... 326s...
[2026-02-19 12:19:28] [DEBUG] extract_transcript.py: [WHISPER] ⏳ 모델 로딩 진행 중 (328s...)
[2026-02-19 12:19:28] [INFO] [43%] 모델 로딩 중... 328s...
[2026-02-19 12:19:30] [DEBUG] extract_transcript.py: [WHISPER] ⏳ 모델 로딩 진행 중 (330s...)
[2026-02-19 12:19:30] [INFO] [43%] 모델 로딩 중... 330s...
[2026-02-19 12:19:32] [DEBUG] extract_transcript.py: [WHISPER] ⏳ 모델 로딩 진행 중 (332s...)
[2026-02-19 12:19:32] [INFO] [43%] 모델 로딩 중... 332s...
[2026-02-19 12:19:34] [DEBUG] extract_transcript.py: [WHISPER] ⏳ 모델 로딩 진행 중 (334s...)
[2026-02-19 12:19:34] [INFO] [43%] 모델 로딩 중... 334s...
[2026-02-19 12:19:36] [DEBUG] extract_transcript.py: [WHISPER] ⏳ 모델 로딩 진행 중 (336s...)
[2026-02-19 12:19:36] [INFO] [43%] 모델 로딩 중... 336s...
[2026-02-19 12:19:38] [DEBUG] extract_transcript.py: [WHISPER] ⏳ 모델 로딩 진행 중 (338s...)
[2026-02-19 12:19:38] [INFO] [43%] 모델 로딩 중... 338s...
[2026-02-19 12:19:40] [DEBUG] extract_transcript.py: [WHISPER] ⏳ 모델 로딩 진행 중 (340s...)
[2026-02-19 12:19:40] [INFO] [43%] 모델 로딩 중... 340s...
[2026-02-19 12:19:42] [DEBUG] extract_transcript.py: [WHISPER] ⏳ 모델 로딩 진행 중 (342s...)
[2026-02-19 12:19:42] [INFO] [43%] 모델 로딩 중... 342s...
[2026-02-19 12:19:44] [DEBUG] extract_transcript.py: [WHISPER] ⏳ 모델 로딩 진행 중 (344s...)
[2026-02-19 12:19:44] [INFO] [43%] 모델 로딩 중... 344s...
[2026-02-19 12:19:46] [DEBUG] extract_transcript.py: [WHISPER] ⏳ 모델 로딩 진행 중 (346s...)
[2026-02-19 12:19:46] [INFO] [43%] 모델 로딩 중... 346s...
[2026-02-19 12:19:48] [DEBUG] extract_transcript.py: [WHISPER] ⏳ 모델 로딩 진행 중 (348s...)
[2026-02-19 12:19:48] [INFO] [43%] 모델 로딩 중... 348s...
[2026-02-19 12:19:50] [DEBUG] extract_transcript.py: [WHISPER] ⏳ 모델 로딩 진행 중 (350s...)
[2026-02-19 12:19:50] [INFO] [43%] 모델 로딩 중... 350s...
[2026-02-19 12:19:52] [DEBUG] extract_transcript.py: [WHISPER] ⏳ 모델 로딩 진행 중 (352s...)
[2026-02-19 12:19:52] [INFO] [43%] 모델 로딩 중... 352s...
[2026-02-19 12:19:54] [DEBUG] extract_transcript.py: [WHISPER] ⏳ 모델 로딩 진행 중 (354s...)
[2026-02-19 12:19:54] [INFO] [43%] 모델 로딩 중... 354s...
[2026-02-19 12:19:56] [DEBUG] extract_transcript.py: [WHISPER] ⏳ 모델 로딩 진행 중 (356s...)
[2026-02-19 12:19:56] [INFO] [43%] 모델 로딩 중... 356s...
[2026-02-19 12:19:58] [DEBUG] extract_transcript.py: [WHISPER] ⏳ 모델 로딩 진행 중 (358s...)
[2026-02-19 12:19:58] [INFO] [43%] 모델 로딩 중... 358s...
[2026-02-19 12:20:00] [DEBUG] extract_transcript.py: [WHISPER] ⏳ 모델 로딩 진행 중 (360s...)
[2026-02-19 12:20:00] [INFO] [43%] 모델 로딩 중... 360s...
[2026-02-19 12:20:02] [DEBUG] extract_transcript.py: [WHISPER] ⏳ 모델 로딩 진행 중 (362s...)
[2026-02-19 12:20:02] [INFO] [43%] 모델 로딩 중... 362s...
[2026-02-19 12:20:04] [DEBUG] extract_transcript.py: [WHISPER] ⏳ 모델 로딩 진행 중 (364s...)
[2026-02-19 12:20:04] [INFO] [43%] 모델 로딩 중... 364s...
[2026-02-19 12:20:06] [DEBUG] extract_transcript.py: [WHISPER] ⏳ 모델 로딩 진행 중 (366s...)
[2026-02-19 12:20:06] [INFO] [43%] 모델 로딩 중... 366s...
[2026-02-19 12:20:08] [DEBUG] extract_transcript.py: [WHISPER] ⏳ 모델 로딩 진행 중 (368s...)
[2026-02-19 12:20:08] [INFO] [43%] 모델 로딩 중... 368s...
[2026-02-19 12:20:10] [DEBUG] extract_transcript.py: [WHISPER] ⏳ 모델 로딩 진행 중 (370s...)
[2026-02-19 12:20:10] [INFO] [43%] 모델 로딩 중... 370s...
[2026-02-19 12:20:12] [DEBUG] extract_transcript.py: [WHISPER] ⏳ 모델 로딩 진행 중 (372s...)
[2026-02-19 12:20:12] [INFO] [43%] 모델 로딩 중... 372s...
