[2026-02-01 08:23:33] [INFO] ================================================================================
[2026-02-01 08:23:33] [INFO] YouTube Script Extractor Server Started
[2026-02-01 08:23:33] [INFO] Log file: /app/Logs/Server_20260201_082333.log
[2026-02-01 08:23:33] [INFO] ================================================================================
[2026-02-01 08:23:33] [INFO] ================================================================================
[2026-02-01 08:23:33] [INFO] YouTube Script Extractor Server Started
[2026-02-01 08:23:33] [INFO] Log file: /app/Logs/Server_20260201_082333.log
[2026-02-01 08:23:33] [INFO] ================================================================================
[2026-02-01 08:24:20] [INFO] Listed 14 scripts
[2026-02-01 08:36:41] [INFO] Listed 14 scripts
[2026-02-01 08:36:50] [INFO] Listed 14 scripts
[2026-02-01 20:21:47] [INFO] Listed 14 scripts
[2026-02-01 20:21:52] [INFO] Listed 14 scripts
[2026-02-01 21:18:00] [INFO] Listed 14 scripts
[2026-02-01 21:18:04] [INFO] New extraction request: https://youtu.be/sk9u0eUMFec?si=q-oJgy2vhvb581VK
[2026-02-01 21:18:04] [INFO] Extracted video ID: sk9u0eUMFec
[2026-02-01 21:18:04] [INFO] Starting extraction for video: sk9u0eUMFec
[2026-02-01 21:18:04] [INFO] Background extraction thread started for video: sk9u0eUMFec
[2026-02-01 21:18:04] [INFO] [5%] 비디오 정보 추출 중...
[2026-02-01 21:18:04] [DEBUG] Getting video title for: sk9u0eUMFec
[2026-02-01 21:18:07] [INFO] Video title: 블러드배스 고질라가 등장했다 !! 피목욕 고질라 VS 마인크래프트 군단 !! 하지만 블러드배스 고질라의 파워가 너무 쎄다! 애니메이션 상황극 [꿈토이 꿀잼 리액션]
[2026-02-01 21:18:07] [INFO] [10%] 오디오 다운로드: 블러드배스 고질라가 등장했다 !! 피목욕 고질라 VS 마인크래프트 군단 !! 하지만 블러드배스 고질라의 파워가 너무 쎄다! 애니메이션 상황극 [꿈토이 꿀잼 리액션]...
[2026-02-01 21:18:07] [DEBUG] Starting extract_transcript.py subprocess for: sk9u0eUMFec
[2026-02-01 21:18:07] [DEBUG] extract_transcript.py: [MAIN] Calling extract_transcript_whisper for video: sk9u0eUMFec
[2026-02-01 21:18:07] [DEBUG] extract_transcript.py: ================================================================================
[2026-02-01 21:18:07] [DEBUG] extract_transcript.py: 📹 YT-DLP 오디오 다운로드 시작
[2026-02-01 21:18:07] [INFO] [15%] YouTube에서 오디오 다운로드 중...
[2026-02-01 21:18:07] [DEBUG] extract_transcript.py: ================================================================================
[2026-02-01 21:18:07] [DEBUG] extract_transcript.py: [YT-DLP] URL: https://www.youtube.com/watch?v=sk9u0eUMFec
[2026-02-01 21:18:07] [DEBUG] extract_transcript.py: [YT-DLP WARNING] ⚠️  Deprecated Feature: Support for Python version 3.9 has been deprecated. Please update to Python 3.10 or above
[2026-02-01 21:18:07] [DEBUG] extract_transcript.py: [YT-DLP ERROR] ❌ Deprecated Feature: Support for Python version 3.9 has been deprecated. Please update to Python 3.10 or above
[2026-02-01 21:18:07] [DEBUG] extract_transcript.py: [YT-DLP DEBUG] [youtube] Extracting URL: https://www.youtube.com/watch?v=sk9u0eUMFec
[2026-02-01 21:18:07] [DEBUG] extract_transcript.py: [YT-DLP DEBUG] [youtube] sk9u0eUMFec: Downloading webpage
[2026-02-01 21:18:08] [DEBUG] extract_transcript.py: [YT-DLP DEBUG] [youtube] sk9u0eUMFec: Downloading android player API JSON
[2026-02-01 21:18:08] [DEBUG] extract_transcript.py: [YT-DLP WARNING] ⚠️  [youtube] sk9u0eUMFec: android client https formats require a GVS PO Token which was not provided. They will be skipped as they may yield HTTP Error 403. You can manually pass a GVS PO Token for this client with --extractor-args "youtube:po_token=android.gvs+XXX". For more information, refer to  https://github.com/yt-dlp/yt-dlp/wiki/PO-Token-Guide
[2026-02-01 21:18:08] [DEBUG] extract_transcript.py: [YT-DLP WARNING] ⚠️  [youtube] sk9u0eUMFec: Some web client https formats have been skipped as they are missing a url. YouTube is forcing SABR streaming for this client. See  https://github.com/yt-dlp/yt-dlp/issues/12482  for more details
[2026-02-01 21:18:08] [DEBUG] extract_transcript.py: [YT-DLP DEBUG] [info] sk9u0eUMFec: Downloading 1 format(s): 18
[2026-02-01 21:18:08] [DEBUG] extract_transcript.py: [YT-DLP DEBUG] [download] Sleeping 6.00 seconds as required by the site...
[2026-02-01 21:18:15] [DEBUG] extract_transcript.py: [YT-DLP DEBUG] [download] Destination: Temp_Audio/sk9u0eUMFec.m4a
[2026-02-01 21:18:15] [DEBUG] extract_transcript.py: [YT-DLP DEBUG] [download]   0.0% of   52.01MiB at   59.36KiB/s ETA 14:58
[2026-02-01 21:18:15] [DEBUG] extract_transcript.py: [YT-DLP DOWNLOAD] 진행률: 0.0% | 다운로드: 1,024/54,531,393 bytes | 속도: 59.4 KB/s | 남은시간: 898초
[2026-02-01 21:18:15] [INFO] [15%] 다운로드 중: 0.0%...
[2026-02-01 21:18:15] [DEBUG] extract_transcript.py: [YT-DLP DEBUG] [download]   0.0% of   52.01MiB at  168.86KiB/s ETA 05:15
[2026-02-01 21:18:15] [DEBUG] extract_transcript.py: [YT-DLP DOWNLOAD] 진행률: 0.0% | 다운로드: 3,072/54,531,393 bytes | 속도: 168.9 KB/s | 남은시간: 315초
[2026-02-01 21:18:15] [INFO] [15%] 다운로드 중: 0.0%...
[2026-02-01 21:18:15] [DEBUG] extract_transcript.py: [YT-DLP DEBUG] [download]   0.0% of   52.01MiB at  365.43KiB/s ETA 02:25
[2026-02-01 21:18:15] [DEBUG] extract_transcript.py: [YT-DLP DOWNLOAD] 진행률: 0.0% | 다운로드: 7,168/54,531,393 bytes | 속도: 365.4 KB/s | 남은시간: 145초
[2026-02-01 21:18:15] [INFO] [15%] 다운로드 중: 0.0%...
[2026-02-01 21:18:15] [DEBUG] extract_transcript.py: [YT-DLP DEBUG] [download]   0.0% of   52.01MiB at  707.06KiB/s ETA 01:15
[2026-02-01 21:18:15] [DEBUG] extract_transcript.py: [YT-DLP DOWNLOAD] 진행률: 0.0% | 다운로드: 15,360/54,531,393 bytes | 속도: 707.1 KB/s | 남은시간: 75초
[2026-02-01 21:18:15] [INFO] [15%] 다운로드 중: 0.0%...
[2026-02-01 21:18:15] [DEBUG] extract_transcript.py: [YT-DLP DEBUG] [download]   0.1% of   52.01MiB at    1.34MiB/s ETA 00:38
[2026-02-01 21:18:15] [DEBUG] extract_transcript.py: [YT-DLP DOWNLOAD] 진행률: 0.1% | 다운로드: 31,744/54,531,393 bytes | 속도: 1369.2 KB/s | 남은시간: 38초
[2026-02-01 21:18:15] [INFO] [15%] 다운로드 중: 0.1%...
[2026-02-01 21:18:15] [DEBUG] extract_transcript.py: [YT-DLP DEBUG] [download]   0.1% of   52.01MiB at    2.51MiB/s ETA 00:20
[2026-02-01 21:18:15] [DEBUG] extract_transcript.py: [YT-DLP DOWNLOAD] 진행률: 0.1% | 다운로드: 64,512/54,531,393 bytes | 속도: 2567.1 KB/s | 남은시간: 20초
[2026-02-01 21:18:15] [INFO] [15%] 다운로드 중: 0.1%...
[2026-02-01 21:18:15] [DEBUG] extract_transcript.py: [YT-DLP DEBUG] [download]   0.2% of   52.01MiB at    3.87MiB/s ETA 00:13
[2026-02-01 21:18:15] [DEBUG] extract_transcript.py: [YT-DLP DOWNLOAD] 진행률: 0.2% | 다운로드: 130,048/54,531,393 bytes | 속도: 3959.9 KB/s | 남은시간: 13초
[2026-02-01 21:18:15] [INFO] [15%] 다운로드 중: 0.2%...
[2026-02-01 21:18:15] [DEBUG] extract_transcript.py: [YT-DLP DEBUG] [download]   0.5% of   52.01MiB at    6.09MiB/s ETA 00:08
[2026-02-01 21:18:15] [DEBUG] extract_transcript.py: [YT-DLP DOWNLOAD] 진행률: 0.5% | 다운로드: 261,120/54,531,393 bytes | 속도: 6235.2 KB/s | 남은시간: 8초
[2026-02-01 21:18:15] [INFO] [15%] 다운로드 중: 0.5%...
[2026-02-01 21:18:15] [DEBUG] extract_transcript.py: [YT-DLP DEBUG] [download]   1.0% of   52.01MiB at    9.75MiB/s ETA 00:05
[2026-02-01 21:18:15] [DEBUG] extract_transcript.py: [YT-DLP DOWNLOAD] 진행률: 1.0% | 다운로드: 523,264/54,531,393 bytes | 속도: 9981.4 KB/s | 남은시간: 5초
[2026-02-01 21:18:15] [INFO] [15%] 다운로드 중: 1.0%...
[2026-02-01 21:18:15] [DEBUG] extract_transcript.py: [YT-DLP DEBUG] [download]   1.9% of   52.01MiB at   12.98MiB/s ETA 00:03
[2026-02-01 21:18:15] [DEBUG] extract_transcript.py: [YT-DLP DOWNLOAD] 진행률: 1.9% | 다운로드: 1,047,552/54,531,393 bytes | 속도: 13289.0 KB/s | 남은시간: 3초
[2026-02-01 21:18:15] [INFO] [15%] 다운로드 중: 1.9%...
[2026-02-01 21:18:15] [DEBUG] extract_transcript.py: [YT-DLP DEBUG] [download]   3.8% of   52.01MiB at   14.78MiB/s ETA 00:03
[2026-02-01 21:18:15] [DEBUG] extract_transcript.py: [YT-DLP DOWNLOAD] 진행률: 3.8% | 다운로드: 2,096,128/54,531,393 bytes | 속도: 15135.7 KB/s | 남은시간: 3초
[2026-02-01 21:18:15] [INFO] [15%] 다운로드 중: 3.8%...
[2026-02-01 21:18:15] [DEBUG] extract_transcript.py: [YT-DLP DEBUG] [download]   7.7% of   52.01MiB at    6.15MiB/s ETA 00:07
[2026-02-01 21:18:15] [DEBUG] extract_transcript.py: [YT-DLP DOWNLOAD] 진행률: 7.7% | 다운로드: 4,193,280/54,531,393 bytes | 속도: 6301.6 KB/s | 남은시간: 7초
[2026-02-01 21:18:15] [INFO] [16%] 다운로드 중: 7.7%...
[2026-02-01 21:18:16] [DEBUG] extract_transcript.py: [YT-DLP DEBUG] [download]  15.2% of   52.01MiB at    7.09MiB/s ETA 00:06
[2026-02-01 21:18:16] [DEBUG] extract_transcript.py: [YT-DLP DOWNLOAD] 진행률: 15.2% | 다운로드: 8,268,652/54,531,393 bytes | 속도: 7259.7 KB/s | 남은시간: 6초
[2026-02-01 21:18:16] [INFO] [18%] 다운로드 중: 15.2%...
[2026-02-01 21:18:16] [DEBUG] extract_transcript.py: [YT-DLP DEBUG] [download]  19.0% of   52.01MiB at    7.93MiB/s ETA 00:05
[2026-02-01 21:18:16] [DEBUG] extract_transcript.py: [YT-DLP DOWNLOAD] 진행률: 19.0% | 다운로드: 10,336,495/54,531,393 bytes | 속도: 8121.9 KB/s | 남은시간: 5초
[2026-02-01 21:18:16] [INFO] [18%] 다운로드 중: 19.0%...
[2026-02-01 21:18:16] [DEBUG] extract_transcript.py: [YT-DLP DEBUG] [download]  19.0% of   52.01MiB at  Unknown B/s ETA Unknown
[2026-02-01 21:18:16] [DEBUG] extract_transcript.py: [YT-DLP DOWNLOAD] 진행률: 19.0% | 다운로드: 10,337,519/54,531,393 bytes
[2026-02-01 21:18:16] [INFO] [18%] 다운로드 중: 19.0%...
[2026-02-01 21:18:16] [DEBUG] extract_transcript.py: [YT-DLP DEBUG] [download]  19.0% of   52.01MiB at    2.48MiB/s ETA 00:17
[2026-02-01 21:18:16] [DEBUG] extract_transcript.py: [YT-DLP DOWNLOAD] 진행률: 19.0% | 다운로드: 10,339,567/54,531,393 bytes | 속도: 2535.9 KB/s | 남은시간: 17초
[2026-02-01 21:18:16] [INFO] [18%] 다운로드 중: 19.0%...
[2026-02-01 21:18:16] [DEBUG] extract_transcript.py: [YT-DLP DEBUG] [download]  19.0% of   52.01MiB at    2.69MiB/s ETA 00:15
[2026-02-01 21:18:16] [DEBUG] extract_transcript.py: [YT-DLP DOWNLOAD] 진행률: 19.0% | 다운로드: 10,343,663/54,531,393 bytes | 속도: 2753.2 KB/s | 남은시간: 15초
[2026-02-01 21:18:16] [INFO] [18%] 다운로드 중: 19.0%...
[2026-02-01 21:18:16] [DEBUG] extract_transcript.py: [YT-DLP DEBUG] [download]  19.0% of   52.01MiB at    3.12MiB/s ETA 00:13
[2026-02-01 21:18:16] [DEBUG] extract_transcript.py: [YT-DLP DOWNLOAD] 진행률: 19.0% | 다운로드: 10,351,855/54,531,393 bytes | 속도: 3194.8 KB/s | 남은시간: 13초
[2026-02-01 21:18:16] [INFO] [18%] 다운로드 중: 19.0%...
[2026-02-01 21:18:16] [DEBUG] extract_transcript.py: [YT-DLP DEBUG] [download]  19.0% of   52.01MiB at    4.88MiB/s ETA 00:08
[2026-02-01 21:18:16] [DEBUG] extract_transcript.py: [YT-DLP DOWNLOAD] 진행률: 19.0% | 다운로드: 10,368,239/54,531,393 bytes | 속도: 4995.3 KB/s | 남은시간: 8초
[2026-02-01 21:18:16] [INFO] [18%] 다운로드 중: 19.0%...
[2026-02-01 21:18:16] [DEBUG] extract_transcript.py: [YT-DLP DEBUG] [download]  19.1% of   52.01MiB at    6.34MiB/s ETA 00:06
[2026-02-01 21:18:16] [DEBUG] extract_transcript.py: [YT-DLP DOWNLOAD] 진행률: 19.1% | 다운로드: 10,401,007/54,531,393 bytes | 속도: 6489.1 KB/s | 남은시간: 6초
[2026-02-01 21:18:16] [INFO] [18%] 다운로드 중: 19.1%...
[2026-02-01 21:18:16] [DEBUG] extract_transcript.py: [YT-DLP DEBUG] [download]  19.2% of   52.01MiB at    9.14MiB/s ETA 00:04
[2026-02-01 21:18:16] [DEBUG] extract_transcript.py: [YT-DLP DOWNLOAD] 진행률: 19.2% | 다운로드: 10,466,543/54,531,393 bytes | 속도: 9362.3 KB/s | 남은시간: 4초
[2026-02-01 21:18:16] [INFO] [18%] 다운로드 중: 19.2%...
[2026-02-01 21:18:16] [DEBUG] extract_transcript.py: [YT-DLP DEBUG] [download]  19.4% of   52.01MiB at    1.24MiB/s ETA 00:33
[2026-02-01 21:18:16] [DEBUG] extract_transcript.py: [YT-DLP DOWNLOAD] 진행률: 19.4% | 다운로드: 10,597,615/54,531,393 bytes | 속도: 1265.7 KB/s | 남은시간: 33초
[2026-02-01 21:18:16] [INFO] [18%] 다운로드 중: 19.4%...
[2026-02-01 21:18:16] [DEBUG] extract_transcript.py: [YT-DLP DEBUG] [download]  19.9% of   52.01MiB at    2.24MiB/s ETA 00:18
[2026-02-01 21:18:16] [DEBUG] extract_transcript.py: [YT-DLP DOWNLOAD] 진행률: 19.9% | 다운로드: 10,859,759/54,531,393 bytes | 속도: 2288.8 KB/s | 남은시간: 18초
[2026-02-01 21:18:16] [INFO] [18%] 다운로드 중: 19.9%...
[2026-02-01 21:18:16] [DEBUG] extract_transcript.py: [YT-DLP DEBUG] [download]  20.9% of   52.01MiB at    3.98MiB/s ETA 00:10
[2026-02-01 21:18:16] [DEBUG] extract_transcript.py: [YT-DLP DOWNLOAD] 진행률: 20.9% | 다운로드: 11,384,047/54,531,393 bytes | 속도: 4080.5 KB/s | 남은시간: 10초
[2026-02-01 21:18:16] [INFO] [19%] 다운로드 중: 20.9%...
[2026-02-01 21:18:16] [DEBUG] extract_transcript.py: [YT-DLP DEBUG] [download]  22.8% of   52.01MiB at    6.06MiB/s ETA 00:06
[2026-02-01 21:18:16] [DEBUG] extract_transcript.py: [YT-DLP DOWNLOAD] 진행률: 22.8% | 다운로드: 12,432,623/54,531,393 bytes | 속도: 6207.0 KB/s | 남은시간: 6초
[2026-02-01 21:18:16] [INFO] [19%] 다운로드 중: 22.8%...
[2026-02-01 21:18:17] [DEBUG] extract_transcript.py: [YT-DLP DEBUG] [download]  26.6% of   52.01MiB at    8.09MiB/s ETA 00:04
[2026-02-01 21:18:17] [DEBUG] extract_transcript.py: [YT-DLP DOWNLOAD] 진행률: 26.6% | 다운로드: 14,529,775/54,531,393 bytes | 속도: 8279.4 KB/s | 남은시간: 4초
[2026-02-01 21:18:17] [INFO] [20%] 다운로드 중: 26.6%...
[2026-02-01 21:18:17] [DEBUG] extract_transcript.py: [YT-DLP DEBUG] [download]  34.3% of   52.01MiB at    7.30MiB/s ETA 00:04
[2026-02-01 21:18:17] [DEBUG] extract_transcript.py: [YT-DLP DOWNLOAD] 진행률: 34.3% | 다운로드: 18,724,079/54,531,393 bytes | 속도: 7477.7 KB/s | 남은시간: 4초
[2026-02-01 21:18:17] [INFO] [21%] 다운로드 중: 34.3%...
[2026-02-01 21:18:17] [DEBUG] extract_transcript.py: [YT-DLP DEBUG] [download]  37.6% of   52.01MiB at    7.20MiB/s ETA 00:04
[2026-02-01 21:18:17] [DEBUG] extract_transcript.py: [YT-DLP DOWNLOAD] 진행률: 37.6% | 다운로드: 20,490,264/54,531,393 bytes | 속도: 7370.5 KB/s | 남은시간: 4초
[2026-02-01 21:18:17] [INFO] [22%] 다운로드 중: 37.6%...
[2026-02-01 21:18:17] [DEBUG] extract_transcript.py: [YT-DLP DEBUG] [download]  37.6% of   52.01MiB at  Unknown B/s ETA Unknown
[2026-02-01 21:18:17] [DEBUG] extract_transcript.py: [YT-DLP DOWNLOAD] 진행률: 37.6% | 다운로드: 20,491,288/54,531,393 bytes
[2026-02-01 21:18:17] [INFO] [22%] 다운로드 중: 37.6%...
[2026-02-01 21:18:18] [DEBUG] extract_transcript.py: [YT-DLP DEBUG] [download]  37.6% of   52.01MiB at  Unknown B/s ETA Unknown
[2026-02-01 21:18:18] [DEBUG] extract_transcript.py: [YT-DLP DOWNLOAD] 진행률: 37.6% | 다운로드: 20,493,336/54,531,393 bytes
[2026-02-01 21:18:18] [INFO] [22%] 다운로드 중: 37.6%...
[2026-02-01 21:18:18] [DEBUG] extract_transcript.py: [YT-DLP DEBUG] [download]  37.6% of   52.01MiB at    3.51MiB/s ETA 00:09
[2026-02-01 21:18:18] [DEBUG] extract_transcript.py: [YT-DLP DOWNLOAD] 진행률: 37.6% | 다운로드: 20,497,432/54,531,393 bytes | 속도: 3596.3 KB/s | 남은시간: 9초
[2026-02-01 21:18:18] [INFO] [22%] 다운로드 중: 37.6%...
[2026-02-01 21:18:18] [DEBUG] extract_transcript.py: [YT-DLP DEBUG] [download]  37.6% of   52.01MiB at    3.97MiB/s ETA 00:08
[2026-02-01 21:18:18] [DEBUG] extract_transcript.py: [YT-DLP DOWNLOAD] 진행률: 37.6% | 다운로드: 20,505,624/54,531,393 bytes | 속도: 4066.3 KB/s | 남은시간: 8초
[2026-02-01 21:18:18] [INFO] [22%] 다운로드 중: 37.6%...
[2026-02-01 21:18:18] [DEBUG] extract_transcript.py: [YT-DLP DEBUG] [download]  37.6% of   52.01MiB at    6.08MiB/s ETA 00:05
[2026-02-01 21:18:18] [DEBUG] extract_transcript.py: [YT-DLP DOWNLOAD] 진행률: 37.6% | 다운로드: 20,522,008/54,531,393 bytes | 속도: 6227.8 KB/s | 남은시간: 5초
[2026-02-01 21:18:18] [INFO] [22%] 다운로드 중: 37.6%...
[2026-02-01 21:18:18] [DEBUG] extract_transcript.py: [YT-DLP DEBUG] [download]  37.7% of   52.01MiB at    6.80MiB/s ETA 00:04
[2026-02-01 21:18:18] [DEBUG] extract_transcript.py: [YT-DLP DOWNLOAD] 진행률: 37.7% | 다운로드: 20,554,776/54,531,393 bytes | 속도: 6963.2 KB/s | 남은시간: 4초
[2026-02-01 21:18:18] [INFO] [22%] 다운로드 중: 37.7%...
[2026-02-01 21:18:18] [DEBUG] extract_transcript.py: [YT-DLP DEBUG] [download]  37.8% of   52.01MiB at    8.92MiB/s ETA 00:03
[2026-02-01 21:18:18] [DEBUG] extract_transcript.py: [YT-DLP DOWNLOAD] 진행률: 37.8% | 다운로드: 20,620,312/54,531,393 bytes | 속도: 9130.6 KB/s | 남은시간: 3초
[2026-02-01 21:18:18] [INFO] [22%] 다운로드 중: 37.8%...
[2026-02-01 21:18:18] [DEBUG] extract_transcript.py: [YT-DLP DEBUG] [download]  38.1% of   52.01MiB at    9.81MiB/s ETA 00:03
[2026-02-01 21:18:18] [DEBUG] extract_transcript.py: [YT-DLP DOWNLOAD] 진행률: 38.1% | 다운로드: 20,751,384/54,531,393 bytes | 속도: 10042.2 KB/s | 남은시간: 3초
[2026-02-01 21:18:18] [INFO] [22%] 다운로드 중: 38.1%...
[2026-02-01 21:18:18] [DEBUG] extract_transcript.py: [YT-DLP DEBUG] [download]  38.5% of   52.01MiB at    9.07MiB/s ETA 00:03
[2026-02-01 21:18:18] [DEBUG] extract_transcript.py: [YT-DLP DOWNLOAD] 진행률: 38.5% | 다운로드: 21,013,528/54,531,393 bytes | 속도: 9283.3 KB/s | 남은시간: 3초
[2026-02-01 21:18:18] [INFO] [22%] 다운로드 중: 38.5%...
[2026-02-01 21:18:18] [DEBUG] extract_transcript.py: [YT-DLP DEBUG] [download]  39.5% of   52.01MiB at   11.66MiB/s ETA 00:02
[2026-02-01 21:18:18] [DEBUG] extract_transcript.py: [YT-DLP DOWNLOAD] 진행률: 39.5% | 다운로드: 21,537,816/54,531,393 bytes | 속도: 11941.6 KB/s | 남은시간: 2초
[2026-02-01 21:18:18] [INFO] [22%] 다운로드 중: 39.5%...
[2026-02-01 21:18:18] [DEBUG] extract_transcript.py: [YT-DLP DEBUG] [download]  41.4% of   52.01MiB at   12.86MiB/s ETA 00:02
[2026-02-01 21:18:18] [DEBUG] extract_transcript.py: [YT-DLP DOWNLOAD] 진행률: 41.4% | 다운로드: 22,586,392/54,531,393 bytes | 속도: 13168.1 KB/s | 남은시간: 2초
[2026-02-01 21:18:18] [INFO] [23%] 다운로드 중: 41.4%...
[2026-02-01 21:18:18] [DEBUG] extract_transcript.py: [YT-DLP DEBUG] [download]  45.3% of   52.01MiB at    7.03MiB/s ETA 00:04
[2026-02-01 21:18:18] [DEBUG] extract_transcript.py: [YT-DLP DOWNLOAD] 진행률: 45.3% | 다운로드: 24,683,544/54,531,393 bytes | 속도: 7201.4 KB/s | 남은시간: 4초
[2026-02-01 21:18:18] [INFO] [24%] 다운로드 중: 45.3%...
[2026-02-01 21:18:19] [DEBUG] extract_transcript.py: [YT-DLP DEBUG] [download]  53.0% of   52.01MiB at    7.72MiB/s ETA 00:03
[2026-02-01 21:18:19] [DEBUG] extract_transcript.py: [YT-DLP DOWNLOAD] 진행률: 53.0% | 다운로드: 28,877,848/54,531,393 bytes | 속도: 7906.9 KB/s | 남은시간: 3초
[2026-02-01 21:18:19] [INFO] [25%] 다운로드 중: 53.0%...
[2026-02-01 21:18:19] [DEBUG] extract_transcript.py: [YT-DLP DEBUG] [download]  56.5% of   52.01MiB at    8.43MiB/s ETA 00:02
[2026-02-01 21:18:19] [DEBUG] extract_transcript.py: [YT-DLP DOWNLOAD] 진행률: 56.5% | 다운로드: 30,801,140/54,531,393 bytes | 속도: 8627.5 KB/s | 남은시간: 2초
[2026-02-01 21:18:19] [INFO] [26%] 다운로드 중: 56.5%...
[2026-02-01 21:18:19] [DEBUG] extract_transcript.py: [YT-DLP DEBUG] [download]  56.5% of   52.01MiB at  Unknown B/s ETA Unknown
[2026-02-01 21:18:19] [DEBUG] extract_transcript.py: [YT-DLP DOWNLOAD] 진행률: 56.5% | 다운로드: 30,802,164/54,531,393 bytes
[2026-02-01 21:18:19] [INFO] [26%] 다운로드 중: 56.5%...
[2026-02-01 21:18:19] [DEBUG] extract_transcript.py: [YT-DLP DEBUG] [download]  56.5% of   52.01MiB at    2.71MiB/s ETA 00:08
[2026-02-01 21:18:19] [DEBUG] extract_transcript.py: [YT-DLP DOWNLOAD] 진행률: 56.5% | 다운로드: 30,804,212/54,531,393 bytes | 속도: 2777.7 KB/s | 남은시간: 8초
[2026-02-01 21:18:19] [INFO] [26%] 다운로드 중: 56.5%...
[2026-02-01 21:18:19] [DEBUG] extract_transcript.py: [YT-DLP DEBUG] [download]  56.5% of   52.01MiB at    3.13MiB/s ETA 00:07
[2026-02-01 21:18:19] [DEBUG] extract_transcript.py: [YT-DLP DOWNLOAD] 진행률: 56.5% | 다운로드: 30,808,308/54,531,393 bytes | 속도: 3206.7 KB/s | 남은시간: 7초
[2026-02-01 21:18:19] [INFO] [26%] 다운로드 중: 56.5%...
[2026-02-01 21:18:19] [DEBUG] extract_transcript.py: [YT-DLP DEBUG] [download]  56.5% of   52.01MiB at    2.98MiB/s ETA 00:07
[2026-02-01 21:18:19] [DEBUG] extract_transcript.py: [YT-DLP DOWNLOAD] 진행률: 56.5% | 다운로드: 30,816,500/54,531,393 bytes | 속도: 3049.2 KB/s | 남은시간: 7초
[2026-02-01 21:18:19] [INFO] [26%] 다운로드 중: 56.5%...
[2026-02-01 21:18:19] [DEBUG] extract_transcript.py: [YT-DLP DEBUG] [download]  56.5% of   52.01MiB at    4.69MiB/s ETA 00:04
[2026-02-01 21:18:19] [DEBUG] extract_transcript.py: [YT-DLP DOWNLOAD] 진행률: 56.5% | 다운로드: 30,832,884/54,531,393 bytes | 속도: 4800.2 KB/s | 남은시간: 4초
[2026-02-01 21:18:19] [INFO] [26%] 다운로드 중: 56.5%...
[2026-02-01 21:18:19] [DEBUG] extract_transcript.py: [YT-DLP DEBUG] [download]  56.6% of   52.01MiB at    6.16MiB/s ETA 00:03
[2026-02-01 21:18:19] [DEBUG] extract_transcript.py: [YT-DLP DOWNLOAD] 진행률: 56.6% | 다운로드: 30,865,652/54,531,393 bytes | 속도: 6310.5 KB/s | 남은시간: 3초
[2026-02-01 21:18:19] [INFO] [26%] 다운로드 중: 56.6%...
[2026-02-01 21:18:19] [DEBUG] extract_transcript.py: [YT-DLP DEBUG] [download]  56.7% of   52.01MiB at    7.74MiB/s ETA 00:02
[2026-02-01 21:18:19] [DEBUG] extract_transcript.py: [YT-DLP DOWNLOAD] 진행률: 56.7% | 다운로드: 30,931,188/54,531,393 bytes | 속도: 7925.9 KB/s | 남은시간: 2초
[2026-02-01 21:18:19] [INFO] [26%] 다운로드 중: 56.7%...
[2026-02-01 21:18:19] [DEBUG] extract_transcript.py: [YT-DLP DEBUG] [download]  57.0% of   52.01MiB at   10.08MiB/s ETA 00:02
[2026-02-01 21:18:19] [DEBUG] extract_transcript.py: [YT-DLP DOWNLOAD] 진행률: 57.0% | 다운로드: 31,062,260/54,531,393 bytes | 속도: 10325.0 KB/s | 남은시간: 2초
[2026-02-01 21:18:19] [INFO] [26%] 다운로드 중: 57.0%...
[2026-02-01 21:18:19] [DEBUG] extract_transcript.py: [YT-DLP DEBUG] [download]  57.4% of   52.01MiB at    7.78MiB/s ETA 00:02
[2026-02-01 21:18:19] [DEBUG] extract_transcript.py: [YT-DLP DOWNLOAD] 진행률: 57.4% | 다운로드: 31,324,404/54,531,393 bytes | 속도: 7969.1 KB/s | 남은시간: 2초
[2026-02-01 21:18:19] [INFO] [26%] 다운로드 중: 57.4%...
[2026-02-01 21:18:19] [DEBUG] extract_transcript.py: [YT-DLP DEBUG] [download]  58.4% of   52.01MiB at    5.04MiB/s ETA 00:04
[2026-02-01 21:18:19] [DEBUG] extract_transcript.py: [YT-DLP DOWNLOAD] 진행률: 58.4% | 다운로드: 31,848,692/54,531,393 bytes | 속도: 5157.0 KB/s | 남은시간: 4초
[2026-02-01 21:18:19] [INFO] [26%] 다운로드 중: 58.4%...
[2026-02-01 21:18:19] [DEBUG] extract_transcript.py: [YT-DLP DEBUG] [download]  60.3% of   52.01MiB at    7.54MiB/s ETA 00:02
[2026-02-01 21:18:19] [DEBUG] extract_transcript.py: [YT-DLP DOWNLOAD] 진행률: 60.3% | 다운로드: 32,897,268/54,531,393 bytes | 속도: 7717.0 KB/s | 남은시간: 2초
[2026-02-01 21:18:19] [INFO] [27%] 다운로드 중: 60.3%...
[2026-02-01 21:18:19] [DEBUG] extract_transcript.py: [YT-DLP DEBUG] [download]  64.2% of   52.01MiB at    8.21MiB/s ETA 00:02
[2026-02-01 21:18:19] [DEBUG] extract_transcript.py: [YT-DLP DOWNLOAD] 진행률: 64.2% | 다운로드: 34,994,420/54,531,393 bytes | 속도: 8404.1 KB/s | 남은시간: 2초
[2026-02-01 21:18:19] [INFO] [27%] 다운로드 중: 64.2%...
[2026-02-01 21:18:20] [DEBUG] extract_transcript.py: [YT-DLP DEBUG] [download]  71.9% of   52.01MiB at    7.26MiB/s ETA 00:02
[2026-02-01 21:18:20] [DEBUG] extract_transcript.py: [YT-DLP DOWNLOAD] 진행률: 71.9% | 다운로드: 39,188,724/54,531,393 bytes | 속도: 7430.5 KB/s | 남은시간: 2초
[2026-02-01 21:18:20] [INFO] [29%] 다운로드 중: 71.9%...
[2026-02-01 21:18:20] [DEBUG] extract_transcript.py: [YT-DLP DEBUG] [download]  74.9% of   52.01MiB at    6.74MiB/s ETA 00:01
[2026-02-01 21:18:20] [DEBUG] extract_transcript.py: [YT-DLP DOWNLOAD] 진행률: 74.9% | 다운로드: 40,839,620/54,531,393 bytes | 속도: 6899.2 KB/s | 남은시간: 1초
[2026-02-01 21:18:20] [INFO] [29%] 다운로드 중: 74.9%...
[2026-02-01 21:18:20] [DEBUG] extract_transcript.py: [YT-DLP DEBUG] [download]  74.9% of   52.01MiB at  Unknown B/s ETA Unknown
[2026-02-01 21:18:20] [DEBUG] extract_transcript.py: [YT-DLP DOWNLOAD] 진행률: 74.9% | 다운로드: 40,840,644/54,531,393 bytes
[2026-02-01 21:18:20] [INFO] [29%] 다운로드 중: 74.9%...
[2026-02-01 21:18:20] [DEBUG] extract_transcript.py: [YT-DLP DEBUG] [download]  74.9% of   52.01MiB at    2.88MiB/s ETA 00:04
[2026-02-01 21:18:20] [DEBUG] extract_transcript.py: [YT-DLP DOWNLOAD] 진행률: 74.9% | 다운로드: 40,842,692/54,531,393 bytes | 속도: 2947.5 KB/s | 남은시간: 4초
[2026-02-01 21:18:20] [INFO] [29%] 다운로드 중: 74.9%...
[2026-02-01 21:18:20] [DEBUG] extract_transcript.py: [YT-DLP DEBUG] [download]  74.9% of   52.01MiB at    3.17MiB/s ETA 00:04
[2026-02-01 21:18:20] [DEBUG] extract_transcript.py: [YT-DLP DOWNLOAD] 진행률: 74.9% | 다운로드: 40,846,788/54,531,393 bytes | 속도: 3243.1 KB/s | 남은시간: 4초
[2026-02-01 21:18:20] [INFO] [29%] 다운로드 중: 74.9%...
[2026-02-01 21:18:20] [DEBUG] extract_transcript.py: [YT-DLP DEBUG] [download]  74.9% of   52.01MiB at    3.45MiB/s ETA 00:03
[2026-02-01 21:18:20] [DEBUG] extract_transcript.py: [YT-DLP DOWNLOAD] 진행률: 74.9% | 다운로드: 40,854,980/54,531,393 bytes | 속도: 3534.5 KB/s | 남은시간: 3초
[2026-02-01 21:18:20] [INFO] [29%] 다운로드 중: 74.9%...
[2026-02-01 21:18:20] [DEBUG] extract_transcript.py: [YT-DLP DEBUG] [download]  75.0% of   52.01MiB at    3.70MiB/s ETA 00:03
[2026-02-01 21:18:20] [DEBUG] extract_transcript.py: [YT-DLP DOWNLOAD] 진행률: 75.0% | 다운로드: 40,871,364/54,531,393 bytes | 속도: 3787.3 KB/s | 남은시간: 3초
[2026-02-01 21:18:20] [INFO] [30%] 다운로드 중: 75.0%...
[2026-02-01 21:18:20] [DEBUG] extract_transcript.py: [YT-DLP DEBUG] [download]  75.0% of   52.01MiB at    5.10MiB/s ETA 00:02
[2026-02-01 21:18:20] [DEBUG] extract_transcript.py: [YT-DLP DOWNLOAD] 진행률: 75.0% | 다운로드: 40,904,132/54,531,393 bytes | 속도: 5221.5 KB/s | 남은시간: 2초
[2026-02-01 21:18:20] [INFO] [30%] 다운로드 중: 75.0%...
[2026-02-01 21:18:20] [DEBUG] extract_transcript.py: [YT-DLP DEBUG] [download]  75.1% of   52.01MiB at    5.14MiB/s ETA 00:02
[2026-02-01 21:18:20] [DEBUG] extract_transcript.py: [YT-DLP DOWNLOAD] 진행률: 75.1% | 다운로드: 40,969,668/54,531,393 bytes | 속도: 5259.2 KB/s | 남은시간: 2초
[2026-02-01 21:18:20] [INFO] [30%] 다운로드 중: 75.1%...
[2026-02-01 21:18:20] [DEBUG] extract_transcript.py: [YT-DLP DEBUG] [download]  75.4% of   52.01MiB at    6.41MiB/s ETA 00:01
[2026-02-01 21:18:20] [DEBUG] extract_transcript.py: [YT-DLP DOWNLOAD] 진행률: 75.4% | 다운로드: 41,100,740/54,531,393 bytes | 속도: 6568.7 KB/s | 남은시간: 1초
[2026-02-01 21:18:20] [INFO] [30%] 다운로드 중: 75.4%...
[2026-02-01 21:18:20] [DEBUG] extract_transcript.py: [YT-DLP DEBUG] [download]  75.9% of   52.01MiB at   10.02MiB/s ETA 00:01
[2026-02-01 21:18:20] [DEBUG] extract_transcript.py: [YT-DLP DOWNLOAD] 진행률: 75.9% | 다운로드: 41,362,884/54,531,393 bytes | 속도: 10260.8 KB/s | 남은시간: 1초
[2026-02-01 21:18:20] [INFO] [30%] 다운로드 중: 75.9%...
[2026-02-01 21:18:20] [DEBUG] extract_transcript.py: [YT-DLP DEBUG] [download]  76.8% of   52.01MiB at   11.06MiB/s ETA 00:01
[2026-02-01 21:18:20] [DEBUG] extract_transcript.py: [YT-DLP DOWNLOAD] 진행률: 76.8% | 다운로드: 41,887,172/54,531,393 bytes | 속도: 11323.0 KB/s | 남은시간: 1초
[2026-02-01 21:18:20] [INFO] [30%] 다운로드 중: 76.8%...
[2026-02-01 21:18:20] [DEBUG] extract_transcript.py: [YT-DLP DEBUG] [download]  78.7% of   52.01MiB at   12.06MiB/s ETA 00:00
[2026-02-01 21:18:20] [DEBUG] extract_transcript.py: [YT-DLP DOWNLOAD] 진행률: 78.7% | 다운로드: 42,935,748/54,531,393 bytes | 속도: 12348.0 KB/s
[2026-02-01 21:18:20] [INFO] [30%] 다운로드 중: 78.7%...
[2026-02-01 21:18:21] [DEBUG] extract_transcript.py: [YT-DLP DEBUG] [download]  82.6% of   52.01MiB at    9.25MiB/s ETA 00:00
[2026-02-01 21:18:21] [DEBUG] extract_transcript.py: [YT-DLP DOWNLOAD] 진행률: 82.6% | 다운로드: 45,032,900/54,531,393 bytes | 속도: 9469.6 KB/s
[2026-02-01 21:18:21] [INFO] [31%] 다운로드 중: 82.6%...
[2026-02-01 21:18:21] [DEBUG] extract_transcript.py: [YT-DLP DEBUG] [download]  90.3% of   52.01MiB at    8.77MiB/s ETA 00:00
[2026-02-01 21:18:21] [DEBUG] extract_transcript.py: [YT-DLP DOWNLOAD] 진행률: 90.3% | 다운로드: 49,227,204/54,531,393 bytes | 속도: 8976.4 KB/s
[2026-02-01 21:18:21] [INFO] [33%] 다운로드 중: 90.3%...
[2026-02-01 21:18:21] [DEBUG] extract_transcript.py: [YT-DLP DEBUG] [download]  94.0% of   52.01MiB at    8.69MiB/s ETA 00:00
[2026-02-01 21:18:21] [DEBUG] extract_transcript.py: [YT-DLP DOWNLOAD] 진행률: 94.0% | 다운로드: 51,261,935/54,531,393 bytes | 속도: 8900.6 KB/s
[2026-02-01 21:18:21] [INFO] [33%] 다운로드 중: 94.0%...
[2026-02-01 21:18:21] [DEBUG] extract_transcript.py: [YT-DLP DEBUG] [download]  94.0% of   52.01MiB at  388.33KiB/s ETA 00:08
[2026-02-01 21:18:21] [DEBUG] extract_transcript.py: [YT-DLP DOWNLOAD] 진행률: 94.0% | 다운로드: 51,262,959/54,531,393 bytes | 속도: 388.3 KB/s | 남은시간: 8초
[2026-02-01 21:18:21] [INFO] [33%] 다운로드 중: 94.0%...
[2026-02-01 21:18:21] [DEBUG] extract_transcript.py: [YT-DLP DEBUG] [download]  94.0% of   52.01MiB at  916.32KiB/s ETA 00:03
[2026-02-01 21:18:21] [DEBUG] extract_transcript.py: [YT-DLP DOWNLOAD] 진행률: 94.0% | 다운로드: 51,265,007/54,531,393 bytes | 속도: 916.3 KB/s | 남은시간: 3초
[2026-02-01 21:18:21] [INFO] [33%] 다운로드 중: 94.0%...
[2026-02-01 21:18:21] [DEBUG] extract_transcript.py: [YT-DLP DEBUG] [download]  94.0% of   52.01MiB at    1.57MiB/s ETA 00:01
[2026-02-01 21:18:21] [DEBUG] extract_transcript.py: [YT-DLP DOWNLOAD] 진행률: 94.0% | 다운로드: 51,269,103/54,531,393 bytes | 속도: 1604.0 KB/s | 남은시간: 1초
[2026-02-01 21:18:21] [INFO] [33%] 다운로드 중: 94.0%...
[2026-02-01 21:18:21] [DEBUG] extract_transcript.py: [YT-DLP DEBUG] [download]  94.0% of   52.01MiB at    2.30MiB/s ETA 00:01
[2026-02-01 21:18:21] [DEBUG] extract_transcript.py: [YT-DLP DOWNLOAD] 진행률: 94.0% | 다운로드: 51,277,295/54,531,393 bytes | 속도: 2356.9 KB/s | 남은시간: 1초
[2026-02-01 21:18:21] [INFO] [33%] 다운로드 중: 94.0%...
[2026-02-01 21:18:21] [DEBUG] extract_transcript.py: [YT-DLP DEBUG] [download]  94.1% of   52.01MiB at    2.04MiB/s ETA 00:01
[2026-02-01 21:18:21] [DEBUG] extract_transcript.py: [YT-DLP DOWNLOAD] 진행률: 94.1% | 다운로드: 51,293,679/54,531,393 bytes | 속도: 2093.2 KB/s | 남은시간: 1초
[2026-02-01 21:18:21] [INFO] [33%] 다운로드 중: 94.1%...
[2026-02-01 21:18:21] [DEBUG] extract_transcript.py: [YT-DLP DEBUG] [download]  94.1% of   52.01MiB at    3.33MiB/s ETA 00:00
[2026-02-01 21:18:21] [DEBUG] extract_transcript.py: [YT-DLP DOWNLOAD] 진행률: 94.1% | 다운로드: 51,326,447/54,531,393 bytes | 속도: 3408.7 KB/s
[2026-02-01 21:18:21] [INFO] [33%] 다운로드 중: 94.1%...
[2026-02-01 21:18:21] [DEBUG] extract_transcript.py: [YT-DLP DEBUG] [download]  94.2% of   52.01MiB at    5.10MiB/s ETA 00:00
[2026-02-01 21:18:21] [DEBUG] extract_transcript.py: [YT-DLP DOWNLOAD] 진행률: 94.2% | 다운로드: 51,391,983/54,531,393 bytes | 속도: 5226.1 KB/s
[2026-02-01 21:18:21] [INFO] [33%] 다운로드 중: 94.2%...
[2026-02-01 21:18:21] [DEBUG] extract_transcript.py: [YT-DLP DEBUG] [download]  94.5% of   52.01MiB at    7.70MiB/s ETA 00:00
[2026-02-01 21:18:21] [DEBUG] extract_transcript.py: [YT-DLP DOWNLOAD] 진행률: 94.5% | 다운로드: 51,523,055/54,531,393 bytes | 속도: 7885.9 KB/s
[2026-02-01 21:18:21] [INFO] [33%] 다운로드 중: 94.5%...
[2026-02-01 21:18:21] [DEBUG] extract_transcript.py: [YT-DLP DEBUG] [download]  95.0% of   52.01MiB at    9.98MiB/s ETA 00:00
[2026-02-01 21:18:21] [DEBUG] extract_transcript.py: [YT-DLP DOWNLOAD] 진행률: 95.0% | 다운로드: 51,785,199/54,531,393 bytes | 속도: 10215.4 KB/s
[2026-02-01 21:18:21] [INFO] [34%] 다운로드 중: 95.0%...
[2026-02-01 21:18:21] [DEBUG] extract_transcript.py: [YT-DLP DEBUG] [download]  95.9% of   52.01MiB at   10.89MiB/s ETA 00:00
[2026-02-01 21:18:21] [DEBUG] extract_transcript.py: [YT-DLP DOWNLOAD] 진행률: 95.9% | 다운로드: 52,309,487/54,531,393 bytes | 속도: 11156.2 KB/s
[2026-02-01 21:18:21] [INFO] [34%] 다운로드 중: 95.9%...
[2026-02-01 21:18:22] [DEBUG] extract_transcript.py: [YT-DLP DEBUG] [download]  97.8% of   52.01MiB at    9.19MiB/s ETA 00:00
[2026-02-01 21:18:22] [DEBUG] extract_transcript.py: [YT-DLP DOWNLOAD] 진행률: 97.8% | 다운로드: 53,358,063/54,531,393 bytes | 속도: 9412.9 KB/s
[2026-02-01 21:18:22] [INFO] [34%] 다운로드 중: 97.8%...
[2026-02-01 21:18:22] [DEBUG] extract_transcript.py: [YT-DLP DEBUG] [download] 100.0% of   52.01MiB at    9.01MiB/s ETA 00:00
[2026-02-01 21:18:22] [DEBUG] extract_transcript.py: [YT-DLP DOWNLOAD] 진행률: 100.0% | 다운로드: 54,531,393/54,531,393 bytes | 속도: 9227.7 KB/s
[2026-02-01 21:18:22] [INFO] [35%] 다운로드 중: 100.0%...
[2026-02-01 21:18:22] [DEBUG] extract_transcript.py: [YT-DLP DEBUG] [download] 100% of   52.01MiB in 00:00:07 at 7.12MiB/s
[2026-02-01 21:18:22] [DEBUG] extract_transcript.py: [YT-DLP DOWNLOAD] ✓ 다운로드 완료!
[2026-02-01 21:18:22] [DEBUG] extract_transcript.py: [YT-DLP DOWNLOAD]    - 파일: Temp_Audio/sk9u0eUMFec.m4a
[2026-02-01 21:18:22] [DEBUG] extract_transcript.py: [YT-DLP DOWNLOAD]    - 크기: 54,531,393 bytes
[2026-02-01 21:18:22] [DEBUG] extract_transcript.py: [YT-DLP DOWNLOAD]    - 소요시간: 7.30초
[2026-02-01 21:18:22] [DEBUG] extract_transcript.py: [YT-DLP DOWNLOAD]    - 평균 속도: 7293.1 KB/s
[2026-02-01 21:18:22] [DEBUG] extract_transcript.py: ================================================================================
[2026-02-01 21:18:22] [DEBUG] extract_transcript.py: ✅ YT-DLP 다운로드 완료
[2026-02-01 21:18:22] [INFO] [35%] 오디오 다운로드 완료!
[2026-02-01 21:18:22] [DEBUG] extract_transcript.py: ================================================================================
[2026-02-01 21:18:22] [DEBUG] extract_transcript.py: ================================================================================
[2026-02-01 21:18:22] [DEBUG] extract_transcript.py: 🎤 WHISPER AI 음성 인식 상세 로그
[2026-02-01 21:18:22] [DEBUG] extract_transcript.py: ================================================================================
[2026-02-01 21:18:22] [DEBUG] extract_transcript.py: [WHISPER] 📥 모델 로딩 중...
[2026-02-01 21:18:22] [DEBUG] extract_transcript.py: [WHISPER]    - 모델: turbo
[2026-02-01 21:18:22] [DEBUG] extract_transcript.py: [WHISPER]    - 디바이스: CUDA (GPU)
[2026-02-01 21:18:22] [DEBUG] extract_transcript.py: [WHISPER]    - 연산 타입: float16
[2026-02-01 21:18:22] [DEBUG] extract_transcript.py: [WHISPER] ⚙️  Whisper 모델 초기화 중...
[2026-02-01 21:18:22] [DEBUG] extract_transcript.py: [WHISPER] 💾 메모리에 모델 적재 중...
[2026-02-01 21:18:24] [DEBUG] extract_transcript.py: [WHISPER] ⏳ 모델 로딩 진행 중 (2s...)
[2026-02-01 21:18:24] [INFO] [43%] 모델 로딩 중... 2s...
[2026-02-01 21:18:26] [DEBUG] extract_transcript.py: [WHISPER] ⏳ 모델 로딩 진행 중 (4s...)
[2026-02-01 21:18:26] [INFO] [43%] 모델 로딩 중... 4s...
[2026-02-01 21:18:28] [DEBUG] extract_transcript.py: [WHISPER] ⏳ 모델 로딩 진행 중 (6s...)
[2026-02-01 21:18:28] [INFO] [43%] 모델 로딩 중... 6s...
[2026-02-01 21:18:30] [DEBUG] extract_transcript.py: [WHISPER] ⏳ 모델 로딩 진행 중 (8s...)
[2026-02-01 21:18:30] [INFO] [43%] 모델 로딩 중... 8s...
[2026-02-01 21:18:32] [DEBUG] extract_transcript.py: [WHISPER] ⏳ 모델 로딩 진행 중 (10s...)
[2026-02-01 21:18:32] [INFO] [43%] 모델 로딩 중... 10s...
[2026-02-01 21:18:34] [DEBUG] extract_transcript.py: [WHISPER] ⏳ 모델 로딩 진행 중 (12s...)
[2026-02-01 21:18:34] [INFO] [43%] 모델 로딩 중... 12s...
[2026-02-01 21:18:36] [DEBUG] extract_transcript.py: [WHISPER] ⏳ 모델 로딩 진행 중 (14s...)
[2026-02-01 21:18:36] [INFO] [43%] 모델 로딩 중... 14s...
[2026-02-01 21:18:38] [DEBUG] extract_transcript.py: [WHISPER] ⏳ 모델 로딩 진행 중 (16s...)
[2026-02-01 21:18:38] [INFO] [43%] 모델 로딩 중... 16s...
[2026-02-01 21:18:40] [DEBUG] extract_transcript.py: [WHISPER] ⏳ 모델 로딩 진행 중 (18s...)
[2026-02-01 21:18:40] [INFO] [43%] 모델 로딩 중... 18s...
[2026-02-01 21:18:42] [DEBUG] extract_transcript.py: [WHISPER] ⏳ 모델 로딩 진행 중 (20s...)
[2026-02-01 21:18:42] [INFO] [43%] 모델 로딩 중... 20s...
[2026-02-01 21:18:44] [DEBUG] extract_transcript.py: [WHISPER] ⏳ 모델 로딩 진행 중 (22s...)
[2026-02-01 21:18:44] [INFO] [43%] 모델 로딩 중... 22s...
[2026-02-01 21:18:46] [DEBUG] extract_transcript.py: [WHISPER] ⏳ 모델 로딩 진행 중 (24s...)
[2026-02-01 21:18:46] [INFO] [43%] 모델 로딩 중... 24s...
[2026-02-01 21:18:48] [DEBUG] extract_transcript.py: [WHISPER] ⏳ 모델 로딩 진행 중 (26s...)
[2026-02-01 21:18:48] [INFO] [43%] 모델 로딩 중... 26s...
[2026-02-01 21:18:50] [DEBUG] extract_transcript.py: [WHISPER] ⏳ 모델 로딩 진행 중 (28s...)
[2026-02-01 21:18:50] [INFO] [43%] 모델 로딩 중... 28s...
[2026-02-01 21:18:52] [DEBUG] extract_transcript.py: [WHISPER] ⏳ 모델 로딩 진행 중 (30s...)
[2026-02-01 21:18:52] [INFO] [43%] 모델 로딩 중... 30s...
[2026-02-01 21:18:54] [DEBUG] extract_transcript.py: [WHISPER] ⏳ 모델 로딩 진행 중 (32s...)
[2026-02-01 21:18:54] [INFO] [43%] 모델 로딩 중... 32s...
[2026-02-01 21:18:56] [DEBUG] extract_transcript.py: [WHISPER] ⏳ 모델 로딩 진행 중 (34s...)
[2026-02-01 21:18:56] [INFO] [43%] 모델 로딩 중... 34s...
[2026-02-01 21:18:58] [DEBUG] extract_transcript.py: [WHISPER] ⏳ 모델 로딩 진행 중 (36s...)
[2026-02-01 21:18:58] [INFO] [43%] 모델 로딩 중... 36s...
[2026-02-01 21:19:00] [DEBUG] extract_transcript.py: [WHISPER] ⏳ 모델 로딩 진행 중 (38s...)
[2026-02-01 21:19:00] [INFO] [43%] 모델 로딩 중... 38s...
[2026-02-01 21:19:02] [DEBUG] extract_transcript.py: [WHISPER] ⏳ 모델 로딩 진행 중 (40s...)
[2026-02-01 21:19:02] [INFO] [43%] 모델 로딩 중... 40s...
[2026-02-01 21:19:04] [DEBUG] extract_transcript.py: [WHISPER] ⏳ 모델 로딩 진행 중 (42s...)
[2026-02-01 21:19:04] [INFO] [43%] 모델 로딩 중... 42s...
[2026-02-01 21:19:06] [DEBUG] extract_transcript.py: [WHISPER] ⏳ 모델 로딩 진행 중 (44s...)
[2026-02-01 21:19:06] [INFO] [43%] 모델 로딩 중... 44s...
[2026-02-01 21:19:08] [DEBUG] extract_transcript.py: [WHISPER] ⏳ 모델 로딩 진행 중 (46s...)
[2026-02-01 21:19:08] [INFO] [43%] 모델 로딩 중... 46s...
[2026-02-01 21:19:10] [DEBUG] extract_transcript.py: [WHISPER] ⏳ 모델 로딩 진행 중 (48s...)
[2026-02-01 21:19:10] [INFO] [43%] 모델 로딩 중... 48s...
[2026-02-01 21:19:12] [DEBUG] extract_transcript.py: [WHISPER] ⏳ 모델 로딩 진행 중 (50s...)
[2026-02-01 21:19:12] [INFO] [43%] 모델 로딩 중... 50s...
[2026-02-01 21:19:14] [DEBUG] extract_transcript.py: [WHISPER] ⏳ 모델 로딩 진행 중 (52s...)
[2026-02-01 21:19:14] [INFO] [43%] 모델 로딩 중... 52s...
[2026-02-01 21:19:16] [DEBUG] extract_transcript.py: [WHISPER] ⏳ 모델 로딩 진행 중 (54s...)
[2026-02-01 21:19:16] [INFO] [43%] 모델 로딩 중... 54s...
[2026-02-01 21:19:18] [DEBUG] extract_transcript.py: [WHISPER] ⏳ 모델 로딩 진행 중 (56s...)
[2026-02-01 21:19:18] [INFO] [43%] 모델 로딩 중... 56s...
[2026-02-01 21:19:20] [DEBUG] extract_transcript.py: [WHISPER] ⏳ 모델 로딩 진행 중 (58s...)
[2026-02-01 21:19:20] [INFO] [43%] 모델 로딩 중... 58s...
[2026-02-01 21:19:22] [DEBUG] extract_transcript.py: [WHISPER] ⏳ 모델 로딩 진행 중 (60s...)
[2026-02-01 21:19:22] [INFO] [43%] 모델 로딩 중... 60s...
[2026-02-01 21:19:24] [DEBUG] extract_transcript.py: [WHISPER] ⏳ 모델 로딩 진행 중 (62s...)
[2026-02-01 21:19:24] [INFO] [43%] 모델 로딩 중... 62s...
[2026-02-01 21:19:26] [DEBUG] extract_transcript.py: [WHISPER] ⏳ 모델 로딩 진행 중 (64s...)
[2026-02-01 21:19:26] [INFO] [43%] 모델 로딩 중... 64s...
[2026-02-01 21:19:28] [DEBUG] extract_transcript.py: [WHISPER] ⏳ 모델 로딩 진행 중 (66s...)
[2026-02-01 21:19:28] [INFO] [43%] 모델 로딩 중... 66s...
[2026-02-01 21:19:30] [DEBUG] extract_transcript.py: [WHISPER] ⏳ 모델 로딩 진행 중 (68s...)
[2026-02-01 21:19:30] [INFO] [43%] 모델 로딩 중... 68s...
[2026-02-01 21:19:32] [DEBUG] extract_transcript.py: [WHISPER] ⏳ 모델 로딩 진행 중 (70s...)
[2026-02-01 21:19:32] [INFO] [43%] 모델 로딩 중... 70s...
[2026-02-01 21:19:34] [DEBUG] extract_transcript.py: [WHISPER] ⏳ 모델 로딩 진행 중 (72s...)
[2026-02-01 21:19:34] [INFO] [43%] 모델 로딩 중... 72s...
[2026-02-01 21:19:36] [DEBUG] extract_transcript.py: [WHISPER] ⏳ 모델 로딩 진행 중 (74s...)
[2026-02-01 21:19:36] [INFO] [43%] 모델 로딩 중... 74s...
[2026-02-01 21:19:38] [DEBUG] extract_transcript.py: [WHISPER] ⏳ 모델 로딩 진행 중 (76s...)
[2026-02-01 21:19:38] [INFO] [43%] 모델 로딩 중... 76s...
[2026-02-01 21:19:40] [DEBUG] extract_transcript.py: [WHISPER] ⏳ 모델 로딩 진행 중 (78s...)
[2026-02-01 21:19:40] [INFO] [43%] 모델 로딩 중... 78s...
[2026-02-01 21:19:42] [DEBUG] extract_transcript.py: [WHISPER] ⏳ 모델 로딩 진행 중 (80s...)
[2026-02-01 21:19:42] [INFO] [43%] 모델 로딩 중... 80s...
[2026-02-01 21:19:44] [DEBUG] extract_transcript.py: [WHISPER] ⏳ 모델 로딩 진행 중 (82s...)
[2026-02-01 21:19:44] [INFO] [43%] 모델 로딩 중... 82s...
[2026-02-01 21:19:46] [DEBUG] extract_transcript.py: [WHISPER] ✓ 모델 로딩 완료 (소요시간: 84.08초)
[2026-02-01 21:19:46] [DEBUG] extract_transcript.py: [WHISPER] 🔍 오디오 파일 분석 중...
[2026-02-01 21:19:46] [DEBUG] extract_transcript.py: [WHISPER]    - 파일: Temp_Audio/sk9u0eUMFec.m4a
[2026-02-01 21:19:46] [DEBUG] extract_transcript.py: [WHISPER]    - Beam size: 5
[2026-02-01 21:19:46] [DEBUG] extract_transcript.py: [WHISPER] 🧠 딥러닝 추론 시작...
[2026-02-01 21:19:48] [DEBUG] extract_transcript.py: [MAIN] Exception caught: Library libcublas.so.12 is not found or cannot be loaded
[2026-02-01 21:19:48] [DEBUG] extract_transcript.py: Error: Library libcublas.so.12 is not found or cannot be loaded
[2026-02-01 21:19:48] [INFO] extract_transcript.py completed. Total debug lines: 245
[2026-02-01 21:19:48] [DEBUG] Process return code: 1
[2026-02-01 21:19:48] [ERROR] Extraction process failed with return code 1
[2026-02-01 21:19:48] [ERROR] stderr: 
[2026-02-01 21:19:48] [ERROR] stdout: ERROR

[2026-02-01 21:19:48] [ERROR] ✗ Extraction failed for video sk9u0eUMFec: Extraction failed: 
Traceback (most recent call last):
  File "/app/Server.py", line 308, in extract_video
    raise Exception(f"Extraction failed: {stderr}")
Exception: Extraction failed: 
[2026-02-01 22:27:19] [INFO] Listed 14 scripts
