[2026-01-17 13:55:43] [INFO] ================================================================================
[2026-01-17 13:55:43] [INFO] YouTube Script Extractor Server Started
[2026-01-17 13:55:43] [INFO] Log file: C:\Users\guma3\OneDrive\Documents\AI_Study\AWS_LAMP_ImageCheck\Logs\Server_20260117_135543.log
[2026-01-17 13:55:43] [INFO] ================================================================================
[2026-01-17 13:55:43] [INFO] ================================================================================
[2026-01-17 13:55:43] [INFO] YouTube Script Extractor Server Started
[2026-01-17 13:55:43] [INFO] Log file: C:\Users\guma3\OneDrive\Documents\AI_Study\AWS_LAMP_ImageCheck\Logs\Server_20260117_135543.log
[2026-01-17 13:55:43] [INFO] ================================================================================
[2026-01-17 13:55:47] [INFO] Listed 2 scripts
[2026-01-17 13:55:50] [INFO] New extraction request: https://www.youtube.com/watch?v=Qvi2Vsj7SXE
[2026-01-17 13:55:50] [INFO] Extracted video ID: Qvi2Vsj7SXE
[2026-01-17 13:55:50] [INFO] Starting extraction for video: Qvi2Vsj7SXE
[2026-01-17 13:55:50] [INFO] Background extraction thread started for video: Qvi2Vsj7SXE
[2026-01-17 13:55:50] [INFO] [5%] Extracting video information...
[2026-01-17 13:55:50] [DEBUG] Getting video title for: Qvi2Vsj7SXE
[2026-01-17 13:55:57] [INFO] Video title: ,    ()
[2026-01-17 13:55:57] [INFO] [10%] Downloading audio: ,    ()...
[2026-01-17 13:55:57] [DEBUG] Starting extract_transcript.py subprocess for: Qvi2Vsj7SXE
[2026-01-17 13:55:57] [DEBUG] extract_transcript.py: [MAIN] Calling extract_transcript_whisper for video: Qvi2Vsj7SXE
[2026-01-17 13:55:57] [DEBUG] extract_transcript.py: ================================================================================
[2026-01-17 13:55:57] [DEBUG] extract_transcript.py: \U0001f4f9 YT-DLP \uc624\ub514\uc624 \ub2e4\uc6b4\ub85c\ub4dc \uc2dc\uc791
[2026-01-17 13:55:57] [DEBUG] extract_transcript.py: ================================================================================
[2026-01-17 13:55:57] [DEBUG] extract_transcript.py: [YT-DLP] URL: https://www.youtube.com/watch?v=Qvi2Vsj7SXE
[2026-01-17 13:55:59] [DEBUG] extract_transcript.py: [YT-DLP DEBUG] [youtube] Extracting URL: https://www.youtube.com/watch?v=Qvi2Vsj7SXE
[2026-01-17 13:55:59] [DEBUG] extract_transcript.py: [YT-DLP DEBUG] [youtube] Qvi2Vsj7SXE: Downloading webpage
[2026-01-17 13:56:02] [DEBUG] extract_transcript.py: [YT-DLP DEBUG] [youtube] Qvi2Vsj7SXE: Downloading android player API JSON
[2026-01-17 13:56:02] [DEBUG] extract_transcript.py: [YT-DLP WARNING] \u26a0\ufe0f  [youtube] Qvi2Vsj7SXE: android client https formats require a GVS PO Token which was not provided. They will be skipped as they may yield HTTP Error 403. You can manually pass a GVS PO Token for this client with --extractor-args "youtube:po_token=android.gvs+XXX". For more information, refer to  https://github.com/yt-dlp/yt-dlp/wiki/PO-Token-Guide
[2026-01-17 13:56:02] [DEBUG] extract_transcript.py: [YT-DLP WARNING] \u26a0\ufe0f  [youtube] Qvi2Vsj7SXE: Some web client https formats have been skipped as they are missing a url. YouTube is forcing SABR streaming for this client. See  https://github.com/yt-dlp/yt-dlp/issues/12482  for more details
[2026-01-17 13:56:04] [DEBUG] extract_transcript.py: [YT-DLP DEBUG] [info] Qvi2Vsj7SXE: Downloading 1 format(s): 18
[2026-01-17 13:56:04] [DEBUG] extract_transcript.py: [YT-DLP DEBUG] [download] Destination: Temp_Audio\Qvi2Vsj7SXE.m4a
[2026-01-17 13:56:04] [DEBUG] extract_transcript.py: [YT-DLP DEBUG] [download]   0.0% of    5.92MiB at  115.61KiB/s ETA 00:52
[2026-01-17 13:56:04] [DEBUG] extract_transcript.py: [YT-DLP DOWNLOAD] \uc9c4\ud589\ub960: 0.0% | \ub2e4\uc6b4\ub85c\ub4dc: 1,024/6,210,809 bytes | \uc18d\ub3c4: 115.6 KB/s | \ub0a8\uc740\uc2dc\uac04: 52\ucd08
[2026-01-17 13:56:04] [DEBUG] extract_transcript.py: [YT-DLP DEBUG] [download]   0.0% of    5.92MiB at  260.98KiB/s ETA 00:23
[2026-01-17 13:56:04] [DEBUG] extract_transcript.py: [YT-DLP DOWNLOAD] \uc9c4\ud589\ub960: 0.0% | \ub2e4\uc6b4\ub85c\ub4dc: 3,072/6,210,809 bytes | \uc18d\ub3c4: 261.0 KB/s | \ub0a8\uc740\uc2dc\uac04: 23\ucd08
[2026-01-17 13:56:04] [DEBUG] extract_transcript.py: [YT-DLP DEBUG] [download]   0.1% of    5.92MiB at  447.00KiB/s ETA 00:13
[2026-01-17 13:56:04] [DEBUG] extract_transcript.py: [YT-DLP DOWNLOAD] \uc9c4\ud589\ub960: 0.1% | \ub2e4\uc6b4\ub85c\ub4dc: 7,168/6,210,809 bytes | \uc18d\ub3c4: 447.0 KB/s | \ub0a8\uc740\uc2dc\uac04: 13\ucd08
[2026-01-17 13:56:04] [DEBUG] extract_transcript.py: [YT-DLP DEBUG] [download]   0.2% of    5.92MiB at  813.94KiB/s ETA 00:07
[2026-01-17 13:56:04] [DEBUG] extract_transcript.py: [YT-DLP DOWNLOAD] \uc9c4\ud589\ub960: 0.2% | \ub2e4\uc6b4\ub85c\ub4dc: 15,360/6,210,809 bytes | \uc18d\ub3c4: 813.9 KB/s | \ub0a8\uc740\uc2dc\uac04: 7\ucd08
[2026-01-17 13:56:04] [DEBUG] extract_transcript.py: [YT-DLP DEBUG] [download]   0.5% of    5.92MiB at    1.41MiB/s ETA 00:04
[2026-01-17 13:56:04] [DEBUG] extract_transcript.py: [YT-DLP DOWNLOAD] \uc9c4\ud589\ub960: 0.5% | \ub2e4\uc6b4\ub85c\ub4dc: 31,744/6,210,809 bytes | \uc18d\ub3c4: 1447.6 KB/s | \ub0a8\uc740\uc2dc\uac04: 4\ucd08
[2026-01-17 13:56:04] [DEBUG] extract_transcript.py: [YT-DLP DEBUG] [download]   1.0% of    5.92MiB at    2.44MiB/s ETA 00:02
[2026-01-17 13:56:04] [DEBUG] extract_transcript.py: [YT-DLP DOWNLOAD] \uc9c4\ud589\ub960: 1.0% | \ub2e4\uc6b4\ub85c\ub4dc: 64,512/6,210,809 bytes | \uc18d\ub3c4: 2496.4 KB/s | \ub0a8\uc740\uc2dc\uac04: 2\ucd08
[2026-01-17 13:56:04] [DEBUG] extract_transcript.py: [YT-DLP DEBUG] [download]   2.1% of    5.92MiB at    4.51MiB/s ETA 00:01
[2026-01-17 13:56:04] [DEBUG] extract_transcript.py: [YT-DLP DOWNLOAD] \uc9c4\ud589\ub960: 2.1% | \ub2e4\uc6b4\ub85c\ub4dc: 130,048/6,210,809 bytes | \uc18d\ub3c4: 4618.2 KB/s | \ub0a8\uc740\uc2dc\uac04: 1\ucd08
[2026-01-17 13:56:04] [DEBUG] extract_transcript.py: [YT-DLP DEBUG] [download]   4.2% of    5.92MiB at    7.32MiB/s ETA 00:00
[2026-01-17 13:56:04] [DEBUG] extract_transcript.py: [YT-DLP DOWNLOAD] \uc9c4\ud589\ub960: 4.2% | \ub2e4\uc6b4\ub85c\ub4dc: 261,120/6,210,809 bytes | \uc18d\ub3c4: 7498.1 KB/s
[2026-01-17 13:56:04] [DEBUG] extract_transcript.py: [YT-DLP DEBUG] [download]   8.4% of    5.92MiB at    8.04MiB/s ETA 00:00
[2026-01-17 13:56:04] [DEBUG] extract_transcript.py: [YT-DLP DOWNLOAD] \uc9c4\ud589\ub960: 8.4% | \ub2e4\uc6b4\ub85c\ub4dc: 523,264/6,210,809 bytes | \uc18d\ub3c4: 8228.6 KB/s
[2026-01-17 13:56:04] [DEBUG] extract_transcript.py: [YT-DLP DEBUG] [download]  16.9% of    5.92MiB at    8.38MiB/s ETA 00:00
[2026-01-17 13:56:04] [DEBUG] extract_transcript.py: [YT-DLP DOWNLOAD] \uc9c4\ud589\ub960: 16.9% | \ub2e4\uc6b4\ub85c\ub4dc: 1,047,552/6,210,809 bytes | \uc18d\ub3c4: 8585.7 KB/s
[2026-01-17 13:56:04] [DEBUG] extract_transcript.py: [YT-DLP DEBUG] [download]  33.7% of    5.92MiB at    8.82MiB/s ETA 00:00
[2026-01-17 13:56:04] [DEBUG] extract_transcript.py: [YT-DLP DOWNLOAD] \uc9c4\ud589\ub960: 33.7% | \ub2e4\uc6b4\ub85c\ub4dc: 2,096,128/6,210,809 bytes | \uc18d\ub3c4: 9029.9 KB/s
[2026-01-17 13:56:05] [DEBUG] extract_transcript.py: [YT-DLP DEBUG] [download]  67.5% of    5.92MiB at    8.64MiB/s ETA 00:00
[2026-01-17 13:56:05] [DEBUG] extract_transcript.py: [YT-DLP DOWNLOAD] \uc9c4\ud589\ub960: 67.5% | \ub2e4\uc6b4\ub85c\ub4dc: 4,193,280/6,210,809 bytes | \uc18d\ub3c4: 8849.4 KB/s
[2026-01-17 13:56:05] [DEBUG] extract_transcript.py: [YT-DLP DEBUG] [download] 100.0% of    5.92MiB at    8.99MiB/s ETA 00:00
[2026-01-17 13:56:05] [DEBUG] extract_transcript.py: [YT-DLP DOWNLOAD] \uc9c4\ud589\ub960: 100.0% | \ub2e4\uc6b4\ub85c\ub4dc: 6,210,809/6,210,809 bytes | \uc18d\ub3c4: 9205.1 KB/s
[2026-01-17 13:56:05] [DEBUG] extract_transcript.py: [YT-DLP DEBUG] [download] 100% of    5.92MiB in 00:00:00 at 7.93MiB/s
[2026-01-17 13:56:05] [DEBUG] extract_transcript.py: [YT-DLP DOWNLOAD] \u2713 \ub2e4\uc6b4\ub85c\ub4dc \uc644\ub8cc!
[2026-01-17 13:56:05] [DEBUG] extract_transcript.py: [YT-DLP DOWNLOAD]    - \ud30c\uc77c: Temp_Audio\Qvi2Vsj7SXE.m4a
[2026-01-17 13:56:05] [DEBUG] extract_transcript.py: [YT-DLP DOWNLOAD]    - \ud06c\uae30: 6,210,809 bytes
[2026-01-17 13:56:05] [DEBUG] extract_transcript.py: [YT-DLP DOWNLOAD]    - \uc18c\uc694\uc2dc\uac04: 0.75\ucd08
[2026-01-17 13:56:05] [DEBUG] extract_transcript.py: [YT-DLP DOWNLOAD]    - \ud3c9\uade0 \uc18d\ub3c4: 8118.4 KB/s
[2026-01-17 13:56:05] [DEBUG] extract_transcript.py: ================================================================================
[2026-01-17 13:56:05] [DEBUG] extract_transcript.py: \u2705 YT-DLP \ub2e4\uc6b4\ub85c\ub4dc \uc644\ub8cc
[2026-01-17 13:56:05] [DEBUG] extract_transcript.py: ================================================================================
[2026-01-17 13:56:05] [DEBUG] extract_transcript.py: ================================================================================
[2026-01-17 13:56:05] [DEBUG] extract_transcript.py: \U0001f3a4 WHISPER AI \uc74c\uc131 \uc778\uc2dd \uc0c1\uc138 \ub85c\uadf8
[2026-01-17 13:56:05] [DEBUG] extract_transcript.py: ================================================================================
[2026-01-17 13:56:05] [DEBUG] extract_transcript.py: [WHISPER] \U0001f4e5 \ubaa8\ub378 \ub85c\ub529 \uc911...
[2026-01-17 13:56:05] [DEBUG] extract_transcript.py: [WHISPER]    - \ubaa8\ub378: turbo
[2026-01-17 13:56:05] [DEBUG] extract_transcript.py: [WHISPER]    - \ub514\ubc14\uc774\uc2a4: CPU
[2026-01-17 13:56:05] [DEBUG] extract_transcript.py: [WHISPER]    - \uc5f0\uc0b0 \ud0c0\uc785: int8
[2026-01-17 13:56:17] [DEBUG] extract_transcript.py: [WHISPER] \u2713 \ubaa8\ub378 \ub85c\ub529 \uc644\ub8cc (\uc18c\uc694\uc2dc\uac04: 12.66\ucd08)
[2026-01-17 13:56:17] [DEBUG] extract_transcript.py: [WHISPER] \U0001f50d \uc624\ub514\uc624 \ud30c\uc77c \ubd84\uc11d \uc911...
[2026-01-17 13:56:17] [DEBUG] extract_transcript.py: [WHISPER]    - \ud30c\uc77c: Temp_Audio\Qvi2Vsj7SXE.m4a
[2026-01-17 13:56:17] [DEBUG] extract_transcript.py: [WHISPER]    - Beam size: 5
[2026-01-17 13:57:23] [DEBUG] extract_transcript.py: [WHISPER] \u2713 \uc624\ub514\uc624 \ubd84\uc11d \uc644\ub8cc
[2026-01-17 13:57:23] [DEBUG] extract_transcript.py: [WHISPER]    - \uac10\uc9c0\ub41c \uc5b8\uc5b4: ko
[2026-01-17 13:57:23] [DEBUG] extract_transcript.py: [WHISPER]    - \uc5b8\uc5b4 \ud655\ub960: 0.9984 (99.84%)
[2026-01-17 13:57:23] [DEBUG] extract_transcript.py: [WHISPER]    - \uc608\uc0c1 \ucd1d \uae38\uc774: 131.70\ucd08
[2026-01-17 13:57:23] [DEBUG] extract_transcript.py: [WHISPER] \U0001f4dd \uc138\uadf8\uba3c\ud2b8 \ucc98\ub9ac \uc2dc\uc791...
[2026-01-17 13:57:23] [DEBUG] extract_transcript.py: --------------------------------------------------------------------------------
[2026-01-17 13:58:40] [DEBUG] extract_transcript.py: [WHISPER] Segment #001
[2026-01-17 13:58:40] [INFO] [60%] Processing segment #1...
[2026-01-17 13:58:40] [DEBUG] extract_transcript.py: \u23f1\ufe0f  \uc2dc\uac04: 0.00s ~ 0.50s (\uae38\uc774: 0.50s)
[2026-01-17 13:58:40] [DEBUG] extract_transcript.py: \U0001f4c4 \ud14d\uc2a4\ud2b8: \ubb50\ud560\ub77c\uace0?
[2026-01-17 13:58:40] [DEBUG] extract_transcript.py: \U0001f4ca \ubb38\uc790\uc218: 5 chars
[2026-01-17 13:58:40] [DEBUG] extract_transcript.py: \U0001f3af \ud3c9\uade0 \ud655\ub960: -0.1888
[2026-01-17 13:58:40] [DEBUG] extract_transcript.py: \U0001f507 No-speech \ud655\ub960: 0.0000
[2026-01-17 13:58:40] [DEBUG] extract_transcript.py: --------------------------------------------------------------------------------
[2026-01-17 13:58:40] [DEBUG] extract_transcript.py: [WHISPER] Segment #002
[2026-01-17 13:58:40] [INFO] [60%] Processing segment #2...
[2026-01-17 13:58:40] [DEBUG] extract_transcript.py: \u23f1\ufe0f  \uc2dc\uac04: 0.50s ~ 4.46s (\uae38\uc774: 3.96s)
[2026-01-17 13:58:40] [DEBUG] extract_transcript.py: \U0001f4c4 \ud14d\uc2a4\ud2b8: \uc774 \uc138\ube10\uc77c\ub808\ube10\uc758 \ucd5c\uac15\ub85d \uc170\ud504 \ucf5c\ub77c\ubcf4 \uc81c\ud488\uc774 \ub098\uc654\ub2e4 \uadf8\ub7ec\uae38\ub798 \ub0b4\uac00 \ud0c1 \uac16\uace0 \uc654\uc9c0
[2026-01-17 13:58:40] [DEBUG] extract_transcript.py: \U0001f4ca \ubb38\uc790\uc218: 43 chars
[2026-01-17 13:58:40] [DEBUG] extract_transcript.py: \U0001f3af \ud3c9\uade0 \ud655\ub960: -0.1888
[2026-01-17 13:58:40] [DEBUG] extract_transcript.py: \U0001f507 No-speech \ud655\ub960: 0.0000
[2026-01-17 13:58:40] [DEBUG] extract_transcript.py: --------------------------------------------------------------------------------
[2026-01-17 13:58:40] [DEBUG] extract_transcript.py: [WHISPER] Segment #003
[2026-01-17 13:58:40] [INFO] [60%] Processing segment #3...
[2026-01-17 13:58:40] [DEBUG] extract_transcript.py: \u23f1\ufe0f  \uc2dc\uac04: 4.46s ~ 5.20s (\uae38\uc774: 0.74s)
[2026-01-17 13:58:40] [DEBUG] extract_transcript.py: \U0001f4c4 \ud14d\uc2a4\ud2b8: \uadf8\ub798\uc11c \uadf8\uac8c \ubb54\ub370?
[2026-01-17 13:58:40] [DEBUG] extract_transcript.py: \U0001f4ca \ubb38\uc790\uc218: 10 chars
[2026-01-17 13:58:40] [DEBUG] extract_transcript.py: \U0001f3af \ud3c9\uade0 \ud655\ub960: -0.1888
[2026-01-17 13:58:40] [DEBUG] extract_transcript.py: \U0001f507 No-speech \ud655\ub960: 0.0000
[2026-01-17 13:58:40] [DEBUG] extract_transcript.py: --------------------------------------------------------------------------------
[2026-01-17 13:58:40] [DEBUG] extract_transcript.py: [WHISPER] Segment #004
[2026-01-17 13:58:40] [INFO] [61%] Processing segment #4...
[2026-01-17 13:58:40] [DEBUG] extract_transcript.py: \u23f1\ufe0f  \uc2dc\uac04: 5.20s ~ 6.54s (\uae38\uc774: 1.34s)
[2026-01-17 13:58:40] [DEBUG] extract_transcript.py: \U0001f4c4 \ud14d\uc2a4\ud2b8: \uc774 \uc0cc\ub4dc\uc704\uce58\ub791 \ub124\uc624 \ud654\uc774\ud2b8
[2026-01-17 13:58:40] [DEBUG] extract_transcript.py: \U0001f4ca \ubb38\uc790\uc218: 14 chars
[2026-01-17 13:58:40] [DEBUG] extract_transcript.py: \U0001f3af \ud3c9\uade0 \ud655\ub960: -0.1888
[2026-01-17 13:58:40] [DEBUG] extract_transcript.py: \U0001f507 No-speech \ud655\ub960: 0.0000
[2026-01-17 13:58:40] [DEBUG] extract_transcript.py: --------------------------------------------------------------------------------
[2026-01-17 13:58:40] [DEBUG] extract_transcript.py: [WHISPER] Segment #005
[2026-01-17 13:58:40] [INFO] [61%] Processing segment #5...
[2026-01-17 13:58:40] [DEBUG] extract_transcript.py: \u23f1\ufe0f  \uc2dc\uac04: 6.54s ~ 7.06s (\uae38\uc774: 0.52s)
[2026-01-17 13:58:40] [DEBUG] extract_transcript.py: \U0001f4c4 \ud14d\uc2a4\ud2b8: \uc5b4\ub514\uc11c \uc0c0\uc5b4?
[2026-01-17 13:58:40] [DEBUG] extract_transcript.py: \U0001f4ca \ubb38\uc790\uc218: 7 chars
[2026-01-17 13:58:40] [DEBUG] extract_transcript.py: \U0001f3af \ud3c9\uade0 \ud655\ub960: -0.1888
[2026-01-17 13:58:40] [DEBUG] extract_transcript.py: \U0001f507 No-speech \ud655\ub960: 0.0000
[2026-01-17 13:58:40] [DEBUG] extract_transcript.py: --------------------------------------------------------------------------------
[2026-01-17 13:58:40] [DEBUG] extract_transcript.py: [WHISPER] Segment #006
[2026-01-17 13:58:40] [INFO] [61%] Processing segment #6...
[2026-01-17 13:58:40] [DEBUG] extract_transcript.py: \u23f1\ufe0f  \uc2dc\uac04: 7.06s ~ 7.90s (\uae38\uc774: 0.84s)
[2026-01-17 13:58:40] [DEBUG] extract_transcript.py: \U0001f4c4 \ud14d\uc2a4\ud2b8: \uc774 \uc138\ube10\uc77c\ub808\ube10
[2026-01-17 13:58:40] [DEBUG] extract_transcript.py: \U0001f4ca \ubb38\uc790\uc218: 7 chars
[2026-01-17 13:58:40] [DEBUG] extract_transcript.py: \U0001f3af \ud3c9\uade0 \ud655\ub960: -0.1888
[2026-01-17 13:58:40] [DEBUG] extract_transcript.py: \U0001f507 No-speech \ud655\ub960: 0.0000
[2026-01-17 13:58:40] [DEBUG] extract_transcript.py: --------------------------------------------------------------------------------
[2026-01-17 13:58:40] [DEBUG] extract_transcript.py: [WHISPER] Segment #007
[2026-01-17 13:58:40] [INFO] [61%] Processing segment #7...
[2026-01-17 13:58:40] [DEBUG] extract_transcript.py: \u23f1\ufe0f  \uc2dc\uac04: 7.90s ~ 9.26s (\uae38\uc774: 1.36s)
[2026-01-17 13:58:40] [DEBUG] extract_transcript.py: \U0001f4c4 \ud14d\uc2a4\ud2b8: \uc815\ud655\ud55c \uc81c\ud488 \uc774\ub984\uc774 \ubb50\uc57c?
[2026-01-17 13:58:40] [DEBUG] extract_transcript.py: \U0001f4ca \ubb38\uc790\uc218: 14 chars
[2026-01-17 13:58:40] [DEBUG] extract_transcript.py: \U0001f3af \ud3c9\uade0 \ud655\ub960: -0.1888
[2026-01-17 13:58:40] [DEBUG] extract_transcript.py: \U0001f507 No-speech \ud655\ub960: 0.0000
[2026-01-17 13:58:40] [DEBUG] extract_transcript.py: --------------------------------------------------------------------------------
[2026-01-17 13:58:40] [DEBUG] extract_transcript.py: [WHISPER] Segment #008
[2026-01-17 13:58:40] [INFO] [62%] Processing segment #8...
[2026-01-17 13:58:40] [DEBUG] extract_transcript.py: \u23f1\ufe0f  \uc2dc\uac04: 9.26s ~ 11.64s (\uae38\uc774: 2.38s)
[2026-01-17 13:58:40] [DEBUG] extract_transcript.py: \U0001f4c4 \ud14d\uc2a4\ud2b8: \ucd5c\uac15\ub85d\uc758 \ub85c\uc2a4\ud31c \uc5d0\uadf8\uc0cc\ub4dc\ub791 \ub124\uc624 25 \ud654\uc774\ud2b8
[2026-01-17 13:58:40] [DEBUG] extract_transcript.py: \U0001f4ca \ubb38\uc790\uc218: 24 chars
[2026-01-17 13:58:40] [DEBUG] extract_transcript.py: \U0001f3af \ud3c9\uade0 \ud655\ub960: -0.1888
[2026-01-17 13:58:40] [DEBUG] extract_transcript.py: \U0001f507 No-speech \ud655\ub960: 0.0000
[2026-01-17 13:58:40] [DEBUG] extract_transcript.py: --------------------------------------------------------------------------------
[2026-01-17 13:58:40] [DEBUG] extract_transcript.py: [WHISPER] Segment #009
[2026-01-17 13:58:40] [INFO] [62%] Processing segment #9...
[2026-01-17 13:58:40] [DEBUG] extract_transcript.py: \u23f1\ufe0f  \uc2dc\uac04: 11.64s ~ 12.26s (\uae38\uc774: 0.62s)
[2026-01-17 13:58:40] [DEBUG] extract_transcript.py: \U0001f4c4 \ud14d\uc2a4\ud2b8: \uc870\ub9b0 \uac74 \uc5c6\uc5b4?
[2026-01-17 13:58:40] [DEBUG] extract_transcript.py: \U0001f4ca \ubb38\uc790\uc218: 8 chars
[2026-01-17 13:58:40] [DEBUG] extract_transcript.py: \U0001f3af \ud3c9\uade0 \ud655\ub960: -0.1888
[2026-01-17 13:58:40] [DEBUG] extract_transcript.py: \U0001f507 No-speech \ud655\ub960: 0.0000
[2026-01-17 13:58:40] [DEBUG] extract_transcript.py: --------------------------------------------------------------------------------
[2026-01-17 13:58:40] [DEBUG] extract_transcript.py: [WHISPER] Segment #010
[2026-01-17 13:58:40] [INFO] [62%] Processing segment #10...
[2026-01-17 13:58:40] [DEBUG] extract_transcript.py: \u23f1\ufe0f  \uc2dc\uac04: 12.26s ~ 13.86s (\uae38\uc774: 1.60s)
[2026-01-17 13:58:40] [DEBUG] extract_transcript.py: \U0001f4c4 \ud14d\uc2a4\ud2b8: \uadf8\ub7ec\uac8c \ub09c \uc870\ub9b0 \uac8c \uba39\uace0 \uc2f6\uc740 \uac74\ub370
[2026-01-17 13:58:40] [DEBUG] extract_transcript.py: \U0001f4ca \ubb38\uc790\uc218: 19 chars
[2026-01-17 13:58:40] [DEBUG] extract_transcript.py: \U0001f3af \ud3c9\uade0 \ud655\ub960: -0.1888
[2026-01-17 13:58:40] [DEBUG] extract_transcript.py: \U0001f507 No-speech \ud655\ub960: 0.0000
[2026-01-17 13:58:40] [DEBUG] extract_transcript.py: --------------------------------------------------------------------------------
[2026-01-17 13:58:40] [DEBUG] extract_transcript.py: [WHISPER] Segment #011
[2026-01-17 13:58:40] [INFO] [62%] Processing segment #11...
[2026-01-17 13:58:40] [DEBUG] extract_transcript.py: \u23f1\ufe0f  \uc2dc\uac04: 13.86s ~ 14.60s (\uae38\uc774: 0.74s)
[2026-01-17 13:58:40] [DEBUG] extract_transcript.py: \U0001f4c4 \ud14d\uc2a4\ud2b8: \uac00\uaca9\uc740 \uc5bc\ub9cc\ub370?
[2026-01-17 13:58:40] [DEBUG] extract_transcript.py: \U0001f4ca \ubb38\uc790\uc218: 8 chars
[2026-01-17 13:58:40] [DEBUG] extract_transcript.py: \U0001f3af \ud3c9\uade0 \ud655\ub960: -0.1888
[2026-01-17 13:58:40] [DEBUG] extract_transcript.py: \U0001f507 No-speech \ud655\ub960: 0.0000
[2026-01-17 13:58:40] [DEBUG] extract_transcript.py: --------------------------------------------------------------------------------
[2026-01-17 13:58:40] [DEBUG] extract_transcript.py: [WHISPER] Segment #012
[2026-01-17 13:58:40] [INFO] [63%] Processing segment #12...
[2026-01-17 13:58:40] [DEBUG] extract_transcript.py: \u23f1\ufe0f  \uc2dc\uac04: 14.60s ~ 16.84s (\uae38\uc774: 2.24s)
[2026-01-17 13:58:40] [DEBUG] extract_transcript.py: \U0001f4c4 \ud14d\uc2a4\ud2b8: \uc0cc\ub4dc\uc704\uce58\ub294 3,200\uc6d0\uc778\ub370 \uc694\uac83\ub3c4 \uac19\uc774 \uc8fc\uace0
[2026-01-17 13:58:40] [DEBUG] extract_transcript.py: \U0001f4ca \ubb38\uc790\uc218: 24 chars
[2026-01-17 13:58:40] [DEBUG] extract_transcript.py: \U0001f3af \ud3c9\uade0 \ud655\ub960: -0.1888
[2026-01-17 13:58:40] [DEBUG] extract_transcript.py: \U0001f507 No-speech \ud655\ub960: 0.0000
[2026-01-17 13:58:40] [DEBUG] extract_transcript.py: --------------------------------------------------------------------------------
[2026-01-17 13:58:40] [DEBUG] extract_transcript.py: [WHISPER] Segment #013
[2026-01-17 13:58:40] [INFO] [63%] Processing segment #13...
[2026-01-17 13:58:40] [DEBUG] extract_transcript.py: \u23f1\ufe0f  \uc2dc\uac04: 16.84s ~ 17.96s (\uae38\uc774: 1.12s)
[2026-01-17 13:58:40] [DEBUG] extract_transcript.py: \U0001f4c4 \ud14d\uc2a4\ud2b8: \ub124\uc624 25\ub294 19,000\uc6d0
[2026-01-17 13:58:40] [DEBUG] extract_transcript.py: \U0001f4ca \ubb38\uc790\uc218: 14 chars
[2026-01-17 13:58:40] [DEBUG] extract_transcript.py: \U0001f3af \ud3c9\uade0 \ud655\ub960: -0.1888
[2026-01-17 13:58:40] [DEBUG] extract_transcript.py: \U0001f507 No-speech \ud655\ub960: 0.0000
[2026-01-17 13:58:40] [DEBUG] extract_transcript.py: --------------------------------------------------------------------------------
[2026-01-17 13:58:40] [DEBUG] extract_transcript.py: [WHISPER] Segment #014
[2026-01-17 13:58:40] [INFO] [63%] Processing segment #14...
[2026-01-17 13:58:40] [DEBUG] extract_transcript.py: \u23f1\ufe0f  \uc2dc\uac04: 17.96s ~ 19.26s (\uae38\uc774: 1.30s)
[2026-01-17 13:58:40] [DEBUG] extract_transcript.py: \U0001f4c4 \ud14d\uc2a4\ud2b8: \uc81c\ud488 \ud2b9\uc9d5\uc774 \ubb50\uc57c? \uc0cc\ub4dc\uc704\uce58\ubd80\ud130
[2026-01-17 13:58:40] [DEBUG] extract_transcript.py: \U0001f4ca \ubb38\uc790\uc218: 17 chars
[2026-01-17 13:58:40] [DEBUG] extract_transcript.py: \U0001f3af \ud3c9\uade0 \ud655\ub960: -0.1888
[2026-01-17 13:58:40] [DEBUG] extract_transcript.py: \U0001f507 No-speech \ud655\ub960: 0.0000
[2026-01-17 13:58:40] [DEBUG] extract_transcript.py: --------------------------------------------------------------------------------
[2026-01-17 13:58:40] [DEBUG] extract_transcript.py: [WHISPER] Segment #015
[2026-01-17 13:58:40] [INFO] [63%] Processing segment #15...
[2026-01-17 13:58:40] [DEBUG] extract_transcript.py: \u23f1\ufe0f  \uc2dc\uac04: 19.26s ~ 22.00s (\uae38\uc774: 2.74s)
[2026-01-17 13:58:40] [DEBUG] extract_transcript.py: \U0001f4c4 \ud14d\uc2a4\ud2b8: \uc774 \ub85c\uc2a4\ud31c\ud558\uace0 \uace0\uc18c\ud55c \uacc4\ub780\uc5d0 \uc54c\uc2f8 \uc548 \ub9c8\uc694\ub124\uc988\uac00 \ub4e4\uc5b4\uac00 \uc788\ub300\uc57c
[2026-01-17 13:58:40] [DEBUG] extract_transcript.py: \U0001f4ca \ubb38\uc790\uc218: 34 chars
[2026-01-17 13:58:40] [DEBUG] extract_transcript.py: \U0001f3af \ud3c9\uade0 \ud655\ub960: -0.1888
[2026-01-17 13:58:40] [DEBUG] extract_transcript.py: \U0001f507 No-speech \ud655\ub960: 0.0000
[2026-01-17 13:58:40] [DEBUG] extract_transcript.py: --------------------------------------------------------------------------------
[2026-01-17 13:58:40] [DEBUG] extract_transcript.py: [WHISPER] Segment #016
[2026-01-17 13:58:40] [INFO] [64%] Processing segment #16...
[2026-01-17 13:58:40] [DEBUG] extract_transcript.py: \u23f1\ufe0f  \uc2dc\uac04: 22.00s ~ 23.20s (\uae38\uc774: 1.20s)
[2026-01-17 13:58:40] [DEBUG] extract_transcript.py: \U0001f4c4 \ud14d\uc2a4\ud2b8: \ub124\uc624 25 \ud654\uc774\ud2b8 \ud2b9\uc9d5
[2026-01-17 13:58:40] [DEBUG] extract_transcript.py: \U0001f4ca \ubb38\uc790\uc218: 12 chars
[2026-01-17 13:58:40] [DEBUG] extract_transcript.py: \U0001f3af \ud3c9\uade0 \ud655\ub960: -0.1888
[2026-01-17 13:58:40] [DEBUG] extract_transcript.py: \U0001f507 No-speech \ud655\ub960: 0.0000
[2026-01-17 13:58:40] [DEBUG] extract_transcript.py: --------------------------------------------------------------------------------
[2026-01-17 14:00:05] [DEBUG] extract_transcript.py: [WHISPER] Segment #017
[2026-01-17 14:00:05] [INFO] [64%] Processing segment #17...
[2026-01-17 14:00:05] [DEBUG] extract_transcript.py: \u23f1\ufe0f  \uc2dc\uac04: 23.20s ~ 25.04s (\uae38\uc774: 1.84s)
[2026-01-17 14:00:05] [DEBUG] extract_transcript.py: \U0001f4c4 \ud14d\uc2a4\ud2b8: \ub124 \uc694 2\ub9cc \uac1c \ud55c\uc7a5 \uc218\ub7c9\uc73c\ub85c \ud310\ub9e4\ud558\ub294 \uac70\uace0
[2026-01-17 14:00:05] [DEBUG] extract_transcript.py: \U0001f4ca \ubb38\uc790\uc218: 24 chars
[2026-01-17 14:00:05] [DEBUG] extract_transcript.py: \U0001f3af \ud3c9\uade0 \ud655\ub960: -0.2181
[2026-01-17 14:00:05] [DEBUG] extract_transcript.py: \U0001f507 No-speech \ud655\ub960: 0.0000
[2026-01-17 14:00:05] [DEBUG] extract_transcript.py: --------------------------------------------------------------------------------
[2026-01-17 14:00:05] [DEBUG] extract_transcript.py: [WHISPER] Segment #018
[2026-01-17 14:00:05] [INFO] [64%] Processing segment #18...
[2026-01-17 14:00:05] [DEBUG] extract_transcript.py: \u23f1\ufe0f  \uc2dc\uac04: 25.04s ~ 27.20s (\uae38\uc774: 2.16s)
[2026-01-17 14:00:05] [DEBUG] extract_transcript.py: \U0001f4c4 \ud14d\uc2a4\ud2b8: \ucd5c\uac15\ub85d \uc170\ud504\uac00 \uae30\ud68d \ub2e8\uacc4\ubd80\ud130 \uc9c1\uc811 \ucc38\uc5ec\ud574\uac00\uc9c0\uace0
[2026-01-17 14:00:05] [DEBUG] extract_transcript.py: \U0001f4ca \ubb38\uc790\uc218: 25 chars
[2026-01-17 14:00:05] [DEBUG] extract_transcript.py: \U0001f3af \ud3c9\uade0 \ud655\ub960: -0.2181
[2026-01-17 14:00:05] [DEBUG] extract_transcript.py: \U0001f507 No-speech \ud655\ub960: 0.0000
[2026-01-17 14:00:05] [DEBUG] extract_transcript.py: --------------------------------------------------------------------------------
[2026-01-17 14:00:05] [DEBUG] extract_transcript.py: [WHISPER] Segment #019
[2026-01-17 14:00:05] [INFO] [64%] Processing segment #19...
[2026-01-17 14:00:05] [DEBUG] extract_transcript.py: \u23f1\ufe0f  \uc2dc\uac04: 27.20s ~ 29.56s (\uae38\uc774: 2.36s)
[2026-01-17 14:00:05] [DEBUG] extract_transcript.py: \U0001f4c4 \ud14d\uc2a4\ud2b8: \uc5b4\ub5a4 \uc694\ub9ac\ub791\ub3c4 \uba39\uc5b4\ub3c4 \uc870\ud654\ub85c\uc6b4 \ucd5c\uc801\uc758 \ub9db\uc774\ub7b4
[2026-01-17 14:00:05] [DEBUG] extract_transcript.py: \U0001f4ca \ubb38\uc790\uc218: 24 chars
[2026-01-17 14:00:05] [DEBUG] extract_transcript.py: \U0001f3af \ud3c9\uade0 \ud655\ub960: -0.2181
[2026-01-17 14:00:05] [DEBUG] extract_transcript.py: \U0001f507 No-speech \ud655\ub960: 0.0000
[2026-01-17 14:00:05] [DEBUG] extract_transcript.py: --------------------------------------------------------------------------------
[2026-01-17 14:00:05] [DEBUG] extract_transcript.py: [WHISPER] Segment #020
[2026-01-17 14:00:05] [INFO] [65%] Processing segment #20...
[2026-01-17 14:00:05] [DEBUG] extract_transcript.py: \u23f1\ufe0f  \uc2dc\uac04: 29.56s ~ 30.44s (\uae38\uc774: 0.88s)
[2026-01-17 14:00:05] [DEBUG] extract_transcript.py: \U0001f4c4 \ud14d\uc2a4\ud2b8: \ub3c4\uc2a4\ud1a4\uc740 25\ub3c4\uc57c?
[2026-01-17 14:00:05] [DEBUG] extract_transcript.py: \U0001f4ca \ubb38\uc790\uc218: 10 chars
[2026-01-17 14:00:05] [DEBUG] extract_transcript.py: \U0001f3af \ud3c9\uade0 \ud655\ub960: -0.2181
[2026-01-17 14:00:05] [DEBUG] extract_transcript.py: \U0001f507 No-speech \ud655\ub960: 0.0000
[2026-01-17 14:00:05] [DEBUG] extract_transcript.py: --------------------------------------------------------------------------------
[2026-01-17 14:00:05] [DEBUG] extract_transcript.py: [WHISPER] Segment #021
[2026-01-17 14:00:05] [INFO] [65%] Processing segment #21...
[2026-01-17 14:00:05] [DEBUG] extract_transcript.py: \u23f1\ufe0f  \uc2dc\uac04: 30.44s ~ 30.84s (\uae38\uc774: 0.40s)
[2026-01-17 14:00:05] [DEBUG] extract_transcript.py: \U0001f4c4 \ud14d\uc2a4\ud2b8: \ub124
[2026-01-17 14:00:05] [DEBUG] extract_transcript.py: \U0001f4ca \ubb38\uc790\uc218: 1 chars
[2026-01-17 14:00:05] [DEBUG] extract_transcript.py: \U0001f3af \ud3c9\uade0 \ud655\ub960: -0.2181
[2026-01-17 14:00:05] [DEBUG] extract_transcript.py: \U0001f507 No-speech \ud655\ub960: 0.0000
[2026-01-17 14:00:05] [DEBUG] extract_transcript.py: --------------------------------------------------------------------------------
[2026-01-17 14:00:05] [DEBUG] extract_transcript.py: [WHISPER] Segment #022
[2026-01-17 14:00:05] [INFO] [65%] Processing segment #22...
[2026-01-17 14:00:05] [DEBUG] extract_transcript.py: \u23f1\ufe0f  \uc2dc\uac04: 30.84s ~ 31.74s (\uae38\uc774: 0.90s)
[2026-01-17 14:00:05] [DEBUG] extract_transcript.py: \U0001f4c4 \ud14d\uc2a4\ud2b8: \uc300\uc740 \ubabb \uc4f4 \uac74\ub370
[2026-01-17 14:00:05] [DEBUG] extract_transcript.py: \U0001f4ca \ubb38\uc790\uc218: 9 chars
[2026-01-17 14:00:05] [DEBUG] extract_transcript.py: \U0001f3af \ud3c9\uade0 \ud655\ub960: -0.2181
[2026-01-17 14:00:05] [DEBUG] extract_transcript.py: \U0001f507 No-speech \ud655\ub960: 0.0000
[2026-01-17 14:00:05] [DEBUG] extract_transcript.py: --------------------------------------------------------------------------------
[2026-01-17 14:00:05] [DEBUG] extract_transcript.py: [WHISPER] Segment #023
[2026-01-17 14:00:05] [INFO] [65%] Processing segment #23...
[2026-01-17 14:00:05] [DEBUG] extract_transcript.py: \u23f1\ufe0f  \uc2dc\uac04: 31.74s ~ 33.20s (\uae38\uc774: 1.46s)
[2026-01-17 14:00:05] [DEBUG] extract_transcript.py: \U0001f4c4 \ud14d\uc2a4\ud2b8: \uc804\ub0a8 \uad6d\uc131 \uac00\ub8e8\ubbf8 \uc300\uc774\ub7b4
[2026-01-17 14:00:05] [DEBUG] extract_transcript.py: \U0001f4ca \ubb38\uc790\uc218: 13 chars
[2026-01-17 14:00:05] [DEBUG] extract_transcript.py: \U0001f3af \ud3c9\uade0 \ud655\ub960: -0.2181
[2026-01-17 14:00:05] [DEBUG] extract_transcript.py: \U0001f507 No-speech \ud655\ub960: 0.0000
[2026-01-17 14:00:05] [DEBUG] extract_transcript.py: --------------------------------------------------------------------------------
[2026-01-17 14:00:05] [DEBUG] extract_transcript.py: [WHISPER] Segment #024
[2026-01-17 14:00:05] [INFO] [66%] Processing segment #24...
[2026-01-17 14:00:05] [DEBUG] extract_transcript.py: \u23f1\ufe0f  \uc2dc\uac04: 33.20s ~ 34.00s (\uae38\uc774: 0.80s)
[2026-01-17 14:00:05] [DEBUG] extract_transcript.py: \U0001f4c4 \ud14d\uc2a4\ud2b8: \uc544 \ub410\uace0
[2026-01-17 14:00:05] [DEBUG] extract_transcript.py: \U0001f4ca \ubb38\uc790\uc218: 4 chars
[2026-01-17 14:00:05] [DEBUG] extract_transcript.py: \U0001f3af \ud3c9\uade0 \ud655\ub960: -0.2181
[2026-01-17 14:00:05] [DEBUG] extract_transcript.py: \U0001f507 No-speech \ud655\ub960: 0.0000
[2026-01-17 14:00:05] [DEBUG] extract_transcript.py: --------------------------------------------------------------------------------
[2026-01-17 14:00:05] [DEBUG] extract_transcript.py: [WHISPER] Segment #025
[2026-01-17 14:00:05] [INFO] [66%] Processing segment #25...
[2026-01-17 14:00:05] [DEBUG] extract_transcript.py: \u23f1\ufe0f  \uc2dc\uac04: 34.00s ~ 36.00s (\uae38\uc774: 2.00s)
[2026-01-17 14:00:05] [DEBUG] extract_transcript.py: \U0001f4c4 \ud14d\uc2a4\ud2b8: \uc815\ubcf4 \ube60\uc9d0\uc5c6\uc774 \uc804\ub2ec\ud574\ub77c
[2026-01-17 14:00:05] [DEBUG] extract_transcript.py: \U0001f4ca \ubb38\uc790\uc218: 12 chars
[2026-01-17 14:00:05] [DEBUG] extract_transcript.py: \U0001f3af \ud3c9\uade0 \ud655\ub960: -0.2181
[2026-01-17 14:00:05] [DEBUG] extract_transcript.py: \U0001f507 No-speech \ud655\ub960: 0.0000
[2026-01-17 14:00:05] [DEBUG] extract_transcript.py: --------------------------------------------------------------------------------
[2026-01-17 14:00:05] [DEBUG] extract_transcript.py: [WHISPER] Segment #026
[2026-01-17 14:00:05] [INFO] [66%] Processing segment #26...
[2026-01-17 14:00:05] [DEBUG] extract_transcript.py: \u23f1\ufe0f  \uc2dc\uac04: 36.00s ~ 36.30s (\uae38\uc774: 0.30s)
[2026-01-17 14:00:05] [DEBUG] extract_transcript.py: \U0001f4c4 \ud14d\uc2a4\ud2b8: \uc751?
[2026-01-17 14:00:05] [DEBUG] extract_transcript.py: \U0001f4ca \ubb38\uc790\uc218: 2 chars
[2026-01-17 14:00:05] [DEBUG] extract_transcript.py: \U0001f3af \ud3c9\uade0 \ud655\ub960: -0.2181
[2026-01-17 14:00:05] [DEBUG] extract_transcript.py: \U0001f507 No-speech \ud655\ub960: 0.0000
[2026-01-17 14:00:05] [DEBUG] extract_transcript.py: --------------------------------------------------------------------------------
[2026-01-17 14:00:05] [DEBUG] extract_transcript.py: [WHISPER] Segment #027
[2026-01-17 14:00:05] [INFO] [66%] Processing segment #27...
[2026-01-17 14:00:05] [DEBUG] extract_transcript.py: \u23f1\ufe0f  \uc2dc\uac04: 36.30s ~ 36.80s (\uae38\uc774: 0.50s)
[2026-01-17 14:00:05] [DEBUG] extract_transcript.py: \U0001f4c4 \ud14d\uc2a4\ud2b8: \uc774\uc81c \uba39\uc5b4\ubd10
[2026-01-17 14:00:05] [DEBUG] extract_transcript.py: \U0001f4ca \ubb38\uc790\uc218: 6 chars
[2026-01-17 14:00:05] [DEBUG] extract_transcript.py: \U0001f3af \ud3c9\uade0 \ud655\ub960: -0.2181
[2026-01-17 14:00:05] [DEBUG] extract_transcript.py: \U0001f507 No-speech \ud655\ub960: 0.0000
[2026-01-17 14:00:05] [DEBUG] extract_transcript.py: --------------------------------------------------------------------------------
[2026-01-17 14:00:05] [DEBUG] extract_transcript.py: [WHISPER] Segment #028
[2026-01-17 14:00:05] [INFO] [67%] Processing segment #28...
[2026-01-17 14:00:05] [DEBUG] extract_transcript.py: \u23f1\ufe0f  \uc2dc\uac04: 36.80s ~ 37.14s (\uae38\uc774: 0.34s)
[2026-01-17 14:00:05] [DEBUG] extract_transcript.py: \U0001f4c4 \ud14d\uc2a4\ud2b8: \uadf8\ub9ac\uc624
[2026-01-17 14:00:05] [DEBUG] extract_transcript.py: \U0001f4ca \ubb38\uc790\uc218: 3 chars
[2026-01-17 14:00:05] [DEBUG] extract_transcript.py: \U0001f3af \ud3c9\uade0 \ud655\ub960: -0.2181
[2026-01-17 14:00:05] [DEBUG] extract_transcript.py: \U0001f507 No-speech \ud655\ub960: 0.0000
[2026-01-17 14:00:05] [DEBUG] extract_transcript.py: --------------------------------------------------------------------------------
[2026-01-17 14:00:05] [DEBUG] extract_transcript.py: [WHISPER] Segment #029
[2026-01-17 14:00:05] [INFO] [67%] Processing segment #29...
[2026-01-17 14:00:05] [DEBUG] extract_transcript.py: \u23f1\ufe0f  \uc2dc\uac04: 37.14s ~ 38.90s (\uae38\uc774: 1.76s)
[2026-01-17 14:00:05] [DEBUG] extract_transcript.py: \U0001f4c4 \ud14d\uc2a4\ud2b8: \ub0b4\uc6a9\ubb3c\uc740 \uadf8\ub798\ub3c4 \uc81c\ubc95 \uc2e4\ud558\uac8c \ub4e4\uc5c8\uc1fc
[2026-01-17 14:00:05] [DEBUG] extract_transcript.py: \U0001f4ca \ubb38\uc790\uc218: 19 chars
[2026-01-17 14:00:05] [DEBUG] extract_transcript.py: \U0001f3af \ud3c9\uade0 \ud655\ub960: -0.2181
[2026-01-17 14:00:05] [DEBUG] extract_transcript.py: \U0001f507 No-speech \ud655\ub960: 0.0000
[2026-01-17 14:00:05] [DEBUG] extract_transcript.py: --------------------------------------------------------------------------------
[2026-01-17 14:00:05] [DEBUG] extract_transcript.py: [WHISPER] Segment #030
[2026-01-17 14:00:05] [INFO] [67%] Processing segment #30...
[2026-01-17 14:00:05] [DEBUG] extract_transcript.py: \u23f1\ufe0f  \uc2dc\uac04: 38.90s ~ 40.50s (\uae38\uc774: 1.60s)
[2026-01-17 14:00:05] [DEBUG] extract_transcript.py: \U0001f4c4 \ud14d\uc2a4\ud2b8: \ub85c\uc2a4\ud31c\uc744 \uc774\ub807\uac8c \ub2e4 \uc870\uc0ac\ub1a8\uad6c\ub098
[2026-01-17 14:00:05] [DEBUG] extract_transcript.py: \U0001f4ca \ubb38\uc790\uc218: 16 chars
[2026-01-17 14:00:05] [DEBUG] extract_transcript.py: \U0001f3af \ud3c9\uade0 \ud655\ub960: -0.2181
[2026-01-17 14:00:05] [DEBUG] extract_transcript.py: \U0001f507 No-speech \ud655\ub960: 0.0000
[2026-01-17 14:00:05] [DEBUG] extract_transcript.py: --------------------------------------------------------------------------------
[2026-01-17 14:00:05] [DEBUG] extract_transcript.py: [WHISPER] Segment #031
[2026-01-17 14:00:05] [INFO] [67%] Processing segment #31...
[2026-01-17 14:00:05] [DEBUG] extract_transcript.py: \u23f1\ufe0f  \uc2dc\uac04: 45.00s ~ 46.10s (\uae38\uc774: 1.10s)
[2026-01-17 14:00:05] [DEBUG] extract_transcript.py: \U0001f4c4 \ud14d\uc2a4\ud2b8: \ub9db\uc740 \uc5b4\ub54c? \uc0cc\ub4dc\uc704\uce58\ubd80\ud130
[2026-01-17 14:00:05] [DEBUG] extract_transcript.py: \U0001f4ca \ubb38\uc790\uc218: 13 chars
[2026-01-17 14:00:05] [DEBUG] extract_transcript.py: \U0001f3af \ud3c9\uade0 \ud655\ub960: -0.2181
[2026-01-17 14:00:05] [DEBUG] extract_transcript.py: \U0001f507 No-speech \ud655\ub960: 0.0000
[2026-01-17 14:00:05] [DEBUG] extract_transcript.py: --------------------------------------------------------------------------------
[2026-01-17 14:00:05] [DEBUG] extract_transcript.py: [WHISPER] Segment #032
[2026-01-17 14:00:05] [INFO] [68%] Processing segment #32...
[2026-01-17 14:00:05] [DEBUG] extract_transcript.py: \u23f1\ufe0f  \uc2dc\uac04: 46.10s ~ 48.00s (\uae38\uc774: 1.90s)
[2026-01-17 14:00:05] [DEBUG] extract_transcript.py: \U0001f4c4 \ud14d\uc2a4\ud2b8: \ub124 \ub2f9\uadfc \uac19\uc740 \uac8c \uc880 \uc544\uc791\uc544\uc791 \uc539\ud788\uace0
[2026-01-17 14:00:05] [DEBUG] extract_transcript.py: \U0001f4ca \ubb38\uc790\uc218: 20 chars
[2026-01-17 14:00:05] [DEBUG] extract_transcript.py: \U0001f3af \ud3c9\uade0 \ud655\ub960: -0.2181
[2026-01-17 14:00:05] [DEBUG] extract_transcript.py: \U0001f507 No-speech \ud655\ub960: 0.0000
[2026-01-17 14:00:05] [DEBUG] extract_transcript.py: --------------------------------------------------------------------------------
[2026-01-17 14:00:05] [DEBUG] extract_transcript.py: [WHISPER] Segment #033
[2026-01-17 14:00:05] [INFO] [68%] Processing segment #33...
[2026-01-17 14:00:05] [DEBUG] extract_transcript.py: \u23f1\ufe0f  \uc2dc\uac04: 48.00s ~ 50.30s (\uae38\uc774: 2.30s)
[2026-01-17 14:00:05] [DEBUG] extract_transcript.py: \U0001f4c4 \ud14d\uc2a4\ud2b8: \uc564\ub9db \ub9ce\uc774 \ub098\uace0 \uacc4\ub780\ub9db\ub3c4 \uc880 \ub098\ub294 \uc0cc\ub4dc\uc704\uce58\ub124
[2026-01-17 14:00:05] [DEBUG] extract_transcript.py: \U0001f4ca \ubb38\uc790\uc218: 24 chars
[2026-01-17 14:00:05] [DEBUG] extract_transcript.py: \U0001f3af \ud3c9\uade0 \ud655\ub960: -0.2181
[2026-01-17 14:00:05] [DEBUG] extract_transcript.py: \U0001f507 No-speech \ud655\ub960: 0.0000
[2026-01-17 14:00:05] [DEBUG] extract_transcript.py: --------------------------------------------------------------------------------
[2026-01-17 14:00:05] [DEBUG] extract_transcript.py: [WHISPER] Segment #034
[2026-01-17 14:00:05] [INFO] [68%] Processing segment #34...
[2026-01-17 14:00:05] [DEBUG] extract_transcript.py: \u23f1\ufe0f  \uc2dc\uac04: 50.30s ~ 51.10s (\uae38\uc774: 0.80s)
[2026-01-17 14:00:05] [DEBUG] extract_transcript.py: \U0001f4c4 \ud14d\uc2a4\ud2b8: \uc774\uac74 \ubb54 \ub9db\uc774\uc694?
[2026-01-17 14:00:05] [DEBUG] extract_transcript.py: \U0001f4ca \ubb38\uc790\uc218: 9 chars
[2026-01-17 14:00:05] [DEBUG] extract_transcript.py: \U0001f3af \ud3c9\uade0 \ud655\ub960: -0.2181
[2026-01-17 14:00:05] [DEBUG] extract_transcript.py: \U0001f507 No-speech \ud655\ub960: 0.0000
[2026-01-17 14:00:05] [DEBUG] extract_transcript.py: --------------------------------------------------------------------------------
[2026-01-17 14:01:29] [DEBUG] extract_transcript.py: [WHISPER] Segment #035
[2026-01-17 14:01:29] [INFO] [68%] Processing segment #35...
[2026-01-17 14:01:29] [DEBUG] extract_transcript.py: \u23f1\ufe0f  \uc2dc\uac04: 51.10s ~ 54.50s (\uae38\uc774: 3.40s)
[2026-01-17 14:01:29] [DEBUG] extract_transcript.py: \U0001f4c4 \ud14d\uc2a4\ud2b8: \uc774 \uc0ac\uacfc\ub9db\ub3c4 \ub098\uace0 \ub808\ubaac\ud5a5 \uc0b4\uc9dd \ub098\ub124
[2026-01-17 14:01:29] [DEBUG] extract_transcript.py: \U0001f4ca \ubb38\uc790\uc218: 19 chars
[2026-01-17 14:01:29] [DEBUG] extract_transcript.py: \U0001f3af \ud3c9\uade0 \ud655\ub960: -0.2009
[2026-01-17 14:01:29] [DEBUG] extract_transcript.py: \U0001f507 No-speech \ud655\ub960: 0.0000
[2026-01-17 14:01:29] [DEBUG] extract_transcript.py: --------------------------------------------------------------------------------
[2026-01-17 14:01:29] [DEBUG] extract_transcript.py: [WHISPER] Segment #036
[2026-01-17 14:01:29] [INFO] [69%] Processing segment #36...
[2026-01-17 14:01:29] [DEBUG] extract_transcript.py: \u23f1\ufe0f  \uc2dc\uac04: 54.50s ~ 55.20s (\uae38\uc774: 0.70s)
[2026-01-17 14:01:29] [DEBUG] extract_transcript.py: \U0001f4c4 \ud14d\uc2a4\ud2b8: \ub85c\uc2a4\ud31c \ub9db\uc774 \ub098?
[2026-01-17 14:01:29] [DEBUG] extract_transcript.py: \U0001f4ca \ubb38\uc790\uc218: 9 chars
[2026-01-17 14:01:29] [DEBUG] extract_transcript.py: \U0001f3af \ud3c9\uade0 \ud655\ub960: -0.2009
[2026-01-17 14:01:29] [DEBUG] extract_transcript.py: \U0001f507 No-speech \ud655\ub960: 0.0000
[2026-01-17 14:01:29] [DEBUG] extract_transcript.py: --------------------------------------------------------------------------------
[2026-01-17 14:01:29] [DEBUG] extract_transcript.py: [WHISPER] Segment #037
[2026-01-17 14:01:29] [INFO] [69%] Processing segment #37...
[2026-01-17 14:01:29] [DEBUG] extract_transcript.py: \u23f1\ufe0f  \uc2dc\uac04: 55.20s ~ 56.10s (\uae38\uc774: 0.90s)
[2026-01-17 14:01:29] [DEBUG] extract_transcript.py: \U0001f4c4 \ud14d\uc2a4\ud2b8: \uc608 \ud584\ub9db\uc740 \uc798 \ub098
[2026-01-17 14:01:29] [DEBUG] extract_transcript.py: \U0001f4ca \ubb38\uc790\uc218: 9 chars
[2026-01-17 14:01:29] [DEBUG] extract_transcript.py: \U0001f3af \ud3c9\uade0 \ud655\ub960: -0.2009
[2026-01-17 14:01:29] [DEBUG] extract_transcript.py: \U0001f507 No-speech \ud655\ub960: 0.0000
[2026-01-17 14:01:29] [DEBUG] extract_transcript.py: --------------------------------------------------------------------------------
[2026-01-17 14:01:29] [DEBUG] extract_transcript.py: [WHISPER] Segment #038
[2026-01-17 14:01:29] [INFO] [69%] Processing segment #38...
[2026-01-17 14:01:29] [DEBUG] extract_transcript.py: \u23f1\ufe0f  \uc2dc\uac04: 56.10s ~ 57.50s (\uae38\uc774: 1.40s)
[2026-01-17 14:01:29] [DEBUG] extract_transcript.py: \U0001f4c4 \ud14d\uc2a4\ud2b8: \uc54c\uc2f8\ud55c \ub9c8\uc694\ub124\uc988\uba74 \uc5bc\ub9c8\ub098 \ub9e4\uc6b4 \uac70\uace0
[2026-01-17 14:01:29] [DEBUG] extract_transcript.py: \U0001f4ca \ubb38\uc790\uc218: 19 chars
[2026-01-17 14:01:29] [DEBUG] extract_transcript.py: \U0001f3af \ud3c9\uade0 \ud655\ub960: -0.2009
[2026-01-17 14:01:29] [DEBUG] extract_transcript.py: \U0001f507 No-speech \ud655\ub960: 0.0000
[2026-01-17 14:01:29] [DEBUG] extract_transcript.py: --------------------------------------------------------------------------------
[2026-01-17 14:01:29] [DEBUG] extract_transcript.py: [WHISPER] Segment #039
[2026-01-17 14:01:29] [INFO] [69%] Processing segment #39...
[2026-01-17 14:01:29] [DEBUG] extract_transcript.py: \u23f1\ufe0f  \uc2dc\uac04: 57.50s ~ 58.30s (\uae38\uc774: 0.80s)
[2026-01-17 14:01:29] [DEBUG] extract_transcript.py: \U0001f4c4 \ud14d\uc2a4\ud2b8: \uc5b4\ub5a4 \ub9db\uc774 \ub098\ub294 \uac70\uc57c?
[2026-01-17 14:01:29] [DEBUG] extract_transcript.py: \U0001f4ca \ubb38\uc790\uc218: 12 chars
[2026-01-17 14:01:29] [DEBUG] extract_transcript.py: \U0001f3af \ud3c9\uade0 \ud655\ub960: -0.2009
[2026-01-17 14:01:29] [DEBUG] extract_transcript.py: \U0001f507 No-speech \ud655\ub960: 0.0000
[2026-01-17 14:01:29] [DEBUG] extract_transcript.py: --------------------------------------------------------------------------------
[2026-01-17 14:01:29] [DEBUG] extract_transcript.py: [WHISPER] Segment #040
[2026-01-17 14:01:29] [INFO] [70%] Processing segment #40...
[2026-01-17 14:01:29] [DEBUG] extract_transcript.py: \u23f1\ufe0f  \uc2dc\uac04: 61.10s ~ 63.20s (\uae38\uc774: 2.10s)
[2026-01-17 14:01:29] [DEBUG] extract_transcript.py: \U0001f4c4 \ud14d\uc2a4\ud2b8: \uba39\uc73c\uba74 \uaca8\uc790\ub098 \uc640\uc0ac\ube44 \uadf8\ucabd \ub9db\uc774 \ub098\uace0
[2026-01-17 14:01:29] [DEBUG] extract_transcript.py: \U0001f4ca \ubb38\uc790\uc218: 20 chars
[2026-01-17 14:01:29] [DEBUG] extract_transcript.py: \U0001f3af \ud3c9\uade0 \ud655\ub960: -0.2009
[2026-01-17 14:01:29] [DEBUG] extract_transcript.py: \U0001f507 No-speech \ud655\ub960: 0.0000
[2026-01-17 14:01:29] [DEBUG] extract_transcript.py: --------------------------------------------------------------------------------
[2026-01-17 14:01:29] [DEBUG] extract_transcript.py: [WHISPER] Segment #041
[2026-01-17 14:01:29] [INFO] [70%] Processing segment #41...
[2026-01-17 14:01:29] [DEBUG] extract_transcript.py: \u23f1\ufe0f  \uc2dc\uac04: 63.20s ~ 65.90s (\uae38\uc774: 2.70s)
[2026-01-17 14:01:29] [DEBUG] extract_transcript.py: \U0001f4c4 \ud14d\uc2a4\ud2b8: \ubb50 \ub9ce\uc774 \uc54c\uc2f8\ud558\uac70\ub098 \uadf8\ub7ec\uc9c4 \uc54a\uace0 \uc0b4\uc9dd \ub290\ub08c\ub9cc \uc788\ub294\ub370
[2026-01-17 14:01:29] [DEBUG] extract_transcript.py: \U0001f4ca \ubb38\uc790\uc218: 28 chars
[2026-01-17 14:01:29] [DEBUG] extract_transcript.py: \U0001f3af \ud3c9\uade0 \ud655\ub960: -0.2009
[2026-01-17 14:01:29] [DEBUG] extract_transcript.py: \U0001f507 No-speech \ud655\ub960: 0.0000
[2026-01-17 14:01:29] [DEBUG] extract_transcript.py: --------------------------------------------------------------------------------
[2026-01-17 14:01:29] [DEBUG] extract_transcript.py: [WHISPER] Segment #042
[2026-01-17 14:01:29] [INFO] [70%] Processing segment #42...
[2026-01-17 14:01:29] [DEBUG] extract_transcript.py: \u23f1\ufe0f  \uc2dc\uac04: 65.90s ~ 66.80s (\uae38\uc774: 0.90s)
[2026-01-17 14:01:29] [DEBUG] extract_transcript.py: \U0001f4c4 \ud14d\uc2a4\ud2b8: \uacc4\ub780\ub9db\uc740 \uc798 \ub290\uaef4\uc838?
[2026-01-17 14:01:29] [DEBUG] extract_transcript.py: \U0001f4ca \ubb38\uc790\uc218: 11 chars
[2026-01-17 14:01:29] [DEBUG] extract_transcript.py: \U0001f3af \ud3c9\uade0 \ud655\ub960: -0.2009
[2026-01-17 14:01:29] [DEBUG] extract_transcript.py: \U0001f507 No-speech \ud655\ub960: 0.0000
[2026-01-17 14:01:29] [DEBUG] extract_transcript.py: --------------------------------------------------------------------------------
[2026-01-17 14:01:29] [DEBUG] extract_transcript.py: [WHISPER] Segment #043
[2026-01-17 14:01:29] [INFO] [70%] Processing segment #43...
[2026-01-17 14:01:29] [DEBUG] extract_transcript.py: \u23f1\ufe0f  \uc2dc\uac04: 66.80s ~ 67.40s (\uae38\uc774: 0.60s)
[2026-01-17 14:01:29] [DEBUG] extract_transcript.py: \U0001f4c4 \ud14d\uc2a4\ud2b8: \uc5b4?
[2026-01-17 14:01:29] [DEBUG] extract_transcript.py: \U0001f4ca \ubb38\uc790\uc218: 2 chars
[2026-01-17 14:01:29] [DEBUG] extract_transcript.py: \U0001f3af \ud3c9\uade0 \ud655\ub960: -0.2009
[2026-01-17 14:01:29] [DEBUG] extract_transcript.py: \U0001f507 No-speech \ud655\ub960: 0.0000
[2026-01-17 14:01:29] [DEBUG] extract_transcript.py: --------------------------------------------------------------------------------
[2026-01-17 14:01:29] [DEBUG] extract_transcript.py: [WHISPER] Segment #044
[2026-01-17 14:01:29] [INFO] [71%] Processing segment #44...
[2026-01-17 14:01:29] [DEBUG] extract_transcript.py: \u23f1\ufe0f  \uc2dc\uac04: 67.40s ~ 69.80s (\uae38\uc774: 2.40s)
[2026-01-17 14:01:29] [DEBUG] extract_transcript.py: \U0001f4c4 \ud14d\uc2a4\ud2b8: \uc5d0\uadf8 \uc0cc\ub4dc\uc704\uce58\uc778\ub370 \uacc4\ub780\ub9db\uc740 \ub9ce\uc774 \ub290\uaef4\uc9c0\uc9c4 \uc54a\uc544
[2026-01-17 14:01:29] [DEBUG] extract_transcript.py: \U0001f4ca \ubb38\uc790\uc218: 25 chars
[2026-01-17 14:01:29] [DEBUG] extract_transcript.py: \U0001f3af \ud3c9\uade0 \ud655\ub960: -0.2009
[2026-01-17 14:01:29] [DEBUG] extract_transcript.py: \U0001f507 No-speech \ud655\ub960: 0.0000
[2026-01-17 14:01:29] [DEBUG] extract_transcript.py: --------------------------------------------------------------------------------
[2026-01-17 14:01:29] [DEBUG] extract_transcript.py: [WHISPER] Segment #045
[2026-01-17 14:01:29] [INFO] [71%] Processing segment #45...
[2026-01-17 14:01:29] [DEBUG] extract_transcript.py: \u23f1\ufe0f  \uc2dc\uac04: 69.80s ~ 71.20s (\uae38\uc774: 1.40s)
[2026-01-17 14:01:29] [DEBUG] extract_transcript.py: \U0001f4c4 \ud14d\uc2a4\ud2b8: \ub2e4\ub978 \uc0cc\ub4dc\uc704\uce58\ub791 \ucc28\uc774\uc810\uc740 \uc788\uc5b4?
[2026-01-17 14:01:29] [DEBUG] extract_transcript.py: \U0001f4ca \ubb38\uc790\uc218: 17 chars
[2026-01-17 14:01:29] [DEBUG] extract_transcript.py: \U0001f3af \ud3c9\uade0 \ud655\ub960: -0.2009
[2026-01-17 14:01:29] [DEBUG] extract_transcript.py: \U0001f507 No-speech \ud655\ub960: 0.0000
[2026-01-17 14:01:29] [DEBUG] extract_transcript.py: --------------------------------------------------------------------------------
[2026-01-17 14:01:29] [DEBUG] extract_transcript.py: [WHISPER] Segment #046
[2026-01-17 14:01:29] [INFO] [71%] Processing segment #46...
[2026-01-17 14:01:29] [DEBUG] extract_transcript.py: \u23f1\ufe0f  \uc2dc\uac04: 71.20s ~ 72.60s (\uae38\uc774: 1.40s)
[2026-01-17 14:01:29] [DEBUG] extract_transcript.py: \U0001f4c4 \ud14d\uc2a4\ud2b8: \ub2e4\ub978 \uc0cc\ub4dc\uc704\uce58\ub791 \ucc28\uc774\uc810?
[2026-01-17 14:01:29] [DEBUG] extract_transcript.py: \U0001f4ca \ubb38\uc790\uc218: 13 chars
[2026-01-17 14:01:29] [DEBUG] extract_transcript.py: \U0001f3af \ud3c9\uade0 \ud655\ub960: -0.2009
[2026-01-17 14:01:29] [DEBUG] extract_transcript.py: \U0001f507 No-speech \ud655\ub960: 0.0000
[2026-01-17 14:01:29] [DEBUG] extract_transcript.py: --------------------------------------------------------------------------------
[2026-01-17 14:01:29] [DEBUG] extract_transcript.py: [WHISPER] Segment #047
[2026-01-17 14:01:29] [INFO] [71%] Processing segment #47...
[2026-01-17 14:01:29] [DEBUG] extract_transcript.py: \u23f1\ufe0f  \uc2dc\uac04: 72.60s ~ 74.10s (\uae38\uc774: 1.50s)
[2026-01-17 14:01:29] [DEBUG] extract_transcript.py: \U0001f4c4 \ud14d\uc2a4\ud2b8: \ucd5c\uac15\ub85d \uc170\ud504 \uc774\ub984\uc774 \ub4e4\uc5b4\uac00 \uc788\ub294 \uac70?
[2026-01-17 14:01:29] [DEBUG] extract_transcript.py: \U0001f4ca \ubb38\uc790\uc218: 20 chars
[2026-01-17 14:01:29] [DEBUG] extract_transcript.py: \U0001f3af \ud3c9\uade0 \ud655\ub960: -0.2009
[2026-01-17 14:01:29] [DEBUG] extract_transcript.py: \U0001f507 No-speech \ud655\ub960: 0.0000
[2026-01-17 14:01:29] [DEBUG] extract_transcript.py: --------------------------------------------------------------------------------
[2026-01-17 14:01:29] [DEBUG] extract_transcript.py: [WHISPER] Segment #048
[2026-01-17 14:01:29] [INFO] [72%] Processing segment #48...
[2026-01-17 14:01:29] [DEBUG] extract_transcript.py: \u23f1\ufe0f  \uc2dc\uac04: 74.10s ~ 75.10s (\uae38\uc774: 1.00s)
[2026-01-17 14:01:29] [DEBUG] extract_transcript.py: \U0001f4c4 \ud14d\uc2a4\ud2b8: \ub124\uc62425 \ud654\uc774\ud2b8\ub294 \uc918\ubd10
[2026-01-17 14:01:29] [DEBUG] extract_transcript.py: \U0001f4ca \ubb38\uc790\uc218: 12 chars
[2026-01-17 14:01:29] [DEBUG] extract_transcript.py: \U0001f3af \ud3c9\uade0 \ud655\ub960: -0.2009
[2026-01-17 14:01:29] [DEBUG] extract_transcript.py: \U0001f507 No-speech \ud655\ub960: 0.0000
[2026-01-17 14:01:29] [DEBUG] extract_transcript.py: --------------------------------------------------------------------------------
[2026-01-17 14:01:29] [DEBUG] extract_transcript.py: [WHISPER] Segment #049
[2026-01-17 14:01:29] [INFO] [72%] Processing segment #49...
[2026-01-17 14:01:29] [DEBUG] extract_transcript.py: \u23f1\ufe0f  \uc2dc\uac04: 75.10s ~ 75.60s (\uae38\uc774: 0.50s)
[2026-01-17 14:01:29] [DEBUG] extract_transcript.py: \U0001f4c4 \ud14d\uc2a4\ud2b8: \uc608?
[2026-01-17 14:01:29] [DEBUG] extract_transcript.py: \U0001f4ca \ubb38\uc790\uc218: 2 chars
[2026-01-17 14:01:29] [DEBUG] extract_transcript.py: \U0001f3af \ud3c9\uade0 \ud655\ub960: -0.2009
[2026-01-17 14:01:29] [DEBUG] extract_transcript.py: \U0001f507 No-speech \ud655\ub960: 0.0000
[2026-01-17 14:01:29] [DEBUG] extract_transcript.py: --------------------------------------------------------------------------------
[2026-01-17 14:01:29] [DEBUG] extract_transcript.py: [WHISPER] Segment #050
[2026-01-17 14:01:29] [INFO] [72%] Processing segment #50...
[2026-01-17 14:01:29] [DEBUG] extract_transcript.py: \u23f1\ufe0f  \uc2dc\uac04: 75.60s ~ 75.90s (\uae38\uc774: 0.30s)
[2026-01-17 14:01:29] [DEBUG] extract_transcript.py: \U0001f4c4 \ud14d\uc2a4\ud2b8: \uadf8\ub798?
[2026-01-17 14:01:29] [DEBUG] extract_transcript.py: \U0001f4ca \ubb38\uc790\uc218: 3 chars
[2026-01-17 14:01:29] [DEBUG] extract_transcript.py: \U0001f3af \ud3c9\uade0 \ud655\ub960: -0.2009
[2026-01-17 14:01:29] [DEBUG] extract_transcript.py: \U0001f507 No-speech \ud655\ub960: 0.0000
[2026-01-17 14:01:29] [DEBUG] extract_transcript.py: --------------------------------------------------------------------------------
[2026-01-17 14:02:38] [DEBUG] extract_transcript.py: [WHISPER] Segment #051
[2026-01-17 14:02:38] [INFO] [72%] Processing segment #51...
[2026-01-17 14:02:38] [DEBUG] extract_transcript.py: \u23f1\ufe0f  \uc2dc\uac04: 75.90s ~ 81.30s (\uae38\uc774: 5.40s)
[2026-01-17 14:02:38] [DEBUG] extract_transcript.py: \U0001f4c4 \ud14d\uc2a4\ud2b8: \ub204\ub8e9\ud5a5, \ud0c4\ud5a5
[2026-01-17 14:02:38] [DEBUG] extract_transcript.py: \U0001f4ca \ubb38\uc790\uc218: 7 chars
[2026-01-17 14:02:38] [DEBUG] extract_transcript.py: \U0001f3af \ud3c9\uade0 \ud655\ub960: -0.2621
[2026-01-17 14:02:38] [DEBUG] extract_transcript.py: \U0001f507 No-speech \ud655\ub960: 0.0000
[2026-01-17 14:02:38] [DEBUG] extract_transcript.py: --------------------------------------------------------------------------------
[2026-01-17 14:02:38] [DEBUG] extract_transcript.py: [WHISPER] Segment #052
[2026-01-17 14:02:38] [INFO] [73%] Processing segment #52...
[2026-01-17 14:02:38] [DEBUG] extract_transcript.py: \u23f1\ufe0f  \uc2dc\uac04: 81.30s ~ 85.30s (\uae38\uc774: 4.00s)
[2026-01-17 14:02:38] [DEBUG] extract_transcript.py: \U0001f4c4 \ud14d\uc2a4\ud2b8: \uadf8\uac74 \uc5b4\ub5a4 \ub9db\uc774\uc694?
[2026-01-17 14:02:38] [DEBUG] extract_transcript.py: \U0001f4ca \ubb38\uc790\uc218: 10 chars
[2026-01-17 14:02:38] [DEBUG] extract_transcript.py: \U0001f3af \ud3c9\uade0 \ud655\ub960: -0.2621
[2026-01-17 14:02:38] [DEBUG] extract_transcript.py: \U0001f507 No-speech \ud655\ub960: 0.0000
[2026-01-17 14:02:38] [DEBUG] extract_transcript.py: --------------------------------------------------------------------------------
[2026-01-17 14:02:38] [DEBUG] extract_transcript.py: [WHISPER] Segment #053
[2026-01-17 14:02:38] [INFO] [73%] Processing segment #53...
[2026-01-17 14:02:38] [DEBUG] extract_transcript.py: \u23f1\ufe0f  \uc2dc\uac04: 85.30s ~ 86.30s (\uae38\uc774: 1.00s)
[2026-01-17 14:02:38] [DEBUG] extract_transcript.py: \U0001f4c4 \ud14d\uc2a4\ud2b8: \uad49\uc7a5\ud788 \ubd80\ub4dc\ub7fd\uace0
[2026-01-17 14:02:38] [DEBUG] extract_transcript.py: \U0001f4ca \ubb38\uc790\uc218: 8 chars
[2026-01-17 14:02:38] [DEBUG] extract_transcript.py: \U0001f3af \ud3c9\uade0 \ud655\ub960: -0.2621
[2026-01-17 14:02:38] [DEBUG] extract_transcript.py: \U0001f507 No-speech \ud655\ub960: 0.0000
[2026-01-17 14:02:38] [DEBUG] extract_transcript.py: --------------------------------------------------------------------------------
[2026-01-17 14:02:38] [DEBUG] extract_transcript.py: [WHISPER] Segment #054
[2026-01-17 14:02:38] [INFO] [73%] Processing segment #54...
[2026-01-17 14:02:38] [DEBUG] extract_transcript.py: \u23f1\ufe0f  \uc2dc\uac04: 86.30s ~ 89.30s (\uae38\uc774: 3.00s)
[2026-01-17 14:02:38] [DEBUG] extract_transcript.py: \U0001f4c4 \ud14d\uc2a4\ud2b8: \ubc14\ub2d0\ub77c\ud5a5, \uc544\ubaac\ub4dc\ud5a5?
[2026-01-17 14:02:38] [DEBUG] extract_transcript.py: \U0001f4ca \ubb38\uc790\uc218: 11 chars
[2026-01-17 14:02:38] [DEBUG] extract_transcript.py: \U0001f3af \ud3c9\uade0 \ud655\ub960: -0.2621
[2026-01-17 14:02:38] [DEBUG] extract_transcript.py: \U0001f507 No-speech \ud655\ub960: 0.0000
[2026-01-17 14:02:38] [DEBUG] extract_transcript.py: --------------------------------------------------------------------------------
[2026-01-17 14:02:38] [DEBUG] extract_transcript.py: [WHISPER] Segment #055
[2026-01-17 14:02:38] [INFO] [73%] Processing segment #55...
[2026-01-17 14:02:38] [DEBUG] extract_transcript.py: \u23f1\ufe0f  \uc2dc\uac04: 89.30s ~ 90.30s (\uae38\uc774: 1.00s)
[2026-01-17 14:02:38] [DEBUG] extract_transcript.py: \U0001f4c4 \ud14d\uc2a4\ud2b8: \uadf8\ub7f0 \ub290\ub08c\ub3c4 \uc57d\uac04 \uc788\uc5b4
[2026-01-17 14:02:38] [DEBUG] extract_transcript.py: \U0001f4ca \ubb38\uc790\uc218: 12 chars
[2026-01-17 14:02:38] [DEBUG] extract_transcript.py: \U0001f3af \ud3c9\uade0 \ud655\ub960: -0.2621
[2026-01-17 14:02:38] [DEBUG] extract_transcript.py: \U0001f507 No-speech \ud655\ub960: 0.0000
[2026-01-17 14:02:38] [DEBUG] extract_transcript.py: --------------------------------------------------------------------------------
[2026-01-17 14:02:38] [DEBUG] extract_transcript.py: [WHISPER] Segment #056
[2026-01-17 14:02:38] [INFO] [74%] Processing segment #56...
[2026-01-17 14:02:38] [DEBUG] extract_transcript.py: \u23f1\ufe0f  \uc2dc\uac04: 90.30s ~ 91.30s (\uae38\uc774: 1.00s)
[2026-01-17 14:02:38] [DEBUG] extract_transcript.py: \U0001f4c4 \ud14d\uc2a4\ud2b8: \ub9f5\uc9c0\ub294 \uc54a\uc544?
[2026-01-17 14:02:38] [DEBUG] extract_transcript.py: \U0001f4ca \ubb38\uc790\uc218: 7 chars
[2026-01-17 14:02:38] [DEBUG] extract_transcript.py: \U0001f3af \ud3c9\uade0 \ud655\ub960: -0.2621
[2026-01-17 14:02:38] [DEBUG] extract_transcript.py: \U0001f507 No-speech \ud655\ub960: 0.0000
[2026-01-17 14:02:38] [DEBUG] extract_transcript.py: --------------------------------------------------------------------------------
[2026-01-17 14:03:57] [DEBUG] extract_transcript.py: [WHISPER] Segment #057
[2026-01-17 14:03:57] [INFO] [74%] Processing segment #57...
[2026-01-17 14:03:57] [DEBUG] extract_transcript.py: \u23f1\ufe0f  \uc2dc\uac04: 91.30s ~ 92.30s (\uae38\uc774: 1.00s)
[2026-01-17 14:03:57] [DEBUG] extract_transcript.py: \U0001f4c4 \ud14d\uc2a4\ud2b8: \uadf8 \ub9db\uc740 \uc57d\uac04 \ub9f5\uad70
[2026-01-17 14:03:57] [DEBUG] extract_transcript.py: \U0001f4ca \ubb38\uc790\uc218: 10 chars
[2026-01-17 14:03:57] [DEBUG] extract_transcript.py: \U0001f3af \ud3c9\uade0 \ud655\ub960: -0.1720
[2026-01-17 14:03:57] [DEBUG] extract_transcript.py: \U0001f507 No-speech \ud655\ub960: 0.0000
[2026-01-17 14:03:57] [DEBUG] extract_transcript.py: --------------------------------------------------------------------------------
[2026-01-17 14:03:57] [DEBUG] extract_transcript.py: [WHISPER] Segment #058
[2026-01-17 14:03:57] [INFO] [74%] Processing segment #58...
[2026-01-17 14:03:57] [DEBUG] extract_transcript.py: \u23f1\ufe0f  \uc2dc\uac04: 92.30s ~ 93.60s (\uae38\uc774: 1.30s)
[2026-01-17 14:03:57] [DEBUG] extract_transcript.py: \U0001f4c4 \ud14d\uc2a4\ud2b8: 25\ub3c4\ub294 \uc798 \ub290\uaef4\uc9c0\ub294 \uaca8?
[2026-01-17 14:03:57] [DEBUG] extract_transcript.py: \U0001f4ca \ubb38\uc790\uc218: 14 chars
[2026-01-17 14:03:57] [DEBUG] extract_transcript.py: \U0001f3af \ud3c9\uade0 \ud655\ub960: -0.1720
[2026-01-17 14:03:57] [DEBUG] extract_transcript.py: \U0001f507 No-speech \ud655\ub960: 0.0000
[2026-01-17 14:03:57] [DEBUG] extract_transcript.py: --------------------------------------------------------------------------------
[2026-01-17 14:03:57] [DEBUG] extract_transcript.py: [WHISPER] Segment #059
[2026-01-17 14:03:57] [INFO] [74%] Processing segment #59...
[2026-01-17 14:03:57] [DEBUG] extract_transcript.py: \u23f1\ufe0f  \uc2dc\uac04: 93.60s ~ 94.90s (\uae38\uc774: 1.30s)
[2026-01-17 14:03:57] [DEBUG] extract_transcript.py: \U0001f4c4 \ud14d\uc2a4\ud2b8: \uc5b4 25\ub3c4\uc5d0 \uc801\ub2f9\ud558\uac8c \ub290\uaef4\uc838
[2026-01-17 14:03:57] [DEBUG] extract_transcript.py: \U0001f4ca \ubb38\uc790\uc218: 15 chars
[2026-01-17 14:03:57] [DEBUG] extract_transcript.py: \U0001f3af \ud3c9\uade0 \ud655\ub960: -0.1720
[2026-01-17 14:03:57] [DEBUG] extract_transcript.py: \U0001f507 No-speech \ud655\ub960: 0.0000
[2026-01-17 14:03:57] [DEBUG] extract_transcript.py: --------------------------------------------------------------------------------
[2026-01-17 14:03:57] [DEBUG] extract_transcript.py: [WHISPER] Segment #060
[2026-01-17 14:03:57] [INFO] [75%] Processing segment #60...
[2026-01-17 14:03:57] [DEBUG] extract_transcript.py: \u23f1\ufe0f  \uc2dc\uac04: 94.90s ~ 96.70s (\uae38\uc774: 1.80s)
[2026-01-17 14:03:57] [DEBUG] extract_transcript.py: \U0001f4c4 \ud14d\uc2a4\ud2b8: \uc57c \uc5b4\ub5a4 \uc694\ub9ac\ub791\ub3c4 \uc798 \uc5b4\uc6b8\ub9ac\uba74 \ub418\ub294\ub514
[2026-01-17 14:03:57] [DEBUG] extract_transcript.py: \U0001f4ca \ubb38\uc790\uc218: 20 chars
[2026-01-17 14:03:57] [DEBUG] extract_transcript.py: \U0001f3af \ud3c9\uade0 \ud655\ub960: -0.1720
[2026-01-17 14:03:57] [DEBUG] extract_transcript.py: \U0001f507 No-speech \ud655\ub960: 0.0000
[2026-01-17 14:03:57] [DEBUG] extract_transcript.py: --------------------------------------------------------------------------------
[2026-01-17 14:03:57] [DEBUG] extract_transcript.py: [WHISPER] Segment #061
[2026-01-17 14:03:57] [INFO] [75%] Processing segment #61...
[2026-01-17 14:03:57] [DEBUG] extract_transcript.py: \u23f1\ufe0f  \uc2dc\uac04: 96.70s ~ 97.70s (\uae38\uc774: 1.00s)
[2026-01-17 14:03:57] [DEBUG] extract_transcript.py: \U0001f4c4 \ud14d\uc2a4\ud2b8: \uc0cc\ub4dc\uc704\uce58\ub791\ub3c4 \ud55c\ubc88 \uba39\uc5b4\ubd10
[2026-01-17 14:03:57] [DEBUG] extract_transcript.py: \U0001f4ca \ubb38\uc790\uc218: 13 chars
[2026-01-17 14:03:57] [DEBUG] extract_transcript.py: \U0001f3af \ud3c9\uade0 \ud655\ub960: -0.1720
[2026-01-17 14:03:57] [DEBUG] extract_transcript.py: \U0001f507 No-speech \ud655\ub960: 0.0000
[2026-01-17 14:03:57] [DEBUG] extract_transcript.py: --------------------------------------------------------------------------------
[2026-01-17 14:03:57] [DEBUG] extract_transcript.py: [WHISPER] Segment #062
[2026-01-17 14:03:57] [INFO] [75%] Processing segment #62...
[2026-01-17 14:03:57] [DEBUG] extract_transcript.py: \u23f1\ufe0f  \uc2dc\uac04: 97.70s ~ 98.70s (\uae38\uc774: 1.00s)
[2026-01-17 14:03:57] [DEBUG] extract_transcript.py: \U0001f4c4 \ud14d\uc2a4\ud2b8: \uc0cc\ub4dc\uc704\uce58
[2026-01-17 14:03:57] [DEBUG] extract_transcript.py: \U0001f4ca \ubb38\uc790\uc218: 4 chars
[2026-01-17 14:03:57] [DEBUG] extract_transcript.py: \U0001f3af \ud3c9\uade0 \ud655\ub960: -0.1720
[2026-01-17 14:03:57] [DEBUG] extract_transcript.py: \U0001f507 No-speech \ud655\ub960: 0.0000
[2026-01-17 14:03:57] [DEBUG] extract_transcript.py: --------------------------------------------------------------------------------
[2026-01-17 14:03:57] [DEBUG] extract_transcript.py: [WHISPER] Segment #063
[2026-01-17 14:03:57] [INFO] [75%] Processing segment #63...
[2026-01-17 14:03:57] [DEBUG] extract_transcript.py: \u23f1\ufe0f  \uc2dc\uac04: 104.70s ~ 105.90s (\uae38\uc774: 1.20s)
[2026-01-17 14:03:57] [DEBUG] extract_transcript.py: \U0001f4c4 \ud14d\uc2a4\ud2b8: \uc0cc\ub4dc\uc704\uce58\ub791 \uc798 \uc5b4\uc6b8\ub9ac\ub294\uad70
[2026-01-17 14:03:57] [DEBUG] extract_transcript.py: \U0001f4ca \ubb38\uc790\uc218: 13 chars
[2026-01-17 14:03:57] [DEBUG] extract_transcript.py: \U0001f3af \ud3c9\uade0 \ud655\ub960: -0.1720
[2026-01-17 14:03:57] [DEBUG] extract_transcript.py: \U0001f507 No-speech \ud655\ub960: 0.0000
[2026-01-17 14:03:57] [DEBUG] extract_transcript.py: --------------------------------------------------------------------------------
[2026-01-17 14:03:57] [DEBUG] extract_transcript.py: [WHISPER] Segment #064
[2026-01-17 14:03:57] [INFO] [76%] Processing segment #64...
[2026-01-17 14:03:57] [DEBUG] extract_transcript.py: \u23f1\ufe0f  \uc2dc\uac04: 105.90s ~ 106.80s (\uae38\uc774: 0.90s)
[2026-01-17 14:03:57] [DEBUG] extract_transcript.py: \U0001f4c4 \ud14d\uc2a4\ud2b8: \uc74c\uc2dd\uc5d0 \uc798 \uc5b4\uc6b8\ub9ac\uaca0\uc5b4
[2026-01-17 14:03:57] [DEBUG] extract_transcript.py: \U0001f4ca \ubb38\uc790\uc218: 11 chars
[2026-01-17 14:03:57] [DEBUG] extract_transcript.py: \U0001f3af \ud3c9\uade0 \ud655\ub960: -0.1720
[2026-01-17 14:03:57] [DEBUG] extract_transcript.py: \U0001f507 No-speech \ud655\ub960: 0.0000
[2026-01-17 14:03:57] [DEBUG] extract_transcript.py: --------------------------------------------------------------------------------
[2026-01-17 14:03:57] [DEBUG] extract_transcript.py: [WHISPER] Segment #065
[2026-01-17 14:03:57] [INFO] [76%] Processing segment #65...
[2026-01-17 14:03:57] [DEBUG] extract_transcript.py: \u23f1\ufe0f  \uc2dc\uac04: 106.80s ~ 109.20s (\uae38\uc774: 2.40s)
[2026-01-17 14:03:57] [DEBUG] extract_transcript.py: \U0001f4c4 \ud14d\uc2a4\ud2b8: \uadf8\ub798\uc11c \uadf8 \ub124\uc624 \ub610 \uc0ac\uba39\uc744 \uaca8? \uc548 \uc0ac\uba39\uc744 \uaca8?
[2026-01-17 14:03:57] [DEBUG] extract_transcript.py: \U0001f4ca \ubb38\uc790\uc218: 26 chars
[2026-01-17 14:03:57] [DEBUG] extract_transcript.py: \U0001f3af \ud3c9\uade0 \ud655\ub960: -0.1720
[2026-01-17 14:03:57] [DEBUG] extract_transcript.py: \U0001f507 No-speech \ud655\ub960: 0.0000
[2026-01-17 14:03:57] [DEBUG] extract_transcript.py: --------------------------------------------------------------------------------
[2026-01-17 14:03:57] [DEBUG] extract_transcript.py: [WHISPER] Segment #066
[2026-01-17 14:03:57] [INFO] [76%] Processing segment #66...
[2026-01-17 14:03:57] [DEBUG] extract_transcript.py: \u23f1\ufe0f  \uc2dc\uac04: 109.20s ~ 111.00s (\uae38\uc774: 1.80s)
[2026-01-17 14:03:57] [DEBUG] extract_transcript.py: \U0001f4c4 \ud14d\uc2a4\ud2b8: \uadf8\ub0e5 \uc220\ub9cc \uba39\uae30\uc5d4 \ubd80\uc871\ud55c \uac10\uc774 \uc788\uace0
[2026-01-17 14:03:57] [DEBUG] extract_transcript.py: \U0001f4ca \ubb38\uc790\uc218: 19 chars
[2026-01-17 14:03:57] [DEBUG] extract_transcript.py: \U0001f3af \ud3c9\uade0 \ud655\ub960: -0.1720
[2026-01-17 14:03:57] [DEBUG] extract_transcript.py: \U0001f507 No-speech \ud655\ub960: 0.0000
[2026-01-17 14:03:57] [DEBUG] extract_transcript.py: --------------------------------------------------------------------------------
[2026-01-17 14:03:57] [DEBUG] extract_transcript.py: [WHISPER] Segment #067
[2026-01-17 14:03:57] [INFO] [76%] Processing segment #67...
[2026-01-17 14:03:57] [DEBUG] extract_transcript.py: \u23f1\ufe0f  \uc2dc\uac04: 111.00s ~ 112.70s (\uae38\uc774: 1.70s)
[2026-01-17 14:03:57] [DEBUG] extract_transcript.py: \U0001f4c4 \ud14d\uc2a4\ud2b8: \uc694\ub9ac\ub791 \uba39\uc5c8\uc744 \ub54c \uc798 \uc5b4\uc6b8\ub9ac\ub294 \uc18c\ub9ac\uc778 \uac83 \uac19\uad70
[2026-01-17 14:03:57] [DEBUG] extract_transcript.py: \U0001f4ca \ubb38\uc790\uc218: 25 chars
[2026-01-17 14:03:57] [DEBUG] extract_transcript.py: \U0001f3af \ud3c9\uade0 \ud655\ub960: -0.1720
[2026-01-17 14:03:57] [DEBUG] extract_transcript.py: \U0001f507 No-speech \ud655\ub960: 0.0000
[2026-01-17 14:03:57] [DEBUG] extract_transcript.py: --------------------------------------------------------------------------------
[2026-01-17 14:03:57] [DEBUG] extract_transcript.py: [WHISPER] Segment #068
[2026-01-17 14:03:57] [INFO] [77%] Processing segment #68...
[2026-01-17 14:03:57] [DEBUG] extract_transcript.py: \u23f1\ufe0f  \uc2dc\uac04: 112.70s ~ 113.70s (\uae38\uc774: 1.00s)
[2026-01-17 14:03:57] [DEBUG] extract_transcript.py: \U0001f4c4 \ud14d\uc2a4\ud2b8: \ub0a8\uc740 \uc220\uc740
[2026-01-17 14:03:57] [DEBUG] extract_transcript.py: \U0001f4ca \ubb38\uc790\uc218: 5 chars
[2026-01-17 14:03:57] [DEBUG] extract_transcript.py: \U0001f3af \ud3c9\uade0 \ud655\ub960: -0.1720
[2026-01-17 14:03:57] [DEBUG] extract_transcript.py: \U0001f507 No-speech \ud655\ub960: 0.0000
[2026-01-17 14:03:57] [DEBUG] extract_transcript.py: --------------------------------------------------------------------------------
[2026-01-17 14:03:57] [DEBUG] extract_transcript.py: [WHISPER] Segment #069
[2026-01-17 14:03:57] [INFO] [77%] Processing segment #69...
[2026-01-17 14:03:57] [DEBUG] extract_transcript.py: \u23f1\ufe0f  \uc2dc\uac04: 113.70s ~ 114.70s (\uae38\uc774: 1.00s)
[2026-01-17 14:03:57] [DEBUG] extract_transcript.py: \U0001f4c4 \ud14d\uc2a4\ud2b8: \uc870\ub9bc\uacfc
[2026-01-17 14:03:57] [DEBUG] extract_transcript.py: \U0001f4ca \ubb38\uc790\uc218: 3 chars
[2026-01-17 14:03:57] [DEBUG] extract_transcript.py: \U0001f3af \ud3c9\uade0 \ud655\ub960: -0.1720
[2026-01-17 14:03:57] [DEBUG] extract_transcript.py: \U0001f507 No-speech \ud655\ub960: 0.0000
[2026-01-17 14:03:57] [DEBUG] extract_transcript.py: --------------------------------------------------------------------------------
[2026-01-17 14:03:57] [DEBUG] extract_transcript.py: [WHISPER] Segment #070
[2026-01-17 14:03:57] [INFO] [77%] Processing segment #70...
[2026-01-17 14:03:57] [DEBUG] extract_transcript.py: \u23f1\ufe0f  \uc2dc\uac04: 116.30s ~ 116.90s (\uae38\uc774: 0.60s)
[2026-01-17 14:03:57] [DEBUG] extract_transcript.py: \U0001f4c4 \ud14d\uc2a4\ud2b8: \uc744
[2026-01-17 14:03:57] [DEBUG] extract_transcript.py: \U0001f4ca \ubb38\uc790\uc218: 1 chars
[2026-01-17 14:03:57] [DEBUG] extract_transcript.py: \U0001f3af \ud3c9\uade0 \ud655\ub960: -0.1720
[2026-01-17 14:03:57] [DEBUG] extract_transcript.py: \U0001f507 No-speech \ud655\ub960: 0.0000
[2026-01-17 14:03:57] [DEBUG] extract_transcript.py: --------------------------------------------------------------------------------
[2026-01-17 14:03:57] [DEBUG] extract_transcript.py: [WHISPER] Segment #071
[2026-01-17 14:03:57] [INFO] [77%] Processing segment #71...
[2026-01-17 14:03:57] [DEBUG] extract_transcript.py: \u23f1\ufe0f  \uc2dc\uac04: 117.90s ~ 118.90s (\uae38\uc774: 1.00s)
[2026-01-17 14:03:57] [DEBUG] extract_transcript.py: \U0001f4c4 \ud14d\uc2a4\ud2b8: \ud574\uc11c \uba39\uace0 \uc2f6\uad70
[2026-01-17 14:03:57] [DEBUG] extract_transcript.py: \U0001f4ca \ubb38\uc790\uc218: 8 chars
[2026-01-17 14:03:57] [DEBUG] extract_transcript.py: \U0001f3af \ud3c9\uade0 \ud655\ub960: -0.1720
[2026-01-17 14:03:57] [DEBUG] extract_transcript.py: \U0001f507 No-speech \ud655\ub960: 0.0000
[2026-01-17 14:03:57] [DEBUG] extract_transcript.py: --------------------------------------------------------------------------------
[2026-01-17 14:04:58] [DEBUG] extract_transcript.py: [WHISPER] Segment #072
[2026-01-17 14:04:58] [INFO] [78%] Processing segment #72...
[2026-01-17 14:04:58] [DEBUG] extract_transcript.py: \u23f1\ufe0f  \uc2dc\uac04: 118.90s ~ 121.70s (\uae38\uc774: 2.80s)
[2026-01-17 14:04:58] [DEBUG] extract_transcript.py: \U0001f4c4 \ud14d\uc2a4\ud2b8: \ub10c \uadf8\ub798\ub3c4 \uc0cc\ub4dc\uc704\uce58 \ub610 \uc0ac\uba39\uc5b4? \uc548 \uba39\uc5b4?
[2026-01-17 14:04:58] [DEBUG] extract_transcript.py: \U0001f4ca \ubb38\uc790\uc218: 23 chars
[2026-01-17 14:04:58] [DEBUG] extract_transcript.py: \U0001f3af \ud3c9\uade0 \ud655\ub960: -0.3054
[2026-01-17 14:04:58] [DEBUG] extract_transcript.py: \U0001f507 No-speech \ud655\ub960: 0.0000
[2026-01-17 14:04:58] [DEBUG] extract_transcript.py: --------------------------------------------------------------------------------
[2026-01-17 14:04:58] [DEBUG] extract_transcript.py: [WHISPER] Segment #073
[2026-01-17 14:04:58] [INFO] [78%] Processing segment #73...
[2026-01-17 14:04:58] [DEBUG] extract_transcript.py: \u23f1\ufe0f  \uc2dc\uac04: 121.70s ~ 122.20s (\uae38\uc774: 0.50s)
[2026-01-17 14:04:58] [DEBUG] extract_transcript.py: \U0001f4c4 \ud14d\uc2a4\ud2b8: \uc774\uac70?
[2026-01-17 14:04:58] [DEBUG] extract_transcript.py: \U0001f4ca \ubb38\uc790\uc218: 3 chars
[2026-01-17 14:04:58] [DEBUG] extract_transcript.py: \U0001f3af \ud3c9\uade0 \ud655\ub960: -0.3054
[2026-01-17 14:04:58] [DEBUG] extract_transcript.py: \U0001f507 No-speech \ud655\ub960: 0.0000
[2026-01-17 14:04:58] [DEBUG] extract_transcript.py: --------------------------------------------------------------------------------
[2026-01-17 14:04:58] [DEBUG] extract_transcript.py: [WHISPER] Segment #074
[2026-01-17 14:04:58] [INFO] [78%] Processing segment #74...
[2026-01-17 14:04:58] [DEBUG] extract_transcript.py: \u23f1\ufe0f  \uc2dc\uac04: 122.80s ~ 125.20s (\uae38\uc774: 2.40s)
[2026-01-17 14:04:58] [DEBUG] extract_transcript.py: \U0001f4c4 \ud14d\uc2a4\ud2b8: \uc0cc\ub4dc\uc704\uce58\ub294 \uadf8\uac70 \ub9d0\uace0\ub3c4 \ub9db\uc788\ub294 \uac70 \ub9ce\uc5b4
[2026-01-17 14:04:58] [DEBUG] extract_transcript.py: \U0001f4ca \ubb38\uc790\uc218: 21 chars
[2026-01-17 14:04:58] [DEBUG] extract_transcript.py: \U0001f3af \ud3c9\uade0 \ud655\ub960: -0.3054
[2026-01-17 14:04:58] [DEBUG] extract_transcript.py: \U0001f507 No-speech \ud655\ub960: 0.0000
[2026-01-17 14:04:58] [DEBUG] extract_transcript.py: --------------------------------------------------------------------------------
[2026-01-17 14:04:58] [DEBUG] extract_transcript.py: [WHISPER] Segment #075
[2026-01-17 14:04:58] [INFO] [78%] Processing segment #75...
[2026-01-17 14:04:58] [DEBUG] extract_transcript.py: \u23f1\ufe0f  \uc2dc\uac04: 125.20s ~ 126.90s (\uae38\uc774: 1.70s)
[2026-01-17 14:04:58] [DEBUG] extract_transcript.py: \U0001f4c4 \ud14d\uc2a4\ud2b8: \uc544\uc774 \uc878\uc778 \uac70 \uc548\ud30c\ub098?
[2026-01-17 14:04:58] [DEBUG] extract_transcript.py: \U0001f4ca \ubb38\uc790\uc218: 12 chars
[2026-01-17 14:04:58] [DEBUG] extract_transcript.py: \U0001f3af \ud3c9\uade0 \ud655\ub960: -0.3054
[2026-01-17 14:04:58] [DEBUG] extract_transcript.py: \U0001f507 No-speech \ud655\ub960: 0.0000
[2026-01-17 14:04:58] [DEBUG] extract_transcript.py: --------------------------------------------------------------------------------
[2026-01-17 14:04:58] [DEBUG] extract_transcript.py: [WHISPER] Segment #076
[2026-01-17 14:04:58] [INFO] [79%] Processing segment #76...
[2026-01-17 14:04:58] [DEBUG] extract_transcript.py: \u23f1\ufe0f  \uc2dc\uac04: 128.90s ~ 130.80s (\uae38\uc774: 1.90s)
[2026-01-17 14:04:58] [DEBUG] extract_transcript.py: \U0001f4c4 \ud14d\uc2a4\ud2b8: \uad6c\ub3c5 \ud55c\ubc88 \uc0b4\uc9dd \uc878\uc5ec\uc8fc\uc2dc\ub294 \uac74 \uc5b4\ub54c\uc694?
[2026-01-17 14:04:58] [DEBUG] extract_transcript.py: \U0001f4ca \ubb38\uc790\uc218: 21 chars
[2026-01-17 14:04:58] [DEBUG] extract_transcript.py: \U0001f3af \ud3c9\uade0 \ud655\ub960: -0.3054
[2026-01-17 14:04:58] [DEBUG] extract_transcript.py: \U0001f507 No-speech \ud655\ub960: 0.0000
[2026-01-17 14:04:58] [DEBUG] extract_transcript.py: --------------------------------------------------------------------------------
[2026-01-17 14:04:58] [DEBUG] extract_transcript.py: ================================================================================
[2026-01-17 14:04:58] [DEBUG] extract_transcript.py: \u2705 WHISPER \ucc98\ub9ac \uc644\ub8cc!
[2026-01-17 14:04:58] [DEBUG] extract_transcript.py: ================================================================================
[2026-01-17 14:04:58] [DEBUG] extract_transcript.py: \U0001f4ca \ucc98\ub9ac \ud1b5\uacc4:
[2026-01-17 14:04:58] [DEBUG] extract_transcript.py: - \ucd1d \uc138\uadf8\uba3c\ud2b8 \uc218: 76
[2026-01-17 14:04:58] [DEBUG] extract_transcript.py: - \ucd1d \ubb38\uc790 \uc218: 1,037 chars
[2026-01-17 14:04:58] [DEBUG] extract_transcript.py: - \ubaa8\ub378 \ub85c\ub529 \uc2dc\uac04: 12.66\ucd08
[2026-01-17 14:04:58] [DEBUG] extract_transcript.py: - \uc74c\uc131 \uc778\uc2dd \uc2dc\uac04: 520.24\ucd08
[2026-01-17 14:04:58] [DEBUG] extract_transcript.py: - \uc804\uccb4 \ucc98\ub9ac \uc2dc\uac04: 532.90\ucd08
[2026-01-17 14:04:58] [DEBUG] extract_transcript.py: - \ucc98\ub9ac \uc18d\ub3c4: 0.25x \uc2e4\uc2dc\uac04
[2026-01-17 14:04:58] [DEBUG] extract_transcript.py: ================================================================================
[2026-01-17 14:04:58] [DEBUG] extract_transcript.py: [MAIN] extract_transcript_whisper returned. HTML length: 3643
[2026-01-17 14:04:58] [DEBUG] extract_transcript.py: [MAIN] Creating JSON result...
[2026-01-17 14:04:58] [DEBUG] extract_transcript.py: [MAIN] Writing result to file: Temp_Audio\Qvi2Vsj7SXE_result.json
[2026-01-17 14:04:58] [DEBUG] extract_transcript.py: [MAIN] Result file written successfully
[2026-01-17 14:04:58] [DEBUG] extract_transcript.py: [MAIN] Calling sys.exit(0)...
[2026-01-17 14:04:58] [INFO] extract_transcript.py completed. Total debug lines: 612
[2026-01-17 14:04:58] [DEBUG] Process return code: 0
[2026-01-17 14:04:58] [INFO] [90%] Processing transcript...
[2026-01-17 14:04:58] [DEBUG] Reading result from file: C:\Users\guma3\OneDrive\Documents\AI_Study\AWS_LAMP_ImageCheck\Temp_Audio\Qvi2Vsj7SXE_result.json
[2026-01-17 14:04:58] [DEBUG] Result file loaded successfully
[2026-01-17 14:04:58] [DEBUG] Result file removed
[2026-01-17 14:04:58] [INFO] Transcript extraction successful
[2026-01-17 14:04:58] [INFO] [95%] Generating HTML file...
[2026-01-17 14:04:58] [DEBUG] Saving HTML to: C:\Users\guma3\OneDrive\Documents\AI_Study\AWS_LAMP_ImageCheck\Scripts\yt_Qvi2Vsj7SXE.html
[2026-01-17 14:04:58] [INFO] HTML file saved: C:\Users\guma3\OneDrive\Documents\AI_Study\AWS_LAMP_ImageCheck\Scripts\yt_Qvi2Vsj7SXE.html
[2026-01-17 14:04:58] [INFO] [100%] Completed!
[2026-01-17 14:04:58] [INFO] ✓ Extraction completed successfully for: ,    () (Qvi2Vsj7SXE)
[2026-01-17 14:05:00] [INFO] Listed 3 scripts
[2026-01-21 21:14:20] [INFO] Listed 3 scripts
