[2026-02-19 12:02:53] [INFO] ================================================================================
[2026-02-19 12:02:53] [INFO] YouTube Script Extractor Server Started
[2026-02-19 12:02:53] [INFO] Log file: /app/Logs/Server_20260219_120253.log
[2026-02-19 12:02:53] [INFO] ================================================================================
[2026-02-19 12:02:53] [INFO] ================================================================================
[2026-02-19 12:02:53] [INFO] YouTube Script Extractor Server Started
[2026-02-19 12:02:53] [INFO] Log file: /app/Logs/Server_20260219_120253.log
[2026-02-19 12:02:53] [INFO] ================================================================================
[2026-02-19 12:03:16] [INFO] New extraction request: https://youtu.be/aV6vWSWm3EE?si=h0FZ0b9cYw1ghBL3
[2026-02-19 12:03:16] [INFO] Extracted video ID: aV6vWSWm3EE
[2026-02-19 12:03:16] [INFO] Starting extraction for video: aV6vWSWm3EE
[2026-02-19 12:03:16] [INFO] Background extraction thread started for video: aV6vWSWm3EE
[2026-02-19 12:03:16] [INFO] [5%] 비디오 정보 추출 중...
[2026-02-19 12:03:16] [DEBUG] Getting video title for: aV6vWSWm3EE
[2026-02-19 12:03:20] [INFO] Video title: 국보급 헬스... (Feat. 서장훈, 쇼리, 마선호)
[2026-02-19 12:03:20] [INFO] [10%] 오디오 다운로드: 국보급 헬스... (Feat. 서장훈, 쇼리, 마선호)...
[2026-02-19 12:03:20] [DEBUG] Starting extract_transcript.py subprocess for: aV6vWSWm3EE
[2026-02-19 12:03:20] [DEBUG] extract_transcript.py: [MAIN] Calling extract_transcript_whisper for video: aV6vWSWm3EE
[2026-02-19 12:03:20] [DEBUG] extract_transcript.py: ================================================================================
[2026-02-19 12:03:20] [DEBUG] extract_transcript.py: 📹 YT-DLP 오디오 다운로드 시작
[2026-02-19 12:03:20] [INFO] [15%] YouTube에서 오디오 다운로드 중...
[2026-02-19 12:03:20] [DEBUG] extract_transcript.py: ================================================================================
[2026-02-19 12:03:20] [DEBUG] extract_transcript.py: [YT-DLP] URL: https://www.youtube.com/watch?v=aV6vWSWm3EE
[2026-02-19 12:03:20] [DEBUG] extract_transcript.py: [YT-DLP WARNING] ⚠️  Deprecated Feature: Support for Python version 3.9 has been deprecated. Please update to Python 3.10 or above
[2026-02-19 12:03:20] [DEBUG] extract_transcript.py: [YT-DLP ERROR] ❌ Deprecated Feature: Support for Python version 3.9 has been deprecated. Please update to Python 3.10 or above
[2026-02-19 12:03:21] [DEBUG] extract_transcript.py: [YT-DLP DEBUG] [youtube] Extracting URL: https://www.youtube.com/watch?v=aV6vWSWm3EE
[2026-02-19 12:03:21] [DEBUG] extract_transcript.py: [YT-DLP DEBUG] [youtube] aV6vWSWm3EE: Downloading webpage
[2026-02-19 12:03:22] [DEBUG] extract_transcript.py: [YT-DLP DEBUG] [youtube] aV6vWSWm3EE: Downloading android player API JSON
[2026-02-19 12:03:22] [DEBUG] extract_transcript.py: [YT-DLP WARNING] ⚠️  [youtube] aV6vWSWm3EE: android client https formats require a GVS PO Token which was not provided. They will be skipped as they may yield HTTP Error 403. You can manually pass a GVS PO Token for this client with --extractor-args "youtube:po_token=android.gvs+XXX". For more information, refer to  https://github.com/yt-dlp/yt-dlp/wiki/PO-Token-Guide
[2026-02-19 12:03:22] [DEBUG] extract_transcript.py: [YT-DLP WARNING] ⚠️  [youtube] aV6vWSWm3EE: Some web client https formats have been skipped as they are missing a url. YouTube is forcing SABR streaming for this client. See  https://github.com/yt-dlp/yt-dlp/issues/12482  for more details
[2026-02-19 12:03:22] [DEBUG] extract_transcript.py: [YT-DLP DEBUG] [info] aV6vWSWm3EE: Downloading 1 format(s): 18
[2026-02-19 12:03:22] [DEBUG] extract_transcript.py: [YT-DLP DEBUG] [download] Sleeping 6.00 seconds as required by the site...
[2026-02-19 12:03:28] [DEBUG] extract_transcript.py: [YT-DLP DEBUG] [download] Destination: Temp_Audio/aV6vWSWm3EE.m4a
[2026-02-19 12:03:28] [DEBUG] extract_transcript.py: [YT-DLP DEBUG] [download]   0.0% of  148.76MiB at   78.89KiB/s ETA 32:20
[2026-02-19 12:03:28] [DEBUG] extract_transcript.py: [YT-DLP DOWNLOAD] 진행률: 0.0% | 다운로드: 1,024/155,990,718 bytes | 속도: 78.9 KB/s | 남은시간: 1940초
[2026-02-19 12:03:28] [INFO] [15%] 다운로드 중: 0.0%...
[2026-02-19 12:03:28] [DEBUG] extract_transcript.py: [YT-DLP DEBUG] [download]   0.0% of  148.76MiB at  211.20KiB/s ETA 12:01
[2026-02-19 12:03:28] [DEBUG] extract_transcript.py: [YT-DLP DOWNLOAD] 진행률: 0.0% | 다운로드: 3,072/155,990,718 bytes | 속도: 211.2 KB/s | 남은시간: 721초
[2026-02-19 12:03:28] [INFO] [15%] 다운로드 중: 0.0%...
[2026-02-19 12:03:28] [DEBUG] extract_transcript.py: [YT-DLP DEBUG] [download]   0.0% of  148.76MiB at  449.38KiB/s ETA 05:39
[2026-02-19 12:03:28] [DEBUG] extract_transcript.py: [YT-DLP DOWNLOAD] 진행률: 0.0% | 다운로드: 7,168/155,990,718 bytes | 속도: 449.4 KB/s | 남은시간: 339초
[2026-02-19 12:03:28] [INFO] [15%] 다운로드 중: 0.0%...
[2026-02-19 12:03:28] [DEBUG] extract_transcript.py: [YT-DLP DEBUG] [download]   0.0% of  148.76MiB at  819.02KiB/s ETA 03:06
[2026-02-19 12:03:28] [DEBUG] extract_transcript.py: [YT-DLP DOWNLOAD] 진행률: 0.0% | 다운로드: 15,360/155,990,718 bytes | 속도: 819.0 KB/s | 남은시간: 186초
[2026-02-19 12:03:28] [INFO] [15%] 다운로드 중: 0.0%...
[2026-02-19 12:03:28] [DEBUG] extract_transcript.py: [YT-DLP DEBUG] [download]   0.0% of  148.76MiB at    1.40MiB/s ETA 01:46
[2026-02-19 12:03:28] [DEBUG] extract_transcript.py: [YT-DLP DOWNLOAD] 진행률: 0.0% | 다운로드: 31,744/155,990,718 bytes | 속도: 1431.6 KB/s | 남은시간: 106초
[2026-02-19 12:03:28] [INFO] [15%] 다운로드 중: 0.0%...
[2026-02-19 12:03:28] [DEBUG] extract_transcript.py: [YT-DLP DEBUG] [download]   0.0% of  148.76MiB at    2.04MiB/s ETA 01:13
[2026-02-19 12:03:28] [DEBUG] extract_transcript.py: [YT-DLP DOWNLOAD] 진행률: 0.0% | 다운로드: 64,512/155,990,718 bytes | 속도: 2086.6 KB/s | 남은시간: 73초
[2026-02-19 12:03:28] [INFO] [15%] 다운로드 중: 0.0%...
[2026-02-19 12:03:28] [DEBUG] extract_transcript.py: [YT-DLP DEBUG] [download]   0.1% of  148.76MiB at    3.04MiB/s ETA 00:48
[2026-02-19 12:03:28] [DEBUG] extract_transcript.py: [YT-DLP DOWNLOAD] 진행률: 0.1% | 다운로드: 130,048/155,990,718 bytes | 속도: 3116.6 KB/s | 남은시간: 48초
[2026-02-19 12:03:28] [INFO] [15%] 다운로드 중: 0.1%...
[2026-02-19 12:03:28] [DEBUG] extract_transcript.py: [YT-DLP DEBUG] [download]   0.2% of  148.76MiB at    4.80MiB/s ETA 00:30
[2026-02-19 12:03:28] [DEBUG] extract_transcript.py: [YT-DLP DOWNLOAD] 진행률: 0.2% | 다운로드: 261,120/155,990,718 bytes | 속도: 4918.3 KB/s | 남은시간: 30초
[2026-02-19 12:03:28] [INFO] [15%] 다운로드 중: 0.2%...
[2026-02-19 12:03:28] [DEBUG] extract_transcript.py: [YT-DLP DEBUG] [download]   0.3% of  148.76MiB at    4.76MiB/s ETA 00:31
[2026-02-19 12:03:28] [DEBUG] extract_transcript.py: [YT-DLP DOWNLOAD] 진행률: 0.3% | 다운로드: 523,264/155,990,718 bytes | 속도: 4870.3 KB/s | 남은시간: 31초
[2026-02-19 12:03:28] [INFO] [15%] 다운로드 중: 0.3%...
[2026-02-19 12:03:28] [DEBUG] extract_transcript.py: [YT-DLP DEBUG] [download]   0.7% of  148.76MiB at    5.76MiB/s ETA 00:25
[2026-02-19 12:03:28] [DEBUG] extract_transcript.py: [YT-DLP DOWNLOAD] 진행률: 0.7% | 다운로드: 1,047,552/155,990,718 bytes | 속도: 5897.2 KB/s | 남은시간: 25초
[2026-02-19 12:03:28] [INFO] [15%] 다운로드 중: 0.7%...
[2026-02-19 12:03:29] [DEBUG] extract_transcript.py: [YT-DLP DEBUG] [download]   1.3% of  148.76MiB at    5.77MiB/s ETA 00:25
[2026-02-19 12:03:29] [DEBUG] extract_transcript.py: [YT-DLP DOWNLOAD] 진행률: 1.3% | 다운로드: 2,096,128/155,990,718 bytes | 속도: 5904.6 KB/s | 남은시간: 25초
[2026-02-19 12:03:29] [INFO] [15%] 다운로드 중: 1.3%...
[2026-02-19 12:03:29] [DEBUG] extract_transcript.py: [YT-DLP DEBUG] [download]   2.7% of  148.76MiB at    6.50MiB/s ETA 00:22
[2026-02-19 12:03:29] [DEBUG] extract_transcript.py: [YT-DLP DOWNLOAD] 진행률: 2.7% | 다운로드: 4,193,280/155,990,718 bytes | 속도: 6655.5 KB/s | 남은시간: 22초
[2026-02-19 12:03:29] [INFO] [15%] 다운로드 중: 2.7%...
[2026-02-19 12:03:29] [DEBUG] extract_transcript.py: [YT-DLP DEBUG] [download]   5.4% of  148.76MiB at    7.26MiB/s ETA 00:19
[2026-02-19 12:03:29] [DEBUG] extract_transcript.py: [YT-DLP DOWNLOAD] 진행률: 5.4% | 다운로드: 8,387,584/155,990,718 bytes | 속도: 7434.7 KB/s | 남은시간: 19초
[2026-02-19 12:03:29] [INFO] [16%] 다운로드 중: 5.4%...
[2026-02-19 12:03:29] [DEBUG] extract_transcript.py: [YT-DLP DEBUG] [download]   6.5% of  148.76MiB at    7.61MiB/s ETA 00:18
[2026-02-19 12:03:29] [DEBUG] extract_transcript.py: [YT-DLP DOWNLOAD] 진행률: 6.5% | 다운로드: 10,135,174/155,990,718 bytes | 속도: 7787.8 KB/s | 남은시간: 18초
[2026-02-19 12:03:29] [INFO] [16%] 다운로드 중: 6.5%...
[2026-02-19 12:03:29] [DEBUG] extract_transcript.py: [YT-DLP DEBUG] [download]   6.5% of  148.76MiB at  Unknown B/s ETA Unknown
[2026-02-19 12:03:29] [DEBUG] extract_transcript.py: [YT-DLP DOWNLOAD] 진행률: 6.5% | 다운로드: 10,136,198/155,990,718 bytes
[2026-02-19 12:03:29] [INFO] [16%] 다운로드 중: 6.5%...
[2026-02-19 12:03:29] [DEBUG] extract_transcript.py: [YT-DLP DEBUG] [download]   6.5% of  148.76MiB at  Unknown B/s ETA Unknown
[2026-02-19 12:03:29] [DEBUG] extract_transcript.py: [YT-DLP DOWNLOAD] 진행률: 6.5% | 다운로드: 10,138,246/155,990,718 bytes
[2026-02-19 12:03:29] [INFO] [16%] 다운로드 중: 6.5%...
[2026-02-19 12:03:29] [DEBUG] extract_transcript.py: [YT-DLP DEBUG] [download]   6.5% of  148.76MiB at  Unknown B/s ETA Unknown
[2026-02-19 12:03:29] [DEBUG] extract_transcript.py: [YT-DLP DOWNLOAD] 진행률: 6.5% | 다운로드: 10,142,342/155,990,718 bytes
[2026-02-19 12:03:29] [INFO] [16%] 다운로드 중: 6.5%...
[2026-02-19 12:03:29] [DEBUG] extract_transcript.py: [YT-DLP DEBUG] [download]   6.5% of  148.76MiB at    8.35MiB/s ETA 00:16
[2026-02-19 12:03:29] [DEBUG] extract_transcript.py: [YT-DLP DOWNLOAD] 진행률: 6.5% | 다운로드: 10,150,534/155,990,718 bytes | 속도: 8548.2 KB/s | 남은시간: 16초
[2026-02-19 12:03:29] [INFO] [16%] 다운로드 중: 6.5%...
[2026-02-19 12:03:29] [DEBUG] extract_transcript.py: [YT-DLP DEBUG] [download]   6.5% of  148.76MiB at    8.15MiB/s ETA 00:17
[2026-02-19 12:03:29] [DEBUG] extract_transcript.py: [YT-DLP DOWNLOAD] 진행률: 6.5% | 다운로드: 10,166,918/155,990,718 bytes | 속도: 8348.7 KB/s | 남은시간: 17초
[2026-02-19 12:03:29] [INFO] [16%] 다운로드 중: 6.5%...
[2026-02-19 12:03:29] [DEBUG] extract_transcript.py: [YT-DLP DEBUG] [download]   6.5% of  148.76MiB at    5.66MiB/s ETA 00:24
[2026-02-19 12:03:29] [DEBUG] extract_transcript.py: [YT-DLP DOWNLOAD] 진행률: 6.5% | 다운로드: 10,199,686/155,990,718 bytes | 속도: 5794.8 KB/s | 남은시간: 24초
[2026-02-19 12:03:29] [INFO] [16%] 다운로드 중: 6.5%...
[2026-02-19 12:03:30] [DEBUG] extract_transcript.py: [YT-DLP DEBUG] [download]   6.6% of  148.76MiB at    5.07MiB/s ETA 00:27
[2026-02-19 12:03:30] [DEBUG] extract_transcript.py: [YT-DLP DOWNLOAD] 진행률: 6.6% | 다운로드: 10,265,222/155,990,718 bytes | 속도: 5191.6 KB/s | 남은시간: 27초
[2026-02-19 12:03:30] [INFO] [16%] 다운로드 중: 6.6%...
[2026-02-19 12:03:30] [DEBUG] extract_transcript.py: [YT-DLP DEBUG] [download]   6.7% of  148.76MiB at    6.28MiB/s ETA 00:22
[2026-02-19 12:03:30] [DEBUG] extract_transcript.py: [YT-DLP DOWNLOAD] 진행률: 6.7% | 다운로드: 10,396,294/155,990,718 bytes | 속도: 6428.4 KB/s | 남은시간: 22초
[2026-02-19 12:03:30] [INFO] [16%] 다운로드 중: 6.7%...
[2026-02-19 12:03:30] [DEBUG] extract_transcript.py: [YT-DLP DEBUG] [download]   6.8% of  148.76MiB at    7.39MiB/s ETA 00:18
[2026-02-19 12:03:30] [DEBUG] extract_transcript.py: [YT-DLP DOWNLOAD] 진행률: 6.8% | 다운로드: 10,658,438/155,990,718 bytes | 속도: 7567.9 KB/s | 남은시간: 18초
[2026-02-19 12:03:30] [INFO] [16%] 다운로드 중: 6.8%...
[2026-02-19 12:03:30] [DEBUG] extract_transcript.py: [YT-DLP DEBUG] [download]   7.2% of  148.76MiB at    7.56MiB/s ETA 00:18
[2026-02-19 12:03:30] [DEBUG] extract_transcript.py: [YT-DLP DOWNLOAD] 진행률: 7.2% | 다운로드: 11,182,726/155,990,718 bytes | 속도: 7736.8 KB/s | 남은시간: 18초
[2026-02-19 12:03:30] [INFO] [16%] 다운로드 중: 7.2%...
[2026-02-19 12:03:30] [DEBUG] extract_transcript.py: [YT-DLP DEBUG] [download]   7.8% of  148.76MiB at    6.85MiB/s ETA 00:20
[2026-02-19 12:03:30] [DEBUG] extract_transcript.py: [YT-DLP DOWNLOAD] 진행률: 7.8% | 다운로드: 12,231,302/155,990,718 bytes | 속도: 7012.2 KB/s | 남은시간: 20초
[2026-02-19 12:03:30] [INFO] [16%] 다운로드 중: 7.8%...
[2026-02-19 12:03:30] [DEBUG] extract_transcript.py: [YT-DLP DEBUG] [download]   9.2% of  148.76MiB at    7.53MiB/s ETA 00:17
[2026-02-19 12:03:30] [DEBUG] extract_transcript.py: [YT-DLP DOWNLOAD] 진행률: 9.2% | 다운로드: 14,328,454/155,990,718 bytes | 속도: 7712.2 KB/s | 남은시간: 17초
[2026-02-19 12:03:30] [INFO] [16%] 다운로드 중: 9.2%...
[2026-02-19 12:03:31] [DEBUG] extract_transcript.py: [YT-DLP DEBUG] [download]  11.9% of  148.76MiB at    7.45MiB/s ETA 00:17
[2026-02-19 12:03:31] [DEBUG] extract_transcript.py: [YT-DLP DOWNLOAD] 진행률: 11.9% | 다운로드: 18,522,758/155,990,718 bytes | 속도: 7629.1 KB/s | 남은시간: 17초
[2026-02-19 12:03:31] [INFO] [17%] 다운로드 중: 11.9%...
[2026-02-19 12:03:31] [DEBUG] extract_transcript.py: [YT-DLP DEBUG] [download]  13.2% of  148.76MiB at    7.72MiB/s ETA 00:16
[2026-02-19 12:03:31] [DEBUG] extract_transcript.py: [YT-DLP DOWNLOAD] 진행률: 13.2% | 다운로드: 20,537,363/155,990,718 bytes | 속도: 7901.3 KB/s | 남은시간: 16초
[2026-02-19 12:03:31] [INFO] [17%] 다운로드 중: 13.2%...
[2026-02-19 12:03:31] [DEBUG] extract_transcript.py: [YT-DLP DEBUG] [download]  13.2% of  148.76MiB at  Unknown B/s ETA Unknown
[2026-02-19 12:03:31] [DEBUG] extract_transcript.py: [YT-DLP DOWNLOAD] 진행률: 13.2% | 다운로드: 20,538,387/155,990,718 bytes
[2026-02-19 12:03:31] [INFO] [17%] 다운로드 중: 13.2%...
[2026-02-19 12:03:31] [DEBUG] extract_transcript.py: [YT-DLP DEBUG] [download]  13.2% of  148.76MiB at    2.38MiB/s ETA 00:54
[2026-02-19 12:03:31] [DEBUG] extract_transcript.py: [YT-DLP DOWNLOAD] 진행률: 13.2% | 다운로드: 20,540,435/155,990,718 bytes | 속도: 2432.4 KB/s | 남은시간: 54초
[2026-02-19 12:03:31] [INFO] [17%] 다운로드 중: 13.2%...
[2026-02-19 12:03:31] [DEBUG] extract_transcript.py: [YT-DLP DEBUG] [download]  13.2% of  148.76MiB at    3.05MiB/s ETA 00:42
[2026-02-19 12:03:31] [DEBUG] extract_transcript.py: [YT-DLP DOWNLOAD] 진행률: 13.2% | 다운로드: 20,544,531/155,990,718 bytes | 속도: 3122.8 KB/s | 남은시간: 42초
[2026-02-19 12:03:31] [INFO] [17%] 다운로드 중: 13.2%...
[2026-02-19 12:03:31] [DEBUG] extract_transcript.py: [YT-DLP DEBUG] [download]  13.2% of  148.76MiB at    3.86MiB/s ETA 00:33
[2026-02-19 12:03:31] [DEBUG] extract_transcript.py: [YT-DLP DOWNLOAD] 진행률: 13.2% | 다운로드: 20,552,723/155,990,718 bytes | 속도: 3953.9 KB/s | 남은시간: 33초
[2026-02-19 12:03:31] [INFO] [17%] 다운로드 중: 13.2%...
[2026-02-19 12:03:31] [DEBUG] extract_transcript.py: [YT-DLP DEBUG] [download]  13.2% of  148.76MiB at    7.04MiB/s ETA 00:18
[2026-02-19 12:03:31] [DEBUG] extract_transcript.py: [YT-DLP DOWNLOAD] 진행률: 13.2% | 다운로드: 20,569,107/155,990,718 bytes | 속도: 7211.9 KB/s | 남은시간: 18초
[2026-02-19 12:03:31] [INFO] [17%] 다운로드 중: 13.2%...
[2026-02-19 12:03:31] [DEBUG] extract_transcript.py: [YT-DLP DEBUG] [download]  13.2% of  148.76MiB at    4.68MiB/s ETA 00:27
[2026-02-19 12:03:31] [DEBUG] extract_transcript.py: [YT-DLP DOWNLOAD] 진행률: 13.2% | 다운로드: 20,601,875/155,990,718 bytes | 속도: 4791.6 KB/s | 남은시간: 27초
[2026-02-19 12:03:31] [INFO] [17%] 다운로드 중: 13.2%...
[2026-02-19 12:03:31] [DEBUG] extract_transcript.py: [YT-DLP DEBUG] [download]  13.2% of  148.76MiB at    3.25MiB/s ETA 00:39
[2026-02-19 12:03:31] [DEBUG] extract_transcript.py: [YT-DLP DOWNLOAD] 진행률: 13.2% | 다운로드: 20,667,411/155,990,718 bytes | 속도: 3333.0 KB/s | 남은시간: 39초
[2026-02-19 12:03:31] [INFO] [17%] 다운로드 중: 13.2%...
[2026-02-19 12:03:31] [DEBUG] extract_transcript.py: [YT-DLP DEBUG] [download]  13.3% of  148.76MiB at    3.13MiB/s ETA 00:41
[2026-02-19 12:03:31] [DEBUG] extract_transcript.py: [YT-DLP DOWNLOAD] 진행률: 13.3% | 다운로드: 20,798,483/155,990,718 bytes | 속도: 3205.6 KB/s | 남은시간: 41초
[2026-02-19 12:03:31] [INFO] [17%] 다운로드 중: 13.3%...
[2026-02-19 12:03:31] [DEBUG] extract_transcript.py: [YT-DLP DEBUG] [download]  13.5% of  148.76MiB at    2.87MiB/s ETA 00:44
[2026-02-19 12:03:31] [DEBUG] extract_transcript.py: [YT-DLP DOWNLOAD] 진행률: 13.5% | 다운로드: 21,060,627/155,990,718 bytes | 속도: 2940.1 KB/s | 남은시간: 44초
[2026-02-19 12:03:31] [INFO] [17%] 다운로드 중: 13.5%...
[2026-02-19 12:03:31] [DEBUG] extract_transcript.py: [YT-DLP DEBUG] [download]  13.8% of  148.76MiB at    3.23MiB/s ETA 00:39
[2026-02-19 12:03:31] [DEBUG] extract_transcript.py: [YT-DLP DOWNLOAD] 진행률: 13.8% | 다운로드: 21,584,915/155,990,718 bytes | 속도: 3304.6 KB/s | 남은시간: 39초
[2026-02-19 12:03:31] [INFO] [17%] 다운로드 중: 13.8%...
[2026-02-19 12:03:31] [DEBUG] extract_transcript.py: [YT-DLP DEBUG] [download]  14.5% of  148.76MiB at    3.74MiB/s ETA 00:34
[2026-02-19 12:03:31] [DEBUG] extract_transcript.py: [YT-DLP DOWNLOAD] 진행률: 14.5% | 다운로드: 22,633,491/155,990,718 bytes | 속도: 3828.7 KB/s | 남은시간: 34초
[2026-02-19 12:03:31] [INFO] [17%] 다운로드 중: 14.5%...
[2026-02-19 12:03:32] [DEBUG] extract_transcript.py: [YT-DLP DEBUG] [download]  15.9% of  148.76MiB at    4.64MiB/s ETA 00:26
[2026-02-19 12:03:32] [DEBUG] extract_transcript.py: [YT-DLP DOWNLOAD] 진행률: 15.9% | 다운로드: 24,730,643/155,990,718 bytes | 속도: 4748.5 KB/s | 남은시간: 26초
[2026-02-19 12:03:32] [INFO] [18%] 다운로드 중: 15.9%...
[2026-02-19 12:03:32] [DEBUG] extract_transcript.py: [YT-DLP DEBUG] [download]  18.5% of  148.76MiB at    5.99MiB/s ETA 00:20
[2026-02-19 12:03:32] [DEBUG] extract_transcript.py: [YT-DLP DOWNLOAD] 진행률: 18.5% | 다운로드: 28,924,947/155,990,718 bytes | 속도: 6132.7 KB/s | 남은시간: 20초
[2026-02-19 12:03:32] [INFO] [18%] 다운로드 중: 18.5%...
[2026-02-19 12:03:32] [DEBUG] extract_transcript.py: [YT-DLP DEBUG] [download]  19.7% of  148.76MiB at    6.37MiB/s ETA 00:18
[2026-02-19 12:03:32] [DEBUG] extract_transcript.py: [YT-DLP DOWNLOAD] 진행률: 19.7% | 다운로드: 30,720,310/155,990,718 bytes | 속도: 6526.7 KB/s | 남은시간: 18초
[2026-02-19 12:03:32] [INFO] [18%] 다운로드 중: 19.7%...
[2026-02-19 12:03:32] [DEBUG] extract_transcript.py: [YT-DLP DEBUG] [download]  19.7% of  148.76MiB at  474.09KiB/s ETA 04:19
[2026-02-19 12:03:32] [DEBUG] extract_transcript.py: [YT-DLP DOWNLOAD] 진행률: 19.7% | 다운로드: 30,721,334/155,990,718 bytes | 속도: 474.1 KB/s | 남은시간: 259초
[2026-02-19 12:03:32] [INFO] [18%] 다운로드 중: 19.7%...
[2026-02-19 12:03:32] [DEBUG] extract_transcript.py: [YT-DLP DEBUG] [download]  19.7% of  148.76MiB at    1.17MiB/s ETA 01:42
[2026-02-19 12:03:32] [DEBUG] extract_transcript.py: [YT-DLP DOWNLOAD] 진행률: 19.7% | 다운로드: 30,723,382/155,990,718 bytes | 속도: 1197.0 KB/s | 남은시간: 102초
[2026-02-19 12:03:32] [INFO] [18%] 다운로드 중: 19.7%...
[2026-02-19 12:03:32] [DEBUG] extract_transcript.py: [YT-DLP DEBUG] [download]  19.7% of  148.76MiB at    2.11MiB/s ETA 00:56
[2026-02-19 12:03:32] [DEBUG] extract_transcript.py: [YT-DLP DOWNLOAD] 진행률: 19.7% | 다운로드: 30,727,478/155,990,718 bytes | 속도: 2162.0 KB/s | 남은시간: 56초
[2026-02-19 12:03:32] [INFO] [18%] 다운로드 중: 19.7%...
[2026-02-19 12:03:32] [DEBUG] extract_transcript.py: [YT-DLP DEBUG] [download]  19.7% of  148.76MiB at    3.32MiB/s ETA 00:36
[2026-02-19 12:03:32] [DEBUG] extract_transcript.py: [YT-DLP DOWNLOAD] 진행률: 19.7% | 다운로드: 30,735,670/155,990,718 bytes | 속도: 3397.8 KB/s | 남은시간: 36초
[2026-02-19 12:03:32] [INFO] [18%] 다운로드 중: 19.7%...
[2026-02-19 12:03:32] [DEBUG] extract_transcript.py: [YT-DLP DEBUG] [download]  19.7% of  148.76MiB at    5.51MiB/s ETA 00:21
[2026-02-19 12:03:32] [DEBUG] extract_transcript.py: [YT-DLP DOWNLOAD] 진행률: 19.7% | 다운로드: 30,752,054/155,990,718 bytes | 속도: 5639.0 KB/s | 남은시간: 21초
[2026-02-19 12:03:32] [INFO] [18%] 다운로드 중: 19.7%...
[2026-02-19 12:03:32] [DEBUG] extract_transcript.py: [YT-DLP DEBUG] [download]  19.7% of  148.76MiB at    8.88MiB/s ETA 00:13
[2026-02-19 12:03:32] [DEBUG] extract_transcript.py: [YT-DLP DOWNLOAD] 진행률: 19.7% | 다운로드: 30,784,822/155,990,718 bytes | 속도: 9090.8 KB/s | 남은시간: 13초
[2026-02-19 12:03:32] [INFO] [18%] 다운로드 중: 19.7%...
[2026-02-19 12:03:32] [DEBUG] extract_transcript.py: [YT-DLP DEBUG] [download]  19.8% of  148.76MiB at    9.13MiB/s ETA 00:13
[2026-02-19 12:03:32] [DEBUG] extract_transcript.py: [YT-DLP DOWNLOAD] 진행률: 19.8% | 다운로드: 30,850,358/155,990,718 bytes | 속도: 9347.0 KB/s | 남은시간: 13초
[2026-02-19 12:03:32] [INFO] [18%] 다운로드 중: 19.8%...
[2026-02-19 12:03:32] [DEBUG] extract_transcript.py: [YT-DLP DEBUG] [download]  19.9% of  148.76MiB at   11.61MiB/s ETA 00:10
[2026-02-19 12:03:32] [DEBUG] extract_transcript.py: [YT-DLP DOWNLOAD] 진행률: 19.9% | 다운로드: 30,981,430/155,990,718 bytes | 속도: 11891.0 KB/s | 남은시간: 10초
[2026-02-19 12:03:32] [INFO] [18%] 다운로드 중: 19.9%...
[2026-02-19 12:03:32] [DEBUG] extract_transcript.py: [YT-DLP DEBUG] [download]  20.0% of  148.76MiB at    8.41MiB/s ETA 00:14
[2026-02-19 12:03:32] [DEBUG] extract_transcript.py: [YT-DLP DOWNLOAD] 진행률: 20.0% | 다운로드: 31,243,574/155,990,718 bytes | 속도: 8611.8 KB/s | 남은시간: 14초
[2026-02-19 12:03:32] [INFO] [19%] 다운로드 중: 20.0%...
[2026-02-19 12:03:33] [DEBUG] extract_transcript.py: [YT-DLP DEBUG] [download]  20.4% of  148.76MiB at    7.39MiB/s ETA 00:16
[2026-02-19 12:03:33] [DEBUG] extract_transcript.py: [YT-DLP DOWNLOAD] 진행률: 20.4% | 다운로드: 31,767,862/155,990,718 bytes | 속도: 7564.6 KB/s | 남은시간: 16초
[2026-02-19 12:03:33] [INFO] [19%] 다운로드 중: 20.4%...
[2026-02-19 12:03:33] [DEBUG] extract_transcript.py: [YT-DLP DEBUG] [download]  21.0% of  148.76MiB at    7.69MiB/s ETA 00:15
[2026-02-19 12:03:33] [DEBUG] extract_transcript.py: [YT-DLP DOWNLOAD] 진행률: 21.0% | 다운로드: 32,816,438/155,990,718 bytes | 속도: 7872.7 KB/s | 남은시간: 15초
[2026-02-19 12:03:33] [INFO] [19%] 다운로드 중: 21.0%...
[2026-02-19 12:03:33] [DEBUG] extract_transcript.py: [YT-DLP DEBUG] [download]  22.4% of  148.76MiB at    7.80MiB/s ETA 00:14
[2026-02-19 12:03:33] [DEBUG] extract_transcript.py: [YT-DLP DOWNLOAD] 진행률: 22.4% | 다운로드: 34,913,590/155,990,718 bytes | 속도: 7989.9 KB/s | 남은시간: 14초
[2026-02-19 12:03:33] [INFO] [19%] 다운로드 중: 22.4%...
[2026-02-19 12:03:33] [DEBUG] extract_transcript.py: [YT-DLP DEBUG] [download]  25.1% of  148.76MiB at    7.91MiB/s ETA 00:14
[2026-02-19 12:03:33] [DEBUG] extract_transcript.py: [YT-DLP DOWNLOAD] 진행률: 25.1% | 다운로드: 39,107,894/155,990,718 bytes | 속도: 8104.7 KB/s | 남은시간: 14초
[2026-02-19 12:03:33] [INFO] [20%] 다운로드 중: 25.1%...
[2026-02-19 12:03:34] [DEBUG] extract_transcript.py: [YT-DLP DEBUG] [download]  26.4% of  148.76MiB at    7.94MiB/s ETA 00:13
[2026-02-19 12:03:34] [DEBUG] extract_transcript.py: [YT-DLP DOWNLOAD] 진행률: 26.4% | 다운로드: 41,168,794/155,990,718 bytes | 속도: 8128.5 KB/s | 남은시간: 13초
[2026-02-19 12:03:34] [INFO] [20%] 다운로드 중: 26.4%...
[2026-02-19 12:03:34] [DEBUG] extract_transcript.py: [YT-DLP DEBUG] [download]  26.4% of  148.76MiB at  Unknown B/s ETA Unknown
[2026-02-19 12:03:34] [DEBUG] extract_transcript.py: [YT-DLP DOWNLOAD] 진행률: 26.4% | 다운로드: 41,169,818/155,990,718 bytes
[2026-02-19 12:03:34] [INFO] [20%] 다운로드 중: 26.4%...
[2026-02-19 12:03:34] [DEBUG] extract_transcript.py: [YT-DLP DEBUG] [download]  26.4% of  148.76MiB at    2.45MiB/s ETA 00:45
[2026-02-19 12:03:34] [DEBUG] extract_transcript.py: [YT-DLP DOWNLOAD] 진행률: 26.4% | 다운로드: 41,171,866/155,990,718 bytes | 속도: 2510.1 KB/s | 남은시간: 45초
[2026-02-19 12:03:34] [INFO] [20%] 다운로드 중: 26.4%...
[2026-02-19 12:03:34] [DEBUG] extract_transcript.py: [YT-DLP DEBUG] [download]  26.4% of  148.76MiB at    2.86MiB/s ETA 00:38
[2026-02-19 12:03:34] [DEBUG] extract_transcript.py: [YT-DLP DOWNLOAD] 진행률: 26.4% | 다운로드: 41,175,962/155,990,718 bytes | 속도: 2928.4 KB/s | 남은시간: 38초
[2026-02-19 12:03:34] [INFO] [20%] 다운로드 중: 26.4%...
[2026-02-19 12:03:34] [DEBUG] extract_transcript.py: [YT-DLP DEBUG] [download]  26.4% of  148.76MiB at    4.43MiB/s ETA 00:24
[2026-02-19 12:03:34] [DEBUG] extract_transcript.py: [YT-DLP DOWNLOAD] 진행률: 26.4% | 다운로드: 41,184,154/155,990,718 bytes | 속도: 4536.3 KB/s | 남은시간: 24초
[2026-02-19 12:03:34] [INFO] [20%] 다운로드 중: 26.4%...
[2026-02-19 12:03:34] [DEBUG] extract_transcript.py: [YT-DLP DEBUG] [download]  26.4% of  148.76MiB at    1.20MiB/s ETA 01:31
[2026-02-19 12:03:34] [DEBUG] extract_transcript.py: [YT-DLP DOWNLOAD] 진행률: 26.4% | 다운로드: 41,200,538/155,990,718 bytes | 속도: 1231.0 KB/s | 남은시간: 91초
[2026-02-19 12:03:34] [INFO] [20%] 다운로드 중: 26.4%...
[2026-02-19 12:03:34] [DEBUG] extract_transcript.py: [YT-DLP DEBUG] [download]  26.4% of  148.76MiB at    1.36MiB/s ETA 01:20
[2026-02-19 12:03:34] [DEBUG] extract_transcript.py: [YT-DLP DOWNLOAD] 진행률: 26.4% | 다운로드: 41,233,306/155,990,718 bytes | 속도: 1389.8 KB/s | 남은시간: 80초
[2026-02-19 12:03:34] [INFO] [20%] 다운로드 중: 26.4%...
[2026-02-19 12:03:34] [DEBUG] extract_transcript.py: [YT-DLP DEBUG] [download]  26.5% of  148.76MiB at    2.07MiB/s ETA 00:52
[2026-02-19 12:03:34] [DEBUG] extract_transcript.py: [YT-DLP DOWNLOAD] 진행률: 26.5% | 다운로드: 41,298,842/155,990,718 bytes | 속도: 2117.8 KB/s | 남은시간: 52초
[2026-02-19 12:03:34] [INFO] [20%] 다운로드 중: 26.5%...
[2026-02-19 12:03:34] [DEBUG] extract_transcript.py: [YT-DLP DEBUG] [download]  26.6% of  148.76MiB at    2.18MiB/s ETA 00:50
[2026-02-19 12:03:34] [DEBUG] extract_transcript.py: [YT-DLP DOWNLOAD] 진행률: 26.6% | 다운로드: 41,429,914/155,990,718 bytes | 속도: 2229.3 KB/s | 남은시간: 50초
[2026-02-19 12:03:34] [INFO] [20%] 다운로드 중: 26.6%...
[2026-02-19 12:03:34] [DEBUG] extract_transcript.py: [YT-DLP DEBUG] [download]  26.7% of  148.76MiB at    2.68MiB/s ETA 00:40
[2026-02-19 12:03:34] [DEBUG] extract_transcript.py: [YT-DLP DOWNLOAD] 진행률: 26.7% | 다운로드: 41,692,058/155,990,718 bytes | 속도: 2739.5 KB/s | 남은시간: 40초
[2026-02-19 12:03:34] [INFO] [20%] 다운로드 중: 26.7%...
[2026-02-19 12:03:34] [DEBUG] extract_transcript.py: [YT-DLP DEBUG] [download]  27.1% of  148.76MiB at    3.19MiB/s ETA 00:34
[2026-02-19 12:03:34] [DEBUG] extract_transcript.py: [YT-DLP DOWNLOAD] 진행률: 27.1% | 다운로드: 42,216,346/155,990,718 bytes | 속도: 3264.0 KB/s | 남은시간: 34초
[2026-02-19 12:03:34] [INFO] [20%] 다운로드 중: 27.1%...
[2026-02-19 12:03:34] [DEBUG] extract_transcript.py: [YT-DLP DEBUG] [download]  27.7% of  148.76MiB at    3.40MiB/s ETA 00:31
[2026-02-19 12:03:34] [DEBUG] extract_transcript.py: [YT-DLP DOWNLOAD] 진행률: 27.7% | 다운로드: 43,264,922/155,990,718 bytes | 속도: 3480.9 KB/s | 남은시간: 31초
[2026-02-19 12:03:34] [INFO] [20%] 다운로드 중: 27.7%...
[2026-02-19 12:03:35] [DEBUG] extract_transcript.py: [YT-DLP DEBUG] [download]  29.1% of  148.76MiB at    3.72MiB/s ETA 00:28
[2026-02-19 12:03:35] [DEBUG] extract_transcript.py: [YT-DLP DOWNLOAD] 진행률: 29.1% | 다운로드: 45,362,074/155,990,718 bytes | 속도: 3809.9 KB/s | 남은시간: 28초
[2026-02-19 12:03:35] [INFO] [20%] 다운로드 중: 29.1%...
[2026-02-19 12:03:36] [DEBUG] extract_transcript.py: [YT-DLP DEBUG] [download]  31.8% of  148.76MiB at    4.10MiB/s ETA 00:24
[2026-02-19 12:03:36] [DEBUG] extract_transcript.py: [YT-DLP DOWNLOAD] 진행률: 31.8% | 다운로드: 49,556,378/155,990,718 bytes | 속도: 4199.4 KB/s | 남은시간: 24초
[2026-02-19 12:03:36] [INFO] [21%] 다운로드 중: 31.8%...
[2026-02-19 12:03:36] [DEBUG] extract_transcript.py: [YT-DLP DEBUG] [download]  33.0% of  148.76MiB at    4.34MiB/s ETA 00:22
[2026-02-19 12:03:36] [DEBUG] extract_transcript.py: [YT-DLP DOWNLOAD] 진행률: 33.0% | 다운로드: 51,509,576/155,990,718 bytes | 속도: 4442.6 KB/s | 남은시간: 22초
[2026-02-19 12:03:36] [INFO] [21%] 다운로드 중: 33.0%...
[2026-02-19 12:03:36] [DEBUG] extract_transcript.py: [YT-DLP DEBUG] [download]  33.0% of  148.76MiB at  950.66KiB/s ETA 01:49
[2026-02-19 12:03:36] [DEBUG] extract_transcript.py: [YT-DLP DOWNLOAD] 진행률: 33.0% | 다운로드: 51,510,600/155,990,718 bytes | 속도: 950.7 KB/s | 남은시간: 109초
[2026-02-19 12:03:36] [INFO] [21%] 다운로드 중: 33.0%...
[2026-02-19 12:03:36] [DEBUG] extract_transcript.py: [YT-DLP DEBUG] [download]  33.0% of  148.76MiB at    1.50MiB/s ETA 01:06
[2026-02-19 12:03:36] [DEBUG] extract_transcript.py: [YT-DLP DOWNLOAD] 진행률: 33.0% | 다운로드: 51,512,648/155,990,718 bytes | 속도: 1536.9 KB/s | 남은시간: 66초
[2026-02-19 12:03:36] [INFO] [21%] 다운로드 중: 33.0%...
[2026-02-19 12:03:36] [DEBUG] extract_transcript.py: [YT-DLP DEBUG] [download]  33.0% of  148.76MiB at    2.65MiB/s ETA 00:37
[2026-02-19 12:03:36] [DEBUG] extract_transcript.py: [YT-DLP DOWNLOAD] 진행률: 33.0% | 다운로드: 51,516,744/155,990,718 bytes | 속도: 2716.5 KB/s | 남은시간: 37초
[2026-02-19 12:03:36] [INFO] [21%] 다운로드 중: 33.0%...
[2026-02-19 12:03:36] [DEBUG] extract_transcript.py: [YT-DLP DEBUG] [download]  33.0% of  148.76MiB at    4.29MiB/s ETA 00:23
[2026-02-19 12:03:36] [DEBUG] extract_transcript.py: [YT-DLP DOWNLOAD] 진행률: 33.0% | 다운로드: 51,524,936/155,990,718 bytes | 속도: 4395.0 KB/s | 남은시간: 23초
[2026-02-19 12:03:36] [INFO] [21%] 다운로드 중: 33.0%...
[2026-02-19 12:03:36] [DEBUG] extract_transcript.py: [YT-DLP DEBUG] [download]  33.0% of  148.76MiB at    5.30MiB/s ETA 00:18
[2026-02-19 12:03:36] [DEBUG] extract_transcript.py: [YT-DLP DOWNLOAD] 진행률: 33.0% | 다운로드: 51,541,320/155,990,718 bytes | 속도: 5422.4 KB/s | 남은시간: 18초
[2026-02-19 12:03:36] [INFO] [21%] 다운로드 중: 33.0%...
[2026-02-19 12:03:36] [DEBUG] extract_transcript.py: [YT-DLP DEBUG] [download]  33.1% of  148.76MiB at    1.36MiB/s ETA 01:13
[2026-02-19 12:03:36] [DEBUG] extract_transcript.py: [YT-DLP DOWNLOAD] 진행률: 33.1% | 다운로드: 51,574,088/155,990,718 bytes | 속도: 1395.2 KB/s | 남은시간: 73초
[2026-02-19 12:03:36] [INFO] [21%] 다운로드 중: 33.1%...
[2026-02-19 12:03:36] [DEBUG] extract_transcript.py: [YT-DLP DEBUG] [download]  33.1% of  148.76MiB at    2.50MiB/s ETA 00:39
[2026-02-19 12:03:36] [DEBUG] extract_transcript.py: [YT-DLP DOWNLOAD] 진행률: 33.1% | 다운로드: 51,639,624/155,990,718 bytes | 속도: 2562.0 KB/s | 남은시간: 39초
[2026-02-19 12:03:36] [INFO] [21%] 다운로드 중: 33.1%...
[2026-02-19 12:03:36] [DEBUG] extract_transcript.py: [YT-DLP DEBUG] [download]  33.2% of  148.76MiB at    3.59MiB/s ETA 00:27
[2026-02-19 12:03:36] [DEBUG] extract_transcript.py: [YT-DLP DOWNLOAD] 진행률: 33.2% | 다운로드: 51,770,696/155,990,718 bytes | 속도: 3678.8 KB/s | 남은시간: 27초
[2026-02-19 12:03:36] [INFO] [21%] 다운로드 중: 33.2%...
[2026-02-19 12:03:36] [DEBUG] extract_transcript.py: [YT-DLP DEBUG] [download]  33.4% of  148.76MiB at    4.55MiB/s ETA 00:21
[2026-02-19 12:03:36] [DEBUG] extract_transcript.py: [YT-DLP DOWNLOAD] 진행률: 33.4% | 다운로드: 52,032,840/155,990,718 bytes | 속도: 4663.2 KB/s | 남은시간: 21초
[2026-02-19 12:03:36] [INFO] [21%] 다운로드 중: 33.4%...
[2026-02-19 12:03:36] [DEBUG] extract_transcript.py: [YT-DLP DEBUG] [download]  33.7% of  148.76MiB at    4.53MiB/s ETA 00:21
[2026-02-19 12:03:36] [DEBUG] extract_transcript.py: [YT-DLP DOWNLOAD] 진행률: 33.7% | 다운로드: 52,557,128/155,990,718 bytes | 속도: 4636.4 KB/s | 남은시간: 21초
[2026-02-19 12:03:36] [INFO] [21%] 다운로드 중: 33.7%...
[2026-02-19 12:03:37] [DEBUG] extract_transcript.py: [YT-DLP DEBUG] [download]  34.4% of  148.76MiB at    4.06MiB/s ETA 00:24
[2026-02-19 12:03:37] [DEBUG] extract_transcript.py: [YT-DLP DOWNLOAD] 진행률: 34.4% | 다운로드: 53,605,704/155,990,718 bytes | 속도: 4158.1 KB/s | 남은시간: 24초
[2026-02-19 12:03:37] [INFO] [21%] 다운로드 중: 34.4%...
[2026-02-19 12:03:37] [DEBUG] extract_transcript.py: [YT-DLP DEBUG] [download]  35.7% of  148.76MiB at    3.94MiB/s ETA 00:24
[2026-02-19 12:03:37] [DEBUG] extract_transcript.py: [YT-DLP DOWNLOAD] 진행률: 35.7% | 다운로드: 55,702,856/155,990,718 bytes | 속도: 4036.4 KB/s | 남은시간: 24초
[2026-02-19 12:03:37] [INFO] [22%] 다운로드 중: 35.7%...
[2026-02-19 12:03:38] [DEBUG] extract_transcript.py: [YT-DLP DEBUG] [download]  38.3% of  148.76MiB at    4.59MiB/s ETA 00:20
[2026-02-19 12:03:38] [DEBUG] extract_transcript.py: [YT-DLP DOWNLOAD] 진행률: 38.3% | 다운로드: 59,718,581/155,990,718 bytes | 속도: 4698.2 KB/s | 남은시간: 20초
[2026-02-19 12:03:38] [INFO] [22%] 다운로드 중: 38.3%...
[2026-02-19 12:03:38] [DEBUG] extract_transcript.py: [YT-DLP DEBUG] [download]  39.7% of  148.76MiB at    5.23MiB/s ETA 00:17
[2026-02-19 12:03:38] [DEBUG] extract_transcript.py: [YT-DLP DOWNLOAD] 진행률: 39.7% | 다운로드: 61,949,358/155,990,718 bytes | 속도: 5354.0 KB/s | 남은시간: 17초
[2026-02-19 12:03:38] [INFO] [22%] 다운로드 중: 39.7%...
[2026-02-19 12:03:38] [DEBUG] extract_transcript.py: [YT-DLP DEBUG] [download]  39.7% of  148.76MiB at  114.99KiB/s ETA 13:20
[2026-02-19 12:03:38] [DEBUG] extract_transcript.py: [YT-DLP DOWNLOAD] 진행률: 39.7% | 다운로드: 61,950,382/155,990,718 bytes | 속도: 115.0 KB/s | 남은시간: 800초
[2026-02-19 12:03:38] [INFO] [22%] 다운로드 중: 39.7%...
[2026-02-19 12:03:38] [DEBUG] extract_transcript.py: [YT-DLP DEBUG] [download]  39.7% of  148.76MiB at  307.60KiB/s ETA 04:59
[2026-02-19 12:03:38] [DEBUG] extract_transcript.py: [YT-DLP DOWNLOAD] 진행률: 39.7% | 다운로드: 61,952,430/155,990,718 bytes | 속도: 307.6 KB/s | 남은시간: 299초
[2026-02-19 12:03:38] [INFO] [22%] 다운로드 중: 39.7%...
[2026-02-19 12:03:38] [DEBUG] extract_transcript.py: [YT-DLP DEBUG] [download]  39.7% of  148.76MiB at  633.88KiB/s ETA 02:25
[2026-02-19 12:03:38] [DEBUG] extract_transcript.py: [YT-DLP DOWNLOAD] 진행률: 39.7% | 다운로드: 61,956,526/155,990,718 bytes | 속도: 633.9 KB/s | 남은시간: 145초
[2026-02-19 12:03:38] [INFO] [22%] 다운로드 중: 39.7%...
[2026-02-19 12:03:38] [DEBUG] extract_transcript.py: [YT-DLP DEBUG] [download]  39.7% of  148.76MiB at    1.14MiB/s ETA 01:18
[2026-02-19 12:03:38] [DEBUG] extract_transcript.py: [YT-DLP DOWNLOAD] 진행률: 39.7% | 다운로드: 61,964,718/155,990,718 bytes | 속도: 1170.4 KB/s | 남은시간: 78초
[2026-02-19 12:03:38] [INFO] [22%] 다운로드 중: 39.7%...
[2026-02-19 12:03:38] [DEBUG] extract_transcript.py: [YT-DLP DEBUG] [download]  39.7% of  148.76MiB at    2.25MiB/s ETA 00:39
[2026-02-19 12:03:38] [DEBUG] extract_transcript.py: [YT-DLP DOWNLOAD] 진행률: 39.7% | 다운로드: 61,981,102/155,990,718 bytes | 속도: 2301.6 KB/s | 남은시간: 39초
[2026-02-19 12:03:38] [INFO] [22%] 다운로드 중: 39.7%...
[2026-02-19 12:03:38] [DEBUG] extract_transcript.py: [YT-DLP DEBUG] [download]  39.8% of  148.76MiB at    4.18MiB/s ETA 00:21
[2026-02-19 12:03:38] [DEBUG] extract_transcript.py: [YT-DLP DOWNLOAD] 진행률: 39.8% | 다운로드: 62,013,870/155,990,718 bytes | 속도: 4275.3 KB/s | 남은시간: 21초
[2026-02-19 12:03:38] [INFO] [22%] 다운로드 중: 39.8%...
[2026-02-19 12:03:38] [DEBUG] extract_transcript.py: [YT-DLP DEBUG] [download]  39.8% of  148.76MiB at    5.41MiB/s ETA 00:16
[2026-02-19 12:03:38] [DEBUG] extract_transcript.py: [YT-DLP DOWNLOAD] 진행률: 39.8% | 다운로드: 62,079,406/155,990,718 bytes | 속도: 5537.2 KB/s | 남은시간: 16초
[2026-02-19 12:03:38] [INFO] [22%] 다운로드 중: 39.8%...
[2026-02-19 12:03:38] [DEBUG] extract_transcript.py: [YT-DLP DEBUG] [download]  39.9% of  148.76MiB at    6.38MiB/s ETA 00:14
[2026-02-19 12:03:38] [DEBUG] extract_transcript.py: [YT-DLP DOWNLOAD] 진행률: 39.9% | 다운로드: 62,210,478/155,990,718 bytes | 속도: 6528.8 KB/s | 남은시간: 14초
[2026-02-19 12:03:38] [INFO] [22%] 다운로드 중: 39.9%...
[2026-02-19 12:03:38] [DEBUG] extract_transcript.py: [YT-DLP DEBUG] [download]  40.0% of  148.76MiB at    6.29MiB/s ETA 00:14
[2026-02-19 12:03:38] [DEBUG] extract_transcript.py: [YT-DLP DOWNLOAD] 진행률: 40.0% | 다운로드: 62,472,622/155,990,718 bytes | 속도: 6440.2 KB/s | 남은시간: 14초
[2026-02-19 12:03:38] [INFO] [23%] 다운로드 중: 40.0%...
[2026-02-19 12:03:38] [DEBUG] extract_transcript.py: [YT-DLP DEBUG] [download]  40.4% of  148.76MiB at    6.97MiB/s ETA 00:12
[2026-02-19 12:03:38] [DEBUG] extract_transcript.py: [YT-DLP DOWNLOAD] 진행률: 40.4% | 다운로드: 62,996,910/155,990,718 bytes | 속도: 7134.7 KB/s | 남은시간: 12초
[2026-02-19 12:03:38] [INFO] [23%] 다운로드 중: 40.4%...
[2026-02-19 12:03:38] [DEBUG] extract_transcript.py: [YT-DLP DEBUG] [download]  41.1% of  148.76MiB at    7.13MiB/s ETA 00:12
[2026-02-19 12:03:38] [DEBUG] extract_transcript.py: [YT-DLP DOWNLOAD] 진행률: 41.1% | 다운로드: 64,045,486/155,990,718 bytes | 속도: 7301.7 KB/s | 남은시간: 12초
[2026-02-19 12:03:38] [INFO] [23%] 다운로드 중: 41.1%...
[2026-02-19 12:03:38] [DEBUG] extract_transcript.py: [YT-DLP DEBUG] [download]  42.4% of  148.76MiB at    8.39MiB/s ETA 00:10
[2026-02-19 12:03:38] [DEBUG] extract_transcript.py: [YT-DLP DOWNLOAD] 진행률: 42.4% | 다운로드: 66,142,638/155,990,718 bytes | 속도: 8586.3 KB/s | 남은시간: 10초
[2026-02-19 12:03:38] [INFO] [23%] 다운로드 중: 42.4%...
[2026-02-19 12:03:39] [DEBUG] extract_transcript.py: [YT-DLP DEBUG] [download]  45.1% of  148.76MiB at    8.21MiB/s ETA 00:09
[2026-02-19 12:03:39] [DEBUG] extract_transcript.py: [YT-DLP DOWNLOAD] 진행률: 45.1% | 다운로드: 70,336,942/155,990,718 bytes | 속도: 8403.2 KB/s | 남은시간: 9초
[2026-02-19 12:03:39] [INFO] [24%] 다운로드 중: 45.1%...
[2026-02-19 12:03:39] [DEBUG] extract_transcript.py: [YT-DLP DEBUG] [download]  46.1% of  148.76MiB at    8.54MiB/s ETA 00:09
[2026-02-19 12:03:39] [DEBUG] extract_transcript.py: [YT-DLP DOWNLOAD] 진행률: 46.1% | 다운로드: 71,959,986/155,990,718 bytes | 속도: 8741.4 KB/s | 남은시간: 9초
[2026-02-19 12:03:39] [INFO] [24%] 다운로드 중: 46.1%...
[2026-02-19 12:03:39] [DEBUG] extract_transcript.py: [YT-DLP DEBUG] [download]  46.1% of  148.76MiB at  Unknown B/s ETA Unknown
[2026-02-19 12:03:39] [DEBUG] extract_transcript.py: [YT-DLP DOWNLOAD] 진행률: 46.1% | 다운로드: 71,961,010/155,990,718 bytes
[2026-02-19 12:03:39] [INFO] [24%] 다운로드 중: 46.1%...
[2026-02-19 12:03:39] [DEBUG] extract_transcript.py: [YT-DLP DEBUG] [download]  46.1% of  148.76MiB at    1.93MiB/s ETA 00:41
[2026-02-19 12:03:39] [DEBUG] extract_transcript.py: [YT-DLP DOWNLOAD] 진행률: 46.1% | 다운로드: 71,963,058/155,990,718 bytes | 속도: 1979.4 KB/s | 남은시간: 41초
[2026-02-19 12:03:39] [INFO] [24%] 다운로드 중: 46.1%...
[2026-02-19 12:03:39] [DEBUG] extract_transcript.py: [YT-DLP DEBUG] [download]  46.1% of  148.76MiB at    2.45MiB/s ETA 00:32
[2026-02-19 12:03:39] [DEBUG] extract_transcript.py: [YT-DLP DOWNLOAD] 진행률: 46.1% | 다운로드: 71,967,154/155,990,718 bytes | 속도: 2506.8 KB/s | 남은시간: 32초
[2026-02-19 12:03:39] [INFO] [24%] 다운로드 중: 46.1%...
[2026-02-19 12:03:39] [DEBUG] extract_transcript.py: [YT-DLP DEBUG] [download]  46.1% of  148.76MiB at    3.09MiB/s ETA 00:26
[2026-02-19 12:03:39] [DEBUG] extract_transcript.py: [YT-DLP DOWNLOAD] 진행률: 46.1% | 다운로드: 71,975,346/155,990,718 bytes | 속도: 3167.9 KB/s | 남은시간: 26초
[2026-02-19 12:03:39] [INFO] [24%] 다운로드 중: 46.1%...
[2026-02-19 12:03:39] [DEBUG] extract_transcript.py: [YT-DLP DEBUG] [download]  46.2% of  148.76MiB at    3.83MiB/s ETA 00:20
[2026-02-19 12:03:39] [DEBUG] extract_transcript.py: [YT-DLP DOWNLOAD] 진행률: 46.2% | 다운로드: 71,991,730/155,990,718 bytes | 속도: 3924.1 KB/s | 남은시간: 20초
[2026-02-19 12:03:39] [INFO] [24%] 다운로드 중: 46.2%...
[2026-02-19 12:03:39] [DEBUG] extract_transcript.py: [YT-DLP DEBUG] [download]  46.2% of  148.76MiB at    3.84MiB/s ETA 00:20
[2026-02-19 12:03:39] [DEBUG] extract_transcript.py: [YT-DLP DOWNLOAD] 진행률: 46.2% | 다운로드: 72,024,498/155,990,718 bytes | 속도: 3929.2 KB/s | 남은시간: 20초
[2026-02-19 12:03:39] [INFO] [24%] 다운로드 중: 46.2%...
[2026-02-19 12:03:39] [DEBUG] extract_transcript.py: [YT-DLP DEBUG] [download]  46.2% of  148.76MiB at    5.29MiB/s ETA 00:15
[2026-02-19 12:03:39] [DEBUG] extract_transcript.py: [YT-DLP DOWNLOAD] 진행률: 46.2% | 다운로드: 72,090,034/155,990,718 bytes | 속도: 5419.8 KB/s | 남은시간: 15초
[2026-02-19 12:03:39] [INFO] [24%] 다운로드 중: 46.2%...
[2026-02-19 12:03:39] [DEBUG] extract_transcript.py: [YT-DLP DEBUG] [download]  46.3% of  148.76MiB at    2.79MiB/s ETA 00:28
[2026-02-19 12:03:39] [DEBUG] extract_transcript.py: [YT-DLP DOWNLOAD] 진행률: 46.3% | 다운로드: 72,221,106/155,990,718 bytes | 속도: 2852.5 KB/s | 남은시간: 28초
[2026-02-19 12:03:39] [INFO] [24%] 다운로드 중: 46.3%...
[2026-02-19 12:03:39] [DEBUG] extract_transcript.py: [YT-DLP DEBUG] [download]  46.5% of  148.76MiB at    2.62MiB/s ETA 00:30
[2026-02-19 12:03:39] [DEBUG] extract_transcript.py: [YT-DLP DOWNLOAD] 진행률: 46.5% | 다운로드: 72,483,250/155,990,718 bytes | 속도: 2684.2 KB/s | 남은시간: 30초
[2026-02-19 12:03:39] [INFO] [24%] 다운로드 중: 46.5%...
[2026-02-19 12:03:40] [DEBUG] extract_transcript.py: [YT-DLP DEBUG] [download]  46.8% of  148.76MiB at    2.95MiB/s ETA 00:26
[2026-02-19 12:03:40] [DEBUG] extract_transcript.py: [YT-DLP DOWNLOAD] 진행률: 46.8% | 다운로드: 73,007,538/155,990,718 bytes | 속도: 3025.2 KB/s | 남은시간: 26초
[2026-02-19 12:03:40] [INFO] [24%] 다운로드 중: 46.8%...
[2026-02-19 12:03:40] [DEBUG] extract_transcript.py: [YT-DLP DEBUG] [download]  47.5% of  148.76MiB at    3.59MiB/s ETA 00:21
[2026-02-19 12:03:40] [DEBUG] extract_transcript.py: [YT-DLP DOWNLOAD] 진행률: 47.5% | 다운로드: 74,056,114/155,990,718 bytes | 속도: 3681.2 KB/s | 남은시간: 21초
[2026-02-19 12:03:40] [INFO] [24%] 다운로드 중: 47.5%...
[2026-02-19 12:03:40] [DEBUG] extract_transcript.py: [YT-DLP DEBUG] [download]  48.8% of  148.76MiB at    4.46MiB/s ETA 00:17
[2026-02-19 12:03:40] [DEBUG] extract_transcript.py: [YT-DLP DOWNLOAD] 진행률: 48.8% | 다운로드: 76,153,266/155,990,718 bytes | 속도: 4569.3 KB/s | 남은시간: 17초
[2026-02-19 12:03:40] [INFO] [24%] 다운로드 중: 48.8%...
[2026-02-19 12:03:41] [DEBUG] extract_transcript.py: [YT-DLP DEBUG] [download]  51.5% of  148.76MiB at    4.77MiB/s ETA 00:15
[2026-02-19 12:03:41] [DEBUG] extract_transcript.py: [YT-DLP DOWNLOAD] 진행률: 51.5% | 다운로드: 80,347,570/155,990,718 bytes | 속도: 4888.0 KB/s | 남은시간: 15초
[2026-02-19 12:03:41] [INFO] [25%] 다운로드 중: 51.5%...
[2026-02-19 12:03:41] [DEBUG] extract_transcript.py: [YT-DLP DEBUG] [download]  52.8% of  148.76MiB at    4.97MiB/s ETA 00:14
[2026-02-19 12:03:41] [DEBUG] extract_transcript.py: [YT-DLP DOWNLOAD] 진행률: 52.8% | 다운로드: 82,341,934/155,990,718 bytes | 속도: 5089.0 KB/s | 남은시간: 14초
[2026-02-19 12:03:41] [INFO] [25%] 다운로드 중: 52.8%...
[2026-02-19 12:03:41] [DEBUG] extract_transcript.py: [YT-DLP DEBUG] [download]  52.8% of  148.76MiB at  Unknown B/s ETA Unknown
[2026-02-19 12:03:41] [DEBUG] extract_transcript.py: [YT-DLP DOWNLOAD] 진행률: 52.8% | 다운로드: 82,342,958/155,990,718 bytes
[2026-02-19 12:03:41] [INFO] [25%] 다운로드 중: 52.8%...
[2026-02-19 12:03:41] [DEBUG] extract_transcript.py: [YT-DLP DEBUG] [download]  52.8% of  148.76MiB at    2.58MiB/s ETA 00:27
[2026-02-19 12:03:41] [DEBUG] extract_transcript.py: [YT-DLP DOWNLOAD] 진행률: 52.8% | 다운로드: 82,345,006/155,990,718 bytes | 속도: 2637.4 KB/s | 남은시간: 27초
[2026-02-19 12:03:41] [INFO] [25%] 다운로드 중: 52.8%...
[2026-02-19 12:03:41] [DEBUG] extract_transcript.py: [YT-DLP DEBUG] [download]  52.8% of  148.76MiB at    3.14MiB/s ETA 00:22
[2026-02-19 12:03:41] [DEBUG] extract_transcript.py: [YT-DLP DOWNLOAD] 진행률: 52.8% | 다운로드: 82,349,102/155,990,718 bytes | 속도: 3215.4 KB/s | 남은시간: 22초
[2026-02-19 12:03:41] [INFO] [25%] 다운로드 중: 52.8%...
[2026-02-19 12:03:41] [DEBUG] extract_transcript.py: [YT-DLP DEBUG] [download]  52.8% of  148.76MiB at    4.91MiB/s ETA 00:14
[2026-02-19 12:03:41] [DEBUG] extract_transcript.py: [YT-DLP DOWNLOAD] 진행률: 52.8% | 다운로드: 82,357,294/155,990,718 bytes | 속도: 5029.1 KB/s | 남은시간: 14초
[2026-02-19 12:03:41] [INFO] [25%] 다운로드 중: 52.8%...
[2026-02-19 12:03:41] [DEBUG] extract_transcript.py: [YT-DLP DEBUG] [download]  52.8% of  148.76MiB at    4.85MiB/s ETA 00:14
[2026-02-19 12:03:41] [DEBUG] extract_transcript.py: [YT-DLP DOWNLOAD] 진행률: 52.8% | 다운로드: 82,373,678/155,990,718 bytes | 속도: 4970.5 KB/s | 남은시간: 14초
[2026-02-19 12:03:41] [INFO] [25%] 다운로드 중: 52.8%...
[2026-02-19 12:03:41] [DEBUG] extract_transcript.py: [YT-DLP DEBUG] [download]  52.8% of  148.76MiB at    5.19MiB/s ETA 00:13
[2026-02-19 12:03:41] [DEBUG] extract_transcript.py: [YT-DLP DOWNLOAD] 진행률: 52.8% | 다운로드: 82,406,446/155,990,718 bytes | 속도: 5314.7 KB/s | 남은시간: 13초
[2026-02-19 12:03:41] [INFO] [25%] 다운로드 중: 52.8%...
[2026-02-19 12:03:41] [DEBUG] extract_transcript.py: [YT-DLP DEBUG] [download]  52.9% of  148.76MiB at    3.87MiB/s ETA 00:18
[2026-02-19 12:03:41] [DEBUG] extract_transcript.py: [YT-DLP DOWNLOAD] 진행률: 52.9% | 다운로드: 82,471,982/155,990,718 bytes | 속도: 3960.1 KB/s | 남은시간: 18초
[2026-02-19 12:03:41] [INFO] [25%] 다운로드 중: 52.9%...
[2026-02-19 12:03:41] [DEBUG] extract_transcript.py: [YT-DLP DEBUG] [download]  53.0% of  148.76MiB at    2.36MiB/s ETA 00:29
[2026-02-19 12:03:41] [DEBUG] extract_transcript.py: [YT-DLP DOWNLOAD] 진행률: 53.0% | 다운로드: 82,603,054/155,990,718 bytes | 속도: 2421.7 KB/s | 남은시간: 29초
[2026-02-19 12:03:41] [INFO] [25%] 다운로드 중: 53.0%...
[2026-02-19 12:03:41] [DEBUG] extract_transcript.py: [YT-DLP DEBUG] [download]  53.1% of  148.76MiB at    2.92MiB/s ETA 00:23
[2026-02-19 12:03:41] [DEBUG] extract_transcript.py: [YT-DLP DOWNLOAD] 진행률: 53.1% | 다운로드: 82,865,198/155,990,718 bytes | 속도: 2993.5 KB/s | 남은시간: 23초
[2026-02-19 12:03:41] [INFO] [25%] 다운로드 중: 53.1%...
[2026-02-19 12:03:42] [DEBUG] extract_transcript.py: [YT-DLP DEBUG] [download]  53.5% of  148.76MiB at    2.87MiB/s ETA 00:24
[2026-02-19 12:03:42] [DEBUG] extract_transcript.py: [YT-DLP DOWNLOAD] 진행률: 53.5% | 다운로드: 83,389,486/155,990,718 bytes | 속도: 2940.6 KB/s | 남은시간: 24초
[2026-02-19 12:03:42] [INFO] [25%] 다운로드 중: 53.5%...
[2026-02-19 12:03:42] [DEBUG] extract_transcript.py: [YT-DLP DEBUG] [download]  54.1% of  148.76MiB at    2.77MiB/s ETA 00:24
[2026-02-19 12:03:42] [DEBUG] extract_transcript.py: [YT-DLP DOWNLOAD] 진행률: 54.1% | 다운로드: 84,438,062/155,990,718 bytes | 속도: 2840.9 KB/s | 남은시간: 24초
[2026-02-19 12:03:42] [INFO] [25%] 다운로드 중: 54.1%...
[2026-02-19 12:03:42] [DEBUG] extract_transcript.py: [YT-DLP DEBUG] [download]  55.5% of  148.76MiB at    3.34MiB/s ETA 00:19
[2026-02-19 12:03:42] [DEBUG] extract_transcript.py: [YT-DLP DOWNLOAD] 진행률: 55.5% | 다운로드: 86,535,214/155,990,718 bytes | 속도: 3418.2 KB/s | 남은시간: 19초
[2026-02-19 12:03:42] [INFO] [26%] 다운로드 중: 55.5%...
[2026-02-19 12:03:43] [DEBUG] extract_transcript.py: [YT-DLP DEBUG] [download]  58.2% of  148.76MiB at    4.76MiB/s ETA 00:13
[2026-02-19 12:03:43] [DEBUG] extract_transcript.py: [YT-DLP DOWNLOAD] 진행률: 58.2% | 다운로드: 90,729,518/155,990,718 bytes | 속도: 4876.8 KB/s | 남은시간: 13초
[2026-02-19 12:03:43] [INFO] [26%] 다운로드 중: 58.2%...
[2026-02-19 12:03:43] [DEBUG] extract_transcript.py: [YT-DLP DEBUG] [download]  59.3% of  148.76MiB at    5.23MiB/s ETA 00:11
[2026-02-19 12:03:43] [DEBUG] extract_transcript.py: [YT-DLP DOWNLOAD] 진행률: 59.3% | 다운로드: 92,559,665/155,990,718 bytes | 속도: 5360.5 KB/s | 남은시간: 11초
[2026-02-19 12:03:43] [INFO] [26%] 다운로드 중: 59.3%...
[2026-02-19 12:03:43] [DEBUG] extract_transcript.py: [YT-DLP DEBUG] [download]  59.3% of  148.76MiB at  888.62KiB/s ETA 01:10
[2026-02-19 12:03:43] [DEBUG] extract_transcript.py: [YT-DLP DOWNLOAD] 진행률: 59.3% | 다운로드: 92,560,689/155,990,718 bytes | 속도: 888.6 KB/s | 남은시간: 70초
[2026-02-19 12:03:43] [INFO] [26%] 다운로드 중: 59.3%...
[2026-02-19 12:03:43] [DEBUG] extract_transcript.py: [YT-DLP DEBUG] [download]  59.3% of  148.76MiB at    1.92MiB/s ETA 00:31
[2026-02-19 12:03:43] [DEBUG] extract_transcript.py: [YT-DLP DOWNLOAD] 진행률: 59.3% | 다운로드: 92,562,737/155,990,718 bytes | 속도: 1970.1 KB/s | 남은시간: 31초
[2026-02-19 12:03:43] [INFO] [26%] 다운로드 중: 59.3%...
[2026-02-19 12:03:43] [DEBUG] extract_transcript.py: [YT-DLP DEBUG] [download]  59.3% of  148.76MiB at    2.88MiB/s ETA 00:21
[2026-02-19 12:03:43] [DEBUG] extract_transcript.py: [YT-DLP DOWNLOAD] 진행률: 59.3% | 다운로드: 92,566,833/155,990,718 bytes | 속도: 2951.1 KB/s | 남은시간: 21초
[2026-02-19 12:03:43] [INFO] [26%] 다운로드 중: 59.3%...
[2026-02-19 12:03:43] [DEBUG] extract_transcript.py: [YT-DLP DEBUG] [download]  59.3% of  148.76MiB at    4.22MiB/s ETA 00:14
[2026-02-19 12:03:43] [DEBUG] extract_transcript.py: [YT-DLP DOWNLOAD] 진행률: 59.3% | 다운로드: 92,575,025/155,990,718 bytes | 속도: 4320.8 KB/s | 남은시간: 14초
[2026-02-19 12:03:43] [INFO] [26%] 다운로드 중: 59.3%...
[2026-02-19 12:03:43] [DEBUG] extract_transcript.py: [YT-DLP DEBUG] [download]  59.4% of  148.76MiB at    3.32MiB/s ETA 00:18
[2026-02-19 12:03:43] [DEBUG] extract_transcript.py: [YT-DLP DOWNLOAD] 진행률: 59.4% | 다운로드: 92,591,409/155,990,718 bytes | 속도: 3398.9 KB/s | 남은시간: 18초
[2026-02-19 12:03:43] [INFO] [26%] 다운로드 중: 59.4%...
[2026-02-19 12:03:43] [DEBUG] extract_transcript.py: [YT-DLP DEBUG] [download]  59.4% of  148.76MiB at    2.44MiB/s ETA 00:24
[2026-02-19 12:03:43] [DEBUG] extract_transcript.py: [YT-DLP DOWNLOAD] 진행률: 59.4% | 다운로드: 92,624,177/155,990,718 bytes | 속도: 2501.2 KB/s | 남은시간: 24초
[2026-02-19 12:03:43] [INFO] [26%] 다운로드 중: 59.4%...
[2026-02-19 12:03:43] [DEBUG] extract_transcript.py: [YT-DLP DEBUG] [download]  59.4% of  148.76MiB at    1.93MiB/s ETA 00:31
[2026-02-19 12:03:43] [DEBUG] extract_transcript.py: [YT-DLP DOWNLOAD] 진행률: 59.4% | 다운로드: 92,689,713/155,990,718 bytes | 속도: 1973.7 KB/s | 남은시간: 31초
[2026-02-19 12:03:43] [INFO] [26%] 다운로드 중: 59.4%...
[2026-02-19 12:03:43] [DEBUG] extract_transcript.py: [YT-DLP DEBUG] [download]  59.5% of  148.76MiB at    2.35MiB/s ETA 00:25
[2026-02-19 12:03:43] [DEBUG] extract_transcript.py: [YT-DLP DOWNLOAD] 진행률: 59.5% | 다운로드: 92,820,785/155,990,718 bytes | 속도: 2404.2 KB/s | 남은시간: 25초
[2026-02-19 12:03:43] [INFO] [26%] 다운로드 중: 59.5%...
[2026-02-19 12:03:43] [DEBUG] extract_transcript.py: [YT-DLP DEBUG] [download]  59.7% of  148.76MiB at    2.52MiB/s ETA 00:23
[2026-02-19 12:03:43] [DEBUG] extract_transcript.py: [YT-DLP DOWNLOAD] 진행률: 59.7% | 다운로드: 93,082,929/155,990,718 bytes | 속도: 2585.4 KB/s | 남은시간: 23초
[2026-02-19 12:03:43] [INFO] [26%] 다운로드 중: 59.7%...
[2026-02-19 12:03:43] [DEBUG] extract_transcript.py: [YT-DLP DEBUG] [download]  60.0% of  148.76MiB at    3.32MiB/s ETA 00:17
[2026-02-19 12:03:43] [DEBUG] extract_transcript.py: [YT-DLP DOWNLOAD] 진행률: 60.0% | 다운로드: 93,607,217/155,990,718 bytes | 속도: 3396.1 KB/s | 남은시간: 17초
[2026-02-19 12:03:43] [INFO] [27%] 다운로드 중: 60.0%...
[2026-02-19 12:03:44] [DEBUG] extract_transcript.py: [YT-DLP DEBUG] [download]  60.7% of  148.76MiB at    4.62MiB/s ETA 00:12
[2026-02-19 12:03:44] [DEBUG] extract_transcript.py: [YT-DLP DOWNLOAD] 진행률: 60.7% | 다운로드: 94,655,793/155,990,718 bytes | 속도: 4728.3 KB/s | 남은시간: 12초
[2026-02-19 12:03:44] [INFO] [27%] 다운로드 중: 60.7%...
[2026-02-19 12:03:44] [DEBUG] extract_transcript.py: [YT-DLP DEBUG] [download]  62.0% of  148.76MiB at    6.18MiB/s ETA 00:09
[2026-02-19 12:03:44] [DEBUG] extract_transcript.py: [YT-DLP DOWNLOAD] 진행률: 62.0% | 다운로드: 96,752,945/155,990,718 bytes | 속도: 6330.1 KB/s | 남은시간: 9초
[2026-02-19 12:03:44] [INFO] [27%] 다운로드 중: 62.0%...
[2026-02-19 12:03:44] [DEBUG] extract_transcript.py: [YT-DLP DEBUG] [download]  64.7% of  148.76MiB at    8.25MiB/s ETA 00:06
[2026-02-19 12:03:44] [DEBUG] extract_transcript.py: [YT-DLP DOWNLOAD] 진행률: 64.7% | 다운로드: 100,947,249/155,990,718 bytes | 속도: 8450.8 KB/s | 남은시간: 6초
[2026-02-19 12:03:44] [INFO] [27%] 다운로드 중: 64.7%...
[2026-02-19 12:03:44] [DEBUG] extract_transcript.py: [YT-DLP DEBUG] [download]  65.8% of  148.76MiB at    9.04MiB/s ETA 00:05
[2026-02-19 12:03:44] [DEBUG] extract_transcript.py: [YT-DLP DOWNLOAD] 진행률: 65.8% | 다운로드: 102,574,944/155,990,718 bytes | 속도: 9254.1 KB/s | 남은시간: 5초
[2026-02-19 12:03:44] [INFO] [28%] 다운로드 중: 65.8%...
[2026-02-19 12:03:44] [DEBUG] extract_transcript.py: [YT-DLP DEBUG] [download]  65.8% of  148.76MiB at  Unknown B/s ETA Unknown
[2026-02-19 12:03:44] [DEBUG] extract_transcript.py: [YT-DLP DOWNLOAD] 진행률: 65.8% | 다운로드: 102,575,968/155,990,718 bytes
[2026-02-19 12:03:44] [INFO] [28%] 다운로드 중: 65.8%...
[2026-02-19 12:03:44] [DEBUG] extract_transcript.py: [YT-DLP DEBUG] [download]  65.8% of  148.76MiB at    2.43MiB/s ETA 00:21
[2026-02-19 12:03:44] [DEBUG] extract_transcript.py: [YT-DLP DOWNLOAD] 진행률: 65.8% | 다운로드: 102,578,016/155,990,718 bytes | 속도: 2483.8 KB/s | 남은시간: 21초
[2026-02-19 12:03:44] [INFO] [28%] 다운로드 중: 65.8%...
[2026-02-19 12:03:44] [DEBUG] extract_transcript.py: [YT-DLP DEBUG] [download]  65.8% of  148.76MiB at    3.02MiB/s ETA 00:17
[2026-02-19 12:03:44] [DEBUG] extract_transcript.py: [YT-DLP DOWNLOAD] 진행률: 65.8% | 다운로드: 102,582,112/155,990,718 bytes | 속도: 3090.2 KB/s | 남은시간: 17초
[2026-02-19 12:03:44] [INFO] [28%] 다운로드 중: 65.8%...
[2026-02-19 12:03:44] [DEBUG] extract_transcript.py: [YT-DLP DEBUG] [download]  65.8% of  148.76MiB at    3.73MiB/s ETA 00:13
[2026-02-19 12:03:44] [DEBUG] extract_transcript.py: [YT-DLP DOWNLOAD] 진행률: 65.8% | 다운로드: 102,590,304/155,990,718 bytes | 속도: 3816.9 KB/s | 남은시간: 13초
[2026-02-19 12:03:44] [INFO] [28%] 다운로드 중: 65.8%...
[2026-02-19 12:03:44] [DEBUG] extract_transcript.py: [YT-DLP DEBUG] [download]  65.8% of  148.76MiB at    6.58MiB/s ETA 00:07
[2026-02-19 12:03:44] [DEBUG] extract_transcript.py: [YT-DLP DOWNLOAD] 진행률: 65.8% | 다운로드: 102,606,688/155,990,718 bytes | 속도: 6736.6 KB/s | 남은시간: 7초
[2026-02-19 12:03:44] [INFO] [28%] 다운로드 중: 65.8%...
[2026-02-19 12:03:44] [DEBUG] extract_transcript.py: [YT-DLP DEBUG] [download]  65.8% of  148.76MiB at    9.56MiB/s ETA 00:05
[2026-02-19 12:03:44] [DEBUG] extract_transcript.py: [YT-DLP DOWNLOAD] 진행률: 65.8% | 다운로드: 102,639,456/155,990,718 bytes | 속도: 9794.3 KB/s | 남은시간: 5초
[2026-02-19 12:03:44] [INFO] [28%] 다운로드 중: 65.8%...
[2026-02-19 12:03:44] [DEBUG] extract_transcript.py: [YT-DLP DEBUG] [download]  65.8% of  148.76MiB at    7.45MiB/s ETA 00:06
[2026-02-19 12:03:44] [DEBUG] extract_transcript.py: [YT-DLP DOWNLOAD] 진행률: 65.8% | 다운로드: 102,704,992/155,990,718 bytes | 속도: 7630.8 KB/s | 남은시간: 6초
[2026-02-19 12:03:44] [INFO] [28%] 다운로드 중: 65.8%...
[2026-02-19 12:03:44] [DEBUG] extract_transcript.py: [YT-DLP DEBUG] [download]  65.9% of  148.76MiB at    8.51MiB/s ETA 00:05
[2026-02-19 12:03:44] [DEBUG] extract_transcript.py: [YT-DLP DOWNLOAD] 진행률: 65.9% | 다운로드: 102,836,064/155,990,718 bytes | 속도: 8709.4 KB/s | 남은시간: 5초
[2026-02-19 12:03:44] [INFO] [28%] 다운로드 중: 65.9%...
[2026-02-19 12:03:44] [DEBUG] extract_transcript.py: [YT-DLP DEBUG] [download]  66.1% of  148.76MiB at    9.32MiB/s ETA 00:05
[2026-02-19 12:03:44] [DEBUG] extract_transcript.py: [YT-DLP DOWNLOAD] 진행률: 66.1% | 다운로드: 103,098,208/155,990,718 bytes | 속도: 9544.9 KB/s | 남은시간: 5초
[2026-02-19 12:03:44] [INFO] [28%] 다운로드 중: 66.1%...
[2026-02-19 12:03:44] [DEBUG] extract_transcript.py: [YT-DLP DEBUG] [download]  66.4% of  148.76MiB at   10.42MiB/s ETA 00:04
[2026-02-19 12:03:44] [DEBUG] extract_transcript.py: [YT-DLP DOWNLOAD] 진행률: 66.4% | 다운로드: 103,622,496/155,990,718 bytes | 속도: 10667.4 KB/s | 남은시간: 4초
[2026-02-19 12:03:44] [INFO] [28%] 다운로드 중: 66.4%...
[2026-02-19 12:03:44] [DEBUG] extract_transcript.py: [YT-DLP DEBUG] [download]  67.1% of  148.76MiB at   10.66MiB/s ETA 00:04
[2026-02-19 12:03:44] [DEBUG] extract_transcript.py: [YT-DLP DOWNLOAD] 진행률: 67.1% | 다운로드: 104,671,072/155,990,718 bytes | 속도: 10912.5 KB/s | 남은시간: 4초
[2026-02-19 12:03:44] [INFO] [28%] 다운로드 중: 67.1%...
[2026-02-19 12:03:45] [DEBUG] extract_transcript.py: [YT-DLP DEBUG] [download]  68.4% of  148.76MiB at   11.67MiB/s ETA 00:04
[2026-02-19 12:03:45] [DEBUG] extract_transcript.py: [YT-DLP DOWNLOAD] 진행률: 68.4% | 다운로드: 106,768,224/155,990,718 bytes | 속도: 11947.6 KB/s | 남은시간: 4초
[2026-02-19 12:03:45] [INFO] [28%] 다운로드 중: 68.4%...
[2026-02-19 12:03:45] [DEBUG] extract_transcript.py: [YT-DLP DEBUG] [download]  71.1% of  148.76MiB at   12.94MiB/s ETA 00:03
[2026-02-19 12:03:45] [DEBUG] extract_transcript.py: [YT-DLP DOWNLOAD] 진행률: 71.1% | 다운로드: 110,962,528/155,990,718 bytes | 속도: 13249.2 KB/s | 남은시간: 3초
[2026-02-19 12:03:45] [INFO] [29%] 다운로드 중: 71.1%...
[2026-02-19 12:03:45] [DEBUG] extract_transcript.py: [YT-DLP DEBUG] [download]  72.4% of  148.76MiB at   13.56MiB/s ETA 00:03
[2026-02-19 12:03:45] [DEBUG] extract_transcript.py: [YT-DLP DOWNLOAD] 진행률: 72.4% | 다운로드: 112,899,995/155,990,718 bytes | 속도: 13884.4 KB/s | 남은시간: 3초
[2026-02-19 12:03:45] [INFO] [29%] 다운로드 중: 72.4%...
[2026-02-19 12:03:45] [DEBUG] extract_transcript.py: [YT-DLP DEBUG] [download]  72.4% of  148.76MiB at  Unknown B/s ETA Unknown
[2026-02-19 12:03:45] [DEBUG] extract_transcript.py: [YT-DLP DOWNLOAD] 진행률: 72.4% | 다운로드: 112,901,019/155,990,718 bytes
[2026-02-19 12:03:45] [INFO] [29%] 다운로드 중: 72.4%...
[2026-02-19 12:03:45] [DEBUG] extract_transcript.py: [YT-DLP DEBUG] [download]  72.4% of  148.76MiB at  Unknown B/s ETA Unknown
[2026-02-19 12:03:45] [DEBUG] extract_transcript.py: [YT-DLP DOWNLOAD] 진행률: 72.4% | 다운로드: 112,903,067/155,990,718 bytes
[2026-02-19 12:03:45] [INFO] [29%] 다운로드 중: 72.4%...
[2026-02-19 12:03:45] [DEBUG] extract_transcript.py: [YT-DLP DEBUG] [download]  72.4% of  148.76MiB at    3.66MiB/s ETA 00:11
[2026-02-19 12:03:45] [DEBUG] extract_transcript.py: [YT-DLP DOWNLOAD] 진행률: 72.4% | 다운로드: 112,907,163/155,990,718 bytes | 속도: 3744.4 KB/s | 남은시간: 11초
[2026-02-19 12:03:45] [INFO] [29%] 다운로드 중: 72.4%...
[2026-02-19 12:03:45] [DEBUG] extract_transcript.py: [YT-DLP DEBUG] [download]  72.4% of  148.76MiB at    4.99MiB/s ETA 00:08
[2026-02-19 12:03:45] [DEBUG] extract_transcript.py: [YT-DLP DOWNLOAD] 진행률: 72.4% | 다운로드: 112,915,355/155,990,718 bytes | 속도: 5114.2 KB/s | 남은시간: 8초
[2026-02-19 12:03:45] [INFO] [29%] 다운로드 중: 72.4%...
[2026-02-19 12:03:45] [DEBUG] extract_transcript.py: [YT-DLP DEBUG] [download]  72.4% of  148.76MiB at    4.41MiB/s ETA 00:09
[2026-02-19 12:03:45] [DEBUG] extract_transcript.py: [YT-DLP DOWNLOAD] 진행률: 72.4% | 다운로드: 112,931,739/155,990,718 bytes | 속도: 4516.9 KB/s | 남은시간: 9초
[2026-02-19 12:03:45] [INFO] [29%] 다운로드 중: 72.4%...
[2026-02-19 12:03:45] [DEBUG] extract_transcript.py: [YT-DLP DEBUG] [download]  72.4% of  148.76MiB at    4.64MiB/s ETA 00:08
[2026-02-19 12:03:45] [DEBUG] extract_transcript.py: [YT-DLP DOWNLOAD] 진행률: 72.4% | 다운로드: 112,964,507/155,990,718 bytes | 속도: 4755.4 KB/s | 남은시간: 8초
[2026-02-19 12:03:45] [INFO] [29%] 다운로드 중: 72.4%...
[2026-02-19 12:03:45] [DEBUG] extract_transcript.py: [YT-DLP DEBUG] [download]  72.5% of  148.76MiB at    6.44MiB/s ETA 00:06
[2026-02-19 12:03:45] [DEBUG] extract_transcript.py: [YT-DLP DOWNLOAD] 진행률: 72.5% | 다운로드: 113,030,043/155,990,718 bytes | 속도: 6590.9 KB/s | 남은시간: 6초
[2026-02-19 12:03:45] [INFO] [29%] 다운로드 중: 72.5%...
[2026-02-19 12:03:45] [DEBUG] extract_transcript.py: [YT-DLP DEBUG] [download]  72.5% of  148.76MiB at    8.41MiB/s ETA 00:04
[2026-02-19 12:03:45] [DEBUG] extract_transcript.py: [YT-DLP DOWNLOAD] 진행률: 72.5% | 다운로드: 113,161,115/155,990,718 bytes | 속도: 8615.1 KB/s | 남은시간: 4초
[2026-02-19 12:03:45] [INFO] [29%] 다운로드 중: 72.5%...
[2026-02-19 12:03:45] [DEBUG] extract_transcript.py: [YT-DLP DEBUG] [download]  72.7% of  148.76MiB at   10.53MiB/s ETA 00:03
[2026-02-19 12:03:45] [DEBUG] extract_transcript.py: [YT-DLP DOWNLOAD] 진행률: 72.7% | 다운로드: 113,423,259/155,990,718 bytes | 속도: 10779.6 KB/s | 남은시간: 3초
[2026-02-19 12:03:45] [INFO] [29%] 다운로드 중: 72.7%...
[2026-02-19 12:03:45] [DEBUG] extract_transcript.py: [YT-DLP DEBUG] [download]  73.0% of  148.76MiB at   12.24MiB/s ETA 00:03
[2026-02-19 12:03:45] [DEBUG] extract_transcript.py: [YT-DLP DOWNLOAD] 진행률: 73.0% | 다운로드: 113,947,547/155,990,718 bytes | 속도: 12528.8 KB/s | 남은시간: 3초
[2026-02-19 12:03:45] [INFO] [29%] 다운로드 중: 73.0%...
[2026-02-19 12:03:45] [DEBUG] extract_transcript.py: [YT-DLP DEBUG] [download]  73.7% of  148.76MiB at   13.69MiB/s ETA 00:02
[2026-02-19 12:03:45] [DEBUG] extract_transcript.py: [YT-DLP DOWNLOAD] 진행률: 73.7% | 다운로드: 114,996,123/155,990,718 bytes | 속도: 14023.6 KB/s | 남은시간: 2초
[2026-02-19 12:03:45] [INFO] [29%] 다운로드 중: 73.7%...
[2026-02-19 12:03:45] [DEBUG] extract_transcript.py: [YT-DLP DEBUG] [download]  75.1% of  148.76MiB at   13.37MiB/s ETA 00:02
[2026-02-19 12:03:45] [DEBUG] extract_transcript.py: [YT-DLP DOWNLOAD] 진행률: 75.1% | 다운로드: 117,093,275/155,990,718 bytes | 속도: 13693.8 KB/s | 남은시간: 2초
[2026-02-19 12:03:45] [INFO] [30%] 다운로드 중: 75.1%...
[2026-02-19 12:03:46] [DEBUG] extract_transcript.py: [YT-DLP DEBUG] [download]  77.8% of  148.76MiB at   13.39MiB/s ETA 00:02
[2026-02-19 12:03:46] [DEBUG] extract_transcript.py: [YT-DLP DOWNLOAD] 진행률: 77.8% | 다운로드: 121,287,579/155,990,718 bytes | 속도: 13711.5 KB/s | 남은시간: 2초
[2026-02-19 12:03:46] [INFO] [30%] 다운로드 중: 77.8%...
[2026-02-19 12:03:46] [DEBUG] extract_transcript.py: [YT-DLP DEBUG] [download]  78.9% of  148.76MiB at   13.92MiB/s ETA 00:02
[2026-02-19 12:03:46] [DEBUG] extract_transcript.py: [YT-DLP DOWNLOAD] 진행률: 78.9% | 다운로드: 123,148,242/155,990,718 bytes | 속도: 14251.4 KB/s | 남은시간: 2초
[2026-02-19 12:03:46] [INFO] [30%] 다운로드 중: 78.9%...
[2026-02-19 12:03:46] [DEBUG] extract_transcript.py: [YT-DLP DEBUG] [download]  78.9% of  148.76MiB at  Unknown B/s ETA Unknown
[2026-02-19 12:03:46] [DEBUG] extract_transcript.py: [YT-DLP DOWNLOAD] 진행률: 78.9% | 다운로드: 123,149,266/155,990,718 bytes
[2026-02-19 12:03:46] [INFO] [30%] 다운로드 중: 78.9%...
[2026-02-19 12:03:46] [DEBUG] extract_transcript.py: [YT-DLP DEBUG] [download]  78.9% of  148.76MiB at    2.29MiB/s ETA 00:13
[2026-02-19 12:03:46] [DEBUG] extract_transcript.py: [YT-DLP DOWNLOAD] 진행률: 78.9% | 다운로드: 123,151,314/155,990,718 bytes | 속도: 2343.6 KB/s | 남은시간: 13초
[2026-02-19 12:03:46] [INFO] [30%] 다운로드 중: 78.9%...
[2026-02-19 12:03:46] [DEBUG] extract_transcript.py: [YT-DLP DEBUG] [download]  79.0% of  148.76MiB at    2.74MiB/s ETA 00:11
[2026-02-19 12:03:46] [DEBUG] extract_transcript.py: [YT-DLP DOWNLOAD] 진행률: 79.0% | 다운로드: 123,155,410/155,990,718 bytes | 속도: 2809.6 KB/s | 남은시간: 11초
[2026-02-19 12:03:46] [INFO] [30%] 다운로드 중: 79.0%...
[2026-02-19 12:03:46] [DEBUG] extract_transcript.py: [YT-DLP DEBUG] [download]  79.0% of  148.76MiB at    4.07MiB/s ETA 00:07
[2026-02-19 12:03:46] [DEBUG] extract_transcript.py: [YT-DLP DOWNLOAD] 진행률: 79.0% | 다운로드: 123,163,602/155,990,718 bytes | 속도: 4170.1 KB/s | 남은시간: 7초
[2026-02-19 12:03:46] [INFO] [30%] 다운로드 중: 79.0%...
[2026-02-19 12:03:46] [DEBUG] extract_transcript.py: [YT-DLP DEBUG] [download]  79.0% of  148.76MiB at    7.04MiB/s ETA 00:04
[2026-02-19 12:03:46] [DEBUG] extract_transcript.py: [YT-DLP DOWNLOAD] 진행률: 79.0% | 다운로드: 123,179,986/155,990,718 bytes | 속도: 7205.1 KB/s | 남은시간: 4초
[2026-02-19 12:03:46] [INFO] [30%] 다운로드 중: 79.0%...
[2026-02-19 12:03:46] [DEBUG] extract_transcript.py: [YT-DLP DEBUG] [download]  79.0% of  148.76MiB at   11.22MiB/s ETA 00:02
[2026-02-19 12:03:46] [DEBUG] extract_transcript.py: [YT-DLP DOWNLOAD] 진행률: 79.0% | 다운로드: 123,212,754/155,990,718 bytes | 속도: 11489.7 KB/s | 남은시간: 2초
[2026-02-19 12:03:46] [INFO] [30%] 다운로드 중: 79.0%...
[2026-02-19 12:03:46] [DEBUG] extract_transcript.py: [YT-DLP DEBUG] [download]  79.0% of  148.76MiB at   11.52MiB/s ETA 00:02
[2026-02-19 12:03:46] [DEBUG] extract_transcript.py: [YT-DLP DOWNLOAD] 진행률: 79.0% | 다운로드: 123,278,290/155,990,718 bytes | 속도: 11796.6 KB/s | 남은시간: 2초
[2026-02-19 12:03:46] [INFO] [30%] 다운로드 중: 79.0%...
[2026-02-19 12:03:46] [DEBUG] extract_transcript.py: [YT-DLP DEBUG] [download]  79.1% of  148.76MiB at    9.47MiB/s ETA 00:03
[2026-02-19 12:03:46] [DEBUG] extract_transcript.py: [YT-DLP DOWNLOAD] 진행률: 79.1% | 다운로드: 123,409,362/155,990,718 bytes | 속도: 9694.9 KB/s | 남은시간: 3초
[2026-02-19 12:03:46] [INFO] [30%] 다운로드 중: 79.1%...
[2026-02-19 12:03:46] [DEBUG] extract_transcript.py: [YT-DLP DEBUG] [download]  79.3% of  148.76MiB at   11.29MiB/s ETA 00:02
[2026-02-19 12:03:46] [DEBUG] extract_transcript.py: [YT-DLP DOWNLOAD] 진행률: 79.3% | 다운로드: 123,671,506/155,990,718 bytes | 속도: 11565.2 KB/s | 남은시간: 2초
[2026-02-19 12:03:46] [INFO] [30%] 다운로드 중: 79.3%...
[2026-02-19 12:03:46] [DEBUG] extract_transcript.py: [YT-DLP DEBUG] [download]  79.6% of  148.76MiB at   12.46MiB/s ETA 00:02
[2026-02-19 12:03:46] [DEBUG] extract_transcript.py: [YT-DLP DOWNLOAD] 진행률: 79.6% | 다운로드: 124,195,794/155,990,718 bytes | 속도: 12758.0 KB/s | 남은시간: 2초
[2026-02-19 12:03:46] [INFO] [30%] 다운로드 중: 79.6%...
[2026-02-19 12:03:46] [DEBUG] extract_transcript.py: [YT-DLP DEBUG] [download]  80.3% of  148.76MiB at   13.93MiB/s ETA 00:02
[2026-02-19 12:03:46] [DEBUG] extract_transcript.py: [YT-DLP DOWNLOAD] 진행률: 80.3% | 다운로드: 125,244,370/155,990,718 bytes | 속도: 14261.3 KB/s | 남은시간: 2초
[2026-02-19 12:03:46] [INFO] [31%] 다운로드 중: 80.3%...
[2026-02-19 12:03:46] [DEBUG] extract_transcript.py: [YT-DLP DEBUG] [download]  81.6% of  148.76MiB at   14.16MiB/s ETA 00:01
[2026-02-19 12:03:46] [DEBUG] extract_transcript.py: [YT-DLP DOWNLOAD] 진행률: 81.6% | 다운로드: 127,341,522/155,990,718 bytes | 속도: 14502.8 KB/s | 남은시간: 1초
[2026-02-19 12:03:46] [INFO] [31%] 다운로드 중: 81.6%...
[2026-02-19 12:03:46] [DEBUG] extract_transcript.py: [YT-DLP DEBUG] [download]  84.3% of  148.76MiB at   14.34MiB/s ETA 00:01
[2026-02-19 12:03:46] [DEBUG] extract_transcript.py: [YT-DLP DOWNLOAD] 진행률: 84.3% | 다운로드: 131,535,826/155,990,718 bytes | 속도: 14686.0 KB/s | 남은시간: 1초
[2026-02-19 12:03:46] [INFO] [31%] 다운로드 중: 84.3%...
[2026-02-19 12:03:46] [DEBUG] extract_transcript.py: [YT-DLP DEBUG] [download]  85.5% of  148.76MiB at   14.98MiB/s ETA 00:01
[2026-02-19 12:03:46] [DEBUG] extract_transcript.py: [YT-DLP DOWNLOAD] 진행률: 85.5% | 다운로드: 133,444,349/155,990,718 bytes | 속도: 15342.4 KB/s | 남은시간: 1초
[2026-02-19 12:03:46] [INFO] [32%] 다운로드 중: 85.5%...
[2026-02-19 12:03:46] [DEBUG] extract_transcript.py: [YT-DLP DEBUG] [download]  85.5% of  148.76MiB at  Unknown B/s ETA Unknown
[2026-02-19 12:03:46] [DEBUG] extract_transcript.py: [YT-DLP DOWNLOAD] 진행률: 85.5% | 다운로드: 133,445,373/155,990,718 bytes
[2026-02-19 12:03:46] [INFO] [32%] 다운로드 중: 85.5%...
[2026-02-19 12:03:46] [DEBUG] extract_transcript.py: [YT-DLP DEBUG] [download]  85.5% of  148.76MiB at  Unknown B/s ETA Unknown
[2026-02-19 12:03:46] [DEBUG] extract_transcript.py: [YT-DLP DOWNLOAD] 진행률: 85.5% | 다운로드: 133,447,421/155,990,718 bytes
[2026-02-19 12:03:46] [INFO] [32%] 다운로드 중: 85.5%...
[2026-02-19 12:03:46] [DEBUG] extract_transcript.py: [YT-DLP DEBUG] [download]  85.6% of  148.76MiB at    6.36MiB/s ETA 00:03
[2026-02-19 12:03:46] [DEBUG] extract_transcript.py: [YT-DLP DOWNLOAD] 진행률: 85.6% | 다운로드: 133,451,517/155,990,718 bytes | 속도: 6515.8 KB/s | 남은시간: 3초
[2026-02-19 12:03:46] [INFO] [32%] 다운로드 중: 85.6%...
[2026-02-19 12:03:46] [DEBUG] extract_transcript.py: [YT-DLP DEBUG] [download]  85.6% of  148.76MiB at    6.92MiB/s ETA 00:03
[2026-02-19 12:03:46] [DEBUG] extract_transcript.py: [YT-DLP DOWNLOAD] 진행률: 85.6% | 다운로드: 133,459,709/155,990,718 bytes | 속도: 7089.8 KB/s | 남은시간: 3초
[2026-02-19 12:03:46] [INFO] [32%] 다운로드 중: 85.6%...
[2026-02-19 12:03:46] [DEBUG] extract_transcript.py: [YT-DLP DEBUG] [download]  85.6% of  148.76MiB at    6.49MiB/s ETA 00:03
[2026-02-19 12:03:46] [DEBUG] extract_transcript.py: [YT-DLP DOWNLOAD] 진행률: 85.6% | 다운로드: 133,476,093/155,990,718 bytes | 속도: 6645.7 KB/s | 남은시간: 3초
[2026-02-19 12:03:46] [INFO] [32%] 다운로드 중: 85.6%...
[2026-02-19 12:03:46] [DEBUG] extract_transcript.py: [YT-DLP DEBUG] [download]  85.6% of  148.76MiB at    6.05MiB/s ETA 00:03
[2026-02-19 12:03:46] [DEBUG] extract_transcript.py: [YT-DLP DOWNLOAD] 진행률: 85.6% | 다운로드: 133,508,861/155,990,718 bytes | 속도: 6194.0 KB/s | 남은시간: 3초
[2026-02-19 12:03:46] [INFO] [32%] 다운로드 중: 85.6%...
[2026-02-19 12:03:46] [DEBUG] extract_transcript.py: [YT-DLP DEBUG] [download]  85.6% of  148.76MiB at    8.34MiB/s ETA 00:02
[2026-02-19 12:03:46] [DEBUG] extract_transcript.py: [YT-DLP DOWNLOAD] 진행률: 85.6% | 다운로드: 133,574,397/155,990,718 bytes | 속도: 8538.9 KB/s | 남은시간: 2초
[2026-02-19 12:03:46] [INFO] [32%] 다운로드 중: 85.6%...
[2026-02-19 12:03:46] [DEBUG] extract_transcript.py: [YT-DLP DEBUG] [download]  85.7% of  148.76MiB at    9.98MiB/s ETA 00:02
[2026-02-19 12:03:46] [DEBUG] extract_transcript.py: [YT-DLP DOWNLOAD] 진행률: 85.7% | 다운로드: 133,705,469/155,990,718 bytes | 속도: 10221.4 KB/s | 남은시간: 2초
[2026-02-19 12:03:46] [INFO] [32%] 다운로드 중: 85.7%...
[2026-02-19 12:03:46] [DEBUG] extract_transcript.py: [YT-DLP DEBUG] [download]  85.9% of  148.76MiB at   10.98MiB/s ETA 00:01
[2026-02-19 12:03:46] [DEBUG] extract_transcript.py: [YT-DLP DOWNLOAD] 진행률: 85.9% | 다운로드: 133,967,613/155,990,718 bytes | 속도: 11246.4 KB/s | 남은시간: 1초
[2026-02-19 12:03:46] [INFO] [32%] 다운로드 중: 85.9%...
[2026-02-19 12:03:47] [DEBUG] extract_transcript.py: [YT-DLP DEBUG] [download]  86.2% of  148.76MiB at   12.25MiB/s ETA 00:01
[2026-02-19 12:03:47] [DEBUG] extract_transcript.py: [YT-DLP DOWNLOAD] 진행률: 86.2% | 다운로드: 134,491,901/155,990,718 bytes | 속도: 12548.8 KB/s | 남은시간: 1초
[2026-02-19 12:03:47] [INFO] [32%] 다운로드 중: 86.2%...
[2026-02-19 12:03:47] [DEBUG] extract_transcript.py: [YT-DLP DEBUG] [download]  86.9% of  148.76MiB at   12.77MiB/s ETA 00:01
[2026-02-19 12:03:47] [DEBUG] extract_transcript.py: [YT-DLP DOWNLOAD] 진행률: 86.9% | 다운로드: 135,540,477/155,990,718 bytes | 속도: 13080.3 KB/s | 남은시간: 1초
[2026-02-19 12:03:47] [INFO] [32%] 다운로드 중: 86.9%...
[2026-02-19 12:03:47] [DEBUG] extract_transcript.py: [YT-DLP DEBUG] [download]  88.2% of  148.76MiB at   13.69MiB/s ETA 00:01
[2026-02-19 12:03:47] [DEBUG] extract_transcript.py: [YT-DLP DOWNLOAD] 진행률: 88.2% | 다운로드: 137,637,629/155,990,718 bytes | 속도: 14015.4 KB/s | 남은시간: 1초
[2026-02-19 12:03:47] [INFO] [32%] 다운로드 중: 88.2%...
[2026-02-19 12:03:47] [DEBUG] extract_transcript.py: [YT-DLP DEBUG] [download]  90.9% of  148.76MiB at   13.86MiB/s ETA 00:00
[2026-02-19 12:03:47] [DEBUG] extract_transcript.py: [YT-DLP DOWNLOAD] 진행률: 90.9% | 다운로드: 141,831,933/155,990,718 bytes | 속도: 14191.9 KB/s
[2026-02-19 12:03:47] [INFO] [33%] 다운로드 중: 90.9%...
[2026-02-19 12:03:47] [DEBUG] extract_transcript.py: [YT-DLP DEBUG] [download]  92.3% of  148.76MiB at   14.32MiB/s ETA 00:00
[2026-02-19 12:03:47] [DEBUG] extract_transcript.py: [YT-DLP DOWNLOAD] 진행률: 92.3% | 다운로드: 143,909,405/155,990,718 bytes | 속도: 14660.0 KB/s
[2026-02-19 12:03:47] [INFO] [33%] 다운로드 중: 92.3%...
[2026-02-19 12:03:47] [DEBUG] extract_transcript.py: [YT-DLP DEBUG] [download]  92.3% of  148.76MiB at  Unknown B/s ETA Unknown
[2026-02-19 12:03:47] [DEBUG] extract_transcript.py: [YT-DLP DOWNLOAD] 진행률: 92.3% | 다운로드: 143,910,429/155,990,718 bytes
[2026-02-19 12:03:47] [INFO] [33%] 다운로드 중: 92.3%...
[2026-02-19 12:03:47] [DEBUG] extract_transcript.py: [YT-DLP DEBUG] [download]  92.3% of  148.76MiB at    2.22MiB/s ETA 00:05
[2026-02-19 12:03:47] [DEBUG] extract_transcript.py: [YT-DLP DOWNLOAD] 진행률: 92.3% | 다운로드: 143,912,477/155,990,718 bytes | 속도: 2276.6 KB/s | 남은시간: 5초
[2026-02-19 12:03:47] [INFO] [33%] 다운로드 중: 92.3%...
[2026-02-19 12:03:47] [DEBUG] extract_transcript.py: [YT-DLP DEBUG] [download]  92.3% of  148.76MiB at    3.28MiB/s ETA 00:03
[2026-02-19 12:03:47] [DEBUG] extract_transcript.py: [YT-DLP DOWNLOAD] 진행률: 92.3% | 다운로드: 143,916,573/155,990,718 bytes | 속도: 3357.4 KB/s | 남은시간: 3초
[2026-02-19 12:03:47] [INFO] [33%] 다운로드 중: 92.3%...
[2026-02-19 12:03:47] [DEBUG] extract_transcript.py: [YT-DLP DEBUG] [download]  92.3% of  148.76MiB at    4.63MiB/s ETA 00:02
[2026-02-19 12:03:47] [DEBUG] extract_transcript.py: [YT-DLP DOWNLOAD] 진행률: 92.3% | 다운로드: 143,924,765/155,990,718 bytes | 속도: 4738.6 KB/s | 남은시간: 2초
[2026-02-19 12:03:47] [INFO] [33%] 다운로드 중: 92.3%...
[2026-02-19 12:03:47] [DEBUG] extract_transcript.py: [YT-DLP DEBUG] [download]  92.3% of  148.76MiB at    4.66MiB/s ETA 00:02
[2026-02-19 12:03:47] [DEBUG] extract_transcript.py: [YT-DLP DOWNLOAD] 진행률: 92.3% | 다운로드: 143,941,149/155,990,718 bytes | 속도: 4768.7 KB/s | 남은시간: 2초
[2026-02-19 12:03:47] [INFO] [33%] 다운로드 중: 92.3%...
[2026-02-19 12:03:47] [DEBUG] extract_transcript.py: [YT-DLP DEBUG] [download]  92.3% of  148.76MiB at    5.05MiB/s ETA 00:02
[2026-02-19 12:03:47] [DEBUG] extract_transcript.py: [YT-DLP DOWNLOAD] 진행률: 92.3% | 다운로드: 143,973,917/155,990,718 bytes | 속도: 5166.6 KB/s | 남은시간: 2초
[2026-02-19 12:03:47] [INFO] [33%] 다운로드 중: 92.3%...
[2026-02-19 12:03:47] [DEBUG] extract_transcript.py: [YT-DLP DEBUG] [download]  92.3% of  148.76MiB at    5.89MiB/s ETA 00:01
[2026-02-19 12:03:47] [DEBUG] extract_transcript.py: [YT-DLP DOWNLOAD] 진행률: 92.3% | 다운로드: 144,039,453/155,990,718 bytes | 속도: 6029.4 KB/s | 남은시간: 1초
[2026-02-19 12:03:47] [INFO] [33%] 다운로드 중: 92.3%...
[2026-02-19 12:03:47] [DEBUG] extract_transcript.py: [YT-DLP DEBUG] [download]  92.4% of  148.76MiB at    5.42MiB/s ETA 00:02
[2026-02-19 12:03:47] [DEBUG] extract_transcript.py: [YT-DLP DOWNLOAD] 진행률: 92.4% | 다운로드: 144,170,525/155,990,718 bytes | 속도: 5552.0 KB/s | 남은시간: 2초
[2026-02-19 12:03:47] [INFO] [33%] 다운로드 중: 92.4%...
[2026-02-19 12:03:47] [DEBUG] extract_transcript.py: [YT-DLP DEBUG] [download]  92.6% of  148.76MiB at    8.04MiB/s ETA 00:01
[2026-02-19 12:03:47] [DEBUG] extract_transcript.py: [YT-DLP DOWNLOAD] 진행률: 92.6% | 다운로드: 144,432,669/155,990,718 bytes | 속도: 8229.3 KB/s | 남은시간: 1초
[2026-02-19 12:03:47] [INFO] [33%] 다운로드 중: 92.6%...
[2026-02-19 12:03:47] [DEBUG] extract_transcript.py: [YT-DLP DEBUG] [download]  92.9% of  148.76MiB at    7.28MiB/s ETA 00:01
[2026-02-19 12:03:47] [DEBUG] extract_transcript.py: [YT-DLP DOWNLOAD] 진행률: 92.9% | 다운로드: 144,956,957/155,990,718 bytes | 속도: 7457.3 KB/s | 남은시간: 1초
[2026-02-19 12:03:47] [INFO] [33%] 다운로드 중: 92.9%...
[2026-02-19 12:03:47] [DEBUG] extract_transcript.py: [YT-DLP DEBUG] [download]  93.6% of  148.76MiB at    8.00MiB/s ETA 00:01
[2026-02-19 12:03:47] [DEBUG] extract_transcript.py: [YT-DLP DOWNLOAD] 진행률: 93.6% | 다운로드: 146,005,533/155,990,718 bytes | 속도: 8196.4 KB/s | 남은시간: 1초
[2026-02-19 12:03:47] [INFO] [33%] 다운로드 중: 93.6%...
[2026-02-19 12:03:48] [DEBUG] extract_transcript.py: [YT-DLP DEBUG] [download]  94.9% of  148.76MiB at    9.03MiB/s ETA 00:00
[2026-02-19 12:03:48] [DEBUG] extract_transcript.py: [YT-DLP DOWNLOAD] 진행률: 94.9% | 다운로드: 148,102,685/155,990,718 bytes | 속도: 9243.4 KB/s
[2026-02-19 12:03:48] [INFO] [33%] 다운로드 중: 94.9%...
[2026-02-19 12:03:48] [DEBUG] extract_transcript.py: [YT-DLP DEBUG] [download]  97.6% of  148.76MiB at    8.55MiB/s ETA 00:00
[2026-02-19 12:03:48] [DEBUG] extract_transcript.py: [YT-DLP DOWNLOAD] 진행률: 97.6% | 다운로드: 152,296,989/155,990,718 bytes | 속도: 8750.4 KB/s
[2026-02-19 12:03:48] [INFO] [34%] 다운로드 중: 97.6%...
[2026-02-19 12:03:48] [DEBUG] extract_transcript.py: [YT-DLP DEBUG] [download]  98.7% of  148.76MiB at    8.71MiB/s ETA 00:00
[2026-02-19 12:03:48] [DEBUG] extract_transcript.py: [YT-DLP DOWNLOAD] 진행률: 98.7% | 다운로드: 154,022,990/155,990,718 bytes | 속도: 8915.5 KB/s
[2026-02-19 12:03:48] [INFO] [34%] 다운로드 중: 98.7%...
[2026-02-19 12:03:48] [DEBUG] extract_transcript.py: [YT-DLP DEBUG] [download]  98.7% of  148.76MiB at  Unknown B/s ETA Unknown
[2026-02-19 12:03:48] [DEBUG] extract_transcript.py: [YT-DLP DOWNLOAD] 진행률: 98.7% | 다운로드: 154,024,014/155,990,718 bytes
[2026-02-19 12:03:48] [INFO] [34%] 다운로드 중: 98.7%...
[2026-02-19 12:03:48] [DEBUG] extract_transcript.py: [YT-DLP DEBUG] [download]  98.7% of  148.76MiB at  Unknown B/s ETA Unknown
[2026-02-19 12:03:48] [DEBUG] extract_transcript.py: [YT-DLP DOWNLOAD] 진행률: 98.7% | 다운로드: 154,026,062/155,990,718 bytes
[2026-02-19 12:03:48] [INFO] [34%] 다운로드 중: 98.7%...
[2026-02-19 12:03:48] [DEBUG] extract_transcript.py: [YT-DLP DEBUG] [download]  98.7% of  148.76MiB at    5.34MiB/s ETA 00:00
[2026-02-19 12:03:48] [DEBUG] extract_transcript.py: [YT-DLP DOWNLOAD] 진행률: 98.7% | 다운로드: 154,030,158/155,990,718 bytes | 속도: 5470.5 KB/s
[2026-02-19 12:03:48] [INFO] [34%] 다운로드 중: 98.7%...
[2026-02-19 12:03:48] [DEBUG] extract_transcript.py: [YT-DLP DEBUG] [download]  98.7% of  148.76MiB at    6.92MiB/s ETA 00:00
[2026-02-19 12:03:48] [DEBUG] extract_transcript.py: [YT-DLP DOWNLOAD] 진행률: 98.7% | 다운로드: 154,038,350/155,990,718 bytes | 속도: 7081.0 KB/s
[2026-02-19 12:03:48] [INFO] [34%] 다운로드 중: 98.7%...
[2026-02-19 12:03:48] [DEBUG] extract_transcript.py: [YT-DLP DEBUG] [download]  98.8% of  148.76MiB at    1.80MiB/s ETA 00:01
[2026-02-19 12:03:48] [DEBUG] extract_transcript.py: [YT-DLP DOWNLOAD] 진행률: 98.8% | 다운로드: 154,054,734/155,990,718 bytes | 속도: 1846.7 KB/s | 남은시간: 1초
[2026-02-19 12:03:48] [INFO] [34%] 다운로드 중: 98.8%...
[2026-02-19 12:03:48] [DEBUG] extract_transcript.py: [YT-DLP DEBUG] [download]  98.8% of  148.76MiB at    2.58MiB/s ETA 00:00
[2026-02-19 12:03:48] [DEBUG] extract_transcript.py: [YT-DLP DOWNLOAD] 진행률: 98.8% | 다운로드: 154,087,502/155,990,718 bytes | 속도: 2645.7 KB/s
[2026-02-19 12:03:48] [INFO] [34%] 다운로드 중: 98.8%...
[2026-02-19 12:03:48] [DEBUG] extract_transcript.py: [YT-DLP DEBUG] [download]  98.8% of  148.76MiB at    3.66MiB/s ETA 00:00
[2026-02-19 12:03:48] [DEBUG] extract_transcript.py: [YT-DLP DOWNLOAD] 진행률: 98.8% | 다운로드: 154,153,038/155,990,718 bytes | 속도: 3750.4 KB/s
[2026-02-19 12:03:48] [INFO] [34%] 다운로드 중: 98.8%...
[2026-02-19 12:03:48] [DEBUG] extract_transcript.py: [YT-DLP DEBUG] [download]  98.9% of  148.76MiB at    5.41MiB/s ETA 00:00
[2026-02-19 12:03:48] [DEBUG] extract_transcript.py: [YT-DLP DOWNLOAD] 진행률: 98.9% | 다운로드: 154,284,110/155,990,718 bytes | 속도: 5536.6 KB/s
[2026-02-19 12:03:48] [INFO] [34%] 다운로드 중: 98.9%...
[2026-02-19 12:03:48] [DEBUG] extract_transcript.py: [YT-DLP DEBUG] [download]  99.1% of  148.76MiB at    5.85MiB/s ETA 00:00
[2026-02-19 12:03:48] [DEBUG] extract_transcript.py: [YT-DLP DOWNLOAD] 진행률: 99.1% | 다운로드: 154,546,254/155,990,718 bytes | 속도: 5989.3 KB/s
[2026-02-19 12:03:48] [INFO] [34%] 다운로드 중: 99.1%...
[2026-02-19 12:03:49] [DEBUG] extract_transcript.py: [YT-DLP DEBUG] [download]  99.4% of  148.76MiB at    5.13MiB/s ETA 00:00
[2026-02-19 12:03:49] [DEBUG] extract_transcript.py: [YT-DLP DOWNLOAD] 진행률: 99.4% | 다운로드: 155,070,542/155,990,718 bytes | 속도: 5253.2 KB/s
[2026-02-19 12:03:49] [INFO] [34%] 다운로드 중: 99.4%...
[2026-02-19 12:03:49] [DEBUG] extract_transcript.py: [YT-DLP DEBUG] [download] 100.0% of  148.76MiB at    5.49MiB/s ETA 00:00
[2026-02-19 12:03:49] [DEBUG] extract_transcript.py: [YT-DLP DOWNLOAD] 진행률: 100.0% | 다운로드: 155,990,718/155,990,718 bytes | 속도: 5626.0 KB/s
[2026-02-19 12:03:49] [INFO] [35%] 다운로드 중: 100.0%...
[2026-02-19 12:03:49] [DEBUG] extract_transcript.py: [YT-DLP DEBUG] [download] 100% of  148.76MiB in 00:00:20 at 7.23MiB/s
[2026-02-19 12:03:49] [DEBUG] extract_transcript.py: [YT-DLP DOWNLOAD] ✓ 다운로드 완료!
[2026-02-19 12:03:49] [DEBUG] extract_transcript.py: [YT-DLP DOWNLOAD]    - 파일: Temp_Audio/aV6vWSWm3EE.m4a
[2026-02-19 12:03:49] [DEBUG] extract_transcript.py: [YT-DLP DOWNLOAD]    - 크기: 155,990,718 bytes
[2026-02-19 12:03:49] [DEBUG] extract_transcript.py: [YT-DLP DOWNLOAD]    - 소요시간: 20.58초
[2026-02-19 12:03:49] [DEBUG] extract_transcript.py: [YT-DLP DOWNLOAD]    - 평균 속도: 7403.0 KB/s
[2026-02-19 12:03:49] [DEBUG] extract_transcript.py: ================================================================================
[2026-02-19 12:03:49] [DEBUG] extract_transcript.py: ✅ YT-DLP 다운로드 완료
[2026-02-19 12:03:49] [INFO] [35%] 오디오 다운로드 완료!
[2026-02-19 12:03:49] [DEBUG] extract_transcript.py: ================================================================================
[2026-02-19 12:03:49] [DEBUG] extract_transcript.py: ================================================================================
[2026-02-19 12:03:49] [DEBUG] extract_transcript.py: 🎤 WHISPER AI 음성 인식 상세 로그
[2026-02-19 12:03:49] [DEBUG] extract_transcript.py: ================================================================================
[2026-02-19 12:03:49] [DEBUG] extract_transcript.py: [WHISPER] 📥 모델 로딩 중...
[2026-02-19 12:03:49] [DEBUG] extract_transcript.py: [WHISPER]    - 모델: turbo
[2026-02-19 12:03:49] [DEBUG] extract_transcript.py: [WHISPER]    - 디바이스: CUDA (GPU)
[2026-02-19 12:03:49] [DEBUG] extract_transcript.py: [WHISPER]    - 연산 타입: float16
[2026-02-19 12:03:49] [DEBUG] extract_transcript.py: [WHISPER] ⚙️  Whisper 모델 초기화 중...
[2026-02-19 12:03:49] [DEBUG] extract_transcript.py: [WHISPER] 💾 메모리에 모델 적재 중...
[2026-02-19 12:03:51] [DEBUG] extract_transcript.py: [WHISPER] ⏳ 모델 로딩 진행 중 (2s...)
[2026-02-19 12:03:51] [INFO] [43%] 모델 로딩 중... 2s...
[2026-02-19 12:03:51] [DEBUG] extract_transcript.py: Warning: You are sending unauthenticated requests to the HF Hub. Please set a HF_TOKEN to enable higher rate limits and faster downloads.
[2026-02-19 12:03:53] [DEBUG] extract_transcript.py: [WHISPER] ⏳ 모델 로딩 진행 중 (4s...)
[2026-02-19 12:03:53] [INFO] [43%] 모델 로딩 중... 4s...
[2026-02-19 12:03:55] [DEBUG] extract_transcript.py: [WHISPER] ⏳ 모델 로딩 진행 중 (6s...)
[2026-02-19 12:03:55] [INFO] [43%] 모델 로딩 중... 6s...
[2026-02-19 12:03:57] [DEBUG] extract_transcript.py: [WHISPER] ⏳ 모델 로딩 진행 중 (8s...)
[2026-02-19 12:03:57] [INFO] [43%] 모델 로딩 중... 8s...
[2026-02-19 12:03:59] [DEBUG] extract_transcript.py: [WHISPER] ⏳ 모델 로딩 진행 중 (10s...)
[2026-02-19 12:03:59] [INFO] [43%] 모델 로딩 중... 10s...
[2026-02-19 12:04:01] [DEBUG] extract_transcript.py: [WHISPER] ⏳ 모델 로딩 진행 중 (12s...)
[2026-02-19 12:04:01] [INFO] [43%] 모델 로딩 중... 12s...
[2026-02-19 12:04:03] [DEBUG] extract_transcript.py: [WHISPER] ⏳ 모델 로딩 진행 중 (14s...)
[2026-02-19 12:04:03] [INFO] [43%] 모델 로딩 중... 14s...
[2026-02-19 12:04:05] [DEBUG] extract_transcript.py: [WHISPER] ⏳ 모델 로딩 진행 중 (16s...)
[2026-02-19 12:04:05] [INFO] [43%] 모델 로딩 중... 16s...
[2026-02-19 12:04:07] [DEBUG] extract_transcript.py: [WHISPER] ⏳ 모델 로딩 진행 중 (18s...)
[2026-02-19 12:04:07] [INFO] [43%] 모델 로딩 중... 18s...
[2026-02-19 12:04:09] [DEBUG] extract_transcript.py: [WHISPER] ⏳ 모델 로딩 진행 중 (20s...)
[2026-02-19 12:04:09] [INFO] [43%] 모델 로딩 중... 20s...
[2026-02-19 12:04:11] [DEBUG] extract_transcript.py: [WHISPER] ⏳ 모델 로딩 진행 중 (22s...)
[2026-02-19 12:04:11] [INFO] [43%] 모델 로딩 중... 22s...
[2026-02-19 12:04:13] [DEBUG] extract_transcript.py: [WHISPER] ⏳ 모델 로딩 진행 중 (24s...)
[2026-02-19 12:04:13] [INFO] [43%] 모델 로딩 중... 24s...
[2026-02-19 12:04:15] [DEBUG] extract_transcript.py: [WHISPER] ⏳ 모델 로딩 진행 중 (26s...)
[2026-02-19 12:04:15] [INFO] [43%] 모델 로딩 중... 26s...
[2026-02-19 12:04:17] [DEBUG] extract_transcript.py: [WHISPER] ⏳ 모델 로딩 진행 중 (28s...)
[2026-02-19 12:04:17] [INFO] [43%] 모델 로딩 중... 28s...
[2026-02-19 12:04:19] [DEBUG] extract_transcript.py: [WHISPER] ⏳ 모델 로딩 진행 중 (30s...)
[2026-02-19 12:04:19] [INFO] [43%] 모델 로딩 중... 30s...
[2026-02-19 12:04:21] [DEBUG] extract_transcript.py: [WHISPER] ⏳ 모델 로딩 진행 중 (32s...)
[2026-02-19 12:04:21] [INFO] [43%] 모델 로딩 중... 32s...
[2026-02-19 12:04:23] [DEBUG] extract_transcript.py: [WHISPER] ⏳ 모델 로딩 진행 중 (34s...)
[2026-02-19 12:04:23] [INFO] [43%] 모델 로딩 중... 34s...
[2026-02-19 12:04:25] [DEBUG] extract_transcript.py: [WHISPER] ⏳ 모델 로딩 진행 중 (36s...)
[2026-02-19 12:04:25] [INFO] [43%] 모델 로딩 중... 36s...
[2026-02-19 12:04:27] [DEBUG] extract_transcript.py: [WHISPER] ⏳ 모델 로딩 진행 중 (38s...)
[2026-02-19 12:04:27] [INFO] [43%] 모델 로딩 중... 38s...
[2026-02-19 12:04:29] [DEBUG] extract_transcript.py: [WHISPER] ⏳ 모델 로딩 진행 중 (40s...)
[2026-02-19 12:04:29] [INFO] [43%] 모델 로딩 중... 40s...
[2026-02-19 12:04:31] [DEBUG] extract_transcript.py: [WHISPER] ⏳ 모델 로딩 진행 중 (42s...)
[2026-02-19 12:04:31] [INFO] [43%] 모델 로딩 중... 42s...
[2026-02-19 12:04:33] [DEBUG] extract_transcript.py: [WHISPER] ⏳ 모델 로딩 진행 중 (44s...)
[2026-02-19 12:04:33] [INFO] [43%] 모델 로딩 중... 44s...
[2026-02-19 12:04:35] [DEBUG] extract_transcript.py: [WHISPER] ⏳ 모델 로딩 진행 중 (46s...)
[2026-02-19 12:04:35] [INFO] [43%] 모델 로딩 중... 46s...
[2026-02-19 12:04:37] [DEBUG] extract_transcript.py: [WHISPER] ⏳ 모델 로딩 진행 중 (48s...)
[2026-02-19 12:04:37] [INFO] [43%] 모델 로딩 중... 48s...
[2026-02-19 12:04:39] [DEBUG] extract_transcript.py: [WHISPER] ⏳ 모델 로딩 진행 중 (50s...)
[2026-02-19 12:04:39] [INFO] [43%] 모델 로딩 중... 50s...
[2026-02-19 12:04:41] [DEBUG] extract_transcript.py: [WHISPER] ⏳ 모델 로딩 진행 중 (52s...)
[2026-02-19 12:04:41] [INFO] [43%] 모델 로딩 중... 52s...
[2026-02-19 12:04:43] [DEBUG] extract_transcript.py: [WHISPER] ⏳ 모델 로딩 진행 중 (54s...)
[2026-02-19 12:04:43] [INFO] [43%] 모델 로딩 중... 54s...
[2026-02-19 12:04:45] [DEBUG] extract_transcript.py: [WHISPER] ⏳ 모델 로딩 진행 중 (56s...)
[2026-02-19 12:04:45] [INFO] [43%] 모델 로딩 중... 56s...
[2026-02-19 12:04:47] [DEBUG] extract_transcript.py: [WHISPER] ⏳ 모델 로딩 진행 중 (58s...)
[2026-02-19 12:04:47] [INFO] [43%] 모델 로딩 중... 58s...
[2026-02-19 12:04:49] [DEBUG] extract_transcript.py: [WHISPER] ⏳ 모델 로딩 진행 중 (60s...)
[2026-02-19 12:04:49] [INFO] [43%] 모델 로딩 중... 60s...
[2026-02-19 12:04:51] [DEBUG] extract_transcript.py: [WHISPER] ⏳ 모델 로딩 진행 중 (62s...)
[2026-02-19 12:04:51] [INFO] [43%] 모델 로딩 중... 62s...
[2026-02-19 12:04:53] [DEBUG] extract_transcript.py: [WHISPER] ⏳ 모델 로딩 진행 중 (64s...)
[2026-02-19 12:04:53] [INFO] [43%] 모델 로딩 중... 64s...
[2026-02-19 12:04:55] [DEBUG] extract_transcript.py: [WHISPER] ⏳ 모델 로딩 진행 중 (66s...)
[2026-02-19 12:04:55] [INFO] [43%] 모델 로딩 중... 66s...
[2026-02-19 12:04:57] [DEBUG] extract_transcript.py: [WHISPER] ⏳ 모델 로딩 진행 중 (68s...)
[2026-02-19 12:04:57] [INFO] [43%] 모델 로딩 중... 68s...
[2026-02-19 12:04:59] [DEBUG] extract_transcript.py: [WHISPER] ⏳ 모델 로딩 진행 중 (70s...)
[2026-02-19 12:04:59] [INFO] [43%] 모델 로딩 중... 70s...
[2026-02-19 12:05:01] [DEBUG] extract_transcript.py: [WHISPER] ⏳ 모델 로딩 진행 중 (72s...)
[2026-02-19 12:05:01] [INFO] [43%] 모델 로딩 중... 72s...
[2026-02-19 12:05:03] [DEBUG] extract_transcript.py: [WHISPER] ⏳ 모델 로딩 진행 중 (74s...)
[2026-02-19 12:05:03] [INFO] [43%] 모델 로딩 중... 74s...
[2026-02-19 12:05:05] [DEBUG] extract_transcript.py: [WHISPER] ⏳ 모델 로딩 진행 중 (76s...)
[2026-02-19 12:05:05] [INFO] [43%] 모델 로딩 중... 76s...
[2026-02-19 12:05:07] [DEBUG] extract_transcript.py: [WHISPER] ⏳ 모델 로딩 진행 중 (78s...)
[2026-02-19 12:05:07] [INFO] [43%] 모델 로딩 중... 78s...
[2026-02-19 12:05:09] [DEBUG] extract_transcript.py: [WHISPER] ⏳ 모델 로딩 진행 중 (80s...)
[2026-02-19 12:05:09] [INFO] [43%] 모델 로딩 중... 80s...
[2026-02-19 12:05:11] [DEBUG] extract_transcript.py: [WHISPER] ⏳ 모델 로딩 진행 중 (82s...)
[2026-02-19 12:05:11] [INFO] [43%] 모델 로딩 중... 82s...
[2026-02-19 12:05:13] [DEBUG] extract_transcript.py: [WHISPER] ⏳ 모델 로딩 진행 중 (84s...)
[2026-02-19 12:05:13] [INFO] [43%] 모델 로딩 중... 84s...
[2026-02-19 12:05:15] [DEBUG] extract_transcript.py: [WHISPER] ⏳ 모델 로딩 진행 중 (86s...)
[2026-02-19 12:05:15] [INFO] [43%] 모델 로딩 중... 86s...
[2026-02-19 12:05:15] [INFO] Listed 14 scripts
[2026-02-19 12:05:17] [DEBUG] extract_transcript.py: [WHISPER] ⏳ 모델 로딩 진행 중 (88s...)
[2026-02-19 12:05:17] [INFO] [43%] 모델 로딩 중... 88s...
[2026-02-19 12:05:19] [DEBUG] extract_transcript.py: [WHISPER] ⏳ 모델 로딩 진행 중 (90s...)
[2026-02-19 12:05:19] [INFO] [43%] 모델 로딩 중... 90s...
[2026-02-19 12:05:21] [DEBUG] extract_transcript.py: [WHISPER] ⏳ 모델 로딩 진행 중 (92s...)
[2026-02-19 12:05:21] [INFO] [43%] 모델 로딩 중... 92s...
[2026-02-19 12:05:23] [DEBUG] extract_transcript.py: [WHISPER] ⏳ 모델 로딩 진행 중 (94s...)
[2026-02-19 12:05:23] [INFO] [43%] 모델 로딩 중... 94s...
[2026-02-19 12:05:25] [DEBUG] extract_transcript.py: [WHISPER] ⏳ 모델 로딩 진행 중 (96s...)
[2026-02-19 12:05:25] [INFO] [43%] 모델 로딩 중... 96s...
[2026-02-19 12:05:27] [DEBUG] extract_transcript.py: [WHISPER] ⏳ 모델 로딩 진행 중 (98s...)
[2026-02-19 12:05:27] [INFO] [43%] 모델 로딩 중... 98s...
[2026-02-19 12:05:29] [DEBUG] extract_transcript.py: [WHISPER] ⏳ 모델 로딩 진행 중 (100s...)
[2026-02-19 12:05:29] [INFO] [43%] 모델 로딩 중... 100s...
[2026-02-19 12:05:31] [DEBUG] extract_transcript.py: [WHISPER] ⏳ 모델 로딩 진행 중 (102s...)
[2026-02-19 12:05:31] [INFO] [43%] 모델 로딩 중... 102s...
[2026-02-19 12:05:33] [DEBUG] extract_transcript.py: [WHISPER] ⏳ 모델 로딩 진행 중 (104s...)
[2026-02-19 12:05:33] [INFO] [43%] 모델 로딩 중... 104s...
[2026-02-19 12:05:35] [DEBUG] extract_transcript.py: [WHISPER] ⏳ 모델 로딩 진행 중 (106s...)
[2026-02-19 12:05:35] [INFO] [43%] 모델 로딩 중... 106s...
[2026-02-19 12:05:37] [DEBUG] extract_transcript.py: [WHISPER] ⏳ 모델 로딩 진행 중 (108s...)
[2026-02-19 12:05:37] [INFO] [43%] 모델 로딩 중... 108s...
[2026-02-19 12:05:39] [DEBUG] extract_transcript.py: [WHISPER] ⏳ 모델 로딩 진행 중 (110s...)
[2026-02-19 12:05:39] [INFO] [43%] 모델 로딩 중... 110s...
[2026-02-19 12:05:41] [DEBUG] extract_transcript.py: [WHISPER] ⏳ 모델 로딩 진행 중 (112s...)
[2026-02-19 12:05:41] [INFO] [43%] 모델 로딩 중... 112s...
[2026-02-19 12:05:43] [DEBUG] extract_transcript.py: [WHISPER] ⏳ 모델 로딩 진행 중 (114s...)
[2026-02-19 12:05:43] [INFO] [43%] 모델 로딩 중... 114s...
[2026-02-19 12:05:45] [DEBUG] extract_transcript.py: [WHISPER] ⏳ 모델 로딩 진행 중 (116s...)
[2026-02-19 12:05:45] [INFO] [43%] 모델 로딩 중... 116s...
[2026-02-19 12:05:47] [DEBUG] extract_transcript.py: [WHISPER] ⏳ 모델 로딩 진행 중 (118s...)
[2026-02-19 12:05:47] [INFO] [43%] 모델 로딩 중... 118s...
[2026-02-19 12:05:49] [DEBUG] extract_transcript.py: [WHISPER] ⏳ 모델 로딩 진행 중 (120s...)
[2026-02-19 12:05:49] [INFO] [43%] 모델 로딩 중... 120s...
[2026-02-19 12:05:51] [DEBUG] extract_transcript.py: [WHISPER] ⏳ 모델 로딩 진행 중 (122s...)
[2026-02-19 12:05:51] [INFO] [43%] 모델 로딩 중... 122s...
[2026-02-19 12:05:53] [DEBUG] extract_transcript.py: [WHISPER] ⏳ 모델 로딩 진행 중 (124s...)
[2026-02-19 12:05:53] [INFO] [43%] 모델 로딩 중... 124s...
[2026-02-19 12:05:55] [DEBUG] extract_transcript.py: [WHISPER] ✓ 모델 로딩 완료 (소요시간: 126.12초)
[2026-02-19 12:05:55] [DEBUG] extract_transcript.py: [WHISPER] 🔍 오디오 파일 분석 중...
[2026-02-19 12:05:55] [DEBUG] extract_transcript.py: [WHISPER]    - 파일: Temp_Audio/aV6vWSWm3EE.m4a
[2026-02-19 12:05:55] [DEBUG] extract_transcript.py: [WHISPER]    - Beam size: 5
[2026-02-19 12:05:55] [DEBUG] extract_transcript.py: [WHISPER] 🧠 딥러닝 추론 시작...
[2026-02-19 12:05:57] [DEBUG] extract_transcript.py: [WHISPER] ⏳ 추론 진행 중 (2s...)
[2026-02-19 12:05:57] [INFO] [52%] 딥러닝 추론 중... 2s...
[2026-02-19 12:05:59] [DEBUG] extract_transcript.py: [WHISPER] ⏳ 추론 진행 중 (4s...)
[2026-02-19 12:05:59] [INFO] [52%] 딥러닝 추론 중... 4s...
[2026-02-19 12:06:01] [DEBUG] extract_transcript.py: [WHISPER] ⏳ 추론 진행 중 (6s...)
[2026-02-19 12:06:01] [INFO] [52%] 딥러닝 추론 중... 6s...
[2026-02-19 12:06:03] [DEBUG] extract_transcript.py: [WHISPER] ⏳ 추론 진행 중 (8s...)
[2026-02-19 12:06:03] [INFO] [52%] 딥러닝 추론 중... 8s...
[2026-02-19 12:06:05] [DEBUG] extract_transcript.py: [WHISPER] ⏳ 추론 진행 중 (10s...)
[2026-02-19 12:06:05] [INFO] [52%] 딥러닝 추론 중... 10s...
[2026-02-19 12:06:07] [DEBUG] extract_transcript.py: [MAIN] Exception caught: Library libcublas.so.12 is not found or cannot be loaded
[2026-02-19 12:06:07] [DEBUG] extract_transcript.py: Error: Library libcublas.so.12 is not found or cannot be loaded
[2026-02-19 12:06:07] [INFO] extract_transcript.py completed. Total debug lines: 550
[2026-02-19 12:06:07] [DEBUG] Process return code: 1
[2026-02-19 12:06:07] [ERROR] Extraction process failed with return code 1
[2026-02-19 12:06:07] [ERROR] stderr: 
[2026-02-19 12:06:07] [ERROR] stdout: ERROR

[2026-02-19 12:06:07] [ERROR] ✗ Extraction failed for video aV6vWSWm3EE: Extraction failed: 
Traceback (most recent call last):
  File "/app/Server.py", line 308, in extract_video
    raise Exception(f"Extraction failed: {stderr}")
Exception: Extraction failed: 
[2026-02-19 12:06:21] [INFO] Listed 14 scripts
[2026-02-19 12:06:40] [INFO] New extraction request: https://youtu.be/Gwz82XUqJQU?si=7pOQVbjRqPeU07oz
[2026-02-19 12:06:40] [INFO] Extracted video ID: Gwz82XUqJQU
[2026-02-19 12:06:40] [INFO] Starting extraction for video: Gwz82XUqJQU
[2026-02-19 12:06:40] [INFO] Background extraction thread started for video: Gwz82XUqJQU
[2026-02-19 12:06:40] [INFO] [5%] 비디오 정보 추출 중...
[2026-02-19 12:06:40] [DEBUG] Getting video title for: Gwz82XUqJQU
[2026-02-19 12:06:43] [INFO] Video title: [오늘 이 뉴스] '무기징역' 두 번 말해줘도 尹 선 채로 넋 나간 듯.. (2026.02.19/MBC뉴스)
[2026-02-19 12:06:43] [INFO] [10%] 오디오 다운로드: [오늘 이 뉴스] '무기징역' 두 번 말해줘도 尹 선 채로 넋 나간 듯.. (2026.02.19/MBC뉴스)...
[2026-02-19 12:06:43] [DEBUG] Starting extract_transcript.py subprocess for: Gwz82XUqJQU
[2026-02-19 12:06:43] [DEBUG] extract_transcript.py: [MAIN] Calling extract_transcript_whisper for video: Gwz82XUqJQU
[2026-02-19 12:06:43] [DEBUG] extract_transcript.py: ================================================================================
[2026-02-19 12:06:43] [DEBUG] extract_transcript.py: 📹 YT-DLP 오디오 다운로드 시작
[2026-02-19 12:06:43] [INFO] [15%] YouTube에서 오디오 다운로드 중...
[2026-02-19 12:06:43] [DEBUG] extract_transcript.py: ================================================================================
[2026-02-19 12:06:43] [DEBUG] extract_transcript.py: [YT-DLP] URL: https://www.youtube.com/watch?v=Gwz82XUqJQU
[2026-02-19 12:06:43] [DEBUG] extract_transcript.py: [YT-DLP WARNING] ⚠️  Deprecated Feature: Support for Python version 3.9 has been deprecated. Please update to Python 3.10 or above
[2026-02-19 12:06:43] [DEBUG] extract_transcript.py: [YT-DLP ERROR] ❌ Deprecated Feature: Support for Python version 3.9 has been deprecated. Please update to Python 3.10 or above
[2026-02-19 12:06:43] [DEBUG] extract_transcript.py: [YT-DLP DEBUG] [youtube] Extracting URL: https://www.youtube.com/watch?v=Gwz82XUqJQU
[2026-02-19 12:06:43] [DEBUG] extract_transcript.py: [YT-DLP DEBUG] [youtube] Gwz82XUqJQU: Downloading webpage
[2026-02-19 12:06:45] [DEBUG] extract_transcript.py: [YT-DLP DEBUG] [youtube] Gwz82XUqJQU: Downloading android player API JSON
[2026-02-19 12:06:45] [DEBUG] extract_transcript.py: [YT-DLP WARNING] ⚠️  [youtube] Gwz82XUqJQU: android client https formats require a GVS PO Token which was not provided. They will be skipped as they may yield HTTP Error 403. You can manually pass a GVS PO Token for this client with --extractor-args "youtube:po_token=android.gvs+XXX". For more information, refer to  https://github.com/yt-dlp/yt-dlp/wiki/PO-Token-Guide
[2026-02-19 12:06:45] [DEBUG] extract_transcript.py: [YT-DLP WARNING] ⚠️  [youtube] Gwz82XUqJQU: Some web client https formats have been skipped as they are missing a url. YouTube is forcing SABR streaming for this client. See  https://github.com/yt-dlp/yt-dlp/issues/12482  for more details
[2026-02-19 12:06:45] [DEBUG] extract_transcript.py: [YT-DLP DEBUG] [info] Gwz82XUqJQU: Downloading 1 format(s): 18
[2026-02-19 12:06:45] [DEBUG] extract_transcript.py: [YT-DLP DEBUG] [download] Sleeping 6.00 seconds as required by the site...
[2026-02-19 12:06:51] [DEBUG] extract_transcript.py: [YT-DLP DEBUG] [download] Destination: Temp_Audio/Gwz82XUqJQU.m4a
[2026-02-19 12:06:51] [DEBUG] extract_transcript.py: [YT-DLP DEBUG] [download]   0.0% of    3.20MiB at   91.02KiB/s ETA 00:36
[2026-02-19 12:06:51] [DEBUG] extract_transcript.py: [YT-DLP DOWNLOAD] 진행률: 0.0% | 다운로드: 1,024/3,351,140 bytes | 속도: 91.0 KB/s | 남은시간: 36초
[2026-02-19 12:06:51] [INFO] [15%] 다운로드 중: 0.0%...
[2026-02-19 12:06:51] [DEBUG] extract_transcript.py: [YT-DLP DEBUG] [download]   0.1% of    3.20MiB at  245.82KiB/s ETA 00:13
[2026-02-19 12:06:51] [DEBUG] extract_transcript.py: [YT-DLP DOWNLOAD] 진행률: 0.1% | 다운로드: 3,072/3,351,140 bytes | 속도: 245.8 KB/s | 남은시간: 13초
[2026-02-19 12:06:51] [INFO] [15%] 다운로드 중: 0.1%...
[2026-02-19 12:06:51] [DEBUG] extract_transcript.py: [YT-DLP DEBUG] [download]   0.2% of    3.20MiB at  512.58KiB/s ETA 00:06
[2026-02-19 12:06:51] [DEBUG] extract_transcript.py: [YT-DLP DOWNLOAD] 진행률: 0.2% | 다운로드: 7,168/3,351,140 bytes | 속도: 512.6 KB/s | 남은시간: 6초
[2026-02-19 12:06:51] [INFO] [15%] 다운로드 중: 0.2%...
[2026-02-19 12:06:51] [DEBUG] extract_transcript.py: [YT-DLP DEBUG] [download]   0.5% of    3.20MiB at  960.64KiB/s ETA 00:03
[2026-02-19 12:06:51] [DEBUG] extract_transcript.py: [YT-DLP DOWNLOAD] 진행률: 0.5% | 다운로드: 15,360/3,351,140 bytes | 속도: 960.6 KB/s | 남은시간: 3초
[2026-02-19 12:06:51] [INFO] [15%] 다운로드 중: 0.5%...
[2026-02-19 12:06:51] [DEBUG] extract_transcript.py: [YT-DLP DEBUG] [download]   0.9% of    3.20MiB at    1.08MiB/s ETA 00:02
[2026-02-19 12:06:51] [DEBUG] extract_transcript.py: [YT-DLP DOWNLOAD] 진행률: 0.9% | 다운로드: 31,744/3,351,140 bytes | 속도: 1107.6 KB/s | 남은시간: 2초
[2026-02-19 12:06:51] [INFO] [15%] 다운로드 중: 0.9%...
[2026-02-19 12:06:51] [DEBUG] extract_transcript.py: [YT-DLP DEBUG] [download]   1.9% of    3.20MiB at    2.00MiB/s ETA 00:01
[2026-02-19 12:06:51] [DEBUG] extract_transcript.py: [YT-DLP DOWNLOAD] 진행률: 1.9% | 다운로드: 64,512/3,351,140 bytes | 속도: 2051.4 KB/s | 남은시간: 1초
[2026-02-19 12:06:51] [INFO] [15%] 다운로드 중: 1.9%...
[2026-02-19 12:06:51] [DEBUG] extract_transcript.py: [YT-DLP DEBUG] [download]   3.9% of    3.20MiB at    3.20MiB/s ETA 00:00
[2026-02-19 12:06:51] [DEBUG] extract_transcript.py: [YT-DLP DOWNLOAD] 진행률: 3.9% | 다운로드: 130,048/3,351,140 bytes | 속도: 3278.5 KB/s
[2026-02-19 12:06:51] [INFO] [15%] 다운로드 중: 3.9%...
[2026-02-19 12:06:51] [DEBUG] extract_transcript.py: [YT-DLP DEBUG] [download]   7.8% of    3.20MiB at    5.23MiB/s ETA 00:00
[2026-02-19 12:06:51] [DEBUG] extract_transcript.py: [YT-DLP DOWNLOAD] 진행률: 7.8% | 다운로드: 261,120/3,351,140 bytes | 속도: 5352.7 KB/s
[2026-02-19 12:06:51] [INFO] [16%] 다운로드 중: 7.8%...
[2026-02-19 12:06:51] [DEBUG] extract_transcript.py: [YT-DLP DEBUG] [download]  15.6% of    3.20MiB at    5.81MiB/s ETA 00:00
[2026-02-19 12:06:51] [DEBUG] extract_transcript.py: [YT-DLP DOWNLOAD] 진행률: 15.6% | 다운로드: 523,264/3,351,140 bytes | 속도: 5944.7 KB/s
[2026-02-19 12:06:51] [INFO] [18%] 다운로드 중: 15.6%...
[2026-02-19 12:06:51] [DEBUG] extract_transcript.py: [YT-DLP DEBUG] [download]  31.3% of    3.20MiB at    6.06MiB/s ETA 00:00
[2026-02-19 12:06:51] [DEBUG] extract_transcript.py: [YT-DLP DOWNLOAD] 진행률: 31.3% | 다운로드: 1,047,552/3,351,140 bytes | 속도: 6209.8 KB/s
[2026-02-19 12:06:51] [INFO] [21%] 다운로드 중: 31.3%...
[2026-02-19 12:06:51] [DEBUG] extract_transcript.py: [YT-DLP DEBUG] [download]  62.5% of    3.20MiB at    7.29MiB/s ETA 00:00
[2026-02-19 12:06:51] [DEBUG] extract_transcript.py: [YT-DLP DOWNLOAD] 진행률: 62.5% | 다운로드: 2,096,128/3,351,140 bytes | 속도: 7464.0 KB/s
[2026-02-19 12:06:51] [INFO] [27%] 다운로드 중: 62.5%...
[2026-02-19 12:06:51] [DEBUG] extract_transcript.py: [YT-DLP DEBUG] [download] 100.0% of    3.20MiB at    8.12MiB/s ETA 00:00
[2026-02-19 12:06:51] [DEBUG] extract_transcript.py: [YT-DLP DOWNLOAD] 진행률: 100.0% | 다운로드: 3,351,140/3,351,140 bytes | 속도: 8312.0 KB/s
[2026-02-19 12:06:51] [INFO] [35%] 다운로드 중: 100.0%...
[2026-02-19 12:06:51] [DEBUG] extract_transcript.py: [YT-DLP DEBUG] [download] 100% of    3.20MiB in 00:00:00 at 7.00MiB/s
[2026-02-19 12:06:51] [DEBUG] extract_transcript.py: [YT-DLP DOWNLOAD] ✓ 다운로드 완료!
[2026-02-19 12:06:51] [DEBUG] extract_transcript.py: [YT-DLP DOWNLOAD]    - 파일: Temp_Audio/Gwz82XUqJQU.m4a
[2026-02-19 12:06:51] [DEBUG] extract_transcript.py: [YT-DLP DOWNLOAD]    - 크기: 3,351,140 bytes
[2026-02-19 12:06:51] [DEBUG] extract_transcript.py: [YT-DLP DOWNLOAD]    - 소요시간: 0.46초
[2026-02-19 12:06:51] [DEBUG] extract_transcript.py: [YT-DLP DOWNLOAD]    - 평균 속도: 7166.1 KB/s
[2026-02-19 12:06:51] [DEBUG] extract_transcript.py: ================================================================================
[2026-02-19 12:06:51] [DEBUG] extract_transcript.py: ✅ YT-DLP 다운로드 완료
[2026-02-19 12:06:51] [INFO] [35%] 오디오 다운로드 완료!
[2026-02-19 12:06:51] [DEBUG] extract_transcript.py: ================================================================================
[2026-02-19 12:06:51] [DEBUG] extract_transcript.py: ================================================================================
[2026-02-19 12:06:51] [DEBUG] extract_transcript.py: 🎤 WHISPER AI 음성 인식 상세 로그
[2026-02-19 12:06:51] [DEBUG] extract_transcript.py: ================================================================================
[2026-02-19 12:06:51] [DEBUG] extract_transcript.py: [WHISPER] 📥 모델 로딩 중...
[2026-02-19 12:06:51] [DEBUG] extract_transcript.py: [WHISPER]    - 모델: turbo
[2026-02-19 12:06:51] [DEBUG] extract_transcript.py: [WHISPER]    - 디바이스: CUDA (GPU)
[2026-02-19 12:06:51] [DEBUG] extract_transcript.py: [WHISPER]    - 연산 타입: float16
[2026-02-19 12:06:51] [DEBUG] extract_transcript.py: [WHISPER] ⚙️  Whisper 모델 초기화 중...
[2026-02-19 12:06:51] [DEBUG] extract_transcript.py: [WHISPER] 💾 메모리에 모델 적재 중...
[2026-02-19 12:06:53] [DEBUG] extract_transcript.py: [WHISPER] ⏳ 모델 로딩 진행 중 (2s...)
[2026-02-19 12:06:53] [INFO] [43%] 모델 로딩 중... 2s...
[2026-02-19 12:06:55] [DEBUG] extract_transcript.py: [WHISPER] ✓ 모델 로딩 완료 (소요시간: 4.00초)
[2026-02-19 12:06:55] [DEBUG] extract_transcript.py: [WHISPER] 🔍 오디오 파일 분석 중...
[2026-02-19 12:06:55] [DEBUG] extract_transcript.py: [WHISPER]    - 파일: Temp_Audio/Gwz82XUqJQU.m4a
[2026-02-19 12:06:55] [DEBUG] extract_transcript.py: [WHISPER]    - Beam size: 5
[2026-02-19 12:06:55] [DEBUG] extract_transcript.py: [WHISPER] 🧠 딥러닝 추론 시작...
[2026-02-19 12:06:57] [DEBUG] extract_transcript.py: [MAIN] Exception caught: Library libcublas.so.12 is not found or cannot be loaded
[2026-02-19 12:06:57] [DEBUG] extract_transcript.py: Error: Library libcublas.so.12 is not found or cannot be loaded
[2026-02-19 12:06:58] [INFO] extract_transcript.py completed. Total debug lines: 65
[2026-02-19 12:06:58] [DEBUG] Process return code: 1
[2026-02-19 12:06:58] [ERROR] Extraction process failed with return code 1
[2026-02-19 12:06:58] [ERROR] stderr: 
[2026-02-19 12:06:58] [ERROR] stdout: ERROR

[2026-02-19 12:06:58] [ERROR] ✗ Extraction failed for video Gwz82XUqJQU: Extraction failed: 
Traceback (most recent call last):
  File "/app/Server.py", line 308, in extract_video
    raise Exception(f"Extraction failed: {stderr}")
Exception: Extraction failed: 
