[2026-01-22 11:33:59] [INFO] ================================================================================
[2026-01-22 11:33:59] [INFO] YouTube Script Extractor Server Started
[2026-01-22 11:33:59] [INFO] Log file: /app/Logs/Server_20260122_113359.log
[2026-01-22 11:33:59] [INFO] ================================================================================
[2026-01-22 11:33:59] [INFO] ================================================================================
[2026-01-22 11:33:59] [INFO] YouTube Script Extractor Server Started
[2026-01-22 11:33:59] [INFO] Log file: /app/Logs/Server_20260122_113359.log
[2026-01-22 11:33:59] [INFO] ================================================================================
[2026-01-22 11:34:25] [INFO] Listed 5 scripts
[2026-01-22 11:34:27] [INFO] Listed 5 scripts
[2026-01-22 11:35:07] [INFO] New extraction request: https://youtu.be/p35saSwitQc?si=QrHo2ILYQi_zM_6t
[2026-01-22 11:35:07] [INFO] Extracted video ID: p35saSwitQc
[2026-01-22 11:35:07] [INFO] Starting extraction for video: p35saSwitQc
[2026-01-22 11:35:07] [INFO] Background extraction thread started for video: p35saSwitQc
[2026-01-22 11:35:07] [INFO] [5%] Extracting video information...
[2026-01-22 11:35:07] [DEBUG] Getting video title for: p35saSwitQc
[2026-01-22 11:35:18] [INFO] Video title: "허황된 구호", "절대 못 간다"던 정치인들‥곱버스 투자 개미 곡소리 (2026.01.22/뉴스데스크/MBC)
[2026-01-22 11:35:18] [INFO] [10%] Downloading audio: "허황된 구호", "절대 못 간다"던 정치인들‥곱버스 투자 개미 곡소리 (2026.01.22/뉴스데스크/MBC)...
[2026-01-22 11:35:18] [DEBUG] Starting extract_transcript.py subprocess for: p35saSwitQc
[2026-01-22 11:35:18] [DEBUG] extract_transcript.py: [MAIN] Calling extract_transcript_whisper for video: p35saSwitQc
[2026-01-22 11:35:18] [DEBUG] extract_transcript.py: ================================================================================
[2026-01-22 11:35:18] [DEBUG] extract_transcript.py: 📹 YT-DLP 오디오 다운로드 시작
[2026-01-22 11:35:18] [INFO] [15%] Downloading audio from YouTube...
[2026-01-22 11:35:18] [DEBUG] extract_transcript.py: ================================================================================
[2026-01-22 11:35:18] [DEBUG] extract_transcript.py: [YT-DLP] URL: https://www.youtube.com/watch?v=p35saSwitQc
[2026-01-22 11:35:18] [DEBUG] extract_transcript.py: [YT-DLP WARNING] ⚠️  Deprecated Feature: Support for Python version 3.9 has been deprecated. Please update to Python 3.10 or above
[2026-01-22 11:35:18] [DEBUG] extract_transcript.py: [YT-DLP ERROR] ❌ Deprecated Feature: Support for Python version 3.9 has been deprecated. Please update to Python 3.10 or above
[2026-01-22 11:35:19] [DEBUG] extract_transcript.py: [YT-DLP DEBUG] [youtube] Extracting URL: https://www.youtube.com/watch?v=p35saSwitQc
[2026-01-22 11:35:19] [DEBUG] extract_transcript.py: [YT-DLP DEBUG] [youtube] p35saSwitQc: Downloading webpage
[2026-01-22 11:35:20] [DEBUG] extract_transcript.py: [YT-DLP DEBUG] [youtube] p35saSwitQc: Downloading android player API JSON
[2026-01-22 11:35:20] [DEBUG] extract_transcript.py: [YT-DLP WARNING] ⚠️  [youtube] p35saSwitQc: android client https formats require a GVS PO Token which was not provided. They will be skipped as they may yield HTTP Error 403. You can manually pass a GVS PO Token for this client with --extractor-args "youtube:po_token=android.gvs+XXX". For more information, refer to  https://github.com/yt-dlp/yt-dlp/wiki/PO-Token-Guide
[2026-01-22 11:35:20] [DEBUG] extract_transcript.py: [YT-DLP WARNING] ⚠️  [youtube] p35saSwitQc: Some web client https formats have been skipped as they are missing a url. YouTube is forcing SABR streaming for this client. See  https://github.com/yt-dlp/yt-dlp/issues/12482  for more details
[2026-01-22 11:35:20] [DEBUG] extract_transcript.py: [YT-DLP DEBUG] [info] p35saSwitQc: Downloading 1 format(s): 18
[2026-01-22 11:35:20] [DEBUG] extract_transcript.py: [YT-DLP DEBUG] [download] Sleeping 6.00 seconds as required by the site...
[2026-01-22 11:35:24] [INFO] Listed 5 scripts
[2026-01-22 11:35:26] [DEBUG] extract_transcript.py: [YT-DLP DEBUG] [download] Destination: Temp_Audio/p35saSwitQc.m4a
[2026-01-22 11:35:26] [DEBUG] extract_transcript.py: [YT-DLP DEBUG] [download]   0.0% of    7.70MiB at   88.12KiB/s ETA 01:29
[2026-01-22 11:35:26] [DEBUG] extract_transcript.py: [YT-DLP DOWNLOAD] 진행률: 0.0% | 다운로드: 1,024/8,073,281 bytes | 속도: 88.1 KB/s | 남은시간: 89초
[2026-01-22 11:35:26] [INFO] [15%] Downloading: 0.0%...
[2026-01-22 11:35:26] [DEBUG] extract_transcript.py: [YT-DLP DEBUG] [download]   0.0% of    7.70MiB at  256.79KiB/s ETA 00:30
[2026-01-22 11:35:26] [DEBUG] extract_transcript.py: [YT-DLP DOWNLOAD] 진행률: 0.0% | 다운로드: 3,072/8,073,281 bytes | 속도: 256.8 KB/s | 남은시간: 30초
[2026-01-22 11:35:26] [INFO] [15%] Downloading: 0.0%...
[2026-01-22 11:35:26] [DEBUG] extract_transcript.py: [YT-DLP DEBUG] [download]   0.1% of    7.70MiB at  572.97KiB/s ETA 00:13
[2026-01-22 11:35:26] [DEBUG] extract_transcript.py: [YT-DLP DOWNLOAD] 진행률: 0.1% | 다운로드: 7,168/8,073,281 bytes | 속도: 573.0 KB/s | 남은시간: 13초
[2026-01-22 11:35:26] [INFO] [15%] Downloading: 0.1%...
[2026-01-22 11:35:26] [DEBUG] extract_transcript.py: [YT-DLP DEBUG] [download]   0.2% of    7.70MiB at    1.13MiB/s ETA 00:06
[2026-01-22 11:35:26] [DEBUG] extract_transcript.py: [YT-DLP DOWNLOAD] 진행률: 0.2% | 다운로드: 15,360/8,073,281 bytes | 속도: 1156.6 KB/s | 남은시간: 6초
[2026-01-22 11:35:26] [INFO] [15%] Downloading: 0.2%...
[2026-01-22 11:35:26] [DEBUG] extract_transcript.py: [YT-DLP DEBUG] [download]   0.4% of    7.70MiB at    2.24MiB/s ETA 00:03
[2026-01-22 11:35:26] [DEBUG] extract_transcript.py: [YT-DLP DOWNLOAD] 진행률: 0.4% | 다운로드: 31,744/8,073,281 bytes | 속도: 2298.9 KB/s | 남은시간: 3초
[2026-01-22 11:35:26] [INFO] [15%] Downloading: 0.4%...
[2026-01-22 11:35:26] [DEBUG] extract_transcript.py: [YT-DLP DEBUG] [download]   0.8% of    7.70MiB at    4.43MiB/s ETA 00:01
[2026-01-22 11:35:26] [DEBUG] extract_transcript.py: [YT-DLP DOWNLOAD] 진행률: 0.8% | 다운로드: 64,512/8,073,281 bytes | 속도: 4537.6 KB/s | 남은시간: 1초
[2026-01-22 11:35:26] [INFO] [15%] Downloading: 0.8%...
[2026-01-22 11:35:26] [DEBUG] extract_transcript.py: [YT-DLP DEBUG] [download]   1.6% of    7.70MiB at    6.71MiB/s ETA 00:01
[2026-01-22 11:35:26] [DEBUG] extract_transcript.py: [YT-DLP DOWNLOAD] 진행률: 1.6% | 다운로드: 130,048/8,073,281 bytes | 속도: 6875.0 KB/s | 남은시간: 1초
[2026-01-22 11:35:26] [INFO] [15%] Downloading: 1.6%...
[2026-01-22 11:35:26] [DEBUG] extract_transcript.py: [YT-DLP DEBUG] [download]   3.2% of    7.70MiB at    8.38MiB/s ETA 00:00
[2026-01-22 11:35:26] [DEBUG] extract_transcript.py: [YT-DLP DOWNLOAD] 진행률: 3.2% | 다운로드: 261,120/8,073,281 bytes | 속도: 8576.7 KB/s
[2026-01-22 11:35:26] [INFO] [15%] Downloading: 3.2%...
[2026-01-22 11:35:26] [DEBUG] extract_transcript.py: [YT-DLP DEBUG] [download]   6.5% of    7.70MiB at    8.78MiB/s ETA 00:00
[2026-01-22 11:35:26] [DEBUG] extract_transcript.py: [YT-DLP DOWNLOAD] 진행률: 6.5% | 다운로드: 523,264/8,073,281 bytes | 속도: 8995.0 KB/s
[2026-01-22 11:35:26] [INFO] [16%] Downloading: 6.5%...
[2026-01-22 11:35:26] [DEBUG] extract_transcript.py: [YT-DLP DEBUG] [download]  13.0% of    7.70MiB at   10.76MiB/s ETA 00:00
[2026-01-22 11:35:26] [DEBUG] extract_transcript.py: [YT-DLP DOWNLOAD] 진행률: 13.0% | 다운로드: 1,047,552/8,073,281 bytes | 속도: 11013.4 KB/s
[2026-01-22 11:35:26] [INFO] [17%] Downloading: 13.0%...
[2026-01-22 11:35:27] [DEBUG] extract_transcript.py: [YT-DLP DEBUG] [download]  26.0% of    7.70MiB at   11.08MiB/s ETA 00:00
[2026-01-22 11:35:27] [DEBUG] extract_transcript.py: [YT-DLP DOWNLOAD] 진행률: 26.0% | 다운로드: 2,096,128/8,073,281 bytes | 속도: 11343.8 KB/s
[2026-01-22 11:35:27] [INFO] [20%] Downloading: 26.0%...
[2026-01-22 11:35:27] [DEBUG] extract_transcript.py: [YT-DLP DEBUG] [download]  51.9% of    7.70MiB at   11.60MiB/s ETA 00:00
[2026-01-22 11:35:27] [DEBUG] extract_transcript.py: [YT-DLP DOWNLOAD] 진행률: 51.9% | 다운로드: 4,193,280/8,073,281 bytes | 속도: 11880.1 KB/s
[2026-01-22 11:35:27] [INFO] [25%] Downloading: 51.9%...
[2026-01-22 11:35:27] [DEBUG] extract_transcript.py: [YT-DLP DEBUG] [download] 100.0% of    7.70MiB at   12.16MiB/s ETA 00:00
[2026-01-22 11:35:27] [DEBUG] extract_transcript.py: [YT-DLP DOWNLOAD] 진행률: 100.0% | 다운로드: 8,073,281/8,073,281 bytes | 속도: 12449.7 KB/s
[2026-01-22 11:35:27] [INFO] [35%] Downloading: 100.0%...
[2026-01-22 11:35:27] [DEBUG] extract_transcript.py: [YT-DLP DEBUG] [download] 100% of    7.70MiB in 00:00:00 at 11.54MiB/s
[2026-01-22 11:35:27] [DEBUG] extract_transcript.py: [YT-DLP DOWNLOAD] ✓ 다운로드 완료!
[2026-01-22 11:35:27] [DEBUG] extract_transcript.py: [YT-DLP DOWNLOAD]    - 파일: Temp_Audio/p35saSwitQc.m4a
[2026-01-22 11:35:27] [DEBUG] extract_transcript.py: [YT-DLP DOWNLOAD]    - 크기: 8,073,281 bytes
[2026-01-22 11:35:27] [DEBUG] extract_transcript.py: [YT-DLP DOWNLOAD]    - 소요시간: 0.67초
[2026-01-22 11:35:27] [DEBUG] extract_transcript.py: [YT-DLP DOWNLOAD]    - 평균 속도: 11816.0 KB/s
[2026-01-22 11:35:27] [DEBUG] extract_transcript.py: ================================================================================
[2026-01-22 11:35:27] [DEBUG] extract_transcript.py: ✅ YT-DLP 다운로드 완료
[2026-01-22 11:35:27] [INFO] [35%] Audio download completed!
[2026-01-22 11:35:27] [DEBUG] extract_transcript.py: ================================================================================
[2026-01-22 11:35:27] [DEBUG] extract_transcript.py: ================================================================================
[2026-01-22 11:35:27] [DEBUG] extract_transcript.py: 🎤 WHISPER AI 음성 인식 상세 로그
[2026-01-22 11:35:27] [DEBUG] extract_transcript.py: ================================================================================
[2026-01-22 11:35:27] [DEBUG] extract_transcript.py: [WHISPER] 📥 모델 로딩 중...
[2026-01-22 11:35:27] [DEBUG] extract_transcript.py: [WHISPER]    - 모델: turbo
[2026-01-22 11:35:27] [DEBUG] extract_transcript.py: [WHISPER]    - 디바이스: CPU
[2026-01-22 11:35:27] [DEBUG] extract_transcript.py: [WHISPER]    - 연산 타입: int8
[2026-01-22 11:35:31] [DEBUG] extract_transcript.py: Warning: You are sending unauthenticated requests to the HF Hub. Please set a HF_TOKEN to enable higher rate limits and faster downloads.
[2026-01-22 11:35:48] [INFO] Listed 5 scripts
[2026-01-22 11:36:31] [INFO] Listed 5 scripts
[2026-01-22 11:36:59] [INFO] Listed 5 scripts
[2026-01-22 11:37:04] [DEBUG] extract_transcript.py: [WHISPER] ✓ 모델 로딩 완료 (소요시간: 96.69초)
[2026-01-22 11:37:04] [DEBUG] extract_transcript.py: [WHISPER] 🔍 오디오 파일 분석 중...
[2026-01-22 11:37:04] [DEBUG] extract_transcript.py: [WHISPER]    - 파일: Temp_Audio/p35saSwitQc.m4a
[2026-01-22 11:37:04] [DEBUG] extract_transcript.py: [WHISPER]    - Beam size: 5
[2026-01-22 11:37:08] [DEBUG] extract_transcript.py: [WHISPER] ✓ 오디오 분석 완료
[2026-01-22 11:37:08] [DEBUG] extract_transcript.py: [WHISPER]    - 감지된 언어: ko
[2026-01-22 11:37:08] [DEBUG] extract_transcript.py: [WHISPER]    - 언어 확률: 0.9986 (99.86%)
[2026-01-22 11:37:08] [DEBUG] extract_transcript.py: [WHISPER]    - 예상 총 길이: 171.78초
[2026-01-22 11:37:08] [DEBUG] extract_transcript.py: [WHISPER] 📝 세그먼트 처리 시작...
[2026-01-22 11:37:08] [DEBUG] extract_transcript.py: --------------------------------------------------------------------------------
[2026-01-22 11:37:14] [DEBUG] extract_transcript.py: [WHISPER] Segment #001
[2026-01-22 11:37:14] [INFO] [60%] Processing segment #1...
[2026-01-22 11:37:14] [DEBUG] extract_transcript.py: ⏱️  시간: 0.00s ~ 1.50s (길이: 1.50s)
[2026-01-22 11:37:14] [DEBUG] extract_transcript.py: 📄 텍스트: 그런데 기억하십니까?
[2026-01-22 11:37:14] [DEBUG] extract_transcript.py: 📊 문자수: 11 chars
[2026-01-22 11:37:14] [DEBUG] extract_transcript.py: 🎯 평균 확률: -0.0984
[2026-01-22 11:37:14] [DEBUG] extract_transcript.py: 🔇 No-speech 확률: 0.0000
[2026-01-22 11:37:14] [DEBUG] extract_transcript.py: --------------------------------------------------------------------------------
[2026-01-22 11:37:14] [DEBUG] extract_transcript.py: [WHISPER] Segment #002
[2026-01-22 11:37:14] [INFO] [60%] Processing segment #2...
[2026-01-22 11:37:14] [DEBUG] extract_transcript.py: ⏱️  시간: 1.64s ~ 5.88s (길이: 4.24s)
[2026-01-22 11:37:14] [DEBUG] extract_transcript.py: 📄 텍스트: 대선 후보 시절 이재명 대통령이 코스피 5천 구호를 목표로 제시할 때부터
[2026-01-22 11:37:14] [DEBUG] extract_transcript.py: 📊 문자수: 40 chars
[2026-01-22 11:37:14] [DEBUG] extract_transcript.py: 🎯 평균 확률: -0.0984
[2026-01-22 11:37:14] [DEBUG] extract_transcript.py: 🔇 No-speech 확률: 0.0000
[2026-01-22 11:37:14] [DEBUG] extract_transcript.py: --------------------------------------------------------------------------------
[2026-01-22 11:37:14] [DEBUG] extract_transcript.py: [WHISPER] Segment #003
[2026-01-22 11:37:14] [INFO] [60%] Processing segment #3...
[2026-01-22 11:37:14] [DEBUG] extract_transcript.py: ⏱️  시간: 5.88s ~ 10.66s (길이: 4.78s)
[2026-01-22 11:37:14] [DEBUG] extract_transcript.py: 📄 텍스트: 정치권 등지에서는 허황된 구호라며 조롱 섞인 비난이 쏟아졌습니다.
[2026-01-22 11:37:14] [DEBUG] extract_transcript.py: 📊 문자수: 36 chars
[2026-01-22 11:37:14] [DEBUG] extract_transcript.py: 🎯 평균 확률: -0.0984
[2026-01-22 11:37:14] [DEBUG] extract_transcript.py: 🔇 No-speech 확률: 0.0000
[2026-01-22 11:37:14] [DEBUG] extract_transcript.py: --------------------------------------------------------------------------------
[2026-01-22 11:37:14] [DEBUG] extract_transcript.py: [WHISPER] Segment #004
[2026-01-22 11:37:14] [INFO] [61%] Processing segment #4...
[2026-01-22 11:37:14] [DEBUG] extract_transcript.py: ⏱️  시간: 11.30s ~ 15.60s (길이: 4.30s)
[2026-01-22 11:37:14] [DEBUG] extract_transcript.py: 📄 텍스트: 오차는 절대 불가능하다면서 훈수를 두는 정치인들도 있었고 그런 이들을
[2026-01-22 11:37:14] [DEBUG] extract_transcript.py: 📊 문자수: 38 chars
[2026-01-22 11:37:14] [DEBUG] extract_transcript.py: 🎯 평균 확률: -0.0984
[2026-01-22 11:37:14] [DEBUG] extract_transcript.py: 🔇 No-speech 확률: 0.0000
[2026-01-22 11:37:14] [DEBUG] extract_transcript.py: --------------------------------------------------------------------------------
[2026-01-22 11:37:14] [DEBUG] extract_transcript.py: [WHISPER] Segment #005
[2026-01-22 11:37:14] [INFO] [61%] Processing segment #5...
[2026-01-22 11:37:14] [DEBUG] extract_transcript.py: ⏱️  시간: 15.60s ~ 18.36s (길이: 2.76s)
[2026-01-22 11:37:14] [DEBUG] extract_transcript.py: 📄 텍스트: 믿고 주가 하락에 베팅한 사람들도 있었겠죠.
[2026-01-22 11:37:14] [DEBUG] extract_transcript.py: 📊 문자수: 24 chars
[2026-01-22 11:37:14] [DEBUG] extract_transcript.py: 🎯 평균 확률: -0.0984
[2026-01-22 11:37:14] [DEBUG] extract_transcript.py: 🔇 No-speech 확률: 0.0000
[2026-01-22 11:37:14] [DEBUG] extract_transcript.py: --------------------------------------------------------------------------------
[2026-01-22 11:37:14] [DEBUG] extract_transcript.py: [WHISPER] Segment #006
[2026-01-22 11:37:14] [INFO] [61%] Processing segment #6...
[2026-01-22 11:37:14] [DEBUG] extract_transcript.py: ⏱️  시간: 19.00s ~ 23.28s (길이: 4.28s)
[2026-01-22 11:37:14] [DEBUG] extract_transcript.py: 📄 텍스트: 하지만 이 대통령의 목표대로 임기 시작 불교 7개월여 만에 코스피 5천이
[2026-01-22 11:37:14] [DEBUG] extract_transcript.py: 📊 문자수: 40 chars
[2026-01-22 11:37:14] [DEBUG] extract_transcript.py: 🎯 평균 확률: -0.0984
[2026-01-22 11:37:14] [DEBUG] extract_transcript.py: 🔇 No-speech 확률: 0.0000
[2026-01-22 11:37:14] [DEBUG] extract_transcript.py: --------------------------------------------------------------------------------
[2026-01-22 11:37:14] [DEBUG] extract_transcript.py: [WHISPER] Segment #007
[2026-01-22 11:37:14] [INFO] [61%] Processing segment #7...
[2026-01-22 11:37:14] [DEBUG] extract_transcript.py: ⏱️  시간: 23.28s ~ 26.06s (길이: 2.78s)
[2026-01-22 11:37:14] [DEBUG] extract_transcript.py: 📄 텍스트: 현실화된 지금 이들은 무슨 말을 할 수 있을까요?
[2026-01-22 11:37:14] [DEBUG] extract_transcript.py: 📊 문자수: 27 chars
[2026-01-22 11:37:14] [DEBUG] extract_transcript.py: 🎯 평균 확률: -0.0984
[2026-01-22 11:37:14] [DEBUG] extract_transcript.py: 🔇 No-speech 확률: 0.0000
[2026-01-22 11:37:14] [DEBUG] extract_transcript.py: --------------------------------------------------------------------------------
[2026-01-22 11:37:14] [DEBUG] extract_transcript.py: [WHISPER] Segment #008
[2026-01-22 11:37:14] [INFO] [62%] Processing segment #8...
[2026-01-22 11:37:14] [DEBUG] extract_transcript.py: ⏱️  시간: 26.06s ~ 27.84s (길이: 1.78s)
[2026-01-22 11:37:14] [DEBUG] extract_transcript.py: 📄 텍스트: 남효정 기자가 보도합니다.
[2026-01-22 11:37:14] [DEBUG] extract_transcript.py: 📊 문자수: 14 chars
[2026-01-22 11:37:14] [DEBUG] extract_transcript.py: 🎯 평균 확률: -0.0984
[2026-01-22 11:37:14] [DEBUG] extract_transcript.py: 🔇 No-speech 확률: 0.0000
[2026-01-22 11:37:14] [DEBUG] extract_transcript.py: --------------------------------------------------------------------------------
[2026-01-22 11:37:19] [DEBUG] extract_transcript.py: [WHISPER] Segment #009
[2026-01-22 11:37:19] [INFO] [62%] Processing segment #9...
[2026-01-22 11:37:19] [DEBUG] extract_transcript.py: ⏱️  시간: 30.00s ~ 35.08s (길이: 5.08s)
[2026-01-22 11:37:19] [DEBUG] extract_transcript.py: 📄 텍스트: 코스피 5천을 처음 꺼낸 대통령은 대선 후보 시절 이명박 전 대통령입니다.
[2026-01-22 11:37:19] [DEBUG] extract_transcript.py: 📊 문자수: 41 chars
[2026-01-22 11:37:19] [DEBUG] extract_transcript.py: 🎯 평균 확률: -0.1331
[2026-01-22 11:37:19] [DEBUG] extract_transcript.py: 🔇 No-speech 확률: 0.0000
[2026-01-22 11:37:19] [DEBUG] extract_transcript.py: --------------------------------------------------------------------------------
[2026-01-22 11:37:19] [DEBUG] extract_transcript.py: [WHISPER] Segment #010
[2026-01-22 11:37:19] [INFO] [62%] Processing segment #10...
[2026-01-22 11:37:19] [DEBUG] extract_transcript.py: ⏱️  시간: 36.06s ~ 40.20s (길이: 4.14s)
[2026-01-22 11:37:19] [DEBUG] extract_transcript.py: 📄 텍스트: 무려 19년 전 코스피가 2천 포인트를 갓 돌파한 시점이었습니다.
[2026-01-22 11:37:19] [DEBUG] extract_transcript.py: 📊 문자수: 36 chars
[2026-01-22 11:37:19] [DEBUG] extract_transcript.py: 🎯 평균 확률: -0.1331
[2026-01-22 11:37:19] [DEBUG] extract_transcript.py: 🔇 No-speech 확률: 0.0000
[2026-01-22 11:37:19] [DEBUG] extract_transcript.py: --------------------------------------------------------------------------------
[2026-01-22 11:37:19] [DEBUG] extract_transcript.py: [WHISPER] Segment #011
[2026-01-22 11:37:19] [INFO] [62%] Processing segment #11...
[2026-01-22 11:37:19] [DEBUG] extract_transcript.py: ⏱️  시간: 51.70s ~ 57.98s (길이: 6.28s)
[2026-01-22 11:37:19] [DEBUG] extract_transcript.py: 📄 텍스트: 이명박 전 대통령 재임 당시 코스피는 최고가 2230일, 퇴임할 땐
[2026-01-22 11:37:19] [DEBUG] extract_transcript.py: 📊 문자수: 37 chars
[2026-01-22 11:37:19] [DEBUG] extract_transcript.py: 🎯 평균 확률: -0.1331
[2026-01-22 11:37:19] [DEBUG] extract_transcript.py: 🔇 No-speech 확률: 0.0000
[2026-01-22 11:37:19] [DEBUG] extract_transcript.py: --------------------------------------------------------------------------------
[2026-01-22 11:37:24] [DEBUG] extract_transcript.py: [WHISPER] Segment #012
[2026-01-22 11:37:24] [INFO] [63%] Processing segment #12...
[2026-01-22 11:37:24] [DEBUG] extract_transcript.py: ⏱️  시간: 57.98s ~ 59.54s (길이: 1.56s)
[2026-01-22 11:37:24] [DEBUG] extract_transcript.py: 📄 텍스트: 2018에 불과했습니다.
[2026-01-22 11:37:24] [DEBUG] extract_transcript.py: 📊 문자수: 13 chars
[2026-01-22 11:37:24] [DEBUG] extract_transcript.py: 🎯 평균 확률: -0.2981
[2026-01-22 11:37:24] [DEBUG] extract_transcript.py: 🔇 No-speech 확률: 0.0000
[2026-01-22 11:37:24] [DEBUG] extract_transcript.py: --------------------------------------------------------------------------------
[2026-01-22 11:37:24] [DEBUG] extract_transcript.py: [WHISPER] Segment #013
[2026-01-22 11:37:24] [INFO] [63%] Processing segment #13...
[2026-01-22 11:37:24] [DEBUG] extract_transcript.py: ⏱️  시간: 59.54s ~ 65.86s (길이: 6.32s)
[2026-01-22 11:37:24] [DEBUG] extract_transcript.py: 📄 텍스트: 지난 2021년 이재명 당시 대선 후보가 코스피 5천을 다시 꺼내들자 조롱이
[2026-01-22 11:37:24] [DEBUG] extract_transcript.py: 📊 문자수: 42 chars
[2026-01-22 11:37:24] [DEBUG] extract_transcript.py: 🎯 평균 확률: -0.2981
[2026-01-22 11:37:24] [DEBUG] extract_transcript.py: 🔇 No-speech 확률: 0.0000
[2026-01-22 11:37:24] [DEBUG] extract_transcript.py: --------------------------------------------------------------------------------
[2026-01-22 11:37:24] [DEBUG] extract_transcript.py: [WHISPER] Segment #014
[2026-01-22 11:37:24] [INFO] [63%] Processing segment #14...
[2026-01-22 11:37:24] [DEBUG] extract_transcript.py: ⏱️  시간: 65.86s ~ 66.64s (길이: 0.78s)
[2026-01-22 11:37:24] [DEBUG] extract_transcript.py: 📄 텍스트: 쏟아졌습니다.
[2026-01-22 11:37:24] [DEBUG] extract_transcript.py: 📊 문자수: 7 chars
[2026-01-22 11:37:24] [DEBUG] extract_transcript.py: 🎯 평균 확률: -0.2981
[2026-01-22 11:37:24] [DEBUG] extract_transcript.py: 🔇 No-speech 확률: 0.0000
[2026-01-22 11:37:24] [DEBUG] extract_transcript.py: --------------------------------------------------------------------------------
[2026-01-22 11:37:29] [DEBUG] extract_transcript.py: [WHISPER] Segment #015
[2026-01-22 11:37:29] [INFO] [63%] Processing segment #15...
[2026-01-22 11:37:29] [DEBUG] extract_transcript.py: ⏱️  시간: 66.64s ~ 80.12s (길이: 13.48s)
[2026-01-22 11:37:29] [DEBUG] extract_transcript.py: 📄 텍스트: 대선 후보 토론회 때도 냉소가난무했습니다.
[2026-01-22 11:37:29] [DEBUG] extract_transcript.py: 📊 문자수: 23 chars
[2026-01-22 11:37:29] [DEBUG] extract_transcript.py: 🎯 평균 확률: -0.4534
[2026-01-22 11:37:29] [DEBUG] extract_transcript.py: 🔇 No-speech 확률: 0.0000
[2026-01-22 11:37:29] [DEBUG] extract_transcript.py: --------------------------------------------------------------------------------
[2026-01-22 11:37:33] [DEBUG] extract_transcript.py: [WHISPER] Segment #016
[2026-01-22 11:37:33] [INFO] [64%] Processing segment #16...
[2026-01-22 11:37:33] [DEBUG] extract_transcript.py: ⏱️  시간: 80.12s ~ 87.00s (길이: 6.88s)
[2026-01-22 11:37:33] [DEBUG] extract_transcript.py: 📄 텍스트: 이재명 후보께서 예전에 주식을 처음 경험하실 때 조금 친구분의 권위나
[2026-01-22 11:37:33] [DEBUG] extract_transcript.py: 📊 문자수: 38 chars
[2026-01-22 11:37:33] [DEBUG] extract_transcript.py: 🎯 평균 확률: -0.3229
[2026-01-22 11:37:33] [DEBUG] extract_transcript.py: 🔇 No-speech 확률: 0.0000
[2026-01-22 11:37:33] [DEBUG] extract_transcript.py: --------------------------------------------------------------------------------
[2026-01-22 11:37:33] [DEBUG] extract_transcript.py: [WHISPER] Segment #017
[2026-01-22 11:37:33] [INFO] [64%] Processing segment #17...
[2026-01-22 11:37:33] [DEBUG] extract_transcript.py: ⏱️  시간: 87.04s ~ 90.00s (길이: 2.96s)
[2026-01-22 11:37:33] [DEBUG] extract_transcript.py: 📄 텍스트: 이런 거로 작전주로 경험을 하셨다고 본인이 얘기하신 바가 있거든요.
[2026-01-22 11:37:33] [DEBUG] extract_transcript.py: 📊 문자수: 37 chars
[2026-01-22 11:37:33] [DEBUG] extract_transcript.py: 🎯 평균 확률: -0.3229
[2026-01-22 11:37:33] [DEBUG] extract_transcript.py: 🔇 No-speech 확률: 0.0000
[2026-01-22 11:37:33] [DEBUG] extract_transcript.py: --------------------------------------------------------------------------------
[2026-01-22 11:37:38] [DEBUG] extract_transcript.py: [WHISPER] Segment #018
[2026-01-22 11:37:38] [INFO] [64%] Processing segment #18...
[2026-01-22 11:37:38] [DEBUG] extract_transcript.py: ⏱️  시간: 90.00s ~ 93.36s (길이: 3.36s)
[2026-01-22 11:37:38] [DEBUG] extract_transcript.py: 📄 텍스트: 그래가지고 이런 걸 너무 가볍게 생각하시는 게 아닌가 좀.
[2026-01-22 11:37:38] [DEBUG] extract_transcript.py: 📊 문자수: 32 chars
[2026-01-22 11:37:38] [DEBUG] extract_transcript.py: 🎯 평균 확률: -0.2667
[2026-01-22 11:37:38] [DEBUG] extract_transcript.py: 🔇 No-speech 확률: 0.0000
[2026-01-22 11:37:38] [DEBUG] extract_transcript.py: --------------------------------------------------------------------------------
[2026-01-22 11:37:38] [DEBUG] extract_transcript.py: [WHISPER] Segment #019
[2026-01-22 11:37:38] [INFO] [64%] Processing segment #19...
[2026-01-22 11:37:38] [DEBUG] extract_transcript.py: ⏱️  시간: 94.22s ~ 98.60s (길이: 4.38s)
[2026-01-22 11:37:38] [DEBUG] extract_transcript.py: 📄 텍스트: 당시만 해도 코스피가 2천5백에서 2천6백 선을 오가던 때였습니다.
[2026-01-22 11:37:38] [DEBUG] extract_transcript.py: 📊 문자수: 37 chars
[2026-01-22 11:37:38] [DEBUG] extract_transcript.py: 🎯 평균 확률: -0.2667
[2026-01-22 11:37:38] [DEBUG] extract_transcript.py: 🔇 No-speech 확률: 0.0000
[2026-01-22 11:37:38] [DEBUG] extract_transcript.py: --------------------------------------------------------------------------------
[2026-01-22 11:37:43] [DEBUG] extract_transcript.py: [WHISPER] Segment #020
[2026-01-22 11:37:43] [INFO] [65%] Processing segment #20...
[2026-01-22 11:37:43] [DEBUG] extract_transcript.py: ⏱️  시간: 98.60s ~ 116.26s (길이: 17.66s)
[2026-01-22 11:37:43] [DEBUG] extract_transcript.py: 📄 텍스트: 이재명 후보가 코스피 5천시대라는 허황된 구호를 외치고 있습니다.
[2026-01-22 11:37:43] [DEBUG] extract_transcript.py: 📊 문자수: 36 chars
[2026-01-22 11:37:43] [DEBUG] extract_transcript.py: 🎯 평균 확률: -0.2946
[2026-01-22 11:37:43] [DEBUG] extract_transcript.py: 🔇 No-speech 확률: 0.0000
[2026-01-22 11:37:43] [DEBUG] extract_transcript.py: --------------------------------------------------------------------------------
[2026-01-22 11:37:43] [DEBUG] extract_transcript.py: [WHISPER] Segment #021
[2026-01-22 11:37:43] [INFO] [65%] Processing segment #21...
[2026-01-22 11:37:43] [DEBUG] extract_transcript.py: ⏱️  시간: 116.86s ~ 118.50s (길이: 1.64s)
[2026-01-22 11:37:43] [DEBUG] extract_transcript.py: 📄 텍스트: 마치 심리로 갔습니다.
[2026-01-22 11:37:43] [DEBUG] extract_transcript.py: 📊 문자수: 12 chars
[2026-01-22 11:37:43] [DEBUG] extract_transcript.py: 🎯 평균 확률: -0.2946
[2026-01-22 11:37:43] [DEBUG] extract_transcript.py: 🔇 No-speech 확률: 0.0000
[2026-01-22 11:37:43] [DEBUG] extract_transcript.py: --------------------------------------------------------------------------------
[2026-01-22 11:37:48] [DEBUG] extract_transcript.py: [WHISPER] Segment #022
[2026-01-22 11:37:48] [INFO] [65%] Processing segment #22...
[2026-01-22 11:37:48] [DEBUG] extract_transcript.py: ⏱️  시간: 118.50s ~ 123.98s (길이: 5.48s)
[2026-01-22 11:37:48] [DEBUG] extract_transcript.py: 📄 텍스트: 이재명 대통령 취임 이후 3천2백에서 100포인트가 떨어지자
[2026-01-22 11:37:48] [DEBUG] extract_transcript.py: 📊 문자수: 33 chars
[2026-01-22 11:37:48] [DEBUG] extract_transcript.py: 🎯 평균 확률: -0.1764
[2026-01-22 11:37:48] [DEBUG] extract_transcript.py: 🔇 No-speech 확률: 0.0000
[2026-01-22 11:37:48] [DEBUG] extract_transcript.py: --------------------------------------------------------------------------------
[2026-01-22 11:37:48] [DEBUG] extract_transcript.py: [WHISPER] Segment #023
[2026-01-22 11:37:48] [INFO] [65%] Processing segment #23...
[2026-01-22 11:37:48] [DEBUG] extract_transcript.py: ⏱️  시간: 123.98s ~ 127.38s (길이: 3.40s)
[2026-01-22 11:37:48] [DEBUG] extract_transcript.py: 📄 텍스트: 야권 정치인들은 정신 차리라고 혼수를 뒀습니다.
[2026-01-22 11:37:48] [DEBUG] extract_transcript.py: 📊 문자수: 26 chars
[2026-01-22 11:37:48] [DEBUG] extract_transcript.py: 🎯 평균 확률: -0.1764
[2026-01-22 11:37:48] [DEBUG] extract_transcript.py: 🔇 No-speech 확률: 0.0000
[2026-01-22 11:37:48] [DEBUG] extract_transcript.py: --------------------------------------------------------------------------------
[2026-01-22 11:37:48] [DEBUG] extract_transcript.py: [WHISPER] Segment #024
[2026-01-22 11:37:48] [INFO] [66%] Processing segment #24...
[2026-01-22 11:37:48] [DEBUG] extract_transcript.py: ⏱️  시간: 127.90s ~ 130.34s (길이: 2.44s)
[2026-01-22 11:37:48] [DEBUG] extract_transcript.py: 📄 텍스트: 초반에 운 좋게 돈을 벌면 사람은 흥분합니다.
[2026-01-22 11:37:48] [DEBUG] extract_transcript.py: 📊 문자수: 25 chars
[2026-01-22 11:37:48] [DEBUG] extract_transcript.py: 🎯 평균 확률: -0.1764
[2026-01-22 11:37:48] [DEBUG] extract_transcript.py: 🔇 No-speech 확률: 0.0000
[2026-01-22 11:37:48] [DEBUG] extract_transcript.py: --------------------------------------------------------------------------------
[2026-01-22 11:37:48] [DEBUG] extract_transcript.py: [WHISPER] Segment #025
[2026-01-22 11:37:48] [INFO] [66%] Processing segment #25...
[2026-01-22 11:37:48] [DEBUG] extract_transcript.py: ⏱️  시간: 130.68s ~ 133.44s (길이: 2.76s)
[2026-01-22 11:37:48] [DEBUG] extract_transcript.py: 📄 텍스트: 브릭 불린 차처럼 폭주하다가 크게 망할 수 있습니다.
[2026-01-22 11:37:48] [DEBUG] extract_transcript.py: 📊 문자수: 29 chars
[2026-01-22 11:37:48] [DEBUG] extract_transcript.py: 🎯 평균 확률: -0.1764
[2026-01-22 11:37:48] [DEBUG] extract_transcript.py: 🔇 No-speech 확률: 0.0000
[2026-01-22 11:37:48] [DEBUG] extract_transcript.py: --------------------------------------------------------------------------------
[2026-01-22 11:37:48] [DEBUG] extract_transcript.py: [WHISPER] Segment #026
[2026-01-22 11:37:48] [INFO] [66%] Processing segment #26...
[2026-01-22 11:37:48] [DEBUG] extract_transcript.py: ⏱️  시간: 134.02s ~ 136.60s (길이: 2.58s)
[2026-01-22 11:37:48] [DEBUG] extract_transcript.py: 📄 텍스트: 코스피가 어디까지 빠져야 정치인을 차리실 겁니까?
[2026-01-22 11:37:48] [DEBUG] extract_transcript.py: 📊 문자수: 27 chars
[2026-01-22 11:37:48] [DEBUG] extract_transcript.py: 🎯 평균 확률: -0.1764
[2026-01-22 11:37:48] [DEBUG] extract_transcript.py: 🔇 No-speech 확률: 0.0000
[2026-01-22 11:37:48] [DEBUG] extract_transcript.py: --------------------------------------------------------------------------------
[2026-01-22 11:37:48] [DEBUG] extract_transcript.py: [WHISPER] Segment #027
[2026-01-22 11:37:48] [INFO] [66%] Processing segment #27...
[2026-01-22 11:37:48] [DEBUG] extract_transcript.py: ⏱️  시간: 137.64s ~ 140.14s (길이: 2.50s)
[2026-01-22 11:37:48] [DEBUG] extract_transcript.py: 📄 텍스트: 5천은 절대 불가하다고 못 받기도 했습니다.
[2026-01-22 11:37:48] [DEBUG] extract_transcript.py: 📊 문자수: 24 chars
[2026-01-22 11:37:48] [DEBUG] extract_transcript.py: 🎯 평균 확률: -0.1764
[2026-01-22 11:37:48] [DEBUG] extract_transcript.py: 🔇 No-speech 확률: 0.0000
[2026-01-22 11:37:48] [DEBUG] extract_transcript.py: --------------------------------------------------------------------------------
[2026-01-22 11:37:54] [DEBUG] extract_transcript.py: [WHISPER] Segment #028
[2026-01-22 11:37:54] [INFO] [67%] Processing segment #28...
[2026-01-22 11:37:54] [DEBUG] extract_transcript.py: ⏱️  시간: 140.14s ~ 142.14s (길이: 2.00s)
[2026-01-22 11:37:54] [DEBUG] extract_transcript.py: 📄 텍스트: 단호하게 말씀드립니다.
[2026-01-22 11:37:54] [DEBUG] extract_transcript.py: 📊 문자수: 12 chars
[2026-01-22 11:37:54] [DEBUG] extract_transcript.py: 🎯 평균 확률: -0.0851
[2026-01-22 11:37:54] [DEBUG] extract_transcript.py: 🔇 No-speech 확률: 0.0000
[2026-01-22 11:37:54] [DEBUG] extract_transcript.py: --------------------------------------------------------------------------------
[2026-01-22 11:37:54] [DEBUG] extract_transcript.py: [WHISPER] Segment #029
[2026-01-22 11:37:54] [INFO] [67%] Processing segment #29...
[2026-01-22 11:37:54] [DEBUG] extract_transcript.py: ⏱️  시간: 142.46s ~ 149.12s (길이: 6.66s)
[2026-01-22 11:37:54] [DEBUG] extract_transcript.py: 📄 텍스트: 민노총에 사로잡혀 있는 이재명 정부는 절대 코스피 5천을 달성할 수 없습니다.
[2026-01-22 11:37:54] [DEBUG] extract_transcript.py: 📊 문자수: 43 chars
[2026-01-22 11:37:54] [DEBUG] extract_transcript.py: 🎯 평균 확률: -0.0851
[2026-01-22 11:37:54] [DEBUG] extract_transcript.py: 🔇 No-speech 확률: 0.0000
[2026-01-22 11:37:54] [DEBUG] extract_transcript.py: --------------------------------------------------------------------------------
[2026-01-22 11:37:54] [DEBUG] extract_transcript.py: [WHISPER] Segment #030
[2026-01-22 11:37:54] [INFO] [67%] Processing segment #30...
[2026-01-22 11:37:54] [DEBUG] extract_transcript.py: ⏱️  시간: 150.42s ~ 154.92s (길이: 4.50s)
[2026-01-22 11:37:54] [DEBUG] extract_transcript.py: 📄 텍스트: 누군가는 유력 정치인들의 신념에 찬 말을 믿고 투자를 멀리했을 수 있습니다.
[2026-01-22 11:37:54] [DEBUG] extract_transcript.py: 📊 문자수: 42 chars
[2026-01-22 11:37:54] [DEBUG] extract_transcript.py: 🎯 평균 확률: -0.0851
[2026-01-22 11:37:54] [DEBUG] extract_transcript.py: 🔇 No-speech 확률: 0.0000
[2026-01-22 11:37:54] [DEBUG] extract_transcript.py: --------------------------------------------------------------------------------
[2026-01-22 11:37:54] [DEBUG] extract_transcript.py: [WHISPER] Segment #031
[2026-01-22 11:37:54] [INFO] [67%] Processing segment #31...
[2026-01-22 11:37:54] [DEBUG] extract_transcript.py: ⏱️  시간: 155.78s ~ 160.84s (길이: 5.06s)
[2026-01-22 11:37:54] [DEBUG] extract_transcript.py: 📄 텍스트: 코스피가 떨어지길 바라며 인버스 상품에 투자했다 손해를 본 사람도 한둘이 아닙니다.
[2026-01-22 11:37:54] [DEBUG] extract_transcript.py: 📊 문자수: 46 chars
[2026-01-22 11:37:54] [DEBUG] extract_transcript.py: 🎯 평균 확률: -0.0851
[2026-01-22 11:37:54] [DEBUG] extract_transcript.py: 🔇 No-speech 확률: 0.0000
[2026-01-22 11:37:54] [DEBUG] extract_transcript.py: --------------------------------------------------------------------------------
[2026-01-22 11:37:54] [DEBUG] extract_transcript.py: [WHISPER] Segment #032
[2026-01-22 11:37:54] [INFO] [68%] Processing segment #32...
[2026-01-22 11:37:54] [DEBUG] extract_transcript.py: ⏱️  시간: 161.86s ~ 168.16s (길이: 6.30s)
[2026-01-22 11:37:54] [DEBUG] extract_transcript.py: 📄 텍스트: 이 정치인들은 경제 전망이 아니라 근거 없는 정치 공세일 뿐이었다는 비판을 피하기 어렵게 됐습니다.
[2026-01-22 11:37:54] [DEBUG] extract_transcript.py: 📊 문자수: 55 chars
[2026-01-22 11:37:54] [DEBUG] extract_transcript.py: 🎯 평균 확률: -0.0851
[2026-01-22 11:37:54] [DEBUG] extract_transcript.py: 🔇 No-speech 확률: 0.0000
[2026-01-22 11:37:54] [DEBUG] extract_transcript.py: --------------------------------------------------------------------------------
[2026-01-22 11:37:54] [DEBUG] extract_transcript.py: [WHISPER] Segment #033
[2026-01-22 11:37:54] [INFO] [68%] Processing segment #33...
[2026-01-22 11:37:54] [DEBUG] extract_transcript.py: ⏱️  시간: 168.16s ~ 170.12s (길이: 1.96s)
[2026-01-22 11:37:54] [DEBUG] extract_transcript.py: 📄 텍스트: MBC 뉴스 남효정입니다.
[2026-01-22 11:37:54] [DEBUG] extract_transcript.py: 📊 문자수: 14 chars
[2026-01-22 11:37:54] [DEBUG] extract_transcript.py: 🎯 평균 확률: -0.0851
[2026-01-22 11:37:54] [DEBUG] extract_transcript.py: 🔇 No-speech 확률: 0.0000
[2026-01-22 11:37:54] [DEBUG] extract_transcript.py: --------------------------------------------------------------------------------
[2026-01-22 11:37:58] [DEBUG] extract_transcript.py: [WHISPER] Segment #034
[2026-01-22 11:37:58] [INFO] [68%] Processing segment #34...
[2026-01-22 11:37:58] [DEBUG] extract_transcript.py: ⏱️  시간: 170.14s ~ 200.12s (길이: 29.98s)
[2026-01-22 11:37:58] [DEBUG] extract_transcript.py: 📄 텍스트: MBC 뉴스 남효정입니다.
[2026-01-22 11:37:58] [DEBUG] extract_transcript.py: 📊 문자수: 14 chars
[2026-01-22 11:37:58] [DEBUG] extract_transcript.py: 🎯 평균 확률: -0.2812
[2026-01-22 11:37:58] [DEBUG] extract_transcript.py: 🔇 No-speech 확률: 0.0000
[2026-01-22 11:37:58] [DEBUG] extract_transcript.py: --------------------------------------------------------------------------------
[2026-01-22 11:37:58] [DEBUG] extract_transcript.py: ================================================================================
[2026-01-22 11:37:58] [DEBUG] extract_transcript.py: ✅ WHISPER 처리 완료!
[2026-01-22 11:37:58] [INFO] [90%] Whisper transcription completed!
[2026-01-22 11:37:58] [DEBUG] extract_transcript.py: ================================================================================
[2026-01-22 11:37:58] [DEBUG] extract_transcript.py: 📊 처리 통계:
[2026-01-22 11:37:58] [DEBUG] extract_transcript.py: - 총 세그먼트 수: 34
[2026-01-22 11:37:58] [DEBUG] extract_transcript.py: - 총 문자 수: 1,011 chars
[2026-01-22 11:37:58] [DEBUG] extract_transcript.py: - 모델 로딩 시간: 96.69초
[2026-01-22 11:37:58] [DEBUG] extract_transcript.py: - 음성 인식 시간: 54.49초
[2026-01-22 11:37:58] [DEBUG] extract_transcript.py: - 전체 처리 시간: 151.18초
[2026-01-22 11:37:58] [DEBUG] extract_transcript.py: - 처리 속도: 3.15x 실시간
[2026-01-22 11:37:58] [DEBUG] extract_transcript.py: ================================================================================
[2026-01-22 11:37:58] [DEBUG] extract_transcript.py: [MAIN] extract_transcript_whisper returned. HTML length: 2202
[2026-01-22 11:37:58] [DEBUG] extract_transcript.py: [MAIN] Creating JSON result...
[2026-01-22 11:37:58] [DEBUG] extract_transcript.py: [MAIN] Writing result to file: Temp_Audio/p35saSwitQc_result.json
[2026-01-22 11:37:58] [DEBUG] extract_transcript.py: [MAIN] Result file written successfully
[2026-01-22 11:37:58] [DEBUG] extract_transcript.py: [MAIN] Calling sys.exit(0)...
[2026-01-22 11:37:58] [INFO] extract_transcript.py completed. Total debug lines: 322
[2026-01-22 11:37:58] [DEBUG] Process return code: 0
[2026-01-22 11:37:58] [INFO] [90%] Processing transcript...
[2026-01-22 11:37:58] [DEBUG] Reading result from file: /app/Temp_Audio/p35saSwitQc_result.json
[2026-01-22 11:37:58] [DEBUG] Result file loaded successfully
[2026-01-22 11:37:58] [DEBUG] Result file removed
[2026-01-22 11:37:58] [INFO] Transcript extraction successful
[2026-01-22 11:37:58] [INFO] [95%] Generating HTML file...
[2026-01-22 11:37:58] [DEBUG] Saving HTML to: /app/Scripts/yt_p35saSwitQc.html
[2026-01-22 11:37:58] [INFO] HTML file saved: /app/Scripts/yt_p35saSwitQc.html
[2026-01-22 11:37:58] [INFO] [100%] Completed!
[2026-01-22 11:37:58] [INFO] ✓ Extraction completed successfully for: "허황된 구호", "절대 못 간다"던 정치인들‥곱버스 투자 개미 곡소리 (2026.01.22/뉴스데스크/MBC) (p35saSwitQc)
[2026-01-22 11:38:00] [INFO] Listed 6 scripts
[2026-01-22 11:42:16] [INFO] Listed 6 scripts
